#
# A fatal error has been detected by the Java Runtime Environment:
#
#  SIGSEGV (0xb) at pc=0x00007ff523b73f1a, pid=7143, tid=7176
#
# JRE version: OpenJDK Runtime Environment Temurin-17.0.5+8 (17.0.5+8) (build 17.0.5+8)
# Java VM: OpenJDK 64-Bit Server VM Temurin-17.0.5+8 (17.0.5+8, mixed mode, tiered, compressed oops, compressed class ptrs, g1 gc, linux-amd64)
# Problematic frame:
# C  [libnvwgf2umx.so+0x286bf1a]
#
# No core dump will be written. Core dumps have been disabled. To enable core dumping, try "ulimit -c unlimited" before starting Java again
#
# If you would like to submit a bug report, please visit:
#   https://github.com/adoptium/adoptium-support/issues
#

---------------  S U M M A R Y ------------

Command Line: -agentlib:jdwp=transport=dt_socket,server=n,suspend=y,address=localhost:36327 -XX:+ShowCodeDetailsInExceptionMessages com.onyx.App

Host: Intel(R) Core(TM) i9-9940X CPU @ 3.30GHz, 28 cores, 31G, Ubuntu 20.04.5 LTS
Time: Wed Feb  1 01:10:07 2023 EST elapsed time: 4.486143 seconds (0d 0h 0m 4s)

---------------  T H R E A D  ---------------

Current thread is native thread

Stack: [0x00007ff520b09000,0x00007ff521308000],  sp=0x00007ff521306e30,  free space=8183k
Native frames: (J=compiled Java code, j=interpreted, Vv=VM code, C=native code)
C  [libnvwgf2umx.so+0x286bf1a]


siginfo: si_signo: 11 (SIGSEGV), si_code: 1 (SEGV_MAPERR), si_addr: 0x00007ff5782a6000

Registers:
RAX=0x0000000000000044, RBX=0x0000000000000000, RCX=0x00007ff521306e38, RDX=0x0000000000000000
RSP=0x00007ff521306e30, RBP=0x0000000000000000, RSI=0x00007ff5b06c2560, RDI=0x00007ff5b0641ac0
R8 =0x0000000000000000, R9 =0x00007fff7495e080, R10=0x0000000001909ee6, R11=0x0000000000000000
R12=0x00007ff5b06c2501, R13=0x00007ff5782a6000, R14=0x00007ff5b0641bc8, R15=0x00007ff521306ea6
RIP=0x00007ff523b73f1a, EFLAGS=0x0000000000010246, CSGSFS=0x002b000000000033, ERR=0x0000000000000004
  TRAPNO=0x000000000000000e

Top of Stack: (sp=0x00007ff521306e30)
0x00007ff521306e30:   0000000063da023f 000000000009d61a
0x00007ff521306e40:   00007ff5b0641ac0 000000000009aeaf
0x00007ff521306e50:   00007ff5b06c2560 00007ff521306e38
0x00007ff521306e60:   00007ff521306ea7 00007ff5b0641ac0 

Instructions: (pc=0x00007ff523b73f1a)
0x00007ff523b73e1a:   60 48 83 ec 08 4c 8d 64 24 10 4c 89 e7 4c 89 fe
0x00007ff523b73e2a:   48 89 da 48 8b 4c 24 28 44 8b 44 24 20 44 8b 4c
0x00007ff523b73e3a:   24 24 41 55 41 56 50 e8 ba fa ff ff 48 83 c4 20
0x00007ff523b73e4a:   48 89 ef 4c 89 e6 e8 bb ad a5 fe 4c 89 e7 e8 13
0x00007ff523b73e5a:   a2 a5 fe 48 89 e8 48 83 c4 28 5b 41 5c 41 5d 41
0x00007ff523b73e6a:   5e 41 5f 5d c3 eb 0a eb 19 eb 06 eb 15 eb 02 eb
0x00007ff523b73e7a:   11 48 89 c3 48 8d 7c 24 08 e8 e8 a1 a5 fe eb 05
0x00007ff523b73e8a:   eb 00 48 89 c3 48 8b 7c 24 10 e8 d7 a1 a5 fe 48
0x00007ff523b73e9a:   89 df e8 cf 0a 90 fe cc cc cc cc cc cc cc cc cc
0x00007ff523b73eaa:   cc cc cc cc cc cc 55 41 57 41 56 41 55 41 54 53
0x00007ff523b73eba:   48 83 ec 38 48 89 54 24 30 48 89 7c 24 10 f6 47
0x00007ff523b73eca:   28 10 0f 84 41 01 00 00 8b 46 10 85 c0 0f 84 36
0x00007ff523b73eda:   01 00 00 4c 8b 6e 28 41 b4 01 31 db 48 8d 4c 24
0x00007ff523b73eea:   08 48 89 4c 24 28 31 d2 48 89 74 24 20 eb 21 90
0x00007ff523b73efa:   90 90 90 90 90 90 8b 46 10 48 8b 54 24 18 48 83
0x00007ff523b73f0a:   c2 01 89 c1 83 c3 01 48 39 ca 0f 83 f9 00 00 00
0x00007ff523b73f1a:   41 8b 4c 95 00 0f b7 c9 3b 8c 96 4c 04 00 00 74
0x00007ff523b73f2a:   dd 89 8c 96 4c 04 00 00 8b 4e 0c 85 c9 74 cf 48
0x00007ff523b73f3a:   89 54 24 18 31 ed eb 18 90 90 90 90 90 90 90 90
0x00007ff523b73f4a:   90 90 90 90 90 90 83 c5 01 8b 4e 0c 39 cd 73 a6
0x00007ff523b73f5a:   0f af cb 01 e9 41 0f b6 84 0d 80 90 00 00 24 7f
0x00007ff523b73f6a:   8d 50 e0 80 fa 14 77 de 48 8b 96 50 08 00 00 3a
0x00007ff523b73f7a:   04 0a 74 d2 88 04 0a 48 8b 44 24 30 c6 00 01 41
0x00007ff523b73f8a:   f6 c4 01 75 0d 48 8b 44 24 10 f6 40 28 20 75 b6
0x00007ff523b73f9a:   eb 33 4c 8d 7c 24 08 4c 89 ff 31 d2 31 c9 45 31
0x00007ff523b73faa:   c0 e8 a0 06 00 00 48 8b 7c 24 10 4c 89 fe e8 b3
0x00007ff523b73fba:   e1 ff ff 48 8d 7c 24 08 e8 a9 a0 a5 fe 45 31 e4
0x00007ff523b73fca:   48 8b 74 24 20 8b 56 04 4c 8b 7c 24 10 45 0f b6
0x00007ff523b73fda:   4f 2c 4c 8d 74 24 08 4c 89 f7 4c 89 fe 48 8b 4c
0x00007ff523b73fea:   24 18 41 89 e8 e8 0c fe 02 00 4c 89 ff 4c 89 f6
0x00007ff523b73ffa:   e8 71 e1 ff ff 48 8d 7c 24 08 e8 67 a0 a5 fe 48
0x00007ff523b7400a:   8b 74 24 20 e9 3d ff ff ff 48 83 c4 38 5b 41 5c 



---------------  P R O C E S S  ---------------

VM state: at safepoint (shutting down)

VM Mutex/Monitor currently owned by a thread:  ([mutex/lock_event])
[0x00007ff5b00241e0] Threads_lock - owner thread: 0x00007ff5b01cd150

Heap address: 0x000000060cc00000, size: 7988 MB, Compressed Oops mode: Zero based, Oop shift amount: 3

CDS archive(s) not mapped
Compressed class space mapped at: 0x0000000800000000-0x0000000840000000, reserved size: 1073741824
Narrow klass base: 0x0000000800000000, Narrow klass shift: 0, Narrow klass range: 0x40000000

GC Precious Log:
<Skipped>

Heap:
 garbage-first heap   total 512000K, used 9935K [0x000000060cc00000, 0x0000000800000000)
  region size 4096K, 3 young (12288K), 0 survivors (0K)
 Metaspace       used 9298K, committed 9472K, reserved 1064960K
  class space    used 759K, committed 832K, reserved 1048576K

Heap Regions: E=young(eden), S=young(survivor), O=old, HS=humongous(starts), HC=humongous(continues), CS=collection set, F=free, OA=open archive, CA=closed archive, TAMS=top-at-mark-start (previous, next)
|   0|0x000000060cc00000, 0x000000060cc00000, 0x000000060d000000|  0%| F|  |TAMS 0x000000060cc00000, 0x000000060cc00000| Untracked 
|   1|0x000000060d000000, 0x000000060d000000, 0x000000060d400000|  0%| F|  |TAMS 0x000000060d000000, 0x000000060d000000| Untracked 
|   2|0x000000060d400000, 0x000000060d400000, 0x000000060d800000|  0%| F|  |TAMS 0x000000060d400000, 0x000000060d400000| Untracked 
|   3|0x000000060d800000, 0x000000060d800000, 0x000000060dc00000|  0%| F|  |TAMS 0x000000060d800000, 0x000000060d800000| Untracked 
|   4|0x000000060dc00000, 0x000000060dc00000, 0x000000060e000000|  0%| F|  |TAMS 0x000000060dc00000, 0x000000060dc00000| Untracked 
|   5|0x000000060e000000, 0x000000060e000000, 0x000000060e400000|  0%| F|  |TAMS 0x000000060e000000, 0x000000060e000000| Untracked 
|   6|0x000000060e400000, 0x000000060e400000, 0x000000060e800000|  0%| F|  |TAMS 0x000000060e400000, 0x000000060e400000| Untracked 
|   7|0x000000060e800000, 0x000000060e800000, 0x000000060ec00000|  0%| F|  |TAMS 0x000000060e800000, 0x000000060e800000| Untracked 
|   8|0x000000060ec00000, 0x000000060ec00000, 0x000000060f000000|  0%| F|  |TAMS 0x000000060ec00000, 0x000000060ec00000| Untracked 
|   9|0x000000060f000000, 0x000000060f000000, 0x000000060f400000|  0%| F|  |TAMS 0x000000060f000000, 0x000000060f000000| Untracked 
|  10|0x000000060f400000, 0x000000060f400000, 0x000000060f800000|  0%| F|  |TAMS 0x000000060f400000, 0x000000060f400000| Untracked 
|  11|0x000000060f800000, 0x000000060f800000, 0x000000060fc00000|  0%| F|  |TAMS 0x000000060f800000, 0x000000060f800000| Untracked 
|  12|0x000000060fc00000, 0x000000060fc00000, 0x0000000610000000|  0%| F|  |TAMS 0x000000060fc00000, 0x000000060fc00000| Untracked 
|  13|0x0000000610000000, 0x0000000610000000, 0x0000000610400000|  0%| F|  |TAMS 0x0000000610000000, 0x0000000610000000| Untracked 
|  14|0x0000000610400000, 0x0000000610400000, 0x0000000610800000|  0%| F|  |TAMS 0x0000000610400000, 0x0000000610400000| Untracked 
|  15|0x0000000610800000, 0x0000000610800000, 0x0000000610c00000|  0%| F|  |TAMS 0x0000000610800000, 0x0000000610800000| Untracked 
|  16|0x0000000610c00000, 0x0000000610c00000, 0x0000000611000000|  0%| F|  |TAMS 0x0000000610c00000, 0x0000000610c00000| Untracked 
|  17|0x0000000611000000, 0x0000000611000000, 0x0000000611400000|  0%| F|  |TAMS 0x0000000611000000, 0x0000000611000000| Untracked 
|  18|0x0000000611400000, 0x0000000611400000, 0x0000000611800000|  0%| F|  |TAMS 0x0000000611400000, 0x0000000611400000| Untracked 
|  19|0x0000000611800000, 0x0000000611800000, 0x0000000611c00000|  0%| F|  |TAMS 0x0000000611800000, 0x0000000611800000| Untracked 
|  20|0x0000000611c00000, 0x0000000611c00000, 0x0000000612000000|  0%| F|  |TAMS 0x0000000611c00000, 0x0000000611c00000| Untracked 
|  21|0x0000000612000000, 0x0000000612000000, 0x0000000612400000|  0%| F|  |TAMS 0x0000000612000000, 0x0000000612000000| Untracked 
|  22|0x0000000612400000, 0x0000000612400000, 0x0000000612800000|  0%| F|  |TAMS 0x0000000612400000, 0x0000000612400000| Untracked 
|  23|0x0000000612800000, 0x0000000612800000, 0x0000000612c00000|  0%| F|  |TAMS 0x0000000612800000, 0x0000000612800000| Untracked 
|  24|0x0000000612c00000, 0x0000000612c00000, 0x0000000613000000|  0%| F|  |TAMS 0x0000000612c00000, 0x0000000612c00000| Untracked 
|  25|0x0000000613000000, 0x0000000613000000, 0x0000000613400000|  0%| F|  |TAMS 0x0000000613000000, 0x0000000613000000| Untracked 
|  26|0x0000000613400000, 0x0000000613400000, 0x0000000613800000|  0%| F|  |TAMS 0x0000000613400000, 0x0000000613400000| Untracked 
|  27|0x0000000613800000, 0x0000000613800000, 0x0000000613c00000|  0%| F|  |TAMS 0x0000000613800000, 0x0000000613800000| Untracked 
|  28|0x0000000613c00000, 0x0000000613c00000, 0x0000000614000000|  0%| F|  |TAMS 0x0000000613c00000, 0x0000000613c00000| Untracked 
|  29|0x0000000614000000, 0x0000000614000000, 0x0000000614400000|  0%| F|  |TAMS 0x0000000614000000, 0x0000000614000000| Untracked 
|  30|0x0000000614400000, 0x0000000614400000, 0x0000000614800000|  0%| F|  |TAMS 0x0000000614400000, 0x0000000614400000| Untracked 
|  31|0x0000000614800000, 0x0000000614800000, 0x0000000614c00000|  0%| F|  |TAMS 0x0000000614800000, 0x0000000614800000| Untracked 
|  32|0x0000000614c00000, 0x0000000614c00000, 0x0000000615000000|  0%| F|  |TAMS 0x0000000614c00000, 0x0000000614c00000| Untracked 
|  33|0x0000000615000000, 0x0000000615000000, 0x0000000615400000|  0%| F|  |TAMS 0x0000000615000000, 0x0000000615000000| Untracked 
|  34|0x0000000615400000, 0x0000000615400000, 0x0000000615800000|  0%| F|  |TAMS 0x0000000615400000, 0x0000000615400000| Untracked 
|  35|0x0000000615800000, 0x0000000615800000, 0x0000000615c00000|  0%| F|  |TAMS 0x0000000615800000, 0x0000000615800000| Untracked 
|  36|0x0000000615c00000, 0x0000000615c00000, 0x0000000616000000|  0%| F|  |TAMS 0x0000000615c00000, 0x0000000615c00000| Untracked 
|  37|0x0000000616000000, 0x0000000616000000, 0x0000000616400000|  0%| F|  |TAMS 0x0000000616000000, 0x0000000616000000| Untracked 
|  38|0x0000000616400000, 0x0000000616400000, 0x0000000616800000|  0%| F|  |TAMS 0x0000000616400000, 0x0000000616400000| Untracked 
|  39|0x0000000616800000, 0x0000000616800000, 0x0000000616c00000|  0%| F|  |TAMS 0x0000000616800000, 0x0000000616800000| Untracked 
|  40|0x0000000616c00000, 0x0000000616c00000, 0x0000000617000000|  0%| F|  |TAMS 0x0000000616c00000, 0x0000000616c00000| Untracked 
|  41|0x0000000617000000, 0x0000000617000000, 0x0000000617400000|  0%| F|  |TAMS 0x0000000617000000, 0x0000000617000000| Untracked 
|  42|0x0000000617400000, 0x0000000617400000, 0x0000000617800000|  0%| F|  |TAMS 0x0000000617400000, 0x0000000617400000| Untracked 
|  43|0x0000000617800000, 0x0000000617800000, 0x0000000617c00000|  0%| F|  |TAMS 0x0000000617800000, 0x0000000617800000| Untracked 
|  44|0x0000000617c00000, 0x0000000617c00000, 0x0000000618000000|  0%| F|  |TAMS 0x0000000617c00000, 0x0000000617c00000| Untracked 
|  45|0x0000000618000000, 0x0000000618000000, 0x0000000618400000|  0%| F|  |TAMS 0x0000000618000000, 0x0000000618000000| Untracked 
|  46|0x0000000618400000, 0x0000000618400000, 0x0000000618800000|  0%| F|  |TAMS 0x0000000618400000, 0x0000000618400000| Untracked 
|  47|0x0000000618800000, 0x0000000618800000, 0x0000000618c00000|  0%| F|  |TAMS 0x0000000618800000, 0x0000000618800000| Untracked 
|  48|0x0000000618c00000, 0x0000000618c00000, 0x0000000619000000|  0%| F|  |TAMS 0x0000000618c00000, 0x0000000618c00000| Untracked 
|  49|0x0000000619000000, 0x0000000619000000, 0x0000000619400000|  0%| F|  |TAMS 0x0000000619000000, 0x0000000619000000| Untracked 
|  50|0x0000000619400000, 0x0000000619400000, 0x0000000619800000|  0%| F|  |TAMS 0x0000000619400000, 0x0000000619400000| Untracked 
|  51|0x0000000619800000, 0x0000000619800000, 0x0000000619c00000|  0%| F|  |TAMS 0x0000000619800000, 0x0000000619800000| Untracked 
|  52|0x0000000619c00000, 0x0000000619c00000, 0x000000061a000000|  0%| F|  |TAMS 0x0000000619c00000, 0x0000000619c00000| Untracked 
|  53|0x000000061a000000, 0x000000061a000000, 0x000000061a400000|  0%| F|  |TAMS 0x000000061a000000, 0x000000061a000000| Untracked 
|  54|0x000000061a400000, 0x000000061a400000, 0x000000061a800000|  0%| F|  |TAMS 0x000000061a400000, 0x000000061a400000| Untracked 
|  55|0x000000061a800000, 0x000000061a800000, 0x000000061ac00000|  0%| F|  |TAMS 0x000000061a800000, 0x000000061a800000| Untracked 
|  56|0x000000061ac00000, 0x000000061ac00000, 0x000000061b000000|  0%| F|  |TAMS 0x000000061ac00000, 0x000000061ac00000| Untracked 
|  57|0x000000061b000000, 0x000000061b000000, 0x000000061b400000|  0%| F|  |TAMS 0x000000061b000000, 0x000000061b000000| Untracked 
|  58|0x000000061b400000, 0x000000061b400000, 0x000000061b800000|  0%| F|  |TAMS 0x000000061b400000, 0x000000061b400000| Untracked 
|  59|0x000000061b800000, 0x000000061b800000, 0x000000061bc00000|  0%| F|  |TAMS 0x000000061b800000, 0x000000061b800000| Untracked 
|  60|0x000000061bc00000, 0x000000061bc00000, 0x000000061c000000|  0%| F|  |TAMS 0x000000061bc00000, 0x000000061bc00000| Untracked 
|  61|0x000000061c000000, 0x000000061c000000, 0x000000061c400000|  0%| F|  |TAMS 0x000000061c000000, 0x000000061c000000| Untracked 
|  62|0x000000061c400000, 0x000000061c400000, 0x000000061c800000|  0%| F|  |TAMS 0x000000061c400000, 0x000000061c400000| Untracked 
|  63|0x000000061c800000, 0x000000061c800000, 0x000000061cc00000|  0%| F|  |TAMS 0x000000061c800000, 0x000000061c800000| Untracked 
|  64|0x000000061cc00000, 0x000000061cc00000, 0x000000061d000000|  0%| F|  |TAMS 0x000000061cc00000, 0x000000061cc00000| Untracked 
|  65|0x000000061d000000, 0x000000061d000000, 0x000000061d400000|  0%| F|  |TAMS 0x000000061d000000, 0x000000061d000000| Untracked 
|  66|0x000000061d400000, 0x000000061d400000, 0x000000061d800000|  0%| F|  |TAMS 0x000000061d400000, 0x000000061d400000| Untracked 
|  67|0x000000061d800000, 0x000000061d800000, 0x000000061dc00000|  0%| F|  |TAMS 0x000000061d800000, 0x000000061d800000| Untracked 
|  68|0x000000061dc00000, 0x000000061dc00000, 0x000000061e000000|  0%| F|  |TAMS 0x000000061dc00000, 0x000000061dc00000| Untracked 
|  69|0x000000061e000000, 0x000000061e000000, 0x000000061e400000|  0%| F|  |TAMS 0x000000061e000000, 0x000000061e000000| Untracked 
|  70|0x000000061e400000, 0x000000061e400000, 0x000000061e800000|  0%| F|  |TAMS 0x000000061e400000, 0x000000061e400000| Untracked 
|  71|0x000000061e800000, 0x000000061e800000, 0x000000061ec00000|  0%| F|  |TAMS 0x000000061e800000, 0x000000061e800000| Untracked 
|  72|0x000000061ec00000, 0x000000061ec00000, 0x000000061f000000|  0%| F|  |TAMS 0x000000061ec00000, 0x000000061ec00000| Untracked 
|  73|0x000000061f000000, 0x000000061f000000, 0x000000061f400000|  0%| F|  |TAMS 0x000000061f000000, 0x000000061f000000| Untracked 
|  74|0x000000061f400000, 0x000000061f400000, 0x000000061f800000|  0%| F|  |TAMS 0x000000061f400000, 0x000000061f400000| Untracked 
|  75|0x000000061f800000, 0x000000061f800000, 0x000000061fc00000|  0%| F|  |TAMS 0x000000061f800000, 0x000000061f800000| Untracked 
|  76|0x000000061fc00000, 0x000000061fc00000, 0x0000000620000000|  0%| F|  |TAMS 0x000000061fc00000, 0x000000061fc00000| Untracked 
|  77|0x0000000620000000, 0x0000000620000000, 0x0000000620400000|  0%| F|  |TAMS 0x0000000620000000, 0x0000000620000000| Untracked 
|  78|0x0000000620400000, 0x0000000620400000, 0x0000000620800000|  0%| F|  |TAMS 0x0000000620400000, 0x0000000620400000| Untracked 
|  79|0x0000000620800000, 0x0000000620800000, 0x0000000620c00000|  0%| F|  |TAMS 0x0000000620800000, 0x0000000620800000| Untracked 
|  80|0x0000000620c00000, 0x0000000620c00000, 0x0000000621000000|  0%| F|  |TAMS 0x0000000620c00000, 0x0000000620c00000| Untracked 
|  81|0x0000000621000000, 0x0000000621000000, 0x0000000621400000|  0%| F|  |TAMS 0x0000000621000000, 0x0000000621000000| Untracked 
|  82|0x0000000621400000, 0x0000000621400000, 0x0000000621800000|  0%| F|  |TAMS 0x0000000621400000, 0x0000000621400000| Untracked 
|  83|0x0000000621800000, 0x0000000621800000, 0x0000000621c00000|  0%| F|  |TAMS 0x0000000621800000, 0x0000000621800000| Untracked 
|  84|0x0000000621c00000, 0x0000000621c00000, 0x0000000622000000|  0%| F|  |TAMS 0x0000000621c00000, 0x0000000621c00000| Untracked 
|  85|0x0000000622000000, 0x0000000622000000, 0x0000000622400000|  0%| F|  |TAMS 0x0000000622000000, 0x0000000622000000| Untracked 
|  86|0x0000000622400000, 0x0000000622400000, 0x0000000622800000|  0%| F|  |TAMS 0x0000000622400000, 0x0000000622400000| Untracked 
|  87|0x0000000622800000, 0x0000000622800000, 0x0000000622c00000|  0%| F|  |TAMS 0x0000000622800000, 0x0000000622800000| Untracked 
|  88|0x0000000622c00000, 0x0000000622c00000, 0x0000000623000000|  0%| F|  |TAMS 0x0000000622c00000, 0x0000000622c00000| Untracked 
|  89|0x0000000623000000, 0x0000000623000000, 0x0000000623400000|  0%| F|  |TAMS 0x0000000623000000, 0x0000000623000000| Untracked 
|  90|0x0000000623400000, 0x0000000623400000, 0x0000000623800000|  0%| F|  |TAMS 0x0000000623400000, 0x0000000623400000| Untracked 
|  91|0x0000000623800000, 0x0000000623800000, 0x0000000623c00000|  0%| F|  |TAMS 0x0000000623800000, 0x0000000623800000| Untracked 
|  92|0x0000000623c00000, 0x0000000623c00000, 0x0000000624000000|  0%| F|  |TAMS 0x0000000623c00000, 0x0000000623c00000| Untracked 
|  93|0x0000000624000000, 0x0000000624000000, 0x0000000624400000|  0%| F|  |TAMS 0x0000000624000000, 0x0000000624000000| Untracked 
|  94|0x0000000624400000, 0x0000000624400000, 0x0000000624800000|  0%| F|  |TAMS 0x0000000624400000, 0x0000000624400000| Untracked 
|  95|0x0000000624800000, 0x0000000624800000, 0x0000000624c00000|  0%| F|  |TAMS 0x0000000624800000, 0x0000000624800000| Untracked 
|  96|0x0000000624c00000, 0x0000000624c00000, 0x0000000625000000|  0%| F|  |TAMS 0x0000000624c00000, 0x0000000624c00000| Untracked 
|  97|0x0000000625000000, 0x0000000625000000, 0x0000000625400000|  0%| F|  |TAMS 0x0000000625000000, 0x0000000625000000| Untracked 
|  98|0x0000000625400000, 0x0000000625400000, 0x0000000625800000|  0%| F|  |TAMS 0x0000000625400000, 0x0000000625400000| Untracked 
|  99|0x0000000625800000, 0x0000000625800000, 0x0000000625c00000|  0%| F|  |TAMS 0x0000000625800000, 0x0000000625800000| Untracked 
| 100|0x0000000625c00000, 0x0000000625c00000, 0x0000000626000000|  0%| F|  |TAMS 0x0000000625c00000, 0x0000000625c00000| Untracked 
| 101|0x0000000626000000, 0x0000000626000000, 0x0000000626400000|  0%| F|  |TAMS 0x0000000626000000, 0x0000000626000000| Untracked 
| 102|0x0000000626400000, 0x0000000626400000, 0x0000000626800000|  0%| F|  |TAMS 0x0000000626400000, 0x0000000626400000| Untracked 
| 103|0x0000000626800000, 0x0000000626800000, 0x0000000626c00000|  0%| F|  |TAMS 0x0000000626800000, 0x0000000626800000| Untracked 
| 104|0x0000000626c00000, 0x0000000626c00000, 0x0000000627000000|  0%| F|  |TAMS 0x0000000626c00000, 0x0000000626c00000| Untracked 
| 105|0x0000000627000000, 0x0000000627000000, 0x0000000627400000|  0%| F|  |TAMS 0x0000000627000000, 0x0000000627000000| Untracked 
| 106|0x0000000627400000, 0x0000000627400000, 0x0000000627800000|  0%| F|  |TAMS 0x0000000627400000, 0x0000000627400000| Untracked 
| 107|0x0000000627800000, 0x0000000627800000, 0x0000000627c00000|  0%| F|  |TAMS 0x0000000627800000, 0x0000000627800000| Untracked 
| 108|0x0000000627c00000, 0x0000000627c00000, 0x0000000628000000|  0%| F|  |TAMS 0x0000000627c00000, 0x0000000627c00000| Untracked 
| 109|0x0000000628000000, 0x0000000628000000, 0x0000000628400000|  0%| F|  |TAMS 0x0000000628000000, 0x0000000628000000| Untracked 
| 110|0x0000000628400000, 0x0000000628400000, 0x0000000628800000|  0%| F|  |TAMS 0x0000000628400000, 0x0000000628400000| Untracked 
| 111|0x0000000628800000, 0x0000000628800000, 0x0000000628c00000|  0%| F|  |TAMS 0x0000000628800000, 0x0000000628800000| Untracked 
| 112|0x0000000628c00000, 0x0000000628c00000, 0x0000000629000000|  0%| F|  |TAMS 0x0000000628c00000, 0x0000000628c00000| Untracked 
| 113|0x0000000629000000, 0x0000000629000000, 0x0000000629400000|  0%| F|  |TAMS 0x0000000629000000, 0x0000000629000000| Untracked 
| 114|0x0000000629400000, 0x0000000629400000, 0x0000000629800000|  0%| F|  |TAMS 0x0000000629400000, 0x0000000629400000| Untracked 
| 115|0x0000000629800000, 0x0000000629800000, 0x0000000629c00000|  0%| F|  |TAMS 0x0000000629800000, 0x0000000629800000| Untracked 
| 116|0x0000000629c00000, 0x0000000629c00000, 0x000000062a000000|  0%| F|  |TAMS 0x0000000629c00000, 0x0000000629c00000| Untracked 
| 117|0x000000062a000000, 0x000000062a000000, 0x000000062a400000|  0%| F|  |TAMS 0x000000062a000000, 0x000000062a000000| Untracked 
| 118|0x000000062a400000, 0x000000062a400000, 0x000000062a800000|  0%| F|  |TAMS 0x000000062a400000, 0x000000062a400000| Untracked 
| 119|0x000000062a800000, 0x000000062a800000, 0x000000062ac00000|  0%| F|  |TAMS 0x000000062a800000, 0x000000062a800000| Untracked 
| 120|0x000000062ac00000, 0x000000062ac00000, 0x000000062b000000|  0%| F|  |TAMS 0x000000062ac00000, 0x000000062ac00000| Untracked 
| 121|0x000000062b000000, 0x000000062b000000, 0x000000062b400000|  0%| F|  |TAMS 0x000000062b000000, 0x000000062b000000| Untracked 
| 122|0x000000062b400000, 0x000000062b5b3fb8, 0x000000062b800000| 42%| E|  |TAMS 0x000000062b400000, 0x000000062b400000| Complete 
| 123|0x000000062b800000, 0x000000062bc00000, 0x000000062bc00000|100%| E|CS|TAMS 0x000000062b800000, 0x000000062b800000| Complete 
| 124|0x000000062bc00000, 0x000000062c000000, 0x000000062c000000|100%| E|CS|TAMS 0x000000062bc00000, 0x000000062bc00000| Complete 

Card table byte_map: [0x00007ff59c0b6000,0x00007ff59d050000] _byte_map_base: 0x00007ff599050000

Marking Bits (Prev, Next): (CMBitMap*) 0x00007ff5b0057ea0, (CMBitMap*) 0x00007ff5b0057ee0
 Prev Bits: [0x00007ff59344c000, 0x00007ff59b11c000)
 Next Bits: [0x00007ff58b77c000, 0x00007ff59344c000)

Polling page: 0x00007ff5b6af3000

Metaspace:

Usage:
  Non-class:      8.34 MB used.
      Class:    759.28 KB used.
       Both:      9.08 MB used.

Virtual space:
  Non-class space:       16.00 MB reserved,       8.44 MB ( 53%) committed,  2 nodes.
      Class space:        1.00 GB reserved,     832.00 KB ( <1%) committed,  1 nodes.
             Both:        1.02 GB reserved,       9.25 MB ( <1%) committed. 

Chunk freelists:
   Non-Class:  3.34 MB
       Class:  3.17 MB
        Both:  6.51 MB

MaxMetaspaceSize: unlimited
CompressedClassSpaceSize: 1.00 GB
Initial GC threshold: 21.00 MB
Current GC threshold: 21.00 MB
CDS: off
MetaspaceReclaimPolicy: balanced
 - commit_granule_bytes: 65536.
 - commit_granule_words: 8192.
 - virtual_space_node_default_size: 1048576.
 - enlarge_chunks_in_place: 1.
 - new_chunks_are_fully_committed: 0.
 - uncommit_free_chunks: 1.
 - use_allocation_guard: 0.
 - handle_deallocations: 1.


Internal statistics:

num_allocs_failed_limit: 0.
num_arena_births: 66.
num_arena_deaths: 0.
num_vsnodes_births: 3.
num_vsnodes_deaths: 0.
num_space_committed: 146.
num_space_uncommitted: 0.
num_chunks_returned_to_freelist: 0.
num_chunks_taken_from_freelist: 172.
num_chunk_merges: 0.
num_chunk_splits: 104.
num_chunks_enlarged: 73.
num_purges: 0.
num_inconsistent_stats: 0.

CodeHeap 'non-profiled nmethods': size=119168Kb used=168Kb max_used=168Kb free=118999Kb
 bounds [0x00007ff5a5f8e000, 0x00007ff5a61fe000, 0x00007ff5ad3ee000]
CodeHeap 'profiled nmethods': size=119164Kb used=977Kb max_used=977Kb free=118186Kb
 bounds [0x00007ff59eb2f000, 0x00007ff59ed9f000, 0x00007ff5a5f8e000]
CodeHeap 'non-nmethods': size=7428Kb used=1591Kb max_used=2745Kb free=5836Kb
 bounds [0x00007ff59e3ee000, 0x00007ff59e69e000, 0x00007ff59eb2f000]
 total_blobs=1569 nmethods=619 adapters=864
 compilation: enabled
              stopped_count=0, restarted_count=0
 full_count=0

Compilation events (20 events):
Event: 0.927 Thread 0x00007ff54c074e80  605       1       com.onyx.window.Window::getWindow (5 bytes)
Event: 0.927 Thread 0x00007ff54c074e80 nmethod 605 0x00007ff5a5fb5f90 code [0x00007ff5a5fb6120, 0x00007ff5a5fb61f0]
Event: 1.122 Thread 0x00007ff54c074e80  606       3       org.lwjgl.opengl.GL11::glClearColor (8 bytes)
Event: 1.122 Thread 0x00007ff54c074e80 nmethod 606 0x00007ff59ec21810 code [0x00007ff59ec219c0, 0x00007ff59ec21b00]
Event: 1.507 Thread 0x00007ff5b0209480  610       3       org.lwjgl.glfw.GLFW::glfwWindowShouldClose (29 bytes)
Event: 1.507 Thread 0x00007ff54c074e80  612       3       com.onyx.renderer.Renderer::prepare (11 bytes)
Event: 1.507 Thread 0x00007ff54c075fd0  613       3       org.lwjgl.opengl.GL11::glClear (5 bytes)
Event: 1.507 Thread 0x00007ff54c075fd0 nmethod 613 0x00007ff59ec21b90 code [0x00007ff59ec21d40, 0x00007ff59ec21e60]
Event: 1.507 Thread 0x00007ff5b0209480 nmethod 610 0x00007ff59ec21f10 code [0x00007ff59ec220e0, 0x00007ff59ec223f0]
Event: 1.507 Thread 0x00007ff54c075fd0  615       3       org.lwjgl.glfw.GLFW::glfwSwapBuffers (21 bytes)
Event: 1.507 Thread 0x00007ff54c074e80 nmethod 612 0x00007ff59ec22590 code [0x00007ff59ec22780, 0x00007ff59ec22920]
Event: 1.507 Thread 0x00007ff54c075fd0 nmethod 615 0x00007ff59ec22a10 code [0x00007ff59ec22be0, 0x00007ff59ec22e90]
Event: 1.510 Thread 0x00007ff54c075fd0  616       3       org.lwjgl.glfw.GLFW::glfwPollEvents (9 bytes)
Event: 1.510 Thread 0x00007ff54c075fd0 nmethod 616 0x00007ff59ec23010 code [0x00007ff59ec231c0, 0x00007ff59ec232e0]
Event: 4.156 Thread 0x00007ff5b0207f50  617       4       java.lang.StringLatin1::indexOf (121 bytes)
Event: 4.156 Thread 0x00007ff5b0209480  618       3       java.util.ArrayDeque::inc (12 bytes)
Event: 4.156 Thread 0x00007ff5b0209480 nmethod 618 0x00007ff59ec23390 code [0x00007ff59ec23520, 0x00007ff59ec23650]
Event: 4.156 Thread 0x00007ff5b0209480  619       1       java.nio.HeapByteBuffer::isDirect (2 bytes)
Event: 4.156 Thread 0x00007ff5b0209480 nmethod 619 0x00007ff5a5fb7510 code [0x00007ff5a5fb76a0, 0x00007ff5a5fb7770]
Event: 4.161 Thread 0x00007ff5b0207f50 nmethod 617 0x00007ff5a5fb7810 code [0x00007ff5a5fb79a0, 0x00007ff5a5fb7f18]

GC Heap History (0 events):
No events

Dll operation events (7 events):
Event: 0.001 Loaded shared library /root/.vscode-server/extensions/redhat.java-1.14.0-linux-x64/jre/17.0.5-linux-x86_64/lib/libjava.so
Event: 0.250 Loaded shared library /root/.vscode-server/extensions/redhat.java-1.14.0-linux-x64/jre/17.0.5-linux-x86_64/lib/libnio.so
Event: 0.257 Loaded shared library /root/.vscode-server/extensions/redhat.java-1.14.0-linux-x64/jre/17.0.5-linux-x86_64/lib/libzip.so
Event: 0.315 Loaded shared library /root/.vscode-server/extensions/redhat.java-1.14.0-linux-x64/jre/17.0.5-linux-x86_64/lib/libjimage.so
Event: 0.322 Loaded shared library /root/.vscode-server/extensions/redhat.java-1.14.0-linux-x64/jre/17.0.5-linux-x86_64/lib/libnet.so
Event: 0.328 Loaded shared library /tmp/lwjglroot/3.3.1-build-7/liblwjgl.so
Event: 0.644 Loaded shared library /tmp/lwjglroot/3.3.1-build-7/liblwjgl_opengl.so

Deoptimization events (8 events):
Event: 0.664 Thread 0x00007ff5b0027aa0 Uncommon trap: trap_request=0xffffff45 fr.pc=0x00007ff5a5f92180 relative=0x0000000000000060
Event: 0.664 Thread 0x00007ff5b0027aa0 Uncommon trap: reason=unstable_if action=reinterpret pc=0x00007ff5a5f92180 method=java.lang.String.isLatin1()Z @ 10 c2
Event: 0.664 Thread 0x00007ff5b0027aa0 DEOPT PACKING pc=0x00007ff5a5f92180 sp=0x00007ff5b5402f40
Event: 0.664 Thread 0x00007ff5b0027aa0 DEOPT UNPACKING pc=0x00007ff59e440099 sp=0x00007ff5b5402f00 mode 2
Event: 0.666 Thread 0x00007ff5b0027aa0 Uncommon trap: trap_request=0xffffff54 fr.pc=0x00007ff5a5faf18c relative=0x000000000000006c
Event: 0.666 Thread 0x00007ff5b0027aa0 Uncommon trap: reason=speculate_null_assert action=make_not_entrant pc=0x00007ff5a5faf18c method=sun.misc.Unsafe.putLong(Ljava/lang/Object;JJ)V @ 7 c2
Event: 0.666 Thread 0x00007ff5b0027aa0 DEOPT PACKING pc=0x00007ff5a5faf18c sp=0x00007ff5b54035a0
Event: 0.666 Thread 0x00007ff5b0027aa0 DEOPT UNPACKING pc=0x00007ff59e440099 sp=0x00007ff5b5403558 mode 2

Classes unloaded (0 events):
No events

Classes redefined (0 events):
No events

Internal exceptions (16 events):
Event: 0.288 Thread 0x00007ff5b0027aa0 Exception <a 'java/lang/NoSuchMethodError'{0x000000062bf494f8}: 'java.lang.Object java.lang.invoke.DirectMethodHandle$Holder.invokeStaticInit(java.lang.Object)'> (0x000000062bf494f8) 
thrown [src/hotspot/share/interpreter/linkResolver.cpp, line 758]
Event: 0.299 Thread 0x00007ff5b0027aa0 Exception <a 'java/lang/NoSuchMethodError'{0x000000062bf97258}: 'void java.lang.invoke.DirectMethodHandle$Holder.invokeStatic(java.lang.Object, java.lang.Object)'> (0x000000062bf97258) 
thrown [src/hotspot/share/interpreter/linkResolver.cpp, line 758]
Event: 0.300 Thread 0x00007ff5b0027aa0 Exception <a 'java/lang/NoSuchMethodError'{0x000000062bf9caa0}: 'void java.lang.invoke.DirectMethodHandle$Holder.invokeSpecial(java.lang.Object, java.lang.Object, java.lang.Object)'> (0x000000062bf9caa0) 
thrown [src/hotspot/share/interpreter/linkResolver.cpp, line 758]
Event: 0.303 Thread 0x00007ff5b0027aa0 Exception <a 'java/lang/NoSuchMethodError'{0x000000062bfafe00}: 'java.lang.Object java.lang.invoke.DirectMethodHandle$Holder.invokeStatic(java.lang.Object, java.lang.Object, int)'> (0x000000062bfafe00) 
thrown [src/hotspot/share/interpreter/linkResolver.cpp, line 758]
Event: 0.304 Thread 0x00007ff5b0027aa0 Exception <a 'java/lang/NoSuchMethodError'{0x000000062bfbbb70}: 'void java.lang.invoke.DelegatingMethodHandle$Holder.delegate(java.lang.Object, java.lang.Object, int, java.lang.Object)'> (0x000000062bfbbb70) 
thrown [src/hotspot/share/interpreter/linkResolver.cpp, line 758]
Event: 0.305 Thread 0x00007ff5b0027aa0 Exception <a 'java/lang/NoSuchMethodError'{0x000000062bfbfdb0}: 'int java.lang.invoke.DirectMethodHandle$Holder.invokeSpecial(java.lang.Object, java.lang.Object, java.lang.Object)'> (0x000000062bfbfdb0) 
thrown [src/hotspot/share/interpreter/linkResolver.cpp, line 758]
Event: 0.328 Thread 0x00007ff5b0027aa0 Exception <a 'sun/nio/fs/UnixException'{0x000000062b87fd58}> (0x000000062b87fd58) 
thrown [src/hotspot/share/prims/jni.cpp, line 516]
Event: 0.338 Thread 0x00007ff5b0027aa0 Exception <a 'java/lang/NoSuchMethodError'{0x000000062b8e5180}: 'int java.lang.invoke.DirectMethodHandle$Holder.invokeStaticInit(java.lang.Object, java.lang.Object, int, long)'> (0x000000062b8e5180) 
thrown [src/hotspot/share/interpreter/linkResolver.cpp, line 758]
Event: 0.339 Thread 0x00007ff5b0027aa0 Exception <a 'java/lang/NoSuchMethodError'{0x000000062b8eaa48}: 'java.lang.Object java.lang.invoke.DirectMethodHandle$Holder.newInvokeSpecial(java.lang.Object, java.lang.Object, int)'> (0x000000062b8eaa48) 
thrown [src/hotspot/share/interpreter/linkResolver.cpp, line 758]
Event: 0.341 Thread 0x00007ff5b0027aa0 Exception <a 'java/lang/NoSuchMethodError'{0x000000062b8f9798}: 'int java.lang.invoke.DirectMethodHandle$Holder.invokeStaticInit(java.lang.Object, java.lang.Object, long, long)'> (0x000000062b8f9798) 
thrown [src/hotspot/share/interpreter/linkResolver.cpp, line 758]
Event: 0.341 Thread 0x00007ff5b0027aa0 Exception <a 'java/lang/NoSuchMethodError'{0x000000062b8ff8a8}: 'java.lang.Object java.lang.invoke.DirectMethodHandle$Holder.newInvokeSpecial(java.lang.Object, java.lang.Object, long)'> (0x000000062b8ff8a8) 
thrown [src/hotspot/share/interpreter/linkResolver.cpp, line 758]
Event: 0.342 Thread 0x00007ff5b0027aa0 Exception <a 'java/lang/NoSuchMethodError'{0x000000062b9038f0}: 'java.lang.Object java.lang.invoke.Invokers$Holder.linkToTargetMethod(java.lang.Object, long, java.lang.Object)'> (0x000000062b9038f0) 
thrown [src/hotspot/share/interpreter/linkResolver.cpp, line 758]
Event: 0.342 Thread 0x00007ff5b0027aa0 Exception <a 'java/lang/NoSuchMethodError'{0x000000062b90b008}: 'int java.lang.invoke.DirectMethodHandle$Holder.invokeStaticInit(java.lang.Object, java.lang.Object, java.lang.Object, long)'> (0x000000062b90b008) 
thrown [src/hotspot/share/interpreter/linkResolver.cpp, line 758]
Event: 0.358 Thread 0x00007ff5b0027aa0 Exception <a 'sun/nio/fs/UnixException'{0x000000062b9aaf20}> (0x000000062b9aaf20) 
thrown [src/hotspot/share/prims/jni.cpp, line 516]
Event: 0.644 Thread 0x00007ff5b0027aa0 Exception <a 'sun/nio/fs/UnixException'{0x000000062ba2d8e0}> (0x000000062ba2d8e0) 
thrown [src/hotspot/share/prims/jni.cpp, line 516]
Event: 0.646 Thread 0x00007ff5b0027aa0 Exception <a 'sun/nio/fs/UnixException'{0x000000062ba33c20}> (0x000000062ba33c20) 
thrown [src/hotspot/share/prims/jni.cpp, line 516]

VM Operations (6 events):
Event: 0.055 Executing VM operation: ChangeBreakpoints
Event: 0.055 Executing VM operation: ChangeBreakpoints done
Event: 0.258 Executing VM operation: HandshakeAllThreads
Event: 0.258 Executing VM operation: HandshakeAllThreads done
Event: 1.258 Executing VM operation: Cleanup
Event: 1.259 Executing VM operation: Cleanup done

Events (20 events):
Event: 0.665 loading class java/lang/CharacterData00 done
Event: 0.685 loading class java/util/function/IntFunction
Event: 0.685 loading class java/util/function/IntFunction done
Event: 0.734 Thread 0x00007ff558076cc0 Thread added: 0x00007ff558076cc0
Event: 0.734 Protecting memory [0x00007ff518c4c000,0x00007ff518c50000] with protection modes 0
Event: 0.927 Thread 0x00007ff558076cc0 Thread exited: 0x00007ff558076cc0
Event: 4.156 Thread 0x00007ff54c075fd0 Thread exited: 0x00007ff54c075fd0
Event: 4.156 Thread 0x00007ff54c074e80 Thread exited: 0x00007ff54c074e80
Event: 4.160 loading class java/util/IdentityHashMap$KeyIterator
Event: 4.160 loading class java/util/IdentityHashMap$IdentityHashMapIterator
Event: 4.160 loading class java/util/IdentityHashMap$IdentityHashMapIterator done
Event: 4.161 loading class java/util/IdentityHashMap$KeyIterator done
Event: 4.161 Thread 0x00007ff5b0027aa0 Thread exited: 0x00007ff5b0027aa0
Event: 4.161 Protecting memory [0x00007ff5b5304000,0x00007ff5b5308000] with protection modes 0
Event: 4.161 Thread 0x00007ff5b0027aa0 Thread added: 0x00007ff5b0027aa0
Event: 4.161 loading class java/lang/Shutdown
Event: 4.161 loading class java/lang/Shutdown done
Event: 4.161 loading class java/lang/Shutdown$Lock
Event: 4.161 loading class java/lang/Shutdown$Lock done
Event: 4.161 Thread 0x00007ff5b0027aa0 Thread exited: 0x00007ff5b0027aa0


Dynamic libraries:
60cc00000-62c000000 rw-p 00000000 00:00 0 
62c000000-800000000 ---p 00000000 00:00 0 
800000000-800020000 rw-p 00000000 00:00 0 
800020000-800040000 rw-p 00000000 00:00 0 
800040000-8000b0000 rw-p 00000000 00:00 0 
8000b0000-8000c0000 ---p 00000000 00:00 0 
8000c0000-8000e0000 rw-p 00000000 00:00 0 
8000e0000-840000000 ---p 00000000 00:00 0 
564bff132000-564bff133000 r--p 00000000 08:20 383590                     /root/.vscode-server/extensions/redhat.java-1.14.0-linux-x64/jre/17.0.5-linux-x86_64/bin/java
564bff133000-564bff134000 r-xp 00001000 08:20 383590                     /root/.vscode-server/extensions/redhat.java-1.14.0-linux-x64/jre/17.0.5-linux-x86_64/bin/java
564bff134000-564bff135000 r--p 00002000 08:20 383590                     /root/.vscode-server/extensions/redhat.java-1.14.0-linux-x64/jre/17.0.5-linux-x86_64/bin/java
564bff135000-564bff136000 r--p 00002000 08:20 383590                     /root/.vscode-server/extensions/redhat.java-1.14.0-linux-x64/jre/17.0.5-linux-x86_64/bin/java
564bff136000-564bff137000 rw-p 00003000 08:20 383590                     /root/.vscode-server/extensions/redhat.java-1.14.0-linux-x64/jre/17.0.5-linux-x86_64/bin/java
564bffcfe000-564bffd46000 rw-p 00000000 00:00 0                          [heap]
7ff50c000000-7ff50c021000 rw-p 00000000 00:00 0 
7ff50c021000-7ff510000000 ---p 00000000 00:00 0 
7ff514000000-7ff514021000 rw-p 00000000 00:00 0 
7ff514021000-7ff518000000 ---p 00000000 00:00 0 
7ff518400000-7ff5184b0000 rw-p 00000000 00:00 0 
7ff5184b0000-7ff518c00000 ---p 00000000 00:00 0 
7ff518c4c000-7ff518c50000 ---p 00000000 00:00 0 
7ff518c50000-7ff518d4d000 rw-p 00000000 00:00 0 
7ff518d4d000-7ff518da3000 r-xp 00000000 08:20 287481                     /tmp/lwjglroot/3.3.1-build-7/liblwjgl_opengl.so
7ff518da3000-7ff518fa2000 ---p 00056000 08:20 287481                     /tmp/lwjglroot/3.3.1-build-7/liblwjgl_opengl.so
7ff518fa2000-7ff518fa3000 r--p 00055000 08:20 287481                     /tmp/lwjglroot/3.3.1-build-7/liblwjgl_opengl.so
7ff518fa3000-7ff518fa4000 rw-p 00056000 08:20 287481                     /tmp/lwjglroot/3.3.1-build-7/liblwjgl_opengl.so
7ff519348000-7ff5196cc000 rw-s 00000000 00:01 32787                      /SYSV00000000 (deleted)
7ff519ffc000-7ff519ffd000 ---p 00000000 00:00 0 
7ff519ffd000-7ff51a7fd000 rw-p 00000000 00:00 0 
7ff51a7fd000-7ff51a7fe000 ---p 00000000 00:00 0 
7ff51a7fe000-7ff51affe000 rw-p 00000000 00:00 0 
7ff51affe000-7ff51afff000 ---p 00000000 00:00 0 
7ff51afff000-7ff51b7ff000 rw-p 00000000 00:00 0 
7ff51b7ff000-7ff51b800000 ---p 00000000 00:00 0 
7ff51b800000-7ff51c000000 rw-p 00000000 00:00 0 
7ff51c000000-7ff51c02a000 rw-p 00000000 00:00 0 
7ff51c02a000-7ff520000000 ---p 00000000 00:00 0 
7ff52000a000-7ff52000b000 rwxp 00000000 00:00 0 
7ff520b07000-7ff520b08000 ---p 00000000 00:00 0 
7ff520b08000-7ff521308000 rw-p 00000000 00:00 0 
7ff521308000-7ff522473000 r--p 00000000 00:1d 16607023626197133          /usr/lib/wsl/drivers/nv_dispi.inf_amd64_807bbbd5b556d8f2/libnvwgf2umx.so
7ff522473000-7ff523f06000 r-xp 0116b000 00:1d 16607023626197133          /usr/lib/wsl/drivers/nv_dispi.inf_amd64_807bbbd5b556d8f2/libnvwgf2umx.so
7ff523f06000-7ff524008000 r--p 02bfe000 00:1d 16607023626197133          /usr/lib/wsl/drivers/nv_dispi.inf_amd64_807bbbd5b556d8f2/libnvwgf2umx.so
7ff524008000-7ff524c70000 rw-p 02d00000 00:1d 16607023626197133          /usr/lib/wsl/drivers/nv_dispi.inf_amd64_807bbbd5b556d8f2/libnvwgf2umx.so
7ff524c70000-7ff524cbf000 rw-p 00000000 00:00 0 
7ff524cbf000-7ff529ee0000 r-xp 00000000 08:20 7268                       /usr/lib/x86_64-linux-gnu/libLLVM-12.so.1
7ff529ee0000-7ff52a3f9000 r--p 05220000 08:20 7268                       /usr/lib/x86_64-linux-gnu/libLLVM-12.so.1
7ff52a3f9000-7ff52a400000 rw-p 05739000 08:20 7268                       /usr/lib/x86_64-linux-gnu/libLLVM-12.so.1
7ff52a400000-7ff52a475000 rw-p 00000000 00:00 0 
7ff52c000000-7ff52c021000 rw-p 00000000 00:00 0 
7ff52c021000-7ff530000000 ---p 00000000 00:00 0 
7ff530000000-7ff530021000 rw-p 00000000 00:00 0 
7ff530021000-7ff534000000 ---p 00000000 00:00 0 
7ff534000000-7ff534021000 rw-p 00000000 00:00 0 
7ff534021000-7ff538000000 ---p 00000000 00:00 0 
7ff538000000-7ff538021000 rw-p 00000000 00:00 0 
7ff538021000-7ff53c000000 ---p 00000000 00:00 0 
7ff53c000000-7ff53c021000 rw-p 00000000 00:00 0 
7ff53c021000-7ff540000000 ---p 00000000 00:00 0 
7ff540000000-7ff540021000 rw-p 00000000 00:00 0 
7ff540021000-7ff544000000 ---p 00000000 00:00 0 
7ff544000000-7ff54405d000 rw-p 00000000 00:00 0 
7ff54405d000-7ff548000000 ---p 00000000 00:00 0 
7ff548000000-7ff5480a6000 rw-p 00000000 00:00 0 
7ff5480a6000-7ff54c000000 ---p 00000000 00:00 0 
7ff54c000000-7ff54c119000 rw-p 00000000 00:00 0 
7ff54c119000-7ff550000000 ---p 00000000 00:00 0 
7ff550000000-7ff550021000 rw-p 00000000 00:00 0 
7ff550021000-7ff554000000 ---p 00000000 00:00 0 
7ff554000000-7ff554021000 rw-p 00000000 00:00 0 
7ff554021000-7ff558000000 ---p 00000000 00:00 0 
7ff558000000-7ff55809f000 rw-p 00000000 00:00 0 
7ff55809f000-7ff55c000000 ---p 00000000 00:00 0 
7ff55c000000-7ff55c021000 rw-p 00000000 00:00 0 
7ff55c021000-7ff560000000 ---p 00000000 00:00 0 
7ff560000000-7ff560021000 rw-p 00000000 00:00 0 
7ff560021000-7ff564000000 ---p 00000000 00:00 0 
7ff564000000-7ff564021000 rw-p 00000000 00:00 0 
7ff564021000-7ff568000000 ---p 00000000 00:00 0 
7ff568000000-7ff568021000 rw-p 00000000 00:00 0 
7ff568021000-7ff56c000000 ---p 00000000 00:00 0 
7ff56c000000-7ff56c021000 rw-p 00000000 00:00 0 
7ff56c021000-7ff570000000 ---p 00000000 00:00 0 
7ff570000000-7ff570021000 rw-p 00000000 00:00 0 
7ff570021000-7ff574000000 ---p 00000000 00:00 0 
7ff574000000-7ff574021000 rw-p 00000000 00:00 0 
7ff574021000-7ff578000000 ---p 00000000 00:00 0 
7ff578ad6000-7ff578b1a000 r--p 00000000 00:1f 13792273859049748          /usr/lib/wsl/lib/libd3d12.so
7ff578b1a000-7ff578b93000 r-xp 00043000 00:1f 13792273859049748          /usr/lib/wsl/lib/libd3d12.so
7ff578b93000-7ff578b9b000 r--p 000bb000 00:1f 13792273859049748          /usr/lib/wsl/lib/libd3d12.so
7ff578b9b000-7ff578b9d000 rw-p 000c2000 00:1f 13792273859049748          /usr/lib/wsl/lib/libd3d12.so
7ff578b9d000-7ff578ba0000 rw-p 00000000 00:00 0 
7ff578ba0000-7ff578be3000 r--p 00000000 00:1f 20266198323394879          /usr/lib/wsl/lib/libdxcore.so
7ff578be3000-7ff578c64000 r-xp 00042000 00:1f 20266198323394879          /usr/lib/wsl/lib/libdxcore.so
7ff578c64000-7ff578c6c000 r--p 000c2000 00:1f 20266198323394879          /usr/lib/wsl/lib/libdxcore.so
7ff578c6c000-7ff578c6e000 rw-p 000c9000 00:1f 20266198323394879          /usr/lib/wsl/lib/libdxcore.so
7ff578c6e000-7ff578c71000 rw-p 00000000 00:00 0 
7ff578c71000-7ff578c7f000 r--p 00000000 08:20 11539                      /usr/lib/x86_64-linux-gnu/libtinfo.so.6.2
7ff578c7f000-7ff578c8e000 r-xp 0000e000 08:20 11539                      /usr/lib/x86_64-linux-gnu/libtinfo.so.6.2
7ff578c8e000-7ff578c9c000 r--p 0001d000 08:20 11539                      /usr/lib/x86_64-linux-gnu/libtinfo.so.6.2
7ff578c9c000-7ff578ca0000 r--p 0002a000 08:20 11539                      /usr/lib/x86_64-linux-gnu/libtinfo.so.6.2
7ff578ca0000-7ff578ca1000 rw-p 0002e000 08:20 11539                      /usr/lib/x86_64-linux-gnu/libtinfo.so.6.2
7ff578ca1000-7ff578ca9000 r--p 00000000 08:20 11177                      /usr/lib/x86_64-linux-gnu/libedit.so.2.0.63
7ff578ca9000-7ff578cc4000 r-xp 00008000 08:20 11177                      /usr/lib/x86_64-linux-gnu/libedit.so.2.0.63
7ff578cc4000-7ff578cd2000 r--p 00023000 08:20 11177                      /usr/lib/x86_64-linux-gnu/libedit.so.2.0.63
7ff578cd2000-7ff578cd4000 r--p 00030000 08:20 11177                      /usr/lib/x86_64-linux-gnu/libedit.so.2.0.63
7ff578cd4000-7ff578cd5000 rw-p 00032000 08:20 11177                      /usr/lib/x86_64-linux-gnu/libedit.so.2.0.63
7ff578cd5000-7ff578cd9000 rw-p 00000000 00:00 0 
7ff578cd9000-7ff578cdb000 r--p 00000000 08:20 11201                      /usr/lib/x86_64-linux-gnu/libffi.so.7.1.0
7ff578cdb000-7ff578ce1000 r-xp 00002000 08:20 11201                      /usr/lib/x86_64-linux-gnu/libffi.so.7.1.0
7ff578ce1000-7ff578ce2000 r--p 00008000 08:20 11201                      /usr/lib/x86_64-linux-gnu/libffi.so.7.1.0
7ff578ce2000-7ff578ce3000 ---p 00009000 08:20 11201                      /usr/lib/x86_64-linux-gnu/libffi.so.7.1.0
7ff578ce3000-7ff578ce4000 r--p 00009000 08:20 11201                      /usr/lib/x86_64-linux-gnu/libffi.so.7.1.0
7ff578ce4000-7ff578ce5000 rw-p 0000a000 08:20 11201                      /usr/lib/x86_64-linux-gnu/libffi.so.7.1.0
7ff578ce5000-7ff578ce8000 r--p 00000000 08:20 15714                      /usr/lib/x86_64-linux-gnu/libgcc_s.so.1
7ff578ce8000-7ff578cfa000 r-xp 00003000 08:20 15714                      /usr/lib/x86_64-linux-gnu/libgcc_s.so.1
7ff578cfa000-7ff578cfe000 r--p 00015000 08:20 15714                      /usr/lib/x86_64-linux-gnu/libgcc_s.so.1
7ff578cfe000-7ff578cff000 r--p 00018000 08:20 15714                      /usr/lib/x86_64-linux-gnu/libgcc_s.so.1
7ff578cff000-7ff578d00000 rw-p 00019000 08:20 15714                      /usr/lib/x86_64-linux-gnu/libgcc_s.so.1
7ff578d00000-7ff578d96000 r--p 00000000 08:20 16268                      /usr/lib/x86_64-linux-gnu/libstdc++.so.6.0.28
7ff578d96000-7ff578e87000 r-xp 00096000 08:20 16268                      /usr/lib/x86_64-linux-gnu/libstdc++.so.6.0.28
7ff578e87000-7ff578ed0000 r--p 00187000 08:20 16268                      /usr/lib/x86_64-linux-gnu/libstdc++.so.6.0.28
7ff578ed0000-7ff578ed1000 ---p 001d0000 08:20 16268                      /usr/lib/x86_64-linux-gnu/libstdc++.so.6.0.28
7ff578ed1000-7ff578edc000 r--p 001d0000 08:20 16268                      /usr/lib/x86_64-linux-gnu/libstdc++.so.6.0.28
7ff578edc000-7ff578edf000 rw-p 001db000 08:20 16268                      /usr/lib/x86_64-linux-gnu/libstdc++.so.6.0.28
7ff578edf000-7ff578ee2000 rw-p 00000000 00:00 0 
7ff579034000-7ff579037000 r--p 00000000 08:20 7075                       /usr/lib/x86_64-linux-gnu/libxcb-xfixes.so.0.0.0
7ff579037000-7ff57903a000 r-xp 00003000 08:20 7075                       /usr/lib/x86_64-linux-gnu/libxcb-xfixes.so.0.0.0
7ff57903a000-7ff57903b000 r--p 00006000 08:20 7075                       /usr/lib/x86_64-linux-gnu/libxcb-xfixes.so.0.0.0
7ff57903b000-7ff57903c000 ---p 00007000 08:20 7075                       /usr/lib/x86_64-linux-gnu/libxcb-xfixes.so.0.0.0
7ff57903c000-7ff57903d000 r--p 00007000 08:20 7075                       /usr/lib/x86_64-linux-gnu/libxcb-xfixes.so.0.0.0
7ff57903d000-7ff57903e000 rw-p 00008000 08:20 7075                       /usr/lib/x86_64-linux-gnu/libxcb-xfixes.so.0.0.0
7ff57903e000-7ff57903f000 r-xp 00000000 08:20 11639                      /usr/lib/x86_64-linux-gnu/libxshmfence.so.1.0.0
7ff57903f000-7ff57923e000 ---p 00001000 08:20 11639                      /usr/lib/x86_64-linux-gnu/libxshmfence.so.1.0.0
7ff57923e000-7ff57923f000 r--p 00000000 08:20 11639                      /usr/lib/x86_64-linux-gnu/libxshmfence.so.1.0.0
7ff57923f000-7ff579240000 rw-p 00001000 08:20 11639                      /usr/lib/x86_64-linux-gnu/libxshmfence.so.1.0.0
7ff579240000-7ff579243000 r--p 00000000 08:20 11625                      /usr/lib/x86_64-linux-gnu/libxcb-sync.so.1.0.0
7ff579243000-7ff579246000 r-xp 00003000 08:20 11625                      /usr/lib/x86_64-linux-gnu/libxcb-sync.so.1.0.0
7ff579246000-7ff579247000 r--p 00006000 08:20 11625                      /usr/lib/x86_64-linux-gnu/libxcb-sync.so.1.0.0
7ff579247000-7ff579248000 ---p 00007000 08:20 11625                      /usr/lib/x86_64-linux-gnu/libxcb-sync.so.1.0.0
7ff579248000-7ff579249000 r--p 00007000 08:20 11625                      /usr/lib/x86_64-linux-gnu/libxcb-sync.so.1.0.0
7ff579249000-7ff57924a000 rw-p 00008000 08:20 11625                      /usr/lib/x86_64-linux-gnu/libxcb-sync.so.1.0.0
7ff57924a000-7ff57924b000 r--p 00000000 08:20 11619                      /usr/lib/x86_64-linux-gnu/libxcb-present.so.0.0.0
7ff57924b000-7ff57924c000 r-xp 00001000 08:20 11619                      /usr/lib/x86_64-linux-gnu/libxcb-present.so.0.0.0
7ff57924c000-7ff57924d000 r--p 00002000 08:20 11619                      /usr/lib/x86_64-linux-gnu/libxcb-present.so.0.0.0
7ff57924d000-7ff57924e000 r--p 00002000 08:20 11619                      /usr/lib/x86_64-linux-gnu/libxcb-present.so.0.0.0
7ff57924e000-7ff57924f000 rw-p 00003000 08:20 11619                      /usr/lib/x86_64-linux-gnu/libxcb-present.so.0.0.0
7ff57924f000-7ff579251000 r--p 00000000 08:20 11615                      /usr/lib/x86_64-linux-gnu/libxcb-dri3.so.0.0.0
7ff579251000-7ff579252000 r-xp 00002000 08:20 11615                      /usr/lib/x86_64-linux-gnu/libxcb-dri3.so.0.0.0
7ff579252000-7ff579253000 r--p 00003000 08:20 11615                      /usr/lib/x86_64-linux-gnu/libxcb-dri3.so.0.0.0
7ff579253000-7ff579254000 r--p 00003000 08:20 11615                      /usr/lib/x86_64-linux-gnu/libxcb-dri3.so.0.0.0
7ff579254000-7ff579255000 rw-p 00004000 08:20 11615                      /usr/lib/x86_64-linux-gnu/libxcb-dri3.so.0.0.0
7ff579255000-7ff579259000 r--p 00000000 08:20 18253                      /usr/lib/x86_64-linux-gnu/libexpat.so.1.6.11
7ff579259000-7ff579275000 r-xp 00004000 08:20 18253                      /usr/lib/x86_64-linux-gnu/libexpat.so.1.6.11
7ff579275000-7ff57927f000 r--p 00020000 08:20 18253                      /usr/lib/x86_64-linux-gnu/libexpat.so.1.6.11
7ff57927f000-7ff579280000 ---p 0002a000 08:20 18253                      /usr/lib/x86_64-linux-gnu/libexpat.so.1.6.11
7ff579280000-7ff579282000 r--p 0002a000 08:20 18253                      /usr/lib/x86_64-linux-gnu/libexpat.so.1.6.11
7ff579282000-7ff579283000 rw-p 0002c000 08:20 18253                      /usr/lib/x86_64-linux-gnu/libexpat.so.1.6.11
7ff579283000-7ff579284000 r--p 00000000 08:20 7050                       /usr/lib/x86_64-linux-gnu/libxcb-shm.so.0.0.0
7ff579284000-7ff579285000 r-xp 00001000 08:20 7050                       /usr/lib/x86_64-linux-gnu/libxcb-shm.so.0.0.0
7ff579285000-7ff579286000 r--p 00002000 08:20 7050                       /usr/lib/x86_64-linux-gnu/libxcb-shm.so.0.0.0
7ff579286000-7ff579287000 r--p 00002000 08:20 7050                       /usr/lib/x86_64-linux-gnu/libxcb-shm.so.0.0.0
7ff579287000-7ff579288000 rw-p 00003000 08:20 7050                       /usr/lib/x86_64-linux-gnu/libxcb-shm.so.0.0.0
7ff579288000-7ff57928a000 r--p 00000000 08:20 11613                      /usr/lib/x86_64-linux-gnu/libxcb-dri2.so.0.0.0
7ff57928a000-7ff57928c000 r-xp 00002000 08:20 11613                      /usr/lib/x86_64-linux-gnu/libxcb-dri2.so.0.0.0
7ff57928c000-7ff57928d000 r--p 00004000 08:20 11613                      /usr/lib/x86_64-linux-gnu/libxcb-dri2.so.0.0.0
7ff57928d000-7ff57928e000 r--p 00004000 08:20 11613                      /usr/lib/x86_64-linux-gnu/libxcb-dri2.so.0.0.0
7ff57928e000-7ff57928f000 rw-p 00005000 08:20 11613                      /usr/lib/x86_64-linux-gnu/libxcb-dri2.so.0.0.0
7ff57928f000-7ff57929a000 r--p 00000000 08:20 11617                      /usr/lib/x86_64-linux-gnu/libxcb-glx.so.0.0.0
7ff57929a000-7ff5792a3000 r-xp 0000b000 08:20 11617                      /usr/lib/x86_64-linux-gnu/libxcb-glx.so.0.0.0
7ff5792a3000-7ff5792a8000 r--p 00014000 08:20 11617                      /usr/lib/x86_64-linux-gnu/libxcb-glx.so.0.0.0
7ff5792a8000-7ff5792a9000 ---p 00019000 08:20 11617                      /usr/lib/x86_64-linux-gnu/libxcb-glx.so.0.0.0
7ff5792a9000-7ff5792ab000 r--p 00019000 08:20 11617                      /usr/lib/x86_64-linux-gnu/libxcb-glx.so.0.0.0
7ff5792ab000-7ff5792ac000 rw-p 0001b000 08:20 11617                      /usr/lib/x86_64-linux-gnu/libxcb-glx.so.0.0.0
7ff5792ac000-7ff5792b1000 r--p 00000000 08:20 19124                      /usr/lib/x86_64-linux-gnu/libdrm.so.2.4.0
7ff5792b1000-7ff5792bc000 r-xp 00005000 08:20 19124                      /usr/lib/x86_64-linux-gnu/libdrm.so.2.4.0
7ff5792bc000-7ff5792c0000 r--p 00010000 08:20 19124                      /usr/lib/x86_64-linux-gnu/libdrm.so.2.4.0
7ff5792c0000-7ff5792c1000 r--p 00013000 08:20 19124                      /usr/lib/x86_64-linux-gnu/libdrm.so.2.4.0
7ff5792c1000-7ff5792c2000 rw-p 00014000 08:20 19124                      /usr/lib/x86_64-linux-gnu/libdrm.so.2.4.0
7ff5792c2000-7ff5792cf000 r--p 00000000 08:20 7199                       /usr/lib/x86_64-linux-gnu/libglapi.so.0.0.0
7ff5792cf000-7ff5792dd000 r-xp 0000d000 08:20 7199                       /usr/lib/x86_64-linux-gnu/libglapi.so.0.0.0
7ff5792dd000-7ff5792f6000 r--p 0001b000 08:20 7199                       /usr/lib/x86_64-linux-gnu/libglapi.so.0.0.0
7ff5792f6000-7ff5792f7000 ---p 00034000 08:20 7199                       /usr/lib/x86_64-linux-gnu/libglapi.so.0.0.0
7ff5792f7000-7ff5792fb000 r--p 00034000 08:20 7199                       /usr/lib/x86_64-linux-gnu/libglapi.so.0.0.0
7ff5792fb000-7ff5792fc000 rw-p 00038000 08:20 7199                       /usr/lib/x86_64-linux-gnu/libglapi.so.0.0.0
7ff5792fc000-7ff5792fd000 rw-p 00000000 00:00 0 
7ff5792fd000-7ff579316000 r--p 00000000 08:20 7111                       /usr/lib/x86_64-linux-gnu/libGLX_mesa.so.0.0.0
7ff579316000-7ff57935a000 r-xp 00019000 08:20 7111                       /usr/lib/x86_64-linux-gnu/libGLX_mesa.so.0.0.0
7ff57935a000-7ff579371000 r--p 0005d000 08:20 7111                       /usr/lib/x86_64-linux-gnu/libGLX_mesa.so.0.0.0
7ff579371000-7ff579374000 r--p 00073000 08:20 7111                       /usr/lib/x86_64-linux-gnu/libGLX_mesa.so.0.0.0
7ff579374000-7ff579375000 rw-p 00076000 08:20 7111                       /usr/lib/x86_64-linux-gnu/libGLX_mesa.so.0.0.0
7ff579375000-7ff579376000 rw-p 00000000 00:00 0 
7ff579376000-7ff579379000 r--p 00000000 08:20 3717                       /usr/lib/x86_64-linux-gnu/libGLX.so.0.0.0
7ff579379000-7ff579394000 r-xp 00003000 08:20 3717                       /usr/lib/x86_64-linux-gnu/libGLX.so.0.0.0
7ff579394000-7ff579398000 r--p 0001e000 08:20 3717                       /usr/lib/x86_64-linux-gnu/libGLX.so.0.0.0
7ff579398000-7ff579399000 r--p 00021000 08:20 3717                       /usr/lib/x86_64-linux-gnu/libGLX.so.0.0.0
7ff579399000-7ff57939a000 rw-p 00022000 08:20 3717                       /usr/lib/x86_64-linux-gnu/libGLX.so.0.0.0
7ff57939a000-7ff5793aa000 rw-p 00000000 00:00 0 
7ff5793aa000-7ff5793ea000 r--p 00000000 08:20 3793                       /usr/lib/x86_64-linux-gnu/libGLdispatch.so.0.0.0
7ff5793ea000-7ff579429000 r-xp 00040000 08:20 3793                       /usr/lib/x86_64-linux-gnu/libGLdispatch.so.0.0.0
7ff579429000-7ff57943d000 r--p 0007f000 08:20 3793                       /usr/lib/x86_64-linux-gnu/libGLdispatch.so.0.0.0
7ff57943d000-7ff579459000 r--p 00092000 08:20 3793                       /usr/lib/x86_64-linux-gnu/libGLdispatch.so.0.0.0
7ff579459000-7ff57945a000 rw-p 000ae000 08:20 3793                       /usr/lib/x86_64-linux-gnu/libGLdispatch.so.0.0.0
7ff57945a000-7ff579462000 rw-p 00000000 00:00 0 
7ff579462000-7ff5794a5000 r--p 00000000 08:20 3647                       /usr/lib/x86_64-linux-gnu/libGL.so.1.7.0
7ff5794a5000-7ff5794c5000 r-xp 00043000 08:20 3647                       /usr/lib/x86_64-linux-gnu/libGL.so.1.7.0
7ff5794c5000-7ff5794da000 r--p 00063000 08:20 3647                       /usr/lib/x86_64-linux-gnu/libGL.so.1.7.0
7ff5794da000-7ff5794e8000 r--p 00077000 08:20 3647                       /usr/lib/x86_64-linux-gnu/libGL.so.1.7.0
7ff5794e8000-7ff5794e9000 rw-p 00085000 08:20 3647                       /usr/lib/x86_64-linux-gnu/libGL.so.1.7.0
7ff5794e9000-7ff5794ea000 rw-p 00000000 00:00 0 
7ff5794ea000-7ff5794eb000 r--p 00000000 08:20 7021                       /usr/lib/x86_64-linux-gnu/libX11-xcb.so.1.0.0
7ff5794eb000-7ff5794ec000 r-xp 00001000 08:20 7021                       /usr/lib/x86_64-linux-gnu/libX11-xcb.so.1.0.0
7ff5794ec000-7ff5794ed000 r--p 00002000 08:20 7021                       /usr/lib/x86_64-linux-gnu/libX11-xcb.so.1.0.0
7ff5794ed000-7ff5794ee000 r--p 00002000 08:20 7021                       /usr/lib/x86_64-linux-gnu/libX11-xcb.so.1.0.0
7ff5794ee000-7ff5794ef000 rw-p 00003000 08:20 7021                       /usr/lib/x86_64-linux-gnu/libX11-xcb.so.1.0.0
7ff5794ef000-7ff5794f1000 r--p 00000000 08:20 11041                      /usr/lib/x86_64-linux-gnu/libXfixes.so.3.1.0
7ff5794f1000-7ff5794f4000 r-xp 00002000 08:20 11041                      /usr/lib/x86_64-linux-gnu/libXfixes.so.3.1.0
7ff5794f4000-7ff5794f5000 r--p 00005000 08:20 11041                      /usr/lib/x86_64-linux-gnu/libXfixes.so.3.1.0
7ff5794f5000-7ff5794f6000 r--p 00005000 08:20 11041                      /usr/lib/x86_64-linux-gnu/libXfixes.so.3.1.0
7ff5794f6000-7ff5794f7000 rw-p 00006000 08:20 11041                      /usr/lib/x86_64-linux-gnu/libXfixes.so.3.1.0
7ff57972d000-7ff579731000 r--p 00000000 08:20 11039                      /usr/lib/x86_64-linux-gnu/libXext.so.6.4.0
7ff579731000-7ff57973c000 r-xp 00004000 08:20 11039                      /usr/lib/x86_64-linux-gnu/libXext.so.6.4.0
7ff57973c000-7ff579740000 r--p 0000f000 08:20 11039                      /usr/lib/x86_64-linux-gnu/libXext.so.6.4.0
7ff579740000-7ff579741000 r--p 00012000 08:20 11039                      /usr/lib/x86_64-linux-gnu/libXext.so.6.4.0
7ff579741000-7ff579742000 rw-p 00013000 08:20 11039                      /usr/lib/x86_64-linux-gnu/libXext.so.6.4.0
7ff579742000-7ff579743000 r--p 00000000 08:20 11067                      /usr/lib/x86_64-linux-gnu/libXxf86vm.so.1.0.0
7ff579743000-7ff579746000 r-xp 00001000 08:20 11067                      /usr/lib/x86_64-linux-gnu/libXxf86vm.so.1.0.0
7ff579746000-7ff579747000 r--p 00004000 08:20 11067                      /usr/lib/x86_64-linux-gnu/libXxf86vm.so.1.0.0
7ff579747000-7ff579748000 r--p 00004000 08:20 11067                      /usr/lib/x86_64-linux-gnu/libXxf86vm.so.1.0.0
7ff579748000-7ff579749000 rw-p 00005000 08:20 11067                      /usr/lib/x86_64-linux-gnu/libXxf86vm.so.1.0.0
7ff579749000-7ff57974d000 r--p 00000000 08:20 11112                      /usr/lib/x86_64-linux-gnu/libbsd.so.0.10.0
7ff57974d000-7ff57975c000 r-xp 00004000 08:20 11112                      /usr/lib/x86_64-linux-gnu/libbsd.so.0.10.0
7ff57975c000-7ff57975f000 r--p 00013000 08:20 11112                      /usr/lib/x86_64-linux-gnu/libbsd.so.0.10.0
7ff57975f000-7ff579760000 ---p 00016000 08:20 11112                      /usr/lib/x86_64-linux-gnu/libbsd.so.0.10.0
7ff579760000-7ff579761000 r--p 00016000 08:20 11112                      /usr/lib/x86_64-linux-gnu/libbsd.so.0.10.0
7ff579761000-7ff579762000 rw-p 00017000 08:20 11112                      /usr/lib/x86_64-linux-gnu/libbsd.so.0.10.0
7ff579762000-7ff579763000 rw-p 00000000 00:00 0 
7ff579763000-7ff579765000 r--p 00000000 08:20 11037                      /usr/lib/x86_64-linux-gnu/libXdmcp.so.6.0.0
7ff579765000-7ff579767000 r-xp 00002000 08:20 11037                      /usr/lib/x86_64-linux-gnu/libXdmcp.so.6.0.0
7ff579767000-7ff579769000 r--p 00004000 08:20 11037                      /usr/lib/x86_64-linux-gnu/libXdmcp.so.6.0.0
7ff579769000-7ff57976a000 r--p 00005000 08:20 11037                      /usr/lib/x86_64-linux-gnu/libXdmcp.so.6.0.0
7ff57976a000-7ff57976b000 rw-p 00006000 08:20 11037                      /usr/lib/x86_64-linux-gnu/libXdmcp.so.6.0.0
7ff57976b000-7ff57976c000 r--p 00000000 08:20 11028                      /usr/lib/x86_64-linux-gnu/libXau.so.6.0.0
7ff57976c000-7ff57976e000 r-xp 00001000 08:20 11028                      /usr/lib/x86_64-linux-gnu/libXau.so.6.0.0
7ff57976e000-7ff57976f000 r--p 00003000 08:20 11028                      /usr/lib/x86_64-linux-gnu/libXau.so.6.0.0
7ff57976f000-7ff579770000 r--p 00003000 08:20 11028                      /usr/lib/x86_64-linux-gnu/libXau.so.6.0.0
7ff579770000-7ff579771000 rw-p 00004000 08:20 11028                      /usr/lib/x86_64-linux-gnu/libXau.so.6.0.0
7ff579771000-7ff579789000 r--p 00000000 08:20 13542                      /usr/lib/x86_64-linux-gnu/libX11.so.6.3.0
7ff579789000-7ff579814000 r-xp 00018000 08:20 13542                      /usr/lib/x86_64-linux-gnu/libX11.so.6.3.0
7ff579814000-7ff5798a8000 r--p 000a3000 08:20 13542                      /usr/lib/x86_64-linux-gnu/libX11.so.6.3.0
7ff5798a8000-7ff5798a9000 ---p 00137000 08:20 13542                      /usr/lib/x86_64-linux-gnu/libX11.so.6.3.0
7ff5798a9000-7ff5798aa000 r--p 00137000 08:20 13542                      /usr/lib/x86_64-linux-gnu/libX11.so.6.3.0
7ff5798aa000-7ff5798ae000 rw-p 00138000 08:20 13542                      /usr/lib/x86_64-linux-gnu/libX11.so.6.3.0
7ff5798ae000-7ff579905000 r-xp 00000000 08:20 287479                     /tmp/lwjglroot/3.3.1-build-7/libglfw.so
7ff579905000-7ff579b04000 ---p 00057000 08:20 287479                     /tmp/lwjglroot/3.3.1-build-7/libglfw.so
7ff579b04000-7ff579b07000 r--p 00056000 08:20 287479                     /tmp/lwjglroot/3.3.1-build-7/libglfw.so
7ff579b07000-7ff579b09000 rw-p 00059000 08:20 287479                     /tmp/lwjglroot/3.3.1-build-7/libglfw.so
7ff579b09000-7ff579b2c000 rw-p 00000000 00:00 0 
7ff579b2c000-7ff579b97000 r-xp 00000000 08:20 287478                     /tmp/lwjglroot/3.3.1-build-7/liblwjgl.so
7ff579b97000-7ff579d96000 ---p 0006b000 08:20 287478                     /tmp/lwjglroot/3.3.1-build-7/liblwjgl.so
7ff579d96000-7ff579d97000 r--p 0006a000 08:20 287478                     /tmp/lwjglroot/3.3.1-build-7/liblwjgl.so
7ff579d97000-7ff579d98000 rw-p 0006b000 08:20 287478                     /tmp/lwjglroot/3.3.1-build-7/liblwjgl.so
7ff579d98000-7ff579d9c000 ---p 00000000 00:00 0 
7ff579d9c000-7ff579e99000 rw-p 00000000 00:00 0 
7ff579e99000-7ff579e9a000 ---p 00000000 00:00 0 
7ff579e9a000-7ff579f9b000 rw-p 00000000 00:00 0 
7ff579f9b000-7ff579f9f000 ---p 00000000 00:00 0 
7ff579f9f000-7ff57a09c000 rw-p 00000000 00:00 0 
7ff57a09c000-7ff57a0a0000 ---p 00000000 00:00 0 
7ff57a0a0000-7ff57a19d000 rw-p 00000000 00:00 0 
7ff57a19d000-7ff57a1a1000 ---p 00000000 00:00 0 
7ff57a1a1000-7ff57a29e000 rw-p 00000000 00:00 0 
7ff57a29e000-7ff57a2a2000 ---p 00000000 00:00 0 
7ff57a2a2000-7ff57a39f000 rw-p 00000000 00:00 0 
7ff57a39f000-7ff57a3a3000 ---p 00000000 00:00 0 
7ff57a3a3000-7ff57a4a0000 rw-p 00000000 00:00 0 
7ff57a4a0000-7ff57a4a4000 ---p 00000000 00:00 0 
7ff57a4a4000-7ff57a5a1000 rw-p 00000000 00:00 0 
7ff57a5a1000-7ff57a5a5000 ---p 00000000 00:00 0 
7ff57a5a5000-7ff57a6a2000 rw-p 00000000 00:00 0 
7ff57a6a2000-7ff57a6a6000 ---p 00000000 00:00 0 
7ff57a6a6000-7ff57a7a3000 rw-p 00000000 00:00 0 
7ff57a7a3000-7ff57a7a7000 ---p 00000000 00:00 0 
7ff57a7a7000-7ff57a8a4000 rw-p 00000000 00:00 0 
7ff57a8a4000-7ff57a8a8000 ---p 00000000 00:00 0 
7ff57a8a8000-7ff57a9a5000 rw-p 00000000 00:00 0 
7ff57a9a5000-7ff57a9a9000 ---p 00000000 00:00 0 
7ff57a9a9000-7ff57aaa6000 rw-p 00000000 00:00 0 
7ff57aaa6000-7ff57aaaa000 ---p 00000000 00:00 0 
7ff57aaaa000-7ff57aba7000 rw-p 00000000 00:00 0 
7ff57aba7000-7ff57ad1a000 r--p 00000000 08:20 20355                      /usr/lib/locale/C.UTF-8/LC_COLLATE
7ff57ad1a000-7ff57b000000 r--p 00000000 08:20 4069                       /usr/lib/locale/locale-archive
7ff57b000000-7ff57b400000 rw-p 00000000 00:00 0 
7ff57b400000-7ff57b480000 rw-p 00000000 00:00 0 
7ff57b480000-7ff57b500000 rw-p 00000000 00:00 0 
7ff57b500000-7ff57b6a0000 rw-p 00000000 00:00 0 
7ff57b6a0000-7ff57b6e0000 rw-p 00000000 00:00 0 
7ff57b6e0000-7ff57b7c0000 rw-p 00000000 00:00 0 
7ff57b7c0000-7ff57b800000 ---p 00000000 00:00 0 
7ff57b802000-7ff57b80d000 r--p 00000000 08:20 11627                      /usr/lib/x86_64-linux-gnu/libxcb.so.1.1.0
7ff57b80d000-7ff57b821000 r-xp 0000b000 08:20 11627                      /usr/lib/x86_64-linux-gnu/libxcb.so.1.1.0
7ff57b821000-7ff57b82a000 r--p 0001f000 08:20 11627                      /usr/lib/x86_64-linux-gnu/libxcb.so.1.1.0
7ff57b82a000-7ff57b82b000 r--p 00027000 08:20 11627                      /usr/lib/x86_64-linux-gnu/libxcb.so.1.1.0
7ff57b82b000-7ff57b82c000 rw-p 00028000 08:20 11627                      /usr/lib/x86_64-linux-gnu/libxcb.so.1.1.0
7ff57b82c000-7ff57b85d000 rw-p 00000000 00:00 0 
7ff57b85d000-7ff57b861000 r--p 00000000 08:20 383988                     /root/.vscode-server/extensions/redhat.java-1.14.0-linux-x64/jre/17.0.5-linux-x86_64/lib/libnet.so
7ff57b861000-7ff57b86f000 r-xp 00004000 08:20 383988                     /root/.vscode-server/extensions/redhat.java-1.14.0-linux-x64/jre/17.0.5-linux-x86_64/lib/libnet.so
7ff57b86f000-7ff57b873000 r--p 00012000 08:20 383988                     /root/.vscode-server/extensions/redhat.java-1.14.0-linux-x64/jre/17.0.5-linux-x86_64/lib/libnet.so
7ff57b873000-7ff57b874000 r--p 00015000 08:20 383988                     /root/.vscode-server/extensions/redhat.java-1.14.0-linux-x64/jre/17.0.5-linux-x86_64/lib/libnet.so
7ff57b874000-7ff57b875000 rw-p 00016000 08:20 383988                     /root/.vscode-server/extensions/redhat.java-1.14.0-linux-x64/jre/17.0.5-linux-x86_64/lib/libnet.so
7ff57b875000-7ff57b879000 ---p 00000000 00:00 0 
7ff57b879000-7ff57b976000 rw-p 00000000 00:00 0 
7ff57b976000-7ff57b97a000 ---p 00000000 00:00 0 
7ff57b97a000-7ff57ba77000 rw-p 00000000 00:00 0 
7ff57ba77000-7ff57ba78000 ---p 00000000 00:00 0 
7ff57ba78000-7ff57bbfa000 rw-p 00000000 00:00 0 
7ff57bbfa000-7ff57bbfb000 ---p 00000000 00:00 0 
7ff57bbfb000-7ff57bcfc000 rw-p 00000000 00:00 0 
7ff57bcfc000-7ff57bcfd000 ---p 00000000 00:00 0 
7ff57bcfd000-7ff57c000000 rw-p 00000000 00:00 0 
7ff57c000000-7ff57c021000 rw-p 00000000 00:00 0 
7ff57c021000-7ff580000000 ---p 00000000 00:00 0 
7ff580000000-7ff580021000 rw-p 00000000 00:00 0 
7ff580021000-7ff584000000 ---p 00000000 00:00 0 
7ff584000000-7ff584021000 rw-p 00000000 00:00 0 
7ff584021000-7ff588000000 ---p 00000000 00:00 0 
7ff588004000-7ff58800b000 r--p 00000000 08:20 383989                     /root/.vscode-server/extensions/redhat.java-1.14.0-linux-x64/jre/17.0.5-linux-x86_64/lib/libnio.so
7ff58800b000-7ff588014000 r-xp 00007000 08:20 383989                     /root/.vscode-server/extensions/redhat.java-1.14.0-linux-x64/jre/17.0.5-linux-x86_64/lib/libnio.so
7ff588014000-7ff588018000 r--p 00010000 08:20 383989                     /root/.vscode-server/extensions/redhat.java-1.14.0-linux-x64/jre/17.0.5-linux-x86_64/lib/libnio.so
7ff588018000-7ff588019000 ---p 00014000 08:20 383989                     /root/.vscode-server/extensions/redhat.java-1.14.0-linux-x64/jre/17.0.5-linux-x86_64/lib/libnio.so
7ff588019000-7ff58801a000 r--p 00014000 08:20 383989                     /root/.vscode-server/extensions/redhat.java-1.14.0-linux-x64/jre/17.0.5-linux-x86_64/lib/libnio.so
7ff58801a000-7ff58801b000 rw-p 00015000 08:20 383989                     /root/.vscode-server/extensions/redhat.java-1.14.0-linux-x64/jre/17.0.5-linux-x86_64/lib/libnio.so
7ff58801b000-7ff58804d000 r--p 00000000 08:20 20356                      /usr/lib/locale/C.UTF-8/LC_CTYPE
7ff58804d000-7ff58b2fb000 rw-p 00000000 00:00 0 
7ff58b2fb000-7ff58b2fc000 ---p 00000000 00:00 0 
7ff58b2fc000-7ff58b3fd000 rw-p 00000000 00:00 0 
7ff58b3fd000-7ff58b3fe000 ---p 00000000 00:00 0 
7ff58b3fe000-7ff58b4ff000 rw-p 00000000 00:00 0 
7ff58b4ff000-7ff58b500000 ---p 00000000 00:00 0 
7ff58b500000-7ff58bf4c000 rw-p 00000000 00:00 0 
7ff58bf4c000-7ff59344c000 ---p 00000000 00:00 0 
7ff59344c000-7ff593c1c000 rw-p 00000000 00:00 0 
7ff593c1c000-7ff59b11c000 ---p 00000000 00:00 0 
7ff59b11c000-7ff59b216000 rw-p 00000000 00:00 0 
7ff59b216000-7ff59c0b6000 ---p 00000000 00:00 0 
7ff59c0b6000-7ff59c1b0000 rw-p 00000000 00:00 0 
7ff59c1b0000-7ff59d050000 ---p 00000000 00:00 0 
7ff59d050000-7ff59d14a000 rw-p 00000000 00:00 0 
7ff59d14a000-7ff59dfea000 ---p 00000000 00:00 0 
7ff59dfea000-7ff59e3ee000 rw-p 00000000 00:00 0 
7ff59e3ee000-7ff59e69e000 rwxp 00000000 00:00 0 
7ff59e69e000-7ff59eb2f000 ---p 00000000 00:00 0 
7ff59eb2f000-7ff59ed9f000 rwxp 00000000 00:00 0 
7ff59ed9f000-7ff5a5f8e000 ---p 00000000 00:00 0 
7ff5a5f8e000-7ff5a61fe000 rwxp 00000000 00:00 0 
7ff5a61fe000-7ff5ad3ee000 ---p 00000000 00:00 0 
7ff5ad3ee000-7ff5b0000000 r--s 00000000 08:20 383997                     /root/.vscode-server/extensions/redhat.java-1.14.0-linux-x64/jre/17.0.5-linux-x86_64/lib/modules
7ff5b0000000-7ff5b0c11000 rw-p 00000000 00:00 0 
7ff5b0c11000-7ff5b4000000 ---p 00000000 00:00 0 
7ff5b4011000-7ff5b4012000 rw-p 00000000 00:00 0 
7ff5b4012000-7ff5b4013000 r-xp 00053000 08:20 287478                     /tmp/lwjglroot/3.3.1-build-7/liblwjgl.so
7ff5b4013000-7ff5b4014000 rw-p 00000000 00:00 0 
7ff5b4014000-7ff5b4016000 r--p 00000000 08:20 383967                     /root/.vscode-server/extensions/redhat.java-1.14.0-linux-x64/jre/17.0.5-linux-x86_64/lib/libdt_socket.so
7ff5b4016000-7ff5b4019000 r-xp 00002000 08:20 383967                     /root/.vscode-server/extensions/redhat.java-1.14.0-linux-x64/jre/17.0.5-linux-x86_64/lib/libdt_socket.so
7ff5b4019000-7ff5b401a000 r--p 00005000 08:20 383967                     /root/.vscode-server/extensions/redhat.java-1.14.0-linux-x64/jre/17.0.5-linux-x86_64/lib/libdt_socket.so
7ff5b401a000-7ff5b401b000 ---p 00006000 08:20 383967                     /root/.vscode-server/extensions/redhat.java-1.14.0-linux-x64/jre/17.0.5-linux-x86_64/lib/libdt_socket.so
7ff5b401b000-7ff5b401c000 r--p 00006000 08:20 383967                     /root/.vscode-server/extensions/redhat.java-1.14.0-linux-x64/jre/17.0.5-linux-x86_64/lib/libdt_socket.so
7ff5b401c000-7ff5b401d000 rw-p 00007000 08:20 383967                     /root/.vscode-server/extensions/redhat.java-1.14.0-linux-x64/jre/17.0.5-linux-x86_64/lib/libdt_socket.so
7ff5b401d000-7ff5b401e000 r--p 00000000 08:20 20362                      /usr/lib/locale/C.UTF-8/LC_NUMERIC
7ff5b401e000-7ff5b401f000 r--p 00000000 08:20 20365                      /usr/lib/locale/C.UTF-8/LC_TIME
7ff5b401f000-7ff5b4020000 r--p 00000000 08:20 20360                      /usr/lib/locale/C.UTF-8/LC_MONETARY
7ff5b4020000-7ff5b4021000 r--p 00000000 08:20 20359                      /usr/lib/locale/C.UTF-8/LC_MESSAGES/SYS_LC_MESSAGES
7ff5b4021000-7ff5b4022000 r--p 00000000 08:20 20363                      /usr/lib/locale/C.UTF-8/LC_PAPER
7ff5b4022000-7ff5b4023000 r--p 00000000 08:20 20361                      /usr/lib/locale/C.UTF-8/LC_NAME
7ff5b4023000-7ff5b402a000 r--s 00000000 08:20 40715                      /usr/lib/x86_64-linux-gnu/gconv/gconv-modules.cache
7ff5b402a000-7ff5b507e000 rw-p 00000000 00:00 0 
7ff5b507e000-7ff5b5162000 ---p 00000000 00:00 0 
7ff5b5162000-7ff5b5167000 rw-p 00000000 00:00 0 
7ff5b5167000-7ff5b524b000 ---p 00000000 00:00 0 
7ff5b524b000-7ff5b5251000 rw-p 00000000 00:00 0 
7ff5b5251000-7ff5b525a000 ---p 00000000 00:00 0 
7ff5b525a000-7ff5b525d000 r--p 00000000 08:20 37895                      /usr/lib/x86_64-linux-gnu/libnss_files-2.31.so
7ff5b525d000-7ff5b5264000 r-xp 00003000 08:20 37895                      /usr/lib/x86_64-linux-gnu/libnss_files-2.31.so
7ff5b5264000-7ff5b5266000 r--p 0000a000 08:20 37895                      /usr/lib/x86_64-linux-gnu/libnss_files-2.31.so
7ff5b5266000-7ff5b5267000 r--p 0000b000 08:20 37895                      /usr/lib/x86_64-linux-gnu/libnss_files-2.31.so
7ff5b5267000-7ff5b5268000 rw-p 0000c000 08:20 37895                      /usr/lib/x86_64-linux-gnu/libnss_files-2.31.so
7ff5b5268000-7ff5b526e000 rw-p 00000000 00:00 0 
7ff5b526e000-7ff5b526f000 r--p 00000000 08:20 20354                      /usr/lib/locale/C.UTF-8/LC_ADDRESS
7ff5b526f000-7ff5b5270000 r--p 00000000 08:20 20364                      /usr/lib/locale/C.UTF-8/LC_TELEPHONE
7ff5b5270000-7ff5b5272000 r--p 00000000 08:20 383996                     /root/.vscode-server/extensions/redhat.java-1.14.0-linux-x64/jre/17.0.5-linux-x86_64/lib/libzip.so
7ff5b5272000-7ff5b5276000 r-xp 00002000 08:20 383996                     /root/.vscode-server/extensions/redhat.java-1.14.0-linux-x64/jre/17.0.5-linux-x86_64/lib/libzip.so
7ff5b5276000-7ff5b5278000 r--p 00006000 08:20 383996                     /root/.vscode-server/extensions/redhat.java-1.14.0-linux-x64/jre/17.0.5-linux-x86_64/lib/libzip.so
7ff5b5278000-7ff5b5279000 r--p 00007000 08:20 383996                     /root/.vscode-server/extensions/redhat.java-1.14.0-linux-x64/jre/17.0.5-linux-x86_64/lib/libzip.so
7ff5b5279000-7ff5b527a000 rw-p 00008000 08:20 383996                     /root/.vscode-server/extensions/redhat.java-1.14.0-linux-x64/jre/17.0.5-linux-x86_64/lib/libzip.so
7ff5b527a000-7ff5b5287000 r--p 00000000 08:20 383975                     /root/.vscode-server/extensions/redhat.java-1.14.0-linux-x64/jre/17.0.5-linux-x86_64/lib/libjava.so
7ff5b5287000-7ff5b5299000 r-xp 0000d000 08:20 383975                     /root/.vscode-server/extensions/redhat.java-1.14.0-linux-x64/jre/17.0.5-linux-x86_64/lib/libjava.so
7ff5b5299000-7ff5b529f000 r--p 0001f000 08:20 383975                     /root/.vscode-server/extensions/redhat.java-1.14.0-linux-x64/jre/17.0.5-linux-x86_64/lib/libjava.so
7ff5b529f000-7ff5b52a0000 ---p 00025000 08:20 383975                     /root/.vscode-server/extensions/redhat.java-1.14.0-linux-x64/jre/17.0.5-linux-x86_64/lib/libjava.so
7ff5b52a0000-7ff5b52a1000 r--p 00025000 08:20 383975                     /root/.vscode-server/extensions/redhat.java-1.14.0-linux-x64/jre/17.0.5-linux-x86_64/lib/libjava.so
7ff5b52a1000-7ff5b52a2000 rw-p 00026000 08:20 383975                     /root/.vscode-server/extensions/redhat.java-1.14.0-linux-x64/jre/17.0.5-linux-x86_64/lib/libjava.so
7ff5b52a2000-7ff5b52a3000 rw-p 00000000 00:00 0 
7ff5b52a3000-7ff5b52a6000 r--p 00000000 08:20 383978                     /root/.vscode-server/extensions/redhat.java-1.14.0-linux-x64/jre/17.0.5-linux-x86_64/lib/libjdwp.so
7ff5b52a6000-7ff5b52d3000 r-xp 00003000 08:20 383978                     /root/.vscode-server/extensions/redhat.java-1.14.0-linux-x64/jre/17.0.5-linux-x86_64/lib/libjdwp.so
7ff5b52d3000-7ff5b52e1000 r--p 00030000 08:20 383978                     /root/.vscode-server/extensions/redhat.java-1.14.0-linux-x64/jre/17.0.5-linux-x86_64/lib/libjdwp.so
7ff5b52e1000-7ff5b52e2000 r--p 0003d000 08:20 383978                     /root/.vscode-server/extensions/redhat.java-1.14.0-linux-x64/jre/17.0.5-linux-x86_64/lib/libjdwp.so
7ff5b52e2000-7ff5b52e3000 rw-p 0003e000 08:20 383978                     /root/.vscode-server/extensions/redhat.java-1.14.0-linux-x64/jre/17.0.5-linux-x86_64/lib/libjdwp.so
7ff5b52e3000-7ff5b52e4000 rw-p 00000000 00:00 0 
7ff5b52e4000-7ff5b52e8000 r--p 00000000 08:20 383979                     /root/.vscode-server/extensions/redhat.java-1.14.0-linux-x64/jre/17.0.5-linux-x86_64/lib/libjimage.so
7ff5b52e8000-7ff5b52fb000 r-xp 00004000 08:20 383979                     /root/.vscode-server/extensions/redhat.java-1.14.0-linux-x64/jre/17.0.5-linux-x86_64/lib/libjimage.so
7ff5b52fb000-7ff5b5301000 r--p 00017000 08:20 383979                     /root/.vscode-server/extensions/redhat.java-1.14.0-linux-x64/jre/17.0.5-linux-x86_64/lib/libjimage.so
7ff5b5301000-7ff5b5303000 r--p 0001c000 08:20 383979                     /root/.vscode-server/extensions/redhat.java-1.14.0-linux-x64/jre/17.0.5-linux-x86_64/lib/libjimage.so
7ff5b5303000-7ff5b5304000 rw-p 0001e000 08:20 383979                     /root/.vscode-server/extensions/redhat.java-1.14.0-linux-x64/jre/17.0.5-linux-x86_64/lib/libjimage.so
7ff5b5304000-7ff5b5308000 ---p 00000000 00:00 0 
7ff5b5308000-7ff5b5405000 rw-p 00000000 00:00 0 
7ff5b5405000-7ff5b5412000 r--p 00000000 08:20 37094                      /usr/lib/x86_64-linux-gnu/libm-2.31.so
7ff5b5412000-7ff5b54b9000 r-xp 0000d000 08:20 37094                      /usr/lib/x86_64-linux-gnu/libm-2.31.so
7ff5b54b9000-7ff5b5552000 r--p 000b4000 08:20 37094                      /usr/lib/x86_64-linux-gnu/libm-2.31.so
7ff5b5552000-7ff5b5553000 r--p 0014c000 08:20 37094                      /usr/lib/x86_64-linux-gnu/libm-2.31.so
7ff5b5553000-7ff5b5554000 rw-p 0014d000 08:20 37094                      /usr/lib/x86_64-linux-gnu/libm-2.31.so
7ff5b5554000-7ff5b5556000 r--p 00000000 08:20 38548                      /usr/lib/x86_64-linux-gnu/librt-2.31.so
7ff5b5556000-7ff5b555a000 r-xp 00002000 08:20 38548                      /usr/lib/x86_64-linux-gnu/librt-2.31.so
7ff5b555a000-7ff5b555c000 r--p 00006000 08:20 38548                      /usr/lib/x86_64-linux-gnu/librt-2.31.so
7ff5b555c000-7ff5b555d000 r--p 00007000 08:20 38548                      /usr/lib/x86_64-linux-gnu/librt-2.31.so
7ff5b555d000-7ff5b555e000 rw-p 00008000 08:20 38548                      /usr/lib/x86_64-linux-gnu/librt-2.31.so
7ff5b555e000-7ff5b57b0000 r--p 00000000 08:20 384007                     /root/.vscode-server/extensions/redhat.java-1.14.0-linux-x64/jre/17.0.5-linux-x86_64/lib/server/libjvm.so
7ff5b57b0000-7ff5b64c9000 r-xp 00252000 08:20 384007                     /root/.vscode-server/extensions/redhat.java-1.14.0-linux-x64/jre/17.0.5-linux-x86_64/lib/server/libjvm.so
7ff5b64c9000-7ff5b6754000 r--p 00f6b000 08:20 384007                     /root/.vscode-server/extensions/redhat.java-1.14.0-linux-x64/jre/17.0.5-linux-x86_64/lib/server/libjvm.so
7ff5b6754000-7ff5b6755000 ---p 011f6000 08:20 384007                     /root/.vscode-server/extensions/redhat.java-1.14.0-linux-x64/jre/17.0.5-linux-x86_64/lib/server/libjvm.so
7ff5b6755000-7ff5b680e000 r--p 011f6000 08:20 384007                     /root/.vscode-server/extensions/redhat.java-1.14.0-linux-x64/jre/17.0.5-linux-x86_64/lib/server/libjvm.so
7ff5b680e000-7ff5b6843000 rw-p 012af000 08:20 384007                     /root/.vscode-server/extensions/redhat.java-1.14.0-linux-x64/jre/17.0.5-linux-x86_64/lib/server/libjvm.so
7ff5b6843000-7ff5b689f000 rw-p 00000000 00:00 0 
7ff5b689f000-7ff5b68c1000 r--p 00000000 08:20 37092                      /usr/lib/x86_64-linux-gnu/libc-2.31.so
7ff5b68c1000-7ff5b6a39000 r-xp 00022000 08:20 37092                      /usr/lib/x86_64-linux-gnu/libc-2.31.so
7ff5b6a39000-7ff5b6a87000 r--p 0019a000 08:20 37092                      /usr/lib/x86_64-linux-gnu/libc-2.31.so
7ff5b6a87000-7ff5b6a8b000 r--p 001e7000 08:20 37092                      /usr/lib/x86_64-linux-gnu/libc-2.31.so
7ff5b6a8b000-7ff5b6a8d000 rw-p 001eb000 08:20 37092                      /usr/lib/x86_64-linux-gnu/libc-2.31.so
7ff5b6a8d000-7ff5b6a91000 rw-p 00000000 00:00 0 
7ff5b6a91000-7ff5b6a92000 r--p 00000000 08:20 37093                      /usr/lib/x86_64-linux-gnu/libdl-2.31.so
7ff5b6a92000-7ff5b6a94000 r-xp 00001000 08:20 37093                      /usr/lib/x86_64-linux-gnu/libdl-2.31.so
7ff5b6a94000-7ff5b6a95000 r--p 00003000 08:20 37093                      /usr/lib/x86_64-linux-gnu/libdl-2.31.so
7ff5b6a95000-7ff5b6a96000 r--p 00003000 08:20 37093                      /usr/lib/x86_64-linux-gnu/libdl-2.31.so
7ff5b6a96000-7ff5b6a97000 rw-p 00004000 08:20 37093                      /usr/lib/x86_64-linux-gnu/libdl-2.31.so
7ff5b6a97000-7ff5b6a9d000 r--p 00000000 08:20 38546                      /usr/lib/x86_64-linux-gnu/libpthread-2.31.so
7ff5b6a9d000-7ff5b6aae000 r-xp 00006000 08:20 38546                      /usr/lib/x86_64-linux-gnu/libpthread-2.31.so
7ff5b6aae000-7ff5b6ab4000 r--p 00017000 08:20 38546                      /usr/lib/x86_64-linux-gnu/libpthread-2.31.so
7ff5b6ab4000-7ff5b6ab5000 r--p 0001c000 08:20 38546                      /usr/lib/x86_64-linux-gnu/libpthread-2.31.so
7ff5b6ab5000-7ff5b6ab6000 rw-p 0001d000 08:20 38546                      /usr/lib/x86_64-linux-gnu/libpthread-2.31.so
7ff5b6ab6000-7ff5b6aba000 rw-p 00000000 00:00 0 
7ff5b6aba000-7ff5b6abd000 r--p 00000000 08:20 383980                     /root/.vscode-server/extensions/redhat.java-1.14.0-linux-x64/jre/17.0.5-linux-x86_64/lib/libjli.so
7ff5b6abd000-7ff5b6ac7000 r-xp 00003000 08:20 383980                     /root/.vscode-server/extensions/redhat.java-1.14.0-linux-x64/jre/17.0.5-linux-x86_64/lib/libjli.so
7ff5b6ac7000-7ff5b6aca000 r--p 0000d000 08:20 383980                     /root/.vscode-server/extensions/redhat.java-1.14.0-linux-x64/jre/17.0.5-linux-x86_64/lib/libjli.so
7ff5b6aca000-7ff5b6acb000 ---p 00010000 08:20 383980                     /root/.vscode-server/extensions/redhat.java-1.14.0-linux-x64/jre/17.0.5-linux-x86_64/lib/libjli.so
7ff5b6acb000-7ff5b6acc000 r--p 00010000 08:20 383980                     /root/.vscode-server/extensions/redhat.java-1.14.0-linux-x64/jre/17.0.5-linux-x86_64/lib/libjli.so
7ff5b6acc000-7ff5b6acd000 rw-p 00011000 08:20 383980                     /root/.vscode-server/extensions/redhat.java-1.14.0-linux-x64/jre/17.0.5-linux-x86_64/lib/libjli.so
7ff5b6acd000-7ff5b6acf000 r--p 00000000 08:20 24278                      /usr/lib/x86_64-linux-gnu/libz.so.1.2.11
7ff5b6acf000-7ff5b6ae0000 r-xp 00002000 08:20 24278                      /usr/lib/x86_64-linux-gnu/libz.so.1.2.11
7ff5b6ae0000-7ff5b6ae6000 r--p 00013000 08:20 24278                      /usr/lib/x86_64-linux-gnu/libz.so.1.2.11
7ff5b6ae6000-7ff5b6ae7000 ---p 00019000 08:20 24278                      /usr/lib/x86_64-linux-gnu/libz.so.1.2.11
7ff5b6ae7000-7ff5b6ae8000 r--p 00019000 08:20 24278                      /usr/lib/x86_64-linux-gnu/libz.so.1.2.11
7ff5b6ae8000-7ff5b6ae9000 rw-p 0001a000 08:20 24278                      /usr/lib/x86_64-linux-gnu/libz.so.1.2.11
7ff5b6ae9000-7ff5b6aea000 r--p 00000000 08:20 20358                      /usr/lib/locale/C.UTF-8/LC_MEASUREMENT
7ff5b6aea000-7ff5b6aeb000 r--p 00000000 08:20 20357                      /usr/lib/locale/C.UTF-8/LC_IDENTIFICATION
7ff5b6aeb000-7ff5b6af3000 rw-s 00000000 08:20 234865                     /tmp/hsperfdata_root/7143 (deleted)
7ff5b6af3000-7ff5b6af4000 ---p 00000000 00:00 0 
7ff5b6af4000-7ff5b6af5000 r--p 00000000 00:00 0 
7ff5b6af5000-7ff5b6af7000 rw-p 00000000 00:00 0 
7ff5b6af7000-7ff5b6af8000 r--p 00000000 08:20 21193                      /usr/lib/x86_64-linux-gnu/ld-2.31.so
7ff5b6af8000-7ff5b6b1b000 r-xp 00001000 08:20 21193                      /usr/lib/x86_64-linux-gnu/ld-2.31.so
7ff5b6b1b000-7ff5b6b23000 r--p 00024000 08:20 21193                      /usr/lib/x86_64-linux-gnu/ld-2.31.so
7ff5b6b23000-7ff5b6b24000 ---p 00000000 00:00 0 
7ff5b6b24000-7ff5b6b25000 r--p 0002c000 08:20 21193                      /usr/lib/x86_64-linux-gnu/ld-2.31.so
7ff5b6b25000-7ff5b6b26000 rw-p 0002d000 08:20 21193                      /usr/lib/x86_64-linux-gnu/ld-2.31.so
7ff5b6b26000-7ff5b6b27000 rw-p 00000000 00:00 0 
7fff74870000-7fff74892000 rw-p 00000000 00:00 0                          [stack]
7fff7495e000-7fff74962000 r--p 00000000 00:00 0                          [vvar]
7fff74962000-7fff74963000 r-xp 00000000 00:00 0                          [vdso]


VM Arguments:
jvm_args: -agentlib:jdwp=transport=dt_socket,server=n,suspend=y,address=localhost:36327 -XX:+ShowCodeDetailsInExceptionMessages 
java_command: com.onyx.App
java_class_path (initial): /root/dev/java/Onyx/engine/target/classes:/root/.m2/repository/org/lwjgl/lwjgl/3.3.1/lwjgl-3.3.1.jar:/root/.m2/repository/org/lwjgl/lwjgl-assimp/3.3.1/lwjgl-assimp-3.3.1.jar:/root/.m2/repository/org/lwjgl/lwjgl-glfw/3.3.1/lwjgl-glfw-3.3.1.jar:/root/.m2/repository/org/lwjgl/lwjgl-openal/3.3.1/lwjgl-openal-3.3.1.jar:/root/.m2/repository/org/lwjgl/lwjgl-opengl/3.3.1/lwjgl-opengl-3.3.1.jar:/root/.m2/repository/org/lwjgl/lwjgl-stb/3.3.1/lwjgl-stb-3.3.1.jar:/root/.m2/repository/org/lwjgl/lwjgl/3.3.1/lwjgl-3.3.1-natives-linux.jar:/root/.m2/repository/org/lwjgl/lwjgl-assimp/3.3.1/lwjgl-assimp-3.3.1-natives-linux.jar:/root/.m2/repository/org/lwjgl/lwjgl-glfw/3.3.1/lwjgl-glfw-3.3.1-natives-linux.jar:/root/.m2/repository/org/lwjgl/lwjgl-openal/3.3.1/lwjgl-openal-3.3.1-natives-linux.jar:/root/.m2/repository/org/lwjgl/lwjgl-opengl/3.3.1/lwjgl-opengl-3.3.1-natives-linux.jar:/root/.m2/repository/org/lwjgl/lwjgl-stb/3.3.1/lwjgl-stb-3.3.1-natives-linux.jar:/root/.m2/repository/org/joml/joml/1.10.4/joml-1.10.4.jar
Launcher Type: SUN_STANDARD

[Global flags]
     intx CICompilerCount                          = 12                                        {product} {ergonomic}
     uint ConcGCThreads                            = 5                                         {product} {ergonomic}
     uint G1ConcRefinementThreads                  = 20                                        {product} {ergonomic}
   size_t G1HeapRegionSize                         = 4194304                                   {product} {ergonomic}
    uintx GCDrainStackTargetSize                   = 64                                        {product} {ergonomic}
   size_t InitialHeapSize                          = 524288000                                 {product} {ergonomic}
   size_t MarkStackSize                            = 4194304                                   {product} {ergonomic}
   size_t MaxHeapSize                              = 8376025088                                {product} {ergonomic}
   size_t MaxNewSize                               = 5024776192                                {product} {ergonomic}
   size_t MinHeapDeltaBytes                        = 4194304                                   {product} {ergonomic}
   size_t MinHeapSize                              = 8388608                                   {product} {ergonomic}
    uintx NonNMethodCodeHeapSize                   = 7602480                                {pd product} {ergonomic}
    uintx NonProfiledCodeHeapSize                  = 122027880                              {pd product} {ergonomic}
    uintx ProfiledCodeHeapSize                     = 122027880                              {pd product} {ergonomic}
    uintx ReservedCodeCacheSize                    = 251658240                              {pd product} {ergonomic}
     bool SegmentedCodeCache                       = true                                      {product} {ergonomic}
     bool ShowCodeDetailsInExceptionMessages       = true                                   {manageable} {command line}
   size_t SoftMaxHeapSize                          = 8376025088                             {manageable} {ergonomic}
     bool UseCompressedClassPointers               = true                           {product lp64_product} {ergonomic}
     bool UseCompressedOops                        = true                           {product lp64_product} {ergonomic}
     bool UseG1GC                                  = true                                      {product} {ergonomic}

Logging:
Log output configuration:
 #0: stdout all=off uptime,level,tags
 #1: stderr all=off uptime,level,tags

Environment Variables:
JAVA_HOME=/root/.sdkman/candidates/java/current
PATH=/root/.sdkman/candidates/maven/current/bin:/root/.sdkman/candidates/java/current/bin:/root/.vscode-server/bin/97dec172d3256f8ca4bfb2143f3f76b503ca0534/bin/remote-cli:/root/.sdkman/candidates/maven/3.8.7/bin:/root/.sdkman/candidates/java/17.0.5-zulu/bin:/root/.nvm/versions/node/v18.3.0/bin:/usr/local/sbin:/usr/local/bin:/usr/sbin:/usr/bin:/sbin:/bin:/usr/games:/usr/local/games:/usr/lib/wsl/lib:/mnt/d/Oculus/Support/oculus-runtime:/mnt/c/Program Files/Common Files/Oracle/Java/javapath:/mnt/c/Windows/system32:/mnt/c/Windows:/mnt/c/Windows/System32/Wbem:/mnt/c/Windows/System32/WindowsPowerShell/v1.0/:/mnt/c/Windows/System32/OpenSSH/:/mnt/c/Program Files/Microsoft VS Code/bin:/mnt/c/Program Files (x86)/NVIDIA Corporation/PhysX/Common:/mnt/c/Program Files/NVIDIA Corporation/NVIDIA NvDLISR:/mnt/c/Program Files/Go/bin:/mnt/c/Program Files/WIDCOMM/Bluetooth Software/:/mnt/c/Program Files/WIDCOMM/Bluetooth Software/syswow64:/mnt/c/Program Files/dotnet/:/mnt/f/Program Files/Git/cmd:/mnt/d/msys64/mingw64/bin:/mnt/d/Program Files/CMake/bin:/mnt/c/Users/jaree/AppData/Local/Microsoft/WindowsApps:/mnt/c/Users/jaree/go/bin:/usr/local/go/bin
SHELL=/usr/bin/zsh
DISPLAY=:0
HOSTTYPE=x86_64
LANG=C.UTF-8
TERM=xterm-256color

Signal Handlers:
   SIGSEGV: crash_handler in libjvm.so, mask=11100100010111111101111111111110, flags=SA_RESTART|SA_SIGINFO
    SIGBUS: crash_handler in libjvm.so, mask=11100100010111111101111111111110, flags=SA_RESTART|SA_SIGINFO
    SIGFPE: crash_handler in libjvm.so, mask=11100100010111111101111111111110, flags=SA_RESTART|SA_SIGINFO
   SIGPIPE: javaSignalHandler in libjvm.so, mask=11100100010111111101111111111110, flags=SA_RESTART|SA_SIGINFO
  *** Handler was modified!
  *** Expected: 0x00007ff5b0015910, mask=00001000000001111111001111111111, flags=SA_RESTART|SA_SIGINFO
   SIGXFSZ: javaSignalHandler in libjvm.so, mask=11100100010111111101111111111110, flags=SA_RESTART|SA_SIGINFO
  *** Handler was modified!
  *** Expected: 0x00007ff5b055fcb0, mask=00001111000001111001110100001101, flags=SA_RESTART|SA_SIGINFO
    SIGILL: crash_handler in libjvm.so, mask=11100100010111111101111111111110, flags=SA_RESTART|SA_SIGINFO
   SIGUSR2: SR_handler in libjvm.so, mask=00000000000000000000000000000000, flags=SA_RESTART|SA_SIGINFO
  *** Handler was modified!
  *** Expected: 0x00007ff5b0015a50, mask=00001000000001111111001111111111, flags=SA_RESTART|SA_SIGINFO
    SIGHUP: UserHandler in libjvm.so, mask=11100100010111111101111111111110, flags=SA_RESTART|SA_SIGINFO
    SIGINT: UserHandler in libjvm.so, mask=11100100010111111101111111111110, flags=SA_RESTART|SA_SIGINFO
   SIGTERM: UserHandler in libjvm.so, mask=11100100010111111101111111111110, flags=SA_RESTART|SA_SIGINFO
   SIGQUIT: UserHandler in libjvm.so, mask=11100100010111111101111111111110, flags=SA_RESTART|SA_SIGINFO
  *** Handler was modified!
  *** Expected: SIG_DFL, mask=00001000000001111111001111111111, flags=SA_RESTART|SA_SIGINFO
   SIGTRAP: crash_handler in libjvm.so, mask=11100100010111111101111111111110, flags=SA_RESTART|SA_SIGINFO


---------------  S Y S T E M  ---------------

OS:
DISTRIB_ID=Ubuntu
DISTRIB_RELEASE=20.04
DISTRIB_CODENAME=focal
DISTRIB_DESCRIPTION="Ubuntu 20.04.5 LTS"
uname: Linux 5.15.79.1-microsoft-standard-WSL2 #1 SMP Wed Nov 23 01:01:46 UTC 2022 x86_64
OS uptime: 1 days 14:23 hours
libc: glibc 2.31 NPTL 2.31 
rlimit (soft/hard): STACK 8192k/infinity , CORE 0k/infinity , NPROC 127721/127721 , NOFILE 1048576/1048576 , AS infinity/infinity , CPU infinity/infinity , DATA infinity/infinity , FSIZE infinity/infinity , MEMLOCK 65536k/65536k
load average: 0.81 0.34 0.24

/proc/meminfo:
MemTotal:       32703168 kB
MemFree:        22305836 kB
MemAvailable:   26715032 kB
Buffers:          618176 kB
Cached:          3728132 kB
SwapCached:            0 kB
Active:          2105176 kB
Inactive:        7210268 kB
Active(anon):       2076 kB
Inactive(anon):  4968256 kB
Active(file):    2103100 kB
Inactive(file):  2242012 kB
Unevictable:           0 kB
Mlocked:               0 kB
SwapTotal:       8388608 kB
SwapFree:        8388608 kB
Dirty:              2628 kB
Writeback:             0 kB
AnonPages:       4898752 kB
Mapped:           386912 kB
Shmem:              6740 kB
KReclaimable:     524164 kB
Slab:             672648 kB
SReclaimable:     524164 kB
SUnreclaim:       148484 kB
KernelStack:       28732 kB
PageTables:        36508 kB
NFS_Unstable:          0 kB
Bounce:                0 kB
WritebackTmp:          0 kB
CommitLimit:    24740192 kB
Committed_AS:    6680224 kB
VmallocTotal:   34359738367 kB
VmallocUsed:       50956 kB
VmallocChunk:          0 kB
Percpu:             8704 kB
AnonHugePages:   3461120 kB
ShmemHugePages:        0 kB
ShmemPmdMapped:        0 kB
FileHugePages:         0 kB
FilePmdMapped:         0 kB
HugePages_Total:       0
HugePages_Free:        0
HugePages_Rsvd:        0
HugePages_Surp:        0
Hugepagesize:       2048 kB
Hugetlb:               0 kB
DirectMap4k:      218112 kB
DirectMap2M:    15343616 kB
DirectMap1G:    26214400 kB

/sys/kernel/mm/transparent_hugepage/enabled: [always] madvise never
/sys/kernel/mm/transparent_hugepage/defrag (defrag/compaction efforts parameter): always defer defer+madvise [madvise] never

Process Memory:
Virtual Size: 11892096K (peak: 12021032K)
Resident Set Size: 135560K (peak: 146764K) (anon: 57056K, file: 74904K, shmem: 3600K)
Swapped out: 0K
C-Heap outstanding allocations: 59590K, retained: 5653K
glibc malloc tunables: (default)

/proc/sys/kernel/threads-max (system-wide limit on the number of threads): 255442
/proc/sys/vm/max_map_count (maximum number of memory map areas a process may have): 65530
/proc/sys/kernel/pid_max (system-wide limit on number of process identifiers): 32768

container (cgroup) information:
container_type: cgroupv1
cpu_cpuset_cpus: 0-27
cpu_memory_nodes: 0
active_processor_count: 28
cpu_quota: no quota
cpu_period: 100000
cpu_shares: no shares
memory_limit_in_bytes: unlimited
memory_and_swap_limit_in_bytes: unlimited
memory_soft_limit_in_bytes: unlimited
memory_usage_in_bytes: 9244572 k
memory_max_usage_in_bytes: unlimited
maximum number of tasks: not supported
current number of tasks: not supported

Hyper-V virtualization detected
Steal ticks since vm start: 0
Steal ticks percentage since vm start:  0.000

CPU: total 28 (initial active 28) (16 cores per cpu, 2 threads per core) family 6 model 85 stepping 4 microcode 0xffffffff, cx8, cmov, fxsr, ht, mmx, 3dnowpref, sse, sse2, sse3, ssse3, sse4.1, sse4.2, popcnt, lzcnt, tsc, tscinvbit, avx, avx2, aes, erms, clmul, bmi1, bmi2, rtm, adx, fma, vzeroupper, clflush, clflushopt, clwb, hv
CPU Model and flags from /proc/cpuinfo:
model name	: Intel(R) Core(TM) i9-9940X CPU @ 3.30GHz
flags		: fpu vme de pse tsc msr pae mce cx8 apic sep mtrr pge mca cmov pat pse36 clflush mmx fxsr sse sse2 ss ht syscall nx pdpe1gb rdtscp lm constant_tsc arch_perfmon rep_good nopl xtopology tsc_reliable nonstop_tsc cpuid pni pclmulqdq vmx ssse3 fma cx16 pdcm pcid sse4_1 sse4_2 x2apic movbe popcnt tsc_deadline_timer aes xsave avx f16c rdrand hypervisor lahf_lm abm 3dnowprefetch invpcid_single pti ssbd ibrs ibpb stibp tpr_shadow vnmi ept vpid ept_ad fsgsbase tsc_adjust bmi1 hle avx2 smep bmi2 erms invpcid rtm avx512f avx512dq rdseed adx smap clflushopt clwb avx512cd avx512bw avx512vl xsaveopt xsavec xgetbv1 xsaves flush_l1d arch_capabilities

Online cpus: 0-27
Offline cpus: 
BIOS frequency limitation: <Not Available>
Frequency switch latency (ns): <Not Available>
Available cpu frequencies: <Not Available>
Current governor: <Not Available>
Core performance/turbo boost: <Not Available>

Memory: 4k page, physical 32703168k(22305836k free), swap 8388608k(8388608k free)
Page Sizes: 4k

vm_info: OpenJDK 64-Bit Server VM (17.0.5+8) for linux-amd64 JRE (17.0.5+8), built on Oct 18 2022 00:00:00 by "temurin" with gcc 10.3.0

END.
