#
# A fatal error has been detected by the Java Runtime Environment:
#
#  SIGSEGV (0xb) at pc=0x00007f8b1eeb4f1a, pid=20304, tid=20335
#
# JRE version: OpenJDK Runtime Environment Temurin-17.0.5+8 (17.0.5+8) (build 17.0.5+8)
# Java VM: OpenJDK 64-Bit Server VM Temurin-17.0.5+8 (17.0.5+8, mixed mode, tiered, compressed oops, compressed class ptrs, g1 gc, linux-amd64)
# Problematic frame:
# C  [libnvwgf2umx.so+0x286bf1a]
#
# No core dump will be written. Core dumps have been disabled. To enable core dumping, try "ulimit -c unlimited" before starting Java again
#
# If you would like to submit a bug report, please visit:
#   https://github.com/adoptium/adoptium-support/issues
#

---------------  S U M M A R Y ------------

Command Line: -agentlib:jdwp=transport=dt_socket,server=n,suspend=y,address=localhost:40063 -XX:+ShowCodeDetailsInExceptionMessages com.onyx.App

Host: Intel(R) Core(TM) i9-9940X CPU @ 3.30GHz, 28 cores, 31G, Ubuntu 20.04.5 LTS
Time: Wed Feb  1 01:36:00 2023 EST elapsed time: 2.927836 seconds (0d 0h 0m 2s)

---------------  T H R E A D  ---------------

Current thread is native thread

Stack: [0x00007f8b1204b000,0x00007f8b1284a000],  sp=0x00007f8b12848e30,  free space=8183k
Native frames: (J=compiled Java code, j=interpreted, Vv=VM code, C=native code)
C  [libnvwgf2umx.so+0x286bf1a]


siginfo: si_signo: 11 (SIGSEGV), si_code: 1 (SEGV_MAPERR), si_addr: 0x00007f8b4406d000

Registers:
RAX=0x0000000000000044, RBX=0x0000000000000000, RCX=0x00007f8b12848e38, RDX=0x0000000000000000
RSP=0x00007f8b12848e30, RBP=0x0000000000000000, RSI=0x00007f8ba06c0ef0, RDI=0x00007f8ba0640500
R8 =0x0000000000000000, R9 =0x00007ffe18198080, R10=0x0000000001953460, R11=0x0000000000000000
R12=0x00007f8ba06c0e01, R13=0x00007f8b4406d000, R14=0x00007f8ba0640608, R15=0x00007f8b12848ea6
RIP=0x00007f8b1eeb4f1a, EFLAGS=0x0000000000010246, CSGSFS=0x002b000000000033, ERR=0x0000000000000004
  TRAPNO=0x000000000000000e

Top of Stack: (sp=0x00007f8b12848e30)
0x00007f8b12848e30:   0000000063da0850 00000000000a952e
0x00007f8b12848e40:   00007f8ba0640500 00000000000a6dc2
0x00007f8b12848e50:   00007f8ba06c0ef0 00007f8b12848e38
0x00007f8b12848e60:   00007f8b12848ea7 00007f8ba0640500 

Instructions: (pc=0x00007f8b1eeb4f1a)
0x00007f8b1eeb4e1a:   60 48 83 ec 08 4c 8d 64 24 10 4c 89 e7 4c 89 fe
0x00007f8b1eeb4e2a:   48 89 da 48 8b 4c 24 28 44 8b 44 24 20 44 8b 4c
0x00007f8b1eeb4e3a:   24 24 41 55 41 56 50 e8 ba fa ff ff 48 83 c4 20
0x00007f8b1eeb4e4a:   48 89 ef 4c 89 e6 e8 bb ad a5 fe 4c 89 e7 e8 13
0x00007f8b1eeb4e5a:   a2 a5 fe 48 89 e8 48 83 c4 28 5b 41 5c 41 5d 41
0x00007f8b1eeb4e6a:   5e 41 5f 5d c3 eb 0a eb 19 eb 06 eb 15 eb 02 eb
0x00007f8b1eeb4e7a:   11 48 89 c3 48 8d 7c 24 08 e8 e8 a1 a5 fe eb 05
0x00007f8b1eeb4e8a:   eb 00 48 89 c3 48 8b 7c 24 10 e8 d7 a1 a5 fe 48
0x00007f8b1eeb4e9a:   89 df e8 cf 0a 90 fe cc cc cc cc cc cc cc cc cc
0x00007f8b1eeb4eaa:   cc cc cc cc cc cc 55 41 57 41 56 41 55 41 54 53
0x00007f8b1eeb4eba:   48 83 ec 38 48 89 54 24 30 48 89 7c 24 10 f6 47
0x00007f8b1eeb4eca:   28 10 0f 84 41 01 00 00 8b 46 10 85 c0 0f 84 36
0x00007f8b1eeb4eda:   01 00 00 4c 8b 6e 28 41 b4 01 31 db 48 8d 4c 24
0x00007f8b1eeb4eea:   08 48 89 4c 24 28 31 d2 48 89 74 24 20 eb 21 90
0x00007f8b1eeb4efa:   90 90 90 90 90 90 8b 46 10 48 8b 54 24 18 48 83
0x00007f8b1eeb4f0a:   c2 01 89 c1 83 c3 01 48 39 ca 0f 83 f9 00 00 00
0x00007f8b1eeb4f1a:   41 8b 4c 95 00 0f b7 c9 3b 8c 96 4c 04 00 00 74
0x00007f8b1eeb4f2a:   dd 89 8c 96 4c 04 00 00 8b 4e 0c 85 c9 74 cf 48
0x00007f8b1eeb4f3a:   89 54 24 18 31 ed eb 18 90 90 90 90 90 90 90 90
0x00007f8b1eeb4f4a:   90 90 90 90 90 90 83 c5 01 8b 4e 0c 39 cd 73 a6
0x00007f8b1eeb4f5a:   0f af cb 01 e9 41 0f b6 84 0d 80 90 00 00 24 7f
0x00007f8b1eeb4f6a:   8d 50 e0 80 fa 14 77 de 48 8b 96 50 08 00 00 3a
0x00007f8b1eeb4f7a:   04 0a 74 d2 88 04 0a 48 8b 44 24 30 c6 00 01 41
0x00007f8b1eeb4f8a:   f6 c4 01 75 0d 48 8b 44 24 10 f6 40 28 20 75 b6
0x00007f8b1eeb4f9a:   eb 33 4c 8d 7c 24 08 4c 89 ff 31 d2 31 c9 45 31
0x00007f8b1eeb4faa:   c0 e8 a0 06 00 00 48 8b 7c 24 10 4c 89 fe e8 b3
0x00007f8b1eeb4fba:   e1 ff ff 48 8d 7c 24 08 e8 a9 a0 a5 fe 45 31 e4
0x00007f8b1eeb4fca:   48 8b 74 24 20 8b 56 04 4c 8b 7c 24 10 45 0f b6
0x00007f8b1eeb4fda:   4f 2c 4c 8d 74 24 08 4c 89 f7 4c 89 fe 48 8b 4c
0x00007f8b1eeb4fea:   24 18 41 89 e8 e8 0c fe 02 00 4c 89 ff 4c 89 f6
0x00007f8b1eeb4ffa:   e8 71 e1 ff ff 48 8d 7c 24 08 e8 67 a0 a5 fe 48
0x00007f8b1eeb500a:   8b 74 24 20 e9 3d ff ff ff 48 83 c4 38 5b 41 5c 



---------------  P R O C E S S  ---------------

VM state: at safepoint (shutting down)

VM Mutex/Monitor currently owned by a thread:  ([mutex/lock_event])
[0x00007f8ba00241e0] Threads_lock - owner thread: 0x00007f8ba01cd150

Heap address: 0x000000060cc00000, size: 7988 MB, Compressed Oops mode: Zero based, Oop shift amount: 3

CDS archive(s) not mapped
Compressed class space mapped at: 0x0000000800000000-0x0000000840000000, reserved size: 1073741824
Narrow klass base: 0x0000000800000000, Narrow klass shift: 0, Narrow klass range: 0x40000000

GC Precious Log:
<Skipped>

Heap:
 garbage-first heap   total 512000K, used 8192K [0x000000060cc00000, 0x0000000800000000)
  region size 4096K, 2 young (8192K), 0 survivors (0K)
 Metaspace       used 8777K, committed 8896K, reserved 1064960K
  class space    used 749K, committed 832K, reserved 1048576K

Heap Regions: E=young(eden), S=young(survivor), O=old, HS=humongous(starts), HC=humongous(continues), CS=collection set, F=free, OA=open archive, CA=closed archive, TAMS=top-at-mark-start (previous, next)
|   0|0x000000060cc00000, 0x000000060cc00000, 0x000000060d000000|  0%| F|  |TAMS 0x000000060cc00000, 0x000000060cc00000| Untracked 
|   1|0x000000060d000000, 0x000000060d000000, 0x000000060d400000|  0%| F|  |TAMS 0x000000060d000000, 0x000000060d000000| Untracked 
|   2|0x000000060d400000, 0x000000060d400000, 0x000000060d800000|  0%| F|  |TAMS 0x000000060d400000, 0x000000060d400000| Untracked 
|   3|0x000000060d800000, 0x000000060d800000, 0x000000060dc00000|  0%| F|  |TAMS 0x000000060d800000, 0x000000060d800000| Untracked 
|   4|0x000000060dc00000, 0x000000060dc00000, 0x000000060e000000|  0%| F|  |TAMS 0x000000060dc00000, 0x000000060dc00000| Untracked 
|   5|0x000000060e000000, 0x000000060e000000, 0x000000060e400000|  0%| F|  |TAMS 0x000000060e000000, 0x000000060e000000| Untracked 
|   6|0x000000060e400000, 0x000000060e400000, 0x000000060e800000|  0%| F|  |TAMS 0x000000060e400000, 0x000000060e400000| Untracked 
|   7|0x000000060e800000, 0x000000060e800000, 0x000000060ec00000|  0%| F|  |TAMS 0x000000060e800000, 0x000000060e800000| Untracked 
|   8|0x000000060ec00000, 0x000000060ec00000, 0x000000060f000000|  0%| F|  |TAMS 0x000000060ec00000, 0x000000060ec00000| Untracked 
|   9|0x000000060f000000, 0x000000060f000000, 0x000000060f400000|  0%| F|  |TAMS 0x000000060f000000, 0x000000060f000000| Untracked 
|  10|0x000000060f400000, 0x000000060f400000, 0x000000060f800000|  0%| F|  |TAMS 0x000000060f400000, 0x000000060f400000| Untracked 
|  11|0x000000060f800000, 0x000000060f800000, 0x000000060fc00000|  0%| F|  |TAMS 0x000000060f800000, 0x000000060f800000| Untracked 
|  12|0x000000060fc00000, 0x000000060fc00000, 0x0000000610000000|  0%| F|  |TAMS 0x000000060fc00000, 0x000000060fc00000| Untracked 
|  13|0x0000000610000000, 0x0000000610000000, 0x0000000610400000|  0%| F|  |TAMS 0x0000000610000000, 0x0000000610000000| Untracked 
|  14|0x0000000610400000, 0x0000000610400000, 0x0000000610800000|  0%| F|  |TAMS 0x0000000610400000, 0x0000000610400000| Untracked 
|  15|0x0000000610800000, 0x0000000610800000, 0x0000000610c00000|  0%| F|  |TAMS 0x0000000610800000, 0x0000000610800000| Untracked 
|  16|0x0000000610c00000, 0x0000000610c00000, 0x0000000611000000|  0%| F|  |TAMS 0x0000000610c00000, 0x0000000610c00000| Untracked 
|  17|0x0000000611000000, 0x0000000611000000, 0x0000000611400000|  0%| F|  |TAMS 0x0000000611000000, 0x0000000611000000| Untracked 
|  18|0x0000000611400000, 0x0000000611400000, 0x0000000611800000|  0%| F|  |TAMS 0x0000000611400000, 0x0000000611400000| Untracked 
|  19|0x0000000611800000, 0x0000000611800000, 0x0000000611c00000|  0%| F|  |TAMS 0x0000000611800000, 0x0000000611800000| Untracked 
|  20|0x0000000611c00000, 0x0000000611c00000, 0x0000000612000000|  0%| F|  |TAMS 0x0000000611c00000, 0x0000000611c00000| Untracked 
|  21|0x0000000612000000, 0x0000000612000000, 0x0000000612400000|  0%| F|  |TAMS 0x0000000612000000, 0x0000000612000000| Untracked 
|  22|0x0000000612400000, 0x0000000612400000, 0x0000000612800000|  0%| F|  |TAMS 0x0000000612400000, 0x0000000612400000| Untracked 
|  23|0x0000000612800000, 0x0000000612800000, 0x0000000612c00000|  0%| F|  |TAMS 0x0000000612800000, 0x0000000612800000| Untracked 
|  24|0x0000000612c00000, 0x0000000612c00000, 0x0000000613000000|  0%| F|  |TAMS 0x0000000612c00000, 0x0000000612c00000| Untracked 
|  25|0x0000000613000000, 0x0000000613000000, 0x0000000613400000|  0%| F|  |TAMS 0x0000000613000000, 0x0000000613000000| Untracked 
|  26|0x0000000613400000, 0x0000000613400000, 0x0000000613800000|  0%| F|  |TAMS 0x0000000613400000, 0x0000000613400000| Untracked 
|  27|0x0000000613800000, 0x0000000613800000, 0x0000000613c00000|  0%| F|  |TAMS 0x0000000613800000, 0x0000000613800000| Untracked 
|  28|0x0000000613c00000, 0x0000000613c00000, 0x0000000614000000|  0%| F|  |TAMS 0x0000000613c00000, 0x0000000613c00000| Untracked 
|  29|0x0000000614000000, 0x0000000614000000, 0x0000000614400000|  0%| F|  |TAMS 0x0000000614000000, 0x0000000614000000| Untracked 
|  30|0x0000000614400000, 0x0000000614400000, 0x0000000614800000|  0%| F|  |TAMS 0x0000000614400000, 0x0000000614400000| Untracked 
|  31|0x0000000614800000, 0x0000000614800000, 0x0000000614c00000|  0%| F|  |TAMS 0x0000000614800000, 0x0000000614800000| Untracked 
|  32|0x0000000614c00000, 0x0000000614c00000, 0x0000000615000000|  0%| F|  |TAMS 0x0000000614c00000, 0x0000000614c00000| Untracked 
|  33|0x0000000615000000, 0x0000000615000000, 0x0000000615400000|  0%| F|  |TAMS 0x0000000615000000, 0x0000000615000000| Untracked 
|  34|0x0000000615400000, 0x0000000615400000, 0x0000000615800000|  0%| F|  |TAMS 0x0000000615400000, 0x0000000615400000| Untracked 
|  35|0x0000000615800000, 0x0000000615800000, 0x0000000615c00000|  0%| F|  |TAMS 0x0000000615800000, 0x0000000615800000| Untracked 
|  36|0x0000000615c00000, 0x0000000615c00000, 0x0000000616000000|  0%| F|  |TAMS 0x0000000615c00000, 0x0000000615c00000| Untracked 
|  37|0x0000000616000000, 0x0000000616000000, 0x0000000616400000|  0%| F|  |TAMS 0x0000000616000000, 0x0000000616000000| Untracked 
|  38|0x0000000616400000, 0x0000000616400000, 0x0000000616800000|  0%| F|  |TAMS 0x0000000616400000, 0x0000000616400000| Untracked 
|  39|0x0000000616800000, 0x0000000616800000, 0x0000000616c00000|  0%| F|  |TAMS 0x0000000616800000, 0x0000000616800000| Untracked 
|  40|0x0000000616c00000, 0x0000000616c00000, 0x0000000617000000|  0%| F|  |TAMS 0x0000000616c00000, 0x0000000616c00000| Untracked 
|  41|0x0000000617000000, 0x0000000617000000, 0x0000000617400000|  0%| F|  |TAMS 0x0000000617000000, 0x0000000617000000| Untracked 
|  42|0x0000000617400000, 0x0000000617400000, 0x0000000617800000|  0%| F|  |TAMS 0x0000000617400000, 0x0000000617400000| Untracked 
|  43|0x0000000617800000, 0x0000000617800000, 0x0000000617c00000|  0%| F|  |TAMS 0x0000000617800000, 0x0000000617800000| Untracked 
|  44|0x0000000617c00000, 0x0000000617c00000, 0x0000000618000000|  0%| F|  |TAMS 0x0000000617c00000, 0x0000000617c00000| Untracked 
|  45|0x0000000618000000, 0x0000000618000000, 0x0000000618400000|  0%| F|  |TAMS 0x0000000618000000, 0x0000000618000000| Untracked 
|  46|0x0000000618400000, 0x0000000618400000, 0x0000000618800000|  0%| F|  |TAMS 0x0000000618400000, 0x0000000618400000| Untracked 
|  47|0x0000000618800000, 0x0000000618800000, 0x0000000618c00000|  0%| F|  |TAMS 0x0000000618800000, 0x0000000618800000| Untracked 
|  48|0x0000000618c00000, 0x0000000618c00000, 0x0000000619000000|  0%| F|  |TAMS 0x0000000618c00000, 0x0000000618c00000| Untracked 
|  49|0x0000000619000000, 0x0000000619000000, 0x0000000619400000|  0%| F|  |TAMS 0x0000000619000000, 0x0000000619000000| Untracked 
|  50|0x0000000619400000, 0x0000000619400000, 0x0000000619800000|  0%| F|  |TAMS 0x0000000619400000, 0x0000000619400000| Untracked 
|  51|0x0000000619800000, 0x0000000619800000, 0x0000000619c00000|  0%| F|  |TAMS 0x0000000619800000, 0x0000000619800000| Untracked 
|  52|0x0000000619c00000, 0x0000000619c00000, 0x000000061a000000|  0%| F|  |TAMS 0x0000000619c00000, 0x0000000619c00000| Untracked 
|  53|0x000000061a000000, 0x000000061a000000, 0x000000061a400000|  0%| F|  |TAMS 0x000000061a000000, 0x000000061a000000| Untracked 
|  54|0x000000061a400000, 0x000000061a400000, 0x000000061a800000|  0%| F|  |TAMS 0x000000061a400000, 0x000000061a400000| Untracked 
|  55|0x000000061a800000, 0x000000061a800000, 0x000000061ac00000|  0%| F|  |TAMS 0x000000061a800000, 0x000000061a800000| Untracked 
|  56|0x000000061ac00000, 0x000000061ac00000, 0x000000061b000000|  0%| F|  |TAMS 0x000000061ac00000, 0x000000061ac00000| Untracked 
|  57|0x000000061b000000, 0x000000061b000000, 0x000000061b400000|  0%| F|  |TAMS 0x000000061b000000, 0x000000061b000000| Untracked 
|  58|0x000000061b400000, 0x000000061b400000, 0x000000061b800000|  0%| F|  |TAMS 0x000000061b400000, 0x000000061b400000| Untracked 
|  59|0x000000061b800000, 0x000000061b800000, 0x000000061bc00000|  0%| F|  |TAMS 0x000000061b800000, 0x000000061b800000| Untracked 
|  60|0x000000061bc00000, 0x000000061bc00000, 0x000000061c000000|  0%| F|  |TAMS 0x000000061bc00000, 0x000000061bc00000| Untracked 
|  61|0x000000061c000000, 0x000000061c000000, 0x000000061c400000|  0%| F|  |TAMS 0x000000061c000000, 0x000000061c000000| Untracked 
|  62|0x000000061c400000, 0x000000061c400000, 0x000000061c800000|  0%| F|  |TAMS 0x000000061c400000, 0x000000061c400000| Untracked 
|  63|0x000000061c800000, 0x000000061c800000, 0x000000061cc00000|  0%| F|  |TAMS 0x000000061c800000, 0x000000061c800000| Untracked 
|  64|0x000000061cc00000, 0x000000061cc00000, 0x000000061d000000|  0%| F|  |TAMS 0x000000061cc00000, 0x000000061cc00000| Untracked 
|  65|0x000000061d000000, 0x000000061d000000, 0x000000061d400000|  0%| F|  |TAMS 0x000000061d000000, 0x000000061d000000| Untracked 
|  66|0x000000061d400000, 0x000000061d400000, 0x000000061d800000|  0%| F|  |TAMS 0x000000061d400000, 0x000000061d400000| Untracked 
|  67|0x000000061d800000, 0x000000061d800000, 0x000000061dc00000|  0%| F|  |TAMS 0x000000061d800000, 0x000000061d800000| Untracked 
|  68|0x000000061dc00000, 0x000000061dc00000, 0x000000061e000000|  0%| F|  |TAMS 0x000000061dc00000, 0x000000061dc00000| Untracked 
|  69|0x000000061e000000, 0x000000061e000000, 0x000000061e400000|  0%| F|  |TAMS 0x000000061e000000, 0x000000061e000000| Untracked 
|  70|0x000000061e400000, 0x000000061e400000, 0x000000061e800000|  0%| F|  |TAMS 0x000000061e400000, 0x000000061e400000| Untracked 
|  71|0x000000061e800000, 0x000000061e800000, 0x000000061ec00000|  0%| F|  |TAMS 0x000000061e800000, 0x000000061e800000| Untracked 
|  72|0x000000061ec00000, 0x000000061ec00000, 0x000000061f000000|  0%| F|  |TAMS 0x000000061ec00000, 0x000000061ec00000| Untracked 
|  73|0x000000061f000000, 0x000000061f000000, 0x000000061f400000|  0%| F|  |TAMS 0x000000061f000000, 0x000000061f000000| Untracked 
|  74|0x000000061f400000, 0x000000061f400000, 0x000000061f800000|  0%| F|  |TAMS 0x000000061f400000, 0x000000061f400000| Untracked 
|  75|0x000000061f800000, 0x000000061f800000, 0x000000061fc00000|  0%| F|  |TAMS 0x000000061f800000, 0x000000061f800000| Untracked 
|  76|0x000000061fc00000, 0x000000061fc00000, 0x0000000620000000|  0%| F|  |TAMS 0x000000061fc00000, 0x000000061fc00000| Untracked 
|  77|0x0000000620000000, 0x0000000620000000, 0x0000000620400000|  0%| F|  |TAMS 0x0000000620000000, 0x0000000620000000| Untracked 
|  78|0x0000000620400000, 0x0000000620400000, 0x0000000620800000|  0%| F|  |TAMS 0x0000000620400000, 0x0000000620400000| Untracked 
|  79|0x0000000620800000, 0x0000000620800000, 0x0000000620c00000|  0%| F|  |TAMS 0x0000000620800000, 0x0000000620800000| Untracked 
|  80|0x0000000620c00000, 0x0000000620c00000, 0x0000000621000000|  0%| F|  |TAMS 0x0000000620c00000, 0x0000000620c00000| Untracked 
|  81|0x0000000621000000, 0x0000000621000000, 0x0000000621400000|  0%| F|  |TAMS 0x0000000621000000, 0x0000000621000000| Untracked 
|  82|0x0000000621400000, 0x0000000621400000, 0x0000000621800000|  0%| F|  |TAMS 0x0000000621400000, 0x0000000621400000| Untracked 
|  83|0x0000000621800000, 0x0000000621800000, 0x0000000621c00000|  0%| F|  |TAMS 0x0000000621800000, 0x0000000621800000| Untracked 
|  84|0x0000000621c00000, 0x0000000621c00000, 0x0000000622000000|  0%| F|  |TAMS 0x0000000621c00000, 0x0000000621c00000| Untracked 
|  85|0x0000000622000000, 0x0000000622000000, 0x0000000622400000|  0%| F|  |TAMS 0x0000000622000000, 0x0000000622000000| Untracked 
|  86|0x0000000622400000, 0x0000000622400000, 0x0000000622800000|  0%| F|  |TAMS 0x0000000622400000, 0x0000000622400000| Untracked 
|  87|0x0000000622800000, 0x0000000622800000, 0x0000000622c00000|  0%| F|  |TAMS 0x0000000622800000, 0x0000000622800000| Untracked 
|  88|0x0000000622c00000, 0x0000000622c00000, 0x0000000623000000|  0%| F|  |TAMS 0x0000000622c00000, 0x0000000622c00000| Untracked 
|  89|0x0000000623000000, 0x0000000623000000, 0x0000000623400000|  0%| F|  |TAMS 0x0000000623000000, 0x0000000623000000| Untracked 
|  90|0x0000000623400000, 0x0000000623400000, 0x0000000623800000|  0%| F|  |TAMS 0x0000000623400000, 0x0000000623400000| Untracked 
|  91|0x0000000623800000, 0x0000000623800000, 0x0000000623c00000|  0%| F|  |TAMS 0x0000000623800000, 0x0000000623800000| Untracked 
|  92|0x0000000623c00000, 0x0000000623c00000, 0x0000000624000000|  0%| F|  |TAMS 0x0000000623c00000, 0x0000000623c00000| Untracked 
|  93|0x0000000624000000, 0x0000000624000000, 0x0000000624400000|  0%| F|  |TAMS 0x0000000624000000, 0x0000000624000000| Untracked 
|  94|0x0000000624400000, 0x0000000624400000, 0x0000000624800000|  0%| F|  |TAMS 0x0000000624400000, 0x0000000624400000| Untracked 
|  95|0x0000000624800000, 0x0000000624800000, 0x0000000624c00000|  0%| F|  |TAMS 0x0000000624800000, 0x0000000624800000| Untracked 
|  96|0x0000000624c00000, 0x0000000624c00000, 0x0000000625000000|  0%| F|  |TAMS 0x0000000624c00000, 0x0000000624c00000| Untracked 
|  97|0x0000000625000000, 0x0000000625000000, 0x0000000625400000|  0%| F|  |TAMS 0x0000000625000000, 0x0000000625000000| Untracked 
|  98|0x0000000625400000, 0x0000000625400000, 0x0000000625800000|  0%| F|  |TAMS 0x0000000625400000, 0x0000000625400000| Untracked 
|  99|0x0000000625800000, 0x0000000625800000, 0x0000000625c00000|  0%| F|  |TAMS 0x0000000625800000, 0x0000000625800000| Untracked 
| 100|0x0000000625c00000, 0x0000000625c00000, 0x0000000626000000|  0%| F|  |TAMS 0x0000000625c00000, 0x0000000625c00000| Untracked 
| 101|0x0000000626000000, 0x0000000626000000, 0x0000000626400000|  0%| F|  |TAMS 0x0000000626000000, 0x0000000626000000| Untracked 
| 102|0x0000000626400000, 0x0000000626400000, 0x0000000626800000|  0%| F|  |TAMS 0x0000000626400000, 0x0000000626400000| Untracked 
| 103|0x0000000626800000, 0x0000000626800000, 0x0000000626c00000|  0%| F|  |TAMS 0x0000000626800000, 0x0000000626800000| Untracked 
| 104|0x0000000626c00000, 0x0000000626c00000, 0x0000000627000000|  0%| F|  |TAMS 0x0000000626c00000, 0x0000000626c00000| Untracked 
| 105|0x0000000627000000, 0x0000000627000000, 0x0000000627400000|  0%| F|  |TAMS 0x0000000627000000, 0x0000000627000000| Untracked 
| 106|0x0000000627400000, 0x0000000627400000, 0x0000000627800000|  0%| F|  |TAMS 0x0000000627400000, 0x0000000627400000| Untracked 
| 107|0x0000000627800000, 0x0000000627800000, 0x0000000627c00000|  0%| F|  |TAMS 0x0000000627800000, 0x0000000627800000| Untracked 
| 108|0x0000000627c00000, 0x0000000627c00000, 0x0000000628000000|  0%| F|  |TAMS 0x0000000627c00000, 0x0000000627c00000| Untracked 
| 109|0x0000000628000000, 0x0000000628000000, 0x0000000628400000|  0%| F|  |TAMS 0x0000000628000000, 0x0000000628000000| Untracked 
| 110|0x0000000628400000, 0x0000000628400000, 0x0000000628800000|  0%| F|  |TAMS 0x0000000628400000, 0x0000000628400000| Untracked 
| 111|0x0000000628800000, 0x0000000628800000, 0x0000000628c00000|  0%| F|  |TAMS 0x0000000628800000, 0x0000000628800000| Untracked 
| 112|0x0000000628c00000, 0x0000000628c00000, 0x0000000629000000|  0%| F|  |TAMS 0x0000000628c00000, 0x0000000628c00000| Untracked 
| 113|0x0000000629000000, 0x0000000629000000, 0x0000000629400000|  0%| F|  |TAMS 0x0000000629000000, 0x0000000629000000| Untracked 
| 114|0x0000000629400000, 0x0000000629400000, 0x0000000629800000|  0%| F|  |TAMS 0x0000000629400000, 0x0000000629400000| Untracked 
| 115|0x0000000629800000, 0x0000000629800000, 0x0000000629c00000|  0%| F|  |TAMS 0x0000000629800000, 0x0000000629800000| Untracked 
| 116|0x0000000629c00000, 0x0000000629c00000, 0x000000062a000000|  0%| F|  |TAMS 0x0000000629c00000, 0x0000000629c00000| Untracked 
| 117|0x000000062a000000, 0x000000062a000000, 0x000000062a400000|  0%| F|  |TAMS 0x000000062a000000, 0x000000062a000000| Untracked 
| 118|0x000000062a400000, 0x000000062a400000, 0x000000062a800000|  0%| F|  |TAMS 0x000000062a400000, 0x000000062a400000| Untracked 
| 119|0x000000062a800000, 0x000000062a800000, 0x000000062ac00000|  0%| F|  |TAMS 0x000000062a800000, 0x000000062a800000| Untracked 
| 120|0x000000062ac00000, 0x000000062ac00000, 0x000000062b000000|  0%| F|  |TAMS 0x000000062ac00000, 0x000000062ac00000| Untracked 
| 121|0x000000062b000000, 0x000000062b000000, 0x000000062b400000|  0%| F|  |TAMS 0x000000062b000000, 0x000000062b000000| Untracked 
| 122|0x000000062b400000, 0x000000062b400000, 0x000000062b800000|  0%| F|  |TAMS 0x000000062b400000, 0x000000062b400000| Untracked 
| 123|0x000000062b800000, 0x000000062bc00000, 0x000000062bc00000|100%| E|  |TAMS 0x000000062b800000, 0x000000062b800000| Complete 
| 124|0x000000062bc00000, 0x000000062c000000, 0x000000062c000000|100%| E|CS|TAMS 0x000000062bc00000, 0x000000062bc00000| Complete 

Card table byte_map: [0x00007f8b8d454000,0x00007f8b8e3ee000] _byte_map_base: 0x00007f8b8a3ee000

Marking Bits (Prev, Next): (CMBitMap*) 0x00007f8ba0057ea0, (CMBitMap*) 0x00007f8ba0057ee0
 Prev Bits: [0x00007f8b847ea000, 0x00007f8b8c4ba000)
 Next Bits: [0x00007f8b7cb1a000, 0x00007f8b847ea000)

Polling page: 0x00007f8ba8345000

Metaspace:

Usage:
  Non-class:      7.84 MB used.
      Class:    749.09 KB used.
       Both:      8.57 MB used.

Virtual space:
  Non-class space:       16.00 MB reserved,       7.88 MB ( 49%) committed,  2 nodes.
      Class space:        1.00 GB reserved,     832.00 KB ( <1%) committed,  1 nodes.
             Both:        1.02 GB reserved,       8.69 MB ( <1%) committed. 

Chunk freelists:
   Non-Class:  3.81 MB
       Class:  3.17 MB
        Both:  6.98 MB

MaxMetaspaceSize: unlimited
CompressedClassSpaceSize: 1.00 GB
Initial GC threshold: 21.00 MB
Current GC threshold: 21.00 MB
CDS: off
MetaspaceReclaimPolicy: balanced
 - commit_granule_bytes: 65536.
 - commit_granule_words: 8192.
 - virtual_space_node_default_size: 1048576.
 - enlarge_chunks_in_place: 1.
 - new_chunks_are_fully_committed: 0.
 - uncommit_free_chunks: 1.
 - use_allocation_guard: 0.
 - handle_deallocations: 1.


Internal statistics:

num_allocs_failed_limit: 0.
num_arena_births: 66.
num_arena_deaths: 0.
num_vsnodes_births: 3.
num_vsnodes_deaths: 0.
num_space_committed: 137.
num_space_uncommitted: 0.
num_chunks_returned_to_freelist: 0.
num_chunks_taken_from_freelist: 154.
num_chunk_merges: 0.
num_chunk_splits: 91.
num_chunks_enlarged: 59.
num_purges: 0.
num_inconsistent_stats: 0.

CodeHeap 'non-profiled nmethods': size=119168Kb used=150Kb max_used=150Kb free=119018Kb
 bounds [0x00007f8b95f8e000, 0x00007f8b961fe000, 0x00007f8b9d3ee000]
CodeHeap 'profiled nmethods': size=119164Kb used=877Kb max_used=877Kb free=118286Kb
 bounds [0x00007f8b8eb2f000, 0x00007f8b8ed9f000, 0x00007f8b95f8e000]
CodeHeap 'non-nmethods': size=7428Kb used=2140Kb max_used=2703Kb free=5287Kb
 bounds [0x00007f8b8e3ee000, 0x00007f8b8e69e000, 0x00007f8b8eb2f000]
 total_blobs=1502 nmethods=569 adapters=846
 compilation: enabled
              stopped_count=0, restarted_count=0
 full_count=0

Compilation events (20 events):
Event: 0.672 Thread 0x00007f8b3c0012a0 nmethod 552 0x00007f8b8ec07310 code [0x00007f8b8ec07500, 0x00007f8b8ec07a30]
Event: 0.672 Thread 0x00007f8b40074ad0 nmethod 554 0x00007f8b8ec07c10 code [0x00007f8b8ec07e00, 0x00007f8b8ec08360]
Event: 0.676 Thread 0x00007f8ba0209480  555       3       java.util.HashSet::contains (9 bytes)
Event: 0.676 Thread 0x00007f8b40074ad0  556       3       java.util.HashMap::containsKey (14 bytes)
Event: 0.676 Thread 0x00007f8b40074ad0 nmethod 556 0x00007f8b8ec08590 code [0x00007f8b8ec08740, 0x00007f8b8ec088e0]
Event: 0.676 Thread 0x00007f8ba0209480 nmethod 555 0x00007f8b8ec08990 code [0x00007f8b8ec08b40, 0x00007f8b8ec08de0]
Event: 0.700 Thread 0x00007f8b40074ad0  557       1       org.lwjgl.system.CustomBuffer::limit (5 bytes)
Event: 0.700 Thread 0x00007f8b40074ad0 nmethod 557 0x00007f8b95fb1b10 code [0x00007f8b95fb1ca0, 0x00007f8b95fb1d70]
Event: 0.908 Thread 0x00007f8b3c0012a0  559       1       com.onyx.window.Window::getWindow (5 bytes)
Event: 0.909 Thread 0x00007f8b3c0012a0 nmethod 559 0x00007f8b95fb2290 code [0x00007f8b95fb2420, 0x00007f8b95fb24f0]
Event: 1.508 Thread 0x00007f8ba0209480  562       3       org.lwjgl.glfw.GLFW::glfwWindowShouldClose (29 bytes)
Event: 1.508 Thread 0x00007f8b40074ad0  564       3       org.lwjgl.opengl.GL11::glClearColor (8 bytes)
Event: 1.508 Thread 0x00007f8b40074ad0 nmethod 564 0x00007f8b8ec08f10 code [0x00007f8b8ec090c0, 0x00007f8b8ec09200]
Event: 1.508 Thread 0x00007f8ba0209480 nmethod 562 0x00007f8b8ec09290 code [0x00007f8b8ec09460, 0x00007f8b8ec09770]
Event: 1.508 Thread 0x00007f8b40074ad0  566       3       org.lwjgl.opengl.GL11::glClear (5 bytes)
Event: 1.508 Thread 0x00007f8ba0209480  568       3       org.lwjgl.glfw.GLFW::glfwSwapBuffers (21 bytes)
Event: 1.508 Thread 0x00007f8b40074ad0 nmethod 566 0x00007f8b8ec09910 code [0x00007f8b8ec09ac0, 0x00007f8b8ec09be0]
Event: 1.508 Thread 0x00007f8ba0209480 nmethod 568 0x00007f8b8ec09c90 code [0x00007f8b8ec09e60, 0x00007f8b8ec0a110]
Event: 1.511 Thread 0x00007f8b40074ad0  569       3       org.lwjgl.glfw.GLFW::glfwPollEvents (9 bytes)
Event: 1.511 Thread 0x00007f8b40074ad0 nmethod 569 0x00007f8b8ec0a290 code [0x00007f8b8ec0a440, 0x00007f8b8ec0a560]

GC Heap History (0 events):
No events

Dll operation events (7 events):
Event: 0.001 Loaded shared library /root/.vscode-server/extensions/redhat.java-1.14.0-linux-x64/jre/17.0.5-linux-x86_64/lib/libjava.so
Event: 0.230 Loaded shared library /root/.vscode-server/extensions/redhat.java-1.14.0-linux-x64/jre/17.0.5-linux-x86_64/lib/libnio.so
Event: 0.237 Loaded shared library /root/.vscode-server/extensions/redhat.java-1.14.0-linux-x64/jre/17.0.5-linux-x86_64/lib/libzip.so
Event: 0.294 Loaded shared library /root/.vscode-server/extensions/redhat.java-1.14.0-linux-x64/jre/17.0.5-linux-x86_64/lib/libjimage.so
Event: 0.301 Loaded shared library /root/.vscode-server/extensions/redhat.java-1.14.0-linux-x64/jre/17.0.5-linux-x86_64/lib/libnet.so
Event: 0.308 Loaded shared library /tmp/lwjglroot/3.3.1-build-7/liblwjgl.so
Event: 0.627 Loaded shared library /tmp/lwjglroot/3.3.1-build-7/liblwjgl_opengl.so

Deoptimization events (4 events):
Event: 0.647 Thread 0x00007f8ba0027aa0 Uncommon trap: trap_request=0xffffff45 fr.pc=0x00007f8b95facc80 relative=0x0000000000000060
Event: 0.647 Thread 0x00007f8ba0027aa0 Uncommon trap: reason=unstable_if action=reinterpret pc=0x00007f8b95facc80 method=java.lang.String.isLatin1()Z @ 10 c2
Event: 0.647 Thread 0x00007f8ba0027aa0 DEOPT PACKING pc=0x00007f8b95facc80 sp=0x00007f8ba6c54f50
Event: 0.647 Thread 0x00007f8ba0027aa0 DEOPT UNPACKING pc=0x00007f8b8e440099 sp=0x00007f8ba6c54f10 mode 2

Classes unloaded (0 events):
No events

Classes redefined (0 events):
No events

Internal exceptions (16 events):
Event: 0.268 Thread 0x00007f8ba0027aa0 Exception <a 'java/lang/NoSuchMethodError'{0x000000062bf466d8}: 'java.lang.Object java.lang.invoke.DirectMethodHandle$Holder.invokeStaticInit(java.lang.Object)'> (0x000000062bf466d8) 
thrown [src/hotspot/share/interpreter/linkResolver.cpp, line 758]
Event: 0.278 Thread 0x00007f8ba0027aa0 Exception <a 'java/lang/NoSuchMethodError'{0x000000062bf93930}: 'void java.lang.invoke.DirectMethodHandle$Holder.invokeStatic(java.lang.Object, java.lang.Object)'> (0x000000062bf93930) 
thrown [src/hotspot/share/interpreter/linkResolver.cpp, line 758]
Event: 0.279 Thread 0x00007f8ba0027aa0 Exception <a 'java/lang/NoSuchMethodError'{0x000000062bf99178}: 'void java.lang.invoke.DirectMethodHandle$Holder.invokeSpecial(java.lang.Object, java.lang.Object, java.lang.Object)'> (0x000000062bf99178) 
thrown [src/hotspot/share/interpreter/linkResolver.cpp, line 758]
Event: 0.282 Thread 0x00007f8ba0027aa0 Exception <a 'java/lang/NoSuchMethodError'{0x000000062bfac4d8}: 'java.lang.Object java.lang.invoke.DirectMethodHandle$Holder.invokeStatic(java.lang.Object, java.lang.Object, int)'> (0x000000062bfac4d8) 
thrown [src/hotspot/share/interpreter/linkResolver.cpp, line 758]
Event: 0.283 Thread 0x00007f8ba0027aa0 Exception <a 'java/lang/NoSuchMethodError'{0x000000062bfb8248}: 'void java.lang.invoke.DelegatingMethodHandle$Holder.delegate(java.lang.Object, java.lang.Object, int, java.lang.Object)'> (0x000000062bfb8248) 
thrown [src/hotspot/share/interpreter/linkResolver.cpp, line 758]
Event: 0.283 Thread 0x00007f8ba0027aa0 Exception <a 'java/lang/NoSuchMethodError'{0x000000062bfbc488}: 'int java.lang.invoke.DirectMethodHandle$Holder.invokeSpecial(java.lang.Object, java.lang.Object, java.lang.Object)'> (0x000000062bfbc488) 
thrown [src/hotspot/share/interpreter/linkResolver.cpp, line 758]
Event: 0.308 Thread 0x00007f8ba0027aa0 Exception <a 'sun/nio/fs/UnixException'{0x000000062b856d08}> (0x000000062b856d08) 
thrown [src/hotspot/share/prims/jni.cpp, line 516]
Event: 0.317 Thread 0x00007f8ba0027aa0 Exception <a 'java/lang/NoSuchMethodError'{0x000000062b8bdde8}: 'int java.lang.invoke.DirectMethodHandle$Holder.invokeStaticInit(java.lang.Object, java.lang.Object, int, long)'> (0x000000062b8bdde8) 
thrown [src/hotspot/share/interpreter/linkResolver.cpp, line 758]
Event: 0.318 Thread 0x00007f8ba0027aa0 Exception <a 'java/lang/NoSuchMethodError'{0x000000062b8c36b0}: 'java.lang.Object java.lang.invoke.DirectMethodHandle$Holder.newInvokeSpecial(java.lang.Object, java.lang.Object, int)'> (0x000000062b8c36b0) 
thrown [src/hotspot/share/interpreter/linkResolver.cpp, line 758]
Event: 0.319 Thread 0x00007f8ba0027aa0 Exception <a 'java/lang/NoSuchMethodError'{0x000000062b8d21a8}: 'int java.lang.invoke.DirectMethodHandle$Holder.invokeStaticInit(java.lang.Object, java.lang.Object, long, long)'> (0x000000062b8d21a8) 
thrown [src/hotspot/share/interpreter/linkResolver.cpp, line 758]
Event: 0.320 Thread 0x00007f8ba0027aa0 Exception <a 'java/lang/NoSuchMethodError'{0x000000062b8d82b8}: 'java.lang.Object java.lang.invoke.DirectMethodHandle$Holder.newInvokeSpecial(java.lang.Object, java.lang.Object, long)'> (0x000000062b8d82b8) 
thrown [src/hotspot/share/interpreter/linkResolver.cpp, line 758]
Event: 0.320 Thread 0x00007f8ba0027aa0 Exception <a 'java/lang/NoSuchMethodError'{0x000000062b8dc300}: 'java.lang.Object java.lang.invoke.Invokers$Holder.linkToTargetMethod(java.lang.Object, long, java.lang.Object)'> (0x000000062b8dc300) 
thrown [src/hotspot/share/interpreter/linkResolver.cpp, line 758]
Event: 0.321 Thread 0x00007f8ba0027aa0 Exception <a 'java/lang/NoSuchMethodError'{0x000000062b8e3a18}: 'int java.lang.invoke.DirectMethodHandle$Holder.invokeStaticInit(java.lang.Object, java.lang.Object, java.lang.Object, long)'> (0x000000062b8e3a18) 
thrown [src/hotspot/share/interpreter/linkResolver.cpp, line 758]
Event: 0.336 Thread 0x00007f8ba0027aa0 Exception <a 'sun/nio/fs/UnixException'{0x000000062b982b10}> (0x000000062b982b10) 
thrown [src/hotspot/share/prims/jni.cpp, line 516]
Event: 0.627 Thread 0x00007f8ba0027aa0 Exception <a 'sun/nio/fs/UnixException'{0x000000062ba04f20}> (0x000000062ba04f20) 
thrown [src/hotspot/share/prims/jni.cpp, line 516]
Event: 0.628 Thread 0x00007f8ba0027aa0 Exception <a 'sun/nio/fs/UnixException'{0x000000062ba0b260}> (0x000000062ba0b260) 
thrown [src/hotspot/share/prims/jni.cpp, line 516]

VM Operations (6 events):
Event: 0.055 Executing VM operation: ChangeBreakpoints
Event: 0.055 Executing VM operation: ChangeBreakpoints done
Event: 0.238 Executing VM operation: HandshakeAllThreads
Event: 0.238 Executing VM operation: HandshakeAllThreads done
Event: 1.238 Executing VM operation: Cleanup
Event: 1.238 Executing VM operation: Cleanup done

Events (20 events):
Event: 0.647 loading class java/util/stream/IntPipeline$10$1 done
Event: 0.647 loading class java/lang/StringUTF16$CharsSpliterator
Event: 0.647 loading class java/lang/StringUTF16$CharsSpliterator done
Event: 0.647 loading class java/lang/CharacterData00
Event: 0.647 loading class java/lang/CharacterData00 done
Event: 0.668 loading class java/util/function/IntFunction
Event: 0.668 loading class java/util/function/IntFunction done
Event: 1.508 Thread 0x00007f8b3c0012a0 Thread exited: 0x00007f8b3c0012a0
Event: 2.598 loading class java/util/IdentityHashMap$KeyIterator
Event: 2.598 loading class java/util/IdentityHashMap$IdentityHashMapIterator
Event: 2.598 loading class java/util/IdentityHashMap$IdentityHashMapIterator done
Event: 2.598 loading class java/util/IdentityHashMap$KeyIterator done
Event: 2.598 Thread 0x00007f8ba0027aa0 Thread exited: 0x00007f8ba0027aa0
Event: 2.598 Protecting memory [0x00007f8ba6b56000,0x00007f8ba6b5a000] with protection modes 0
Event: 2.598 Thread 0x00007f8ba0027aa0 Thread added: 0x00007f8ba0027aa0
Event: 2.598 loading class java/lang/Shutdown
Event: 2.599 loading class java/lang/Shutdown done
Event: 2.599 loading class java/lang/Shutdown$Lock
Event: 2.599 loading class java/lang/Shutdown$Lock done
Event: 2.599 Thread 0x00007f8ba0027aa0 Thread exited: 0x00007f8ba0027aa0


Dynamic libraries:
60cc00000-62c000000 rw-p 00000000 00:00 0 
62c000000-800000000 ---p 00000000 00:00 0 
800000000-800020000 rw-p 00000000 00:00 0 
800020000-800040000 rw-p 00000000 00:00 0 
800040000-8000b0000 rw-p 00000000 00:00 0 
8000b0000-8000c0000 ---p 00000000 00:00 0 
8000c0000-8000e0000 rw-p 00000000 00:00 0 
8000e0000-840000000 ---p 00000000 00:00 0 
55df54788000-55df54789000 r--p 00000000 08:20 383590                     /root/.vscode-server/extensions/redhat.java-1.14.0-linux-x64/jre/17.0.5-linux-x86_64/bin/java
55df54789000-55df5478a000 r-xp 00001000 08:20 383590                     /root/.vscode-server/extensions/redhat.java-1.14.0-linux-x64/jre/17.0.5-linux-x86_64/bin/java
55df5478a000-55df5478b000 r--p 00002000 08:20 383590                     /root/.vscode-server/extensions/redhat.java-1.14.0-linux-x64/jre/17.0.5-linux-x86_64/bin/java
55df5478b000-55df5478c000 r--p 00002000 08:20 383590                     /root/.vscode-server/extensions/redhat.java-1.14.0-linux-x64/jre/17.0.5-linux-x86_64/bin/java
55df5478c000-55df5478d000 rw-p 00003000 08:20 383590                     /root/.vscode-server/extensions/redhat.java-1.14.0-linux-x64/jre/17.0.5-linux-x86_64/bin/java
55df556d1000-55df55719000 rw-p 00000000 00:00 0                          [heap]
7f8b04000000-7f8b04021000 rw-p 00000000 00:00 0 
7f8b04021000-7f8b08000000 ---p 00000000 00:00 0 
7f8b09c00000-7f8b09c30000 rw-p 00000000 00:00 0 
7f8b09c30000-7f8b0a400000 ---p 00000000 00:00 0 
7f8b0a5a0000-7f8b0a5f6000 r-xp 00000000 08:20 287481                     /tmp/lwjglroot/3.3.1-build-7/liblwjgl_opengl.so
7f8b0a5f6000-7f8b0a7f5000 ---p 00056000 08:20 287481                     /tmp/lwjglroot/3.3.1-build-7/liblwjgl_opengl.so
7f8b0a7f5000-7f8b0a7f6000 r--p 00055000 08:20 287481                     /tmp/lwjglroot/3.3.1-build-7/liblwjgl_opengl.so
7f8b0a7f6000-7f8b0a7f7000 rw-p 00056000 08:20 287481                     /tmp/lwjglroot/3.3.1-build-7/liblwjgl_opengl.so
7f8b0ab7b000-7f8b0aeff000 rw-s 00000000 00:01 32793                      /SYSV00000000 (deleted)
7f8b0b7ff000-7f8b0b800000 ---p 00000000 00:00 0 
7f8b0b800000-7f8b0c000000 rw-p 00000000 00:00 0 
7f8b0c000000-7f8b0c02a000 rw-p 00000000 00:00 0 
7f8b0c02a000-7f8b10000000 ---p 00000000 00:00 0 
7f8b10029000-7f8b1002a000 rwxp 00000000 00:00 0 
7f8b10746000-7f8b10747000 ---p 00000000 00:00 0 
7f8b10747000-7f8b10f47000 rw-p 00000000 00:00 0 
7f8b10f47000-7f8b10f48000 ---p 00000000 00:00 0 
7f8b10f48000-7f8b11748000 rw-p 00000000 00:00 0 
7f8b11748000-7f8b11749000 ---p 00000000 00:00 0 
7f8b11749000-7f8b11f49000 rw-p 00000000 00:00 0 
7f8b12049000-7f8b1204a000 ---p 00000000 00:00 0 
7f8b1204a000-7f8b1284a000 rw-p 00000000 00:00 0 
7f8b1284a000-7f8b17a6b000 r-xp 00000000 08:20 7268                       /usr/lib/x86_64-linux-gnu/libLLVM-12.so.1
7f8b17a6b000-7f8b17f84000 r--p 05220000 08:20 7268                       /usr/lib/x86_64-linux-gnu/libLLVM-12.so.1
7f8b17f84000-7f8b17f8b000 rw-p 05739000 08:20 7268                       /usr/lib/x86_64-linux-gnu/libLLVM-12.so.1
7f8b17f8b000-7f8b18000000 rw-p 00000000 00:00 0 
7f8b18000000-7f8b18021000 rw-p 00000000 00:00 0 
7f8b18021000-7f8b1c000000 ---p 00000000 00:00 0 
7f8b1c649000-7f8b1d7b4000 r--p 00000000 00:1d 16607023626197133          /usr/lib/wsl/drivers/nv_dispi.inf_amd64_807bbbd5b556d8f2/libnvwgf2umx.so
7f8b1d7b4000-7f8b1f247000 r-xp 0116b000 00:1d 16607023626197133          /usr/lib/wsl/drivers/nv_dispi.inf_amd64_807bbbd5b556d8f2/libnvwgf2umx.so
7f8b1f247000-7f8b1f349000 r--p 02bfe000 00:1d 16607023626197133          /usr/lib/wsl/drivers/nv_dispi.inf_amd64_807bbbd5b556d8f2/libnvwgf2umx.so
7f8b1f349000-7f8b1ffb1000 rw-p 02d00000 00:1d 16607023626197133          /usr/lib/wsl/drivers/nv_dispi.inf_amd64_807bbbd5b556d8f2/libnvwgf2umx.so
7f8b1ffb1000-7f8b20000000 rw-p 00000000 00:00 0 
7f8b20000000-7f8b20021000 rw-p 00000000 00:00 0 
7f8b20021000-7f8b24000000 ---p 00000000 00:00 0 
7f8b24000000-7f8b24021000 rw-p 00000000 00:00 0 
7f8b24021000-7f8b28000000 ---p 00000000 00:00 0 
7f8b28000000-7f8b28021000 rw-p 00000000 00:00 0 
7f8b28021000-7f8b2c000000 ---p 00000000 00:00 0 
7f8b2c000000-7f8b2c021000 rw-p 00000000 00:00 0 
7f8b2c021000-7f8b30000000 ---p 00000000 00:00 0 
7f8b30000000-7f8b3005b000 rw-p 00000000 00:00 0 
7f8b3005b000-7f8b34000000 ---p 00000000 00:00 0 
7f8b34000000-7f8b34021000 rw-p 00000000 00:00 0 
7f8b34021000-7f8b38000000 ---p 00000000 00:00 0 
7f8b38000000-7f8b38021000 rw-p 00000000 00:00 0 
7f8b38021000-7f8b3c000000 ---p 00000000 00:00 0 
7f8b3c000000-7f8b3c08d000 rw-p 00000000 00:00 0 
7f8b3c08d000-7f8b40000000 ---p 00000000 00:00 0 
7f8b40000000-7f8b40148000 rw-p 00000000 00:00 0 
7f8b40148000-7f8b44000000 ---p 00000000 00:00 0 
7f8b4479b000-7f8b447df000 r--p 00000000 00:1f 13792273859049748          /usr/lib/wsl/lib/libd3d12.so
7f8b447df000-7f8b44858000 r-xp 00043000 00:1f 13792273859049748          /usr/lib/wsl/lib/libd3d12.so
7f8b44858000-7f8b44860000 r--p 000bb000 00:1f 13792273859049748          /usr/lib/wsl/lib/libd3d12.so
7f8b44860000-7f8b44862000 rw-p 000c2000 00:1f 13792273859049748          /usr/lib/wsl/lib/libd3d12.so
7f8b44862000-7f8b44865000 rw-p 00000000 00:00 0 
7f8b44865000-7f8b448a8000 r--p 00000000 00:1f 20266198323394879          /usr/lib/wsl/lib/libdxcore.so
7f8b448a8000-7f8b44929000 r-xp 00042000 00:1f 20266198323394879          /usr/lib/wsl/lib/libdxcore.so
7f8b44929000-7f8b44931000 r--p 000c2000 00:1f 20266198323394879          /usr/lib/wsl/lib/libdxcore.so
7f8b44931000-7f8b44933000 rw-p 000c9000 00:1f 20266198323394879          /usr/lib/wsl/lib/libdxcore.so
7f8b44933000-7f8b44936000 rw-p 00000000 00:00 0 
7f8b44936000-7f8b44944000 r--p 00000000 08:20 11539                      /usr/lib/x86_64-linux-gnu/libtinfo.so.6.2
7f8b44944000-7f8b44953000 r-xp 0000e000 08:20 11539                      /usr/lib/x86_64-linux-gnu/libtinfo.so.6.2
7f8b44953000-7f8b44961000 r--p 0001d000 08:20 11539                      /usr/lib/x86_64-linux-gnu/libtinfo.so.6.2
7f8b44961000-7f8b44965000 r--p 0002a000 08:20 11539                      /usr/lib/x86_64-linux-gnu/libtinfo.so.6.2
7f8b44965000-7f8b44966000 rw-p 0002e000 08:20 11539                      /usr/lib/x86_64-linux-gnu/libtinfo.so.6.2
7f8b44966000-7f8b4496e000 r--p 00000000 08:20 11177                      /usr/lib/x86_64-linux-gnu/libedit.so.2.0.63
7f8b4496e000-7f8b44989000 r-xp 00008000 08:20 11177                      /usr/lib/x86_64-linux-gnu/libedit.so.2.0.63
7f8b44989000-7f8b44997000 r--p 00023000 08:20 11177                      /usr/lib/x86_64-linux-gnu/libedit.so.2.0.63
7f8b44997000-7f8b44999000 r--p 00030000 08:20 11177                      /usr/lib/x86_64-linux-gnu/libedit.so.2.0.63
7f8b44999000-7f8b4499a000 rw-p 00032000 08:20 11177                      /usr/lib/x86_64-linux-gnu/libedit.so.2.0.63
7f8b4499a000-7f8b4499e000 rw-p 00000000 00:00 0 
7f8b4499e000-7f8b449a0000 r--p 00000000 08:20 11201                      /usr/lib/x86_64-linux-gnu/libffi.so.7.1.0
7f8b449a0000-7f8b449a6000 r-xp 00002000 08:20 11201                      /usr/lib/x86_64-linux-gnu/libffi.so.7.1.0
7f8b449a6000-7f8b449a7000 r--p 00008000 08:20 11201                      /usr/lib/x86_64-linux-gnu/libffi.so.7.1.0
7f8b449a7000-7f8b449a8000 ---p 00009000 08:20 11201                      /usr/lib/x86_64-linux-gnu/libffi.so.7.1.0
7f8b449a8000-7f8b449a9000 r--p 00009000 08:20 11201                      /usr/lib/x86_64-linux-gnu/libffi.so.7.1.0
7f8b449a9000-7f8b449aa000 rw-p 0000a000 08:20 11201                      /usr/lib/x86_64-linux-gnu/libffi.so.7.1.0
7f8b449aa000-7f8b449ad000 r--p 00000000 08:20 15714                      /usr/lib/x86_64-linux-gnu/libgcc_s.so.1
7f8b449ad000-7f8b449bf000 r-xp 00003000 08:20 15714                      /usr/lib/x86_64-linux-gnu/libgcc_s.so.1
7f8b449bf000-7f8b449c3000 r--p 00015000 08:20 15714                      /usr/lib/x86_64-linux-gnu/libgcc_s.so.1
7f8b449c3000-7f8b449c4000 r--p 00018000 08:20 15714                      /usr/lib/x86_64-linux-gnu/libgcc_s.so.1
7f8b449c4000-7f8b449c5000 rw-p 00019000 08:20 15714                      /usr/lib/x86_64-linux-gnu/libgcc_s.so.1
7f8b449c5000-7f8b44a5b000 r--p 00000000 08:20 16268                      /usr/lib/x86_64-linux-gnu/libstdc++.so.6.0.28
7f8b44a5b000-7f8b44b4c000 r-xp 00096000 08:20 16268                      /usr/lib/x86_64-linux-gnu/libstdc++.so.6.0.28
7f8b44b4c000-7f8b44b95000 r--p 00187000 08:20 16268                      /usr/lib/x86_64-linux-gnu/libstdc++.so.6.0.28
7f8b44b95000-7f8b44b96000 ---p 001d0000 08:20 16268                      /usr/lib/x86_64-linux-gnu/libstdc++.so.6.0.28
7f8b44b96000-7f8b44ba1000 r--p 001d0000 08:20 16268                      /usr/lib/x86_64-linux-gnu/libstdc++.so.6.0.28
7f8b44ba1000-7f8b44ba4000 rw-p 001db000 08:20 16268                      /usr/lib/x86_64-linux-gnu/libstdc++.so.6.0.28
7f8b44ba4000-7f8b44ba7000 rw-p 00000000 00:00 0 
7f8b46884000-7f8b46887000 r--p 00000000 08:20 7075                       /usr/lib/x86_64-linux-gnu/libxcb-xfixes.so.0.0.0
7f8b46887000-7f8b4688a000 r-xp 00003000 08:20 7075                       /usr/lib/x86_64-linux-gnu/libxcb-xfixes.so.0.0.0
7f8b4688a000-7f8b4688b000 r--p 00006000 08:20 7075                       /usr/lib/x86_64-linux-gnu/libxcb-xfixes.so.0.0.0
7f8b4688b000-7f8b4688c000 ---p 00007000 08:20 7075                       /usr/lib/x86_64-linux-gnu/libxcb-xfixes.so.0.0.0
7f8b4688c000-7f8b4688d000 r--p 00007000 08:20 7075                       /usr/lib/x86_64-linux-gnu/libxcb-xfixes.so.0.0.0
7f8b4688d000-7f8b4688e000 rw-p 00008000 08:20 7075                       /usr/lib/x86_64-linux-gnu/libxcb-xfixes.so.0.0.0
7f8b4688e000-7f8b4688f000 r-xp 00000000 08:20 11639                      /usr/lib/x86_64-linux-gnu/libxshmfence.so.1.0.0
7f8b4688f000-7f8b46a8e000 ---p 00001000 08:20 11639                      /usr/lib/x86_64-linux-gnu/libxshmfence.so.1.0.0
7f8b46a8e000-7f8b46a8f000 r--p 00000000 08:20 11639                      /usr/lib/x86_64-linux-gnu/libxshmfence.so.1.0.0
7f8b46a8f000-7f8b46a90000 rw-p 00001000 08:20 11639                      /usr/lib/x86_64-linux-gnu/libxshmfence.so.1.0.0
7f8b46a90000-7f8b46a93000 r--p 00000000 08:20 11625                      /usr/lib/x86_64-linux-gnu/libxcb-sync.so.1.0.0
7f8b46a93000-7f8b46a96000 r-xp 00003000 08:20 11625                      /usr/lib/x86_64-linux-gnu/libxcb-sync.so.1.0.0
7f8b46a96000-7f8b46a97000 r--p 00006000 08:20 11625                      /usr/lib/x86_64-linux-gnu/libxcb-sync.so.1.0.0
7f8b46a97000-7f8b46a98000 ---p 00007000 08:20 11625                      /usr/lib/x86_64-linux-gnu/libxcb-sync.so.1.0.0
7f8b46a98000-7f8b46a99000 r--p 00007000 08:20 11625                      /usr/lib/x86_64-linux-gnu/libxcb-sync.so.1.0.0
7f8b46a99000-7f8b46a9a000 rw-p 00008000 08:20 11625                      /usr/lib/x86_64-linux-gnu/libxcb-sync.so.1.0.0
7f8b46a9a000-7f8b46a9b000 r--p 00000000 08:20 11619                      /usr/lib/x86_64-linux-gnu/libxcb-present.so.0.0.0
7f8b46a9b000-7f8b46a9c000 r-xp 00001000 08:20 11619                      /usr/lib/x86_64-linux-gnu/libxcb-present.so.0.0.0
7f8b46a9c000-7f8b46a9d000 r--p 00002000 08:20 11619                      /usr/lib/x86_64-linux-gnu/libxcb-present.so.0.0.0
7f8b46a9d000-7f8b46a9e000 r--p 00002000 08:20 11619                      /usr/lib/x86_64-linux-gnu/libxcb-present.so.0.0.0
7f8b46a9e000-7f8b46a9f000 rw-p 00003000 08:20 11619                      /usr/lib/x86_64-linux-gnu/libxcb-present.so.0.0.0
7f8b46a9f000-7f8b46aa1000 r--p 00000000 08:20 11615                      /usr/lib/x86_64-linux-gnu/libxcb-dri3.so.0.0.0
7f8b46aa1000-7f8b46aa2000 r-xp 00002000 08:20 11615                      /usr/lib/x86_64-linux-gnu/libxcb-dri3.so.0.0.0
7f8b46aa2000-7f8b46aa3000 r--p 00003000 08:20 11615                      /usr/lib/x86_64-linux-gnu/libxcb-dri3.so.0.0.0
7f8b46aa3000-7f8b46aa4000 r--p 00003000 08:20 11615                      /usr/lib/x86_64-linux-gnu/libxcb-dri3.so.0.0.0
7f8b46aa4000-7f8b46aa5000 rw-p 00004000 08:20 11615                      /usr/lib/x86_64-linux-gnu/libxcb-dri3.so.0.0.0
7f8b46aa5000-7f8b46aa9000 r--p 00000000 08:20 18253                      /usr/lib/x86_64-linux-gnu/libexpat.so.1.6.11
7f8b46aa9000-7f8b46ac5000 r-xp 00004000 08:20 18253                      /usr/lib/x86_64-linux-gnu/libexpat.so.1.6.11
7f8b46ac5000-7f8b46acf000 r--p 00020000 08:20 18253                      /usr/lib/x86_64-linux-gnu/libexpat.so.1.6.11
7f8b46acf000-7f8b46ad0000 ---p 0002a000 08:20 18253                      /usr/lib/x86_64-linux-gnu/libexpat.so.1.6.11
7f8b46ad0000-7f8b46ad2000 r--p 0002a000 08:20 18253                      /usr/lib/x86_64-linux-gnu/libexpat.so.1.6.11
7f8b46ad2000-7f8b46ad3000 rw-p 0002c000 08:20 18253                      /usr/lib/x86_64-linux-gnu/libexpat.so.1.6.11
7f8b46ad3000-7f8b46ad4000 r--p 00000000 08:20 7050                       /usr/lib/x86_64-linux-gnu/libxcb-shm.so.0.0.0
7f8b46ad4000-7f8b46ad5000 r-xp 00001000 08:20 7050                       /usr/lib/x86_64-linux-gnu/libxcb-shm.so.0.0.0
7f8b46ad5000-7f8b46ad6000 r--p 00002000 08:20 7050                       /usr/lib/x86_64-linux-gnu/libxcb-shm.so.0.0.0
7f8b46ad6000-7f8b46ad7000 r--p 00002000 08:20 7050                       /usr/lib/x86_64-linux-gnu/libxcb-shm.so.0.0.0
7f8b46ad7000-7f8b46ad8000 rw-p 00003000 08:20 7050                       /usr/lib/x86_64-linux-gnu/libxcb-shm.so.0.0.0
7f8b46ad8000-7f8b46ada000 r--p 00000000 08:20 11613                      /usr/lib/x86_64-linux-gnu/libxcb-dri2.so.0.0.0
7f8b46ada000-7f8b46adc000 r-xp 00002000 08:20 11613                      /usr/lib/x86_64-linux-gnu/libxcb-dri2.so.0.0.0
7f8b46adc000-7f8b46add000 r--p 00004000 08:20 11613                      /usr/lib/x86_64-linux-gnu/libxcb-dri2.so.0.0.0
7f8b46add000-7f8b46ade000 r--p 00004000 08:20 11613                      /usr/lib/x86_64-linux-gnu/libxcb-dri2.so.0.0.0
7f8b46ade000-7f8b46adf000 rw-p 00005000 08:20 11613                      /usr/lib/x86_64-linux-gnu/libxcb-dri2.so.0.0.0
7f8b46adf000-7f8b46aea000 r--p 00000000 08:20 11617                      /usr/lib/x86_64-linux-gnu/libxcb-glx.so.0.0.0
7f8b46aea000-7f8b46af3000 r-xp 0000b000 08:20 11617                      /usr/lib/x86_64-linux-gnu/libxcb-glx.so.0.0.0
7f8b46af3000-7f8b46af8000 r--p 00014000 08:20 11617                      /usr/lib/x86_64-linux-gnu/libxcb-glx.so.0.0.0
7f8b46af8000-7f8b46af9000 ---p 00019000 08:20 11617                      /usr/lib/x86_64-linux-gnu/libxcb-glx.so.0.0.0
7f8b46af9000-7f8b46afb000 r--p 00019000 08:20 11617                      /usr/lib/x86_64-linux-gnu/libxcb-glx.so.0.0.0
7f8b46afb000-7f8b46afc000 rw-p 0001b000 08:20 11617                      /usr/lib/x86_64-linux-gnu/libxcb-glx.so.0.0.0
7f8b46afc000-7f8b46b01000 r--p 00000000 08:20 19124                      /usr/lib/x86_64-linux-gnu/libdrm.so.2.4.0
7f8b46b01000-7f8b46b0c000 r-xp 00005000 08:20 19124                      /usr/lib/x86_64-linux-gnu/libdrm.so.2.4.0
7f8b46b0c000-7f8b46b10000 r--p 00010000 08:20 19124                      /usr/lib/x86_64-linux-gnu/libdrm.so.2.4.0
7f8b46b10000-7f8b46b11000 r--p 00013000 08:20 19124                      /usr/lib/x86_64-linux-gnu/libdrm.so.2.4.0
7f8b46b11000-7f8b46b12000 rw-p 00014000 08:20 19124                      /usr/lib/x86_64-linux-gnu/libdrm.so.2.4.0
7f8b46b12000-7f8b46b1f000 r--p 00000000 08:20 7199                       /usr/lib/x86_64-linux-gnu/libglapi.so.0.0.0
7f8b46b1f000-7f8b46b2d000 r-xp 0000d000 08:20 7199                       /usr/lib/x86_64-linux-gnu/libglapi.so.0.0.0
7f8b46b2d000-7f8b46b46000 r--p 0001b000 08:20 7199                       /usr/lib/x86_64-linux-gnu/libglapi.so.0.0.0
7f8b46b46000-7f8b46b47000 ---p 00034000 08:20 7199                       /usr/lib/x86_64-linux-gnu/libglapi.so.0.0.0
7f8b46b47000-7f8b46b4b000 r--p 00034000 08:20 7199                       /usr/lib/x86_64-linux-gnu/libglapi.so.0.0.0
7f8b46b4b000-7f8b46b4c000 rw-p 00038000 08:20 7199                       /usr/lib/x86_64-linux-gnu/libglapi.so.0.0.0
7f8b46b4c000-7f8b46b4d000 rw-p 00000000 00:00 0 
7f8b46b4d000-7f8b46b66000 r--p 00000000 08:20 7111                       /usr/lib/x86_64-linux-gnu/libGLX_mesa.so.0.0.0
7f8b46b66000-7f8b46baa000 r-xp 00019000 08:20 7111                       /usr/lib/x86_64-linux-gnu/libGLX_mesa.so.0.0.0
7f8b46baa000-7f8b46bc1000 r--p 0005d000 08:20 7111                       /usr/lib/x86_64-linux-gnu/libGLX_mesa.so.0.0.0
7f8b46bc1000-7f8b46bc4000 r--p 00073000 08:20 7111                       /usr/lib/x86_64-linux-gnu/libGLX_mesa.so.0.0.0
7f8b46bc4000-7f8b46bc5000 rw-p 00076000 08:20 7111                       /usr/lib/x86_64-linux-gnu/libGLX_mesa.so.0.0.0
7f8b46bc5000-7f8b46bc6000 rw-p 00000000 00:00 0 
7f8b46bc6000-7f8b46bc9000 r--p 00000000 08:20 3717                       /usr/lib/x86_64-linux-gnu/libGLX.so.0.0.0
7f8b46bc9000-7f8b46be4000 r-xp 00003000 08:20 3717                       /usr/lib/x86_64-linux-gnu/libGLX.so.0.0.0
7f8b46be4000-7f8b46be8000 r--p 0001e000 08:20 3717                       /usr/lib/x86_64-linux-gnu/libGLX.so.0.0.0
7f8b46be8000-7f8b46be9000 r--p 00021000 08:20 3717                       /usr/lib/x86_64-linux-gnu/libGLX.so.0.0.0
7f8b46be9000-7f8b46bea000 rw-p 00022000 08:20 3717                       /usr/lib/x86_64-linux-gnu/libGLX.so.0.0.0
7f8b46bea000-7f8b46bfa000 rw-p 00000000 00:00 0 
7f8b46bfa000-7f8b46c3a000 r--p 00000000 08:20 3793                       /usr/lib/x86_64-linux-gnu/libGLdispatch.so.0.0.0
7f8b46c3a000-7f8b46c79000 r-xp 00040000 08:20 3793                       /usr/lib/x86_64-linux-gnu/libGLdispatch.so.0.0.0
7f8b46c79000-7f8b46c8d000 r--p 0007f000 08:20 3793                       /usr/lib/x86_64-linux-gnu/libGLdispatch.so.0.0.0
7f8b46c8d000-7f8b46ca9000 r--p 00092000 08:20 3793                       /usr/lib/x86_64-linux-gnu/libGLdispatch.so.0.0.0
7f8b46ca9000-7f8b46caa000 rw-p 000ae000 08:20 3793                       /usr/lib/x86_64-linux-gnu/libGLdispatch.so.0.0.0
7f8b46caa000-7f8b46cb2000 rw-p 00000000 00:00 0 
7f8b46cb2000-7f8b46cf5000 r--p 00000000 08:20 3647                       /usr/lib/x86_64-linux-gnu/libGL.so.1.7.0
7f8b46cf5000-7f8b46d15000 r-xp 00043000 08:20 3647                       /usr/lib/x86_64-linux-gnu/libGL.so.1.7.0
7f8b46d15000-7f8b46d2a000 r--p 00063000 08:20 3647                       /usr/lib/x86_64-linux-gnu/libGL.so.1.7.0
7f8b46d2a000-7f8b46d38000 r--p 00077000 08:20 3647                       /usr/lib/x86_64-linux-gnu/libGL.so.1.7.0
7f8b46d38000-7f8b46d39000 rw-p 00085000 08:20 3647                       /usr/lib/x86_64-linux-gnu/libGL.so.1.7.0
7f8b46d39000-7f8b46d3a000 rw-p 00000000 00:00 0 
7f8b46d3a000-7f8b46d3b000 r--p 00000000 08:20 7021                       /usr/lib/x86_64-linux-gnu/libX11-xcb.so.1.0.0
7f8b46d3b000-7f8b46d3c000 r-xp 00001000 08:20 7021                       /usr/lib/x86_64-linux-gnu/libX11-xcb.so.1.0.0
7f8b46d3c000-7f8b46d3d000 r--p 00002000 08:20 7021                       /usr/lib/x86_64-linux-gnu/libX11-xcb.so.1.0.0
7f8b46d3d000-7f8b46d3e000 r--p 00002000 08:20 7021                       /usr/lib/x86_64-linux-gnu/libX11-xcb.so.1.0.0
7f8b46d3e000-7f8b46d3f000 rw-p 00003000 08:20 7021                       /usr/lib/x86_64-linux-gnu/libX11-xcb.so.1.0.0
7f8b46d44000-7f8b46d46000 r--p 00000000 08:20 11041                      /usr/lib/x86_64-linux-gnu/libXfixes.so.3.1.0
7f8b46d46000-7f8b46d49000 r-xp 00002000 08:20 11041                      /usr/lib/x86_64-linux-gnu/libXfixes.so.3.1.0
7f8b46d49000-7f8b46d4a000 r--p 00005000 08:20 11041                      /usr/lib/x86_64-linux-gnu/libXfixes.so.3.1.0
7f8b46d4a000-7f8b46d4b000 r--p 00005000 08:20 11041                      /usr/lib/x86_64-linux-gnu/libXfixes.so.3.1.0
7f8b46d4b000-7f8b46d4c000 rw-p 00006000 08:20 11041                      /usr/lib/x86_64-linux-gnu/libXfixes.so.3.1.0
7f8b46f75000-7f8b46f79000 r--p 00000000 08:20 11039                      /usr/lib/x86_64-linux-gnu/libXext.so.6.4.0
7f8b46f79000-7f8b46f84000 r-xp 00004000 08:20 11039                      /usr/lib/x86_64-linux-gnu/libXext.so.6.4.0
7f8b46f84000-7f8b46f88000 r--p 0000f000 08:20 11039                      /usr/lib/x86_64-linux-gnu/libXext.so.6.4.0
7f8b46f88000-7f8b46f89000 r--p 00012000 08:20 11039                      /usr/lib/x86_64-linux-gnu/libXext.so.6.4.0
7f8b46f89000-7f8b46f8a000 rw-p 00013000 08:20 11039                      /usr/lib/x86_64-linux-gnu/libXext.so.6.4.0
7f8b46f8a000-7f8b46f8e000 r--p 00000000 08:20 11112                      /usr/lib/x86_64-linux-gnu/libbsd.so.0.10.0
7f8b46f8e000-7f8b46f9d000 r-xp 00004000 08:20 11112                      /usr/lib/x86_64-linux-gnu/libbsd.so.0.10.0
7f8b46f9d000-7f8b46fa0000 r--p 00013000 08:20 11112                      /usr/lib/x86_64-linux-gnu/libbsd.so.0.10.0
7f8b46fa0000-7f8b46fa1000 ---p 00016000 08:20 11112                      /usr/lib/x86_64-linux-gnu/libbsd.so.0.10.0
7f8b46fa1000-7f8b46fa2000 r--p 00016000 08:20 11112                      /usr/lib/x86_64-linux-gnu/libbsd.so.0.10.0
7f8b46fa2000-7f8b46fa3000 rw-p 00017000 08:20 11112                      /usr/lib/x86_64-linux-gnu/libbsd.so.0.10.0
7f8b46fa3000-7f8b46fa4000 rw-p 00000000 00:00 0 
7f8b46fa4000-7f8b46faf000 r--p 00000000 08:20 11627                      /usr/lib/x86_64-linux-gnu/libxcb.so.1.1.0
7f8b46faf000-7f8b46fc3000 r-xp 0000b000 08:20 11627                      /usr/lib/x86_64-linux-gnu/libxcb.so.1.1.0
7f8b46fc3000-7f8b46fcc000 r--p 0001f000 08:20 11627                      /usr/lib/x86_64-linux-gnu/libxcb.so.1.1.0
7f8b46fcc000-7f8b46fcd000 r--p 00027000 08:20 11627                      /usr/lib/x86_64-linux-gnu/libxcb.so.1.1.0
7f8b46fcd000-7f8b46fce000 rw-p 00028000 08:20 11627                      /usr/lib/x86_64-linux-gnu/libxcb.so.1.1.0
7f8b46fce000-7f8b46fe6000 r--p 00000000 08:20 13542                      /usr/lib/x86_64-linux-gnu/libX11.so.6.3.0
7f8b46fe6000-7f8b47071000 r-xp 00018000 08:20 13542                      /usr/lib/x86_64-linux-gnu/libX11.so.6.3.0
7f8b47071000-7f8b47105000 r--p 000a3000 08:20 13542                      /usr/lib/x86_64-linux-gnu/libX11.so.6.3.0
7f8b47105000-7f8b47106000 ---p 00137000 08:20 13542                      /usr/lib/x86_64-linux-gnu/libX11.so.6.3.0
7f8b47106000-7f8b47107000 r--p 00137000 08:20 13542                      /usr/lib/x86_64-linux-gnu/libX11.so.6.3.0
7f8b47107000-7f8b4710b000 rw-p 00138000 08:20 13542                      /usr/lib/x86_64-linux-gnu/libX11.so.6.3.0
7f8b4710b000-7f8b47162000 r-xp 00000000 08:20 287479                     /tmp/lwjglroot/3.3.1-build-7/libglfw.so
7f8b47162000-7f8b47361000 ---p 00057000 08:20 287479                     /tmp/lwjglroot/3.3.1-build-7/libglfw.so
7f8b47361000-7f8b47364000 r--p 00056000 08:20 287479                     /tmp/lwjglroot/3.3.1-build-7/libglfw.so
7f8b47364000-7f8b47366000 rw-p 00059000 08:20 287479                     /tmp/lwjglroot/3.3.1-build-7/libglfw.so
7f8b47366000-7f8b47389000 rw-p 00000000 00:00 0 
7f8b47389000-7f8b473f4000 r-xp 00000000 08:20 287478                     /tmp/lwjglroot/3.3.1-build-7/liblwjgl.so
7f8b473f4000-7f8b475f3000 ---p 0006b000 08:20 287478                     /tmp/lwjglroot/3.3.1-build-7/liblwjgl.so
7f8b475f3000-7f8b475f4000 r--p 0006a000 08:20 287478                     /tmp/lwjglroot/3.3.1-build-7/liblwjgl.so
7f8b475f4000-7f8b475f5000 rw-p 0006b000 08:20 287478                     /tmp/lwjglroot/3.3.1-build-7/liblwjgl.so
7f8b475f5000-7f8b475f9000 ---p 00000000 00:00 0 
7f8b475f9000-7f8b476f6000 rw-p 00000000 00:00 0 
7f8b476f6000-7f8b476f7000 ---p 00000000 00:00 0 
7f8b476f7000-7f8b477f8000 rw-p 00000000 00:00 0 
7f8b477f8000-7f8b477fc000 ---p 00000000 00:00 0 
7f8b477fc000-7f8b478f9000 rw-p 00000000 00:00 0 
7f8b478f9000-7f8b478fd000 ---p 00000000 00:00 0 
7f8b478fd000-7f8b479fa000 rw-p 00000000 00:00 0 
7f8b479fa000-7f8b479fe000 ---p 00000000 00:00 0 
7f8b479fe000-7f8b47afb000 rw-p 00000000 00:00 0 
7f8b47afb000-7f8b47aff000 ---p 00000000 00:00 0 
7f8b47aff000-7f8b47bfc000 rw-p 00000000 00:00 0 
7f8b47bfc000-7f8b47c00000 ---p 00000000 00:00 0 
7f8b47c00000-7f8b47cfd000 rw-p 00000000 00:00 0 
7f8b47cfd000-7f8b47d01000 ---p 00000000 00:00 0 
7f8b47d01000-7f8b47dfe000 rw-p 00000000 00:00 0 
7f8b47dfe000-7f8b47e02000 ---p 00000000 00:00 0 
7f8b47e02000-7f8b47eff000 rw-p 00000000 00:00 0 
7f8b47eff000-7f8b47f03000 ---p 00000000 00:00 0 
7f8b47f03000-7f8b48000000 rw-p 00000000 00:00 0 
7f8b48000000-7f8b48021000 rw-p 00000000 00:00 0 
7f8b48021000-7f8b4c000000 ---p 00000000 00:00 0 
7f8b4c000000-7f8b4c097000 rw-p 00000000 00:00 0 
7f8b4c097000-7f8b50000000 ---p 00000000 00:00 0 
7f8b50000000-7f8b50021000 rw-p 00000000 00:00 0 
7f8b50021000-7f8b54000000 ---p 00000000 00:00 0 
7f8b54000000-7f8b54021000 rw-p 00000000 00:00 0 
7f8b54021000-7f8b58000000 ---p 00000000 00:00 0 
7f8b58000000-7f8b58021000 rw-p 00000000 00:00 0 
7f8b58021000-7f8b5c000000 ---p 00000000 00:00 0 
7f8b5c000000-7f8b5c021000 rw-p 00000000 00:00 0 
7f8b5c021000-7f8b60000000 ---p 00000000 00:00 0 
7f8b60000000-7f8b60021000 rw-p 00000000 00:00 0 
7f8b60021000-7f8b64000000 ---p 00000000 00:00 0 
7f8b64000000-7f8b64021000 rw-p 00000000 00:00 0 
7f8b64021000-7f8b68000000 ---p 00000000 00:00 0 
7f8b68000000-7f8b68021000 rw-p 00000000 00:00 0 
7f8b68021000-7f8b6c000000 ---p 00000000 00:00 0 
7f8b6c00f000-7f8b6c010000 r--p 00000000 08:20 11067                      /usr/lib/x86_64-linux-gnu/libXxf86vm.so.1.0.0
7f8b6c010000-7f8b6c013000 r-xp 00001000 08:20 11067                      /usr/lib/x86_64-linux-gnu/libXxf86vm.so.1.0.0
7f8b6c013000-7f8b6c014000 r--p 00004000 08:20 11067                      /usr/lib/x86_64-linux-gnu/libXxf86vm.so.1.0.0
7f8b6c014000-7f8b6c015000 r--p 00004000 08:20 11067                      /usr/lib/x86_64-linux-gnu/libXxf86vm.so.1.0.0
7f8b6c015000-7f8b6c016000 rw-p 00005000 08:20 11067                      /usr/lib/x86_64-linux-gnu/libXxf86vm.so.1.0.0
7f8b6c016000-7f8b6c018000 r--p 00000000 08:20 11037                      /usr/lib/x86_64-linux-gnu/libXdmcp.so.6.0.0
7f8b6c018000-7f8b6c01a000 r-xp 00002000 08:20 11037                      /usr/lib/x86_64-linux-gnu/libXdmcp.so.6.0.0
7f8b6c01a000-7f8b6c01c000 r--p 00004000 08:20 11037                      /usr/lib/x86_64-linux-gnu/libXdmcp.so.6.0.0
7f8b6c01c000-7f8b6c01d000 r--p 00005000 08:20 11037                      /usr/lib/x86_64-linux-gnu/libXdmcp.so.6.0.0
7f8b6c01d000-7f8b6c01e000 rw-p 00006000 08:20 11037                      /usr/lib/x86_64-linux-gnu/libXdmcp.so.6.0.0
7f8b6c01e000-7f8b6c01f000 r--p 00000000 08:20 11028                      /usr/lib/x86_64-linux-gnu/libXau.so.6.0.0
7f8b6c01f000-7f8b6c021000 r-xp 00001000 08:20 11028                      /usr/lib/x86_64-linux-gnu/libXau.so.6.0.0
7f8b6c021000-7f8b6c022000 r--p 00003000 08:20 11028                      /usr/lib/x86_64-linux-gnu/libXau.so.6.0.0
7f8b6c022000-7f8b6c023000 r--p 00003000 08:20 11028                      /usr/lib/x86_64-linux-gnu/libXau.so.6.0.0
7f8b6c023000-7f8b6c024000 rw-p 00004000 08:20 11028                      /usr/lib/x86_64-linux-gnu/libXau.so.6.0.0
7f8b6c024000-7f8b6c055000 rw-p 00000000 00:00 0 
7f8b6c055000-7f8b6c059000 r--p 00000000 08:20 383988                     /root/.vscode-server/extensions/redhat.java-1.14.0-linux-x64/jre/17.0.5-linux-x86_64/lib/libnet.so
7f8b6c059000-7f8b6c067000 r-xp 00004000 08:20 383988                     /root/.vscode-server/extensions/redhat.java-1.14.0-linux-x64/jre/17.0.5-linux-x86_64/lib/libnet.so
7f8b6c067000-7f8b6c06b000 r--p 00012000 08:20 383988                     /root/.vscode-server/extensions/redhat.java-1.14.0-linux-x64/jre/17.0.5-linux-x86_64/lib/libnet.so
7f8b6c06b000-7f8b6c06c000 r--p 00015000 08:20 383988                     /root/.vscode-server/extensions/redhat.java-1.14.0-linux-x64/jre/17.0.5-linux-x86_64/lib/libnet.so
7f8b6c06c000-7f8b6c06d000 rw-p 00016000 08:20 383988                     /root/.vscode-server/extensions/redhat.java-1.14.0-linux-x64/jre/17.0.5-linux-x86_64/lib/libnet.so
7f8b6c06d000-7f8b6c071000 ---p 00000000 00:00 0 
7f8b6c071000-7f8b6c16e000 rw-p 00000000 00:00 0 
7f8b6c16e000-7f8b6c172000 ---p 00000000 00:00 0 
7f8b6c172000-7f8b6c26f000 rw-p 00000000 00:00 0 
7f8b6c26f000-7f8b6c273000 ---p 00000000 00:00 0 
7f8b6c273000-7f8b6c370000 rw-p 00000000 00:00 0 
7f8b6c370000-7f8b6c374000 ---p 00000000 00:00 0 
7f8b6c374000-7f8b6c471000 rw-p 00000000 00:00 0 
7f8b6c471000-7f8b6c4a3000 r--p 00000000 08:20 20356                      /usr/lib/locale/C.UTF-8/LC_CTYPE
7f8b6c4a3000-7f8b6c616000 r--p 00000000 08:20 20355                      /usr/lib/locale/C.UTF-8/LC_COLLATE
7f8b6c616000-7f8b6c8fc000 r--p 00000000 08:20 4069                       /usr/lib/locale/locale-archive
7f8b6c8fc000-7f8b6c900000 ---p 00000000 00:00 0 
7f8b6c900000-7f8b6c9fd000 rw-p 00000000 00:00 0 
7f8b6c9fd000-7f8b6ca01000 ---p 00000000 00:00 0 
7f8b6ca01000-7f8b6cafe000 rw-p 00000000 00:00 0 
7f8b6cafe000-7f8b6caff000 ---p 00000000 00:00 0 
7f8b6caff000-7f8b6d000000 rw-p 00000000 00:00 0 
7f8b6d000000-7f8b6d080000 rw-p 00000000 00:00 0 
7f8b6d080000-7f8b6d100000 rw-p 00000000 00:00 0 
7f8b6d100000-7f8b6d2a0000 rw-p 00000000 00:00 0 
7f8b6d2a0000-7f8b6d2e0000 rw-p 00000000 00:00 0 
7f8b6d2e0000-7f8b6d3b0000 rw-p 00000000 00:00 0 
7f8b6d3b0000-7f8b6d400000 ---p 00000000 00:00 0 
7f8b6d400000-7f8b6d407000 r--p 00000000 08:20 383989                     /root/.vscode-server/extensions/redhat.java-1.14.0-linux-x64/jre/17.0.5-linux-x86_64/lib/libnio.so
7f8b6d407000-7f8b6d410000 r-xp 00007000 08:20 383989                     /root/.vscode-server/extensions/redhat.java-1.14.0-linux-x64/jre/17.0.5-linux-x86_64/lib/libnio.so
7f8b6d410000-7f8b6d414000 r--p 00010000 08:20 383989                     /root/.vscode-server/extensions/redhat.java-1.14.0-linux-x64/jre/17.0.5-linux-x86_64/lib/libnio.so
7f8b6d414000-7f8b6d415000 ---p 00014000 08:20 383989                     /root/.vscode-server/extensions/redhat.java-1.14.0-linux-x64/jre/17.0.5-linux-x86_64/lib/libnio.so
7f8b6d415000-7f8b6d416000 r--p 00014000 08:20 383989                     /root/.vscode-server/extensions/redhat.java-1.14.0-linux-x64/jre/17.0.5-linux-x86_64/lib/libnio.so
7f8b6d416000-7f8b6d417000 rw-p 00015000 08:20 383989                     /root/.vscode-server/extensions/redhat.java-1.14.0-linux-x64/jre/17.0.5-linux-x86_64/lib/libnio.so
7f8b6d417000-7f8b6d4f3000 rw-p 00000000 00:00 0 
7f8b6d4f3000-7f8b6d4f4000 ---p 00000000 00:00 0 
7f8b6d4f4000-7f8b6d5f5000 rw-p 00000000 00:00 0 
7f8b6d5f5000-7f8b6d5f6000 ---p 00000000 00:00 0 
7f8b6d5f6000-7f8b70000000 rw-p 00000000 00:00 0 
7f8b70000000-7f8b70021000 rw-p 00000000 00:00 0 
7f8b70021000-7f8b74000000 ---p 00000000 00:00 0 
7f8b74000000-7f8b74021000 rw-p 00000000 00:00 0 
7f8b74021000-7f8b78000000 ---p 00000000 00:00 0 
7f8b78000000-7f8b78021000 rw-p 00000000 00:00 0 
7f8b78021000-7f8b7c000000 ---p 00000000 00:00 0 
7f8b7c00f000-7f8b7d2ea000 rw-p 00000000 00:00 0 
7f8b7d2ea000-7f8b847ea000 ---p 00000000 00:00 0 
7f8b847ea000-7f8b84fba000 rw-p 00000000 00:00 0 
7f8b84fba000-7f8b8c4ba000 ---p 00000000 00:00 0 
7f8b8c4ba000-7f8b8c5b4000 rw-p 00000000 00:00 0 
7f8b8c5b4000-7f8b8d454000 ---p 00000000 00:00 0 
7f8b8d454000-7f8b8d54e000 rw-p 00000000 00:00 0 
7f8b8d54e000-7f8b8e3ee000 ---p 00000000 00:00 0 
7f8b8e3ee000-7f8b8e69e000 rwxp 00000000 00:00 0 
7f8b8e69e000-7f8b8eb2f000 ---p 00000000 00:00 0 
7f8b8eb2f000-7f8b8ed9f000 rwxp 00000000 00:00 0 
7f8b8ed9f000-7f8b95f8e000 ---p 00000000 00:00 0 
7f8b95f8e000-7f8b961fe000 rwxp 00000000 00:00 0 
7f8b961fe000-7f8b9d3ee000 ---p 00000000 00:00 0 
7f8b9d3ee000-7f8ba0000000 r--s 00000000 08:20 383997                     /root/.vscode-server/extensions/redhat.java-1.14.0-linux-x64/jre/17.0.5-linux-x86_64/lib/modules
7f8ba0000000-7f8ba0bed000 rw-p 00000000 00:00 0 
7f8ba0bed000-7f8ba4000000 ---p 00000000 00:00 0 
7f8ba4003000-7f8ba4004000 rw-p 00000000 00:00 0 
7f8ba4004000-7f8ba4005000 r-xp 00053000 08:20 287478                     /tmp/lwjglroot/3.3.1-build-7/liblwjgl.so
7f8ba4005000-7f8ba4006000 rw-p 00000000 00:00 0 
7f8ba4006000-7f8ba4008000 r--p 00000000 08:20 383967                     /root/.vscode-server/extensions/redhat.java-1.14.0-linux-x64/jre/17.0.5-linux-x86_64/lib/libdt_socket.so
7f8ba4008000-7f8ba400b000 r-xp 00002000 08:20 383967                     /root/.vscode-server/extensions/redhat.java-1.14.0-linux-x64/jre/17.0.5-linux-x86_64/lib/libdt_socket.so
7f8ba400b000-7f8ba400c000 r--p 00005000 08:20 383967                     /root/.vscode-server/extensions/redhat.java-1.14.0-linux-x64/jre/17.0.5-linux-x86_64/lib/libdt_socket.so
7f8ba400c000-7f8ba400d000 ---p 00006000 08:20 383967                     /root/.vscode-server/extensions/redhat.java-1.14.0-linux-x64/jre/17.0.5-linux-x86_64/lib/libdt_socket.so
7f8ba400d000-7f8ba400e000 r--p 00006000 08:20 383967                     /root/.vscode-server/extensions/redhat.java-1.14.0-linux-x64/jre/17.0.5-linux-x86_64/lib/libdt_socket.so
7f8ba400e000-7f8ba400f000 rw-p 00007000 08:20 383967                     /root/.vscode-server/extensions/redhat.java-1.14.0-linux-x64/jre/17.0.5-linux-x86_64/lib/libdt_socket.so
7f8ba400f000-7f8ba4010000 r--p 00000000 08:20 20362                      /usr/lib/locale/C.UTF-8/LC_NUMERIC
7f8ba4010000-7f8ba4011000 r--p 00000000 08:20 20365                      /usr/lib/locale/C.UTF-8/LC_TIME
7f8ba4011000-7f8ba4012000 r--p 00000000 08:20 20360                      /usr/lib/locale/C.UTF-8/LC_MONETARY
7f8ba4012000-7f8ba4013000 r--p 00000000 08:20 20359                      /usr/lib/locale/C.UTF-8/LC_MESSAGES/SYS_LC_MESSAGES
7f8ba4013000-7f8ba4014000 r--p 00000000 08:20 20363                      /usr/lib/locale/C.UTF-8/LC_PAPER
7f8ba4014000-7f8ba4015000 r--p 00000000 08:20 20361                      /usr/lib/locale/C.UTF-8/LC_NAME
7f8ba4015000-7f8ba401c000 r--s 00000000 08:20 40715                      /usr/lib/x86_64-linux-gnu/gconv/gconv-modules.cache
7f8ba401c000-7f8ba405d000 rw-p 00000000 00:00 0 
7f8ba405d000-7f8ba405e000 ---p 00000000 00:00 0 
7f8ba405e000-7f8ba415f000 rw-p 00000000 00:00 0 
7f8ba415f000-7f8ba4160000 ---p 00000000 00:00 0 
7f8ba4160000-7f8ba4261000 rw-p 00000000 00:00 0 
7f8ba4261000-7f8ba4262000 ---p 00000000 00:00 0 
7f8ba4262000-7f8ba45d8000 rw-p 00000000 00:00 0 
7f8ba45d8000-7f8ba5478000 ---p 00000000 00:00 0 
7f8ba5478000-7f8ba68d0000 rw-p 00000000 00:00 0 
7f8ba68d0000-7f8ba69b4000 ---p 00000000 00:00 0 
7f8ba69b4000-7f8ba69b9000 rw-p 00000000 00:00 0 
7f8ba69b9000-7f8ba6a9d000 ---p 00000000 00:00 0 
7f8ba6a9d000-7f8ba6aa3000 rw-p 00000000 00:00 0 
7f8ba6aa3000-7f8ba6aac000 ---p 00000000 00:00 0 
7f8ba6aac000-7f8ba6aaf000 r--p 00000000 08:20 37895                      /usr/lib/x86_64-linux-gnu/libnss_files-2.31.so
7f8ba6aaf000-7f8ba6ab6000 r-xp 00003000 08:20 37895                      /usr/lib/x86_64-linux-gnu/libnss_files-2.31.so
7f8ba6ab6000-7f8ba6ab8000 r--p 0000a000 08:20 37895                      /usr/lib/x86_64-linux-gnu/libnss_files-2.31.so
7f8ba6ab8000-7f8ba6ab9000 r--p 0000b000 08:20 37895                      /usr/lib/x86_64-linux-gnu/libnss_files-2.31.so
7f8ba6ab9000-7f8ba6aba000 rw-p 0000c000 08:20 37895                      /usr/lib/x86_64-linux-gnu/libnss_files-2.31.so
7f8ba6aba000-7f8ba6ac0000 rw-p 00000000 00:00 0 
7f8ba6ac0000-7f8ba6ac1000 r--p 00000000 08:20 20354                      /usr/lib/locale/C.UTF-8/LC_ADDRESS
7f8ba6ac1000-7f8ba6ac2000 r--p 00000000 08:20 20364                      /usr/lib/locale/C.UTF-8/LC_TELEPHONE
7f8ba6ac2000-7f8ba6ac4000 r--p 00000000 08:20 383996                     /root/.vscode-server/extensions/redhat.java-1.14.0-linux-x64/jre/17.0.5-linux-x86_64/lib/libzip.so
7f8ba6ac4000-7f8ba6ac8000 r-xp 00002000 08:20 383996                     /root/.vscode-server/extensions/redhat.java-1.14.0-linux-x64/jre/17.0.5-linux-x86_64/lib/libzip.so
7f8ba6ac8000-7f8ba6aca000 r--p 00006000 08:20 383996                     /root/.vscode-server/extensions/redhat.java-1.14.0-linux-x64/jre/17.0.5-linux-x86_64/lib/libzip.so
7f8ba6aca000-7f8ba6acb000 r--p 00007000 08:20 383996                     /root/.vscode-server/extensions/redhat.java-1.14.0-linux-x64/jre/17.0.5-linux-x86_64/lib/libzip.so
7f8ba6acb000-7f8ba6acc000 rw-p 00008000 08:20 383996                     /root/.vscode-server/extensions/redhat.java-1.14.0-linux-x64/jre/17.0.5-linux-x86_64/lib/libzip.so
7f8ba6acc000-7f8ba6ad9000 r--p 00000000 08:20 383975                     /root/.vscode-server/extensions/redhat.java-1.14.0-linux-x64/jre/17.0.5-linux-x86_64/lib/libjava.so
7f8ba6ad9000-7f8ba6aeb000 r-xp 0000d000 08:20 383975                     /root/.vscode-server/extensions/redhat.java-1.14.0-linux-x64/jre/17.0.5-linux-x86_64/lib/libjava.so
7f8ba6aeb000-7f8ba6af1000 r--p 0001f000 08:20 383975                     /root/.vscode-server/extensions/redhat.java-1.14.0-linux-x64/jre/17.0.5-linux-x86_64/lib/libjava.so
7f8ba6af1000-7f8ba6af2000 ---p 00025000 08:20 383975                     /root/.vscode-server/extensions/redhat.java-1.14.0-linux-x64/jre/17.0.5-linux-x86_64/lib/libjava.so
7f8ba6af2000-7f8ba6af3000 r--p 00025000 08:20 383975                     /root/.vscode-server/extensions/redhat.java-1.14.0-linux-x64/jre/17.0.5-linux-x86_64/lib/libjava.so
7f8ba6af3000-7f8ba6af4000 rw-p 00026000 08:20 383975                     /root/.vscode-server/extensions/redhat.java-1.14.0-linux-x64/jre/17.0.5-linux-x86_64/lib/libjava.so
7f8ba6af4000-7f8ba6af5000 rw-p 00000000 00:00 0 
7f8ba6af5000-7f8ba6af8000 r--p 00000000 08:20 383978                     /root/.vscode-server/extensions/redhat.java-1.14.0-linux-x64/jre/17.0.5-linux-x86_64/lib/libjdwp.so
7f8ba6af8000-7f8ba6b25000 r-xp 00003000 08:20 383978                     /root/.vscode-server/extensions/redhat.java-1.14.0-linux-x64/jre/17.0.5-linux-x86_64/lib/libjdwp.so
7f8ba6b25000-7f8ba6b33000 r--p 00030000 08:20 383978                     /root/.vscode-server/extensions/redhat.java-1.14.0-linux-x64/jre/17.0.5-linux-x86_64/lib/libjdwp.so
7f8ba6b33000-7f8ba6b34000 r--p 0003d000 08:20 383978                     /root/.vscode-server/extensions/redhat.java-1.14.0-linux-x64/jre/17.0.5-linux-x86_64/lib/libjdwp.so
7f8ba6b34000-7f8ba6b35000 rw-p 0003e000 08:20 383978                     /root/.vscode-server/extensions/redhat.java-1.14.0-linux-x64/jre/17.0.5-linux-x86_64/lib/libjdwp.so
7f8ba6b35000-7f8ba6b36000 rw-p 00000000 00:00 0 
7f8ba6b36000-7f8ba6b3a000 r--p 00000000 08:20 383979                     /root/.vscode-server/extensions/redhat.java-1.14.0-linux-x64/jre/17.0.5-linux-x86_64/lib/libjimage.so
7f8ba6b3a000-7f8ba6b4d000 r-xp 00004000 08:20 383979                     /root/.vscode-server/extensions/redhat.java-1.14.0-linux-x64/jre/17.0.5-linux-x86_64/lib/libjimage.so
7f8ba6b4d000-7f8ba6b53000 r--p 00017000 08:20 383979                     /root/.vscode-server/extensions/redhat.java-1.14.0-linux-x64/jre/17.0.5-linux-x86_64/lib/libjimage.so
7f8ba6b53000-7f8ba6b55000 r--p 0001c000 08:20 383979                     /root/.vscode-server/extensions/redhat.java-1.14.0-linux-x64/jre/17.0.5-linux-x86_64/lib/libjimage.so
7f8ba6b55000-7f8ba6b56000 rw-p 0001e000 08:20 383979                     /root/.vscode-server/extensions/redhat.java-1.14.0-linux-x64/jre/17.0.5-linux-x86_64/lib/libjimage.so
7f8ba6b56000-7f8ba6b5a000 ---p 00000000 00:00 0 
7f8ba6b5a000-7f8ba6c57000 rw-p 00000000 00:00 0 
7f8ba6c57000-7f8ba6c64000 r--p 00000000 08:20 37094                      /usr/lib/x86_64-linux-gnu/libm-2.31.so
7f8ba6c64000-7f8ba6d0b000 r-xp 0000d000 08:20 37094                      /usr/lib/x86_64-linux-gnu/libm-2.31.so
7f8ba6d0b000-7f8ba6da4000 r--p 000b4000 08:20 37094                      /usr/lib/x86_64-linux-gnu/libm-2.31.so
7f8ba6da4000-7f8ba6da5000 r--p 0014c000 08:20 37094                      /usr/lib/x86_64-linux-gnu/libm-2.31.so
7f8ba6da5000-7f8ba6da6000 rw-p 0014d000 08:20 37094                      /usr/lib/x86_64-linux-gnu/libm-2.31.so
7f8ba6da6000-7f8ba6da8000 r--p 00000000 08:20 38548                      /usr/lib/x86_64-linux-gnu/librt-2.31.so
7f8ba6da8000-7f8ba6dac000 r-xp 00002000 08:20 38548                      /usr/lib/x86_64-linux-gnu/librt-2.31.so
7f8ba6dac000-7f8ba6dae000 r--p 00006000 08:20 38548                      /usr/lib/x86_64-linux-gnu/librt-2.31.so
7f8ba6dae000-7f8ba6daf000 r--p 00007000 08:20 38548                      /usr/lib/x86_64-linux-gnu/librt-2.31.so
7f8ba6daf000-7f8ba6db0000 rw-p 00008000 08:20 38548                      /usr/lib/x86_64-linux-gnu/librt-2.31.so
7f8ba6db0000-7f8ba7002000 r--p 00000000 08:20 384007                     /root/.vscode-server/extensions/redhat.java-1.14.0-linux-x64/jre/17.0.5-linux-x86_64/lib/server/libjvm.so
7f8ba7002000-7f8ba7d1b000 r-xp 00252000 08:20 384007                     /root/.vscode-server/extensions/redhat.java-1.14.0-linux-x64/jre/17.0.5-linux-x86_64/lib/server/libjvm.so
7f8ba7d1b000-7f8ba7fa6000 r--p 00f6b000 08:20 384007                     /root/.vscode-server/extensions/redhat.java-1.14.0-linux-x64/jre/17.0.5-linux-x86_64/lib/server/libjvm.so
7f8ba7fa6000-7f8ba7fa7000 ---p 011f6000 08:20 384007                     /root/.vscode-server/extensions/redhat.java-1.14.0-linux-x64/jre/17.0.5-linux-x86_64/lib/server/libjvm.so
7f8ba7fa7000-7f8ba8060000 r--p 011f6000 08:20 384007                     /root/.vscode-server/extensions/redhat.java-1.14.0-linux-x64/jre/17.0.5-linux-x86_64/lib/server/libjvm.so
7f8ba8060000-7f8ba8095000 rw-p 012af000 08:20 384007                     /root/.vscode-server/extensions/redhat.java-1.14.0-linux-x64/jre/17.0.5-linux-x86_64/lib/server/libjvm.so
7f8ba8095000-7f8ba80f1000 rw-p 00000000 00:00 0 
7f8ba80f1000-7f8ba8113000 r--p 00000000 08:20 37092                      /usr/lib/x86_64-linux-gnu/libc-2.31.so
7f8ba8113000-7f8ba828b000 r-xp 00022000 08:20 37092                      /usr/lib/x86_64-linux-gnu/libc-2.31.so
7f8ba828b000-7f8ba82d9000 r--p 0019a000 08:20 37092                      /usr/lib/x86_64-linux-gnu/libc-2.31.so
7f8ba82d9000-7f8ba82dd000 r--p 001e7000 08:20 37092                      /usr/lib/x86_64-linux-gnu/libc-2.31.so
7f8ba82dd000-7f8ba82df000 rw-p 001eb000 08:20 37092                      /usr/lib/x86_64-linux-gnu/libc-2.31.so
7f8ba82df000-7f8ba82e3000 rw-p 00000000 00:00 0 
7f8ba82e3000-7f8ba82e4000 r--p 00000000 08:20 37093                      /usr/lib/x86_64-linux-gnu/libdl-2.31.so
7f8ba82e4000-7f8ba82e6000 r-xp 00001000 08:20 37093                      /usr/lib/x86_64-linux-gnu/libdl-2.31.so
7f8ba82e6000-7f8ba82e7000 r--p 00003000 08:20 37093                      /usr/lib/x86_64-linux-gnu/libdl-2.31.so
7f8ba82e7000-7f8ba82e8000 r--p 00003000 08:20 37093                      /usr/lib/x86_64-linux-gnu/libdl-2.31.so
7f8ba82e8000-7f8ba82e9000 rw-p 00004000 08:20 37093                      /usr/lib/x86_64-linux-gnu/libdl-2.31.so
7f8ba82e9000-7f8ba82ef000 r--p 00000000 08:20 38546                      /usr/lib/x86_64-linux-gnu/libpthread-2.31.so
7f8ba82ef000-7f8ba8300000 r-xp 00006000 08:20 38546                      /usr/lib/x86_64-linux-gnu/libpthread-2.31.so
7f8ba8300000-7f8ba8306000 r--p 00017000 08:20 38546                      /usr/lib/x86_64-linux-gnu/libpthread-2.31.so
7f8ba8306000-7f8ba8307000 r--p 0001c000 08:20 38546                      /usr/lib/x86_64-linux-gnu/libpthread-2.31.so
7f8ba8307000-7f8ba8308000 rw-p 0001d000 08:20 38546                      /usr/lib/x86_64-linux-gnu/libpthread-2.31.so
7f8ba8308000-7f8ba830c000 rw-p 00000000 00:00 0 
7f8ba830c000-7f8ba830f000 r--p 00000000 08:20 383980                     /root/.vscode-server/extensions/redhat.java-1.14.0-linux-x64/jre/17.0.5-linux-x86_64/lib/libjli.so
7f8ba830f000-7f8ba8319000 r-xp 00003000 08:20 383980                     /root/.vscode-server/extensions/redhat.java-1.14.0-linux-x64/jre/17.0.5-linux-x86_64/lib/libjli.so
7f8ba8319000-7f8ba831c000 r--p 0000d000 08:20 383980                     /root/.vscode-server/extensions/redhat.java-1.14.0-linux-x64/jre/17.0.5-linux-x86_64/lib/libjli.so
7f8ba831c000-7f8ba831d000 ---p 00010000 08:20 383980                     /root/.vscode-server/extensions/redhat.java-1.14.0-linux-x64/jre/17.0.5-linux-x86_64/lib/libjli.so
7f8ba831d000-7f8ba831e000 r--p 00010000 08:20 383980                     /root/.vscode-server/extensions/redhat.java-1.14.0-linux-x64/jre/17.0.5-linux-x86_64/lib/libjli.so
7f8ba831e000-7f8ba831f000 rw-p 00011000 08:20 383980                     /root/.vscode-server/extensions/redhat.java-1.14.0-linux-x64/jre/17.0.5-linux-x86_64/lib/libjli.so
7f8ba831f000-7f8ba8321000 r--p 00000000 08:20 24278                      /usr/lib/x86_64-linux-gnu/libz.so.1.2.11
7f8ba8321000-7f8ba8332000 r-xp 00002000 08:20 24278                      /usr/lib/x86_64-linux-gnu/libz.so.1.2.11
7f8ba8332000-7f8ba8338000 r--p 00013000 08:20 24278                      /usr/lib/x86_64-linux-gnu/libz.so.1.2.11
7f8ba8338000-7f8ba8339000 ---p 00019000 08:20 24278                      /usr/lib/x86_64-linux-gnu/libz.so.1.2.11
7f8ba8339000-7f8ba833a000 r--p 00019000 08:20 24278                      /usr/lib/x86_64-linux-gnu/libz.so.1.2.11
7f8ba833a000-7f8ba833b000 rw-p 0001a000 08:20 24278                      /usr/lib/x86_64-linux-gnu/libz.so.1.2.11
7f8ba833b000-7f8ba833c000 r--p 00000000 08:20 20358                      /usr/lib/locale/C.UTF-8/LC_MEASUREMENT
7f8ba833c000-7f8ba833d000 r--p 00000000 08:20 20357                      /usr/lib/locale/C.UTF-8/LC_IDENTIFICATION
7f8ba833d000-7f8ba8345000 rw-s 00000000 08:20 242786                     /tmp/hsperfdata_root/20304 (deleted)
7f8ba8345000-7f8ba8346000 ---p 00000000 00:00 0 
7f8ba8346000-7f8ba8347000 r--p 00000000 00:00 0 
7f8ba8347000-7f8ba8349000 rw-p 00000000 00:00 0 
7f8ba8349000-7f8ba834a000 r--p 00000000 08:20 21193                      /usr/lib/x86_64-linux-gnu/ld-2.31.so
7f8ba834a000-7f8ba836d000 r-xp 00001000 08:20 21193                      /usr/lib/x86_64-linux-gnu/ld-2.31.so
7f8ba836d000-7f8ba8375000 r--p 00024000 08:20 21193                      /usr/lib/x86_64-linux-gnu/ld-2.31.so
7f8ba8375000-7f8ba8376000 ---p 00000000 00:00 0 
7f8ba8376000-7f8ba8377000 r--p 0002c000 08:20 21193                      /usr/lib/x86_64-linux-gnu/ld-2.31.so
7f8ba8377000-7f8ba8378000 rw-p 0002d000 08:20 21193                      /usr/lib/x86_64-linux-gnu/ld-2.31.so
7f8ba8378000-7f8ba8379000 rw-p 00000000 00:00 0 
7ffe18171000-7ffe18193000 rw-p 00000000 00:00 0                          [stack]
7ffe18198000-7ffe1819c000 r--p 00000000 00:00 0                          [vvar]
7ffe1819c000-7ffe1819d000 r-xp 00000000 00:00 0                          [vdso]


VM Arguments:
jvm_args: -agentlib:jdwp=transport=dt_socket,server=n,suspend=y,address=localhost:40063 -XX:+ShowCodeDetailsInExceptionMessages 
java_command: com.onyx.App
java_class_path (initial): /root/dev/java/Onyx/engine/target/classes:/root/.m2/repository/org/lwjgl/lwjgl/3.3.1/lwjgl-3.3.1.jar:/root/.m2/repository/org/lwjgl/lwjgl-assimp/3.3.1/lwjgl-assimp-3.3.1.jar:/root/.m2/repository/org/lwjgl/lwjgl-glfw/3.3.1/lwjgl-glfw-3.3.1.jar:/root/.m2/repository/org/lwjgl/lwjgl-openal/3.3.1/lwjgl-openal-3.3.1.jar:/root/.m2/repository/org/lwjgl/lwjgl-opengl/3.3.1/lwjgl-opengl-3.3.1.jar:/root/.m2/repository/org/lwjgl/lwjgl-stb/3.3.1/lwjgl-stb-3.3.1.jar:/root/.m2/repository/org/lwjgl/lwjgl/3.3.1/lwjgl-3.3.1-natives-linux.jar:/root/.m2/repository/org/lwjgl/lwjgl-assimp/3.3.1/lwjgl-assimp-3.3.1-natives-linux.jar:/root/.m2/repository/org/lwjgl/lwjgl-glfw/3.3.1/lwjgl-glfw-3.3.1-natives-linux.jar:/root/.m2/repository/org/lwjgl/lwjgl-openal/3.3.1/lwjgl-openal-3.3.1-natives-linux.jar:/root/.m2/repository/org/lwjgl/lwjgl-opengl/3.3.1/lwjgl-opengl-3.3.1-natives-linux.jar:/root/.m2/repository/org/lwjgl/lwjgl-stb/3.3.1/lwjgl-stb-3.3.1-natives-linux.jar:/root/.m2/repository/org/joml/joml/1.10.4/joml-1.10.4.jar
Launcher Type: SUN_STANDARD

[Global flags]
     intx CICompilerCount                          = 12                                        {product} {ergonomic}
     uint ConcGCThreads                            = 5                                         {product} {ergonomic}
     uint G1ConcRefinementThreads                  = 20                                        {product} {ergonomic}
   size_t G1HeapRegionSize                         = 4194304                                   {product} {ergonomic}
    uintx GCDrainStackTargetSize                   = 64                                        {product} {ergonomic}
   size_t InitialHeapSize                          = 524288000                                 {product} {ergonomic}
   size_t MarkStackSize                            = 4194304                                   {product} {ergonomic}
   size_t MaxHeapSize                              = 8376025088                                {product} {ergonomic}
   size_t MaxNewSize                               = 5024776192                                {product} {ergonomic}
   size_t MinHeapDeltaBytes                        = 4194304                                   {product} {ergonomic}
   size_t MinHeapSize                              = 8388608                                   {product} {ergonomic}
    uintx NonNMethodCodeHeapSize                   = 7602480                                {pd product} {ergonomic}
    uintx NonProfiledCodeHeapSize                  = 122027880                              {pd product} {ergonomic}
    uintx ProfiledCodeHeapSize                     = 122027880                              {pd product} {ergonomic}
    uintx ReservedCodeCacheSize                    = 251658240                              {pd product} {ergonomic}
     bool SegmentedCodeCache                       = true                                      {product} {ergonomic}
     bool ShowCodeDetailsInExceptionMessages       = true                                   {manageable} {command line}
   size_t SoftMaxHeapSize                          = 8376025088                             {manageable} {ergonomic}
     bool UseCompressedClassPointers               = true                           {product lp64_product} {ergonomic}
     bool UseCompressedOops                        = true                           {product lp64_product} {ergonomic}
     bool UseG1GC                                  = true                                      {product} {ergonomic}

Logging:
Log output configuration:
 #0: stdout all=off uptime,level,tags
 #1: stderr all=off uptime,level,tags

Environment Variables:
JAVA_HOME=/root/.sdkman/candidates/java/current
PATH=/root/.sdkman/candidates/maven/current/bin:/root/.sdkman/candidates/java/current/bin:/root/.vscode-server/bin/97dec172d3256f8ca4bfb2143f3f76b503ca0534/bin/remote-cli:/root/.sdkman/candidates/maven/3.8.7/bin:/root/.sdkman/candidates/java/17.0.5-zulu/bin:/root/.nvm/versions/node/v18.3.0/bin:/usr/local/sbin:/usr/local/bin:/usr/sbin:/usr/bin:/sbin:/bin:/usr/games:/usr/local/games:/usr/lib/wsl/lib:/mnt/d/Oculus/Support/oculus-runtime:/mnt/c/Program Files/Common Files/Oracle/Java/javapath:/mnt/c/Windows/system32:/mnt/c/Windows:/mnt/c/Windows/System32/Wbem:/mnt/c/Windows/System32/WindowsPowerShell/v1.0/:/mnt/c/Windows/System32/OpenSSH/:/mnt/c/Program Files/Microsoft VS Code/bin:/mnt/c/Program Files (x86)/NVIDIA Corporation/PhysX/Common:/mnt/c/Program Files/NVIDIA Corporation/NVIDIA NvDLISR:/mnt/c/Program Files/Go/bin:/mnt/c/Program Files/WIDCOMM/Bluetooth Software/:/mnt/c/Program Files/WIDCOMM/Bluetooth Software/syswow64:/mnt/c/Program Files/dotnet/:/mnt/f/Program Files/Git/cmd:/mnt/d/msys64/mingw64/bin:/mnt/d/Program Files/CMake/bin:/mnt/c/Users/jaree/AppData/Local/Microsoft/WindowsApps:/mnt/c/Users/jaree/go/bin:/usr/local/go/bin
SHELL=/usr/bin/zsh
DISPLAY=:0
HOSTTYPE=x86_64
LANG=C.UTF-8
TERM=xterm-256color

Signal Handlers:
   SIGSEGV: crash_handler in libjvm.so, mask=11100100010111111101111111111110, flags=SA_RESTART|SA_SIGINFO
    SIGBUS: crash_handler in libjvm.so, mask=11100100010111111101111111111110, flags=SA_RESTART|SA_SIGINFO
    SIGFPE: crash_handler in libjvm.so, mask=11100100010111111101111111111110, flags=SA_RESTART|SA_SIGINFO
   SIGPIPE: javaSignalHandler in libjvm.so, mask=11100100010111111101111111111110, flags=SA_RESTART|SA_SIGINFO
  *** Handler was modified!
  *** Expected: 0x00007f8ba0015910, mask=00001000000010001011011010101010, flags=SA_RESTART|SA_SIGINFO
   SIGXFSZ: javaSignalHandler in libjvm.so, mask=11100100010111111101111111111110, flags=SA_RESTART|SA_SIGINFO
  *** Handler was modified!
  *** Expected: 0x00007f8ba055baf0, mask=00001101010100111001110100000101, flags=SA_RESTART|SA_SIGINFO
    SIGILL: 