#
# A fatal error has been detected by the Java Runtime Environment:
#
#  SIGSEGV (0xb) at pc=0x00007fdd2d6fef1a, pid=5047, tid=5079
#
# JRE version: OpenJDK Runtime Environment Temurin-17.0.5+8 (17.0.5+8) (build 17.0.5+8)
# Java VM: OpenJDK 64-Bit Server VM Temurin-17.0.5+8 (17.0.5+8, mixed mode, tiered, compressed oops, compressed class ptrs, g1 gc, linux-amd64)
# Problematic frame:
# C  [libnvwgf2umx.so+0x286bf1a]
#
# No core dump will be written. Core dumps have been disabled. To enable core dumping, try "ulimit -c unlimited" before starting Java again
#
# If you would like to submit a bug report, please visit:
#   https://github.com/adoptium/adoptium-support/issues
#

---------------  S U M M A R Y ------------

Command Line: -agentlib:jdwp=transport=dt_socket,server=n,suspend=y,address=localhost:36199 -XX:+ShowCodeDetailsInExceptionMessages com.onyx.App

Host: Intel(R) Core(TM) i9-9940X CPU @ 3.30GHz, 28 cores, 31G, Ubuntu 20.04.5 LTS
Time: Wed Feb  1 01:08:12 2023 EST elapsed time: 2.579168 seconds (0d 0h 0m 2s)

---------------  T H R E A D  ---------------

Current thread is native thread

Stack: [0x00007fdd3935b000,0x00007fdd39b5a000],  sp=0x00007fdd39b58e30,  free space=8183k
Native frames: (J=compiled Java code, j=interpreted, Vv=VM code, C=native code)
C  [libnvwgf2umx.so+0x286bf1a]


siginfo: si_signo: 11 (SIGSEGV), si_code: 1 (SEGV_MAPERR), si_addr: 0x00007fdd39b5a000

Registers:
RAX=0x0000000000000044, RBX=0x0000000000000000, RCX=0x00007fdd39b58e38, RDX=0x0000000000000000
RSP=0x00007fdd39b58e30, RBP=0x0000000000000000, RSI=0x00007fddb86c9670, RDI=0x00007fddb8648c80
R8 =0x0000000000000000, R9 =0x00007fff81efa080, R10=0x00000000019047f0, R11=0x0000000000000000
R12=0x00007fddb86c9601, R13=0x00007fdd39b5a000, R14=0x00007fddb8648d88, R15=0x00007fdd39b58ea6
RIP=0x00007fdd2d6fef1a, EFLAGS=0x0000000000010246, CSGSFS=0x002b000000000033, ERR=0x0000000000000004
  TRAPNO=0x000000000000000e

Top of Stack: (sp=0x00007fdd39b58e30)
0x00007fdd39b58e30:   0000000063da01cc 00000000000bd329
0x00007fdd39b58e40:   00007fddb8648c80 00000000000bac04
0x00007fdd39b58e50:   00007fddb86c9670 00007fdd39b58e38
0x00007fdd39b58e60:   00007fdd39b58ea7 00007fddb8648c80 

Instructions: (pc=0x00007fdd2d6fef1a)
0x00007fdd2d6fee1a:   60 48 83 ec 08 4c 8d 64 24 10 4c 89 e7 4c 89 fe
0x00007fdd2d6fee2a:   48 89 da 48 8b 4c 24 28 44 8b 44 24 20 44 8b 4c
0x00007fdd2d6fee3a:   24 24 41 55 41 56 50 e8 ba fa ff ff 48 83 c4 20
0x00007fdd2d6fee4a:   48 89 ef 4c 89 e6 e8 bb ad a5 fe 4c 89 e7 e8 13
0x00007fdd2d6fee5a:   a2 a5 fe 48 89 e8 48 83 c4 28 5b 41 5c 41 5d 41
0x00007fdd2d6fee6a:   5e 41 5f 5d c3 eb 0a eb 19 eb 06 eb 15 eb 02 eb
0x00007fdd2d6fee7a:   11 48 89 c3 48 8d 7c 24 08 e8 e8 a1 a5 fe eb 05
0x00007fdd2d6fee8a:   eb 00 48 89 c3 48 8b 7c 24 10 e8 d7 a1 a5 fe 48
0x00007fdd2d6fee9a:   89 df e8 cf 0a 90 fe cc cc cc cc cc cc cc cc cc
0x00007fdd2d6feeaa:   cc cc cc cc cc cc 55 41 57 41 56 41 55 41 54 53
0x00007fdd2d6feeba:   48 83 ec 38 48 89 54 24 30 48 89 7c 24 10 f6 47
0x00007fdd2d6feeca:   28 10 0f 84 41 01 00 00 8b 46 10 85 c0 0f 84 36
0x00007fdd2d6feeda:   01 00 00 4c 8b 6e 28 41 b4 01 31 db 48 8d 4c 24
0x00007fdd2d6feeea:   08 48 89 4c 24 28 31 d2 48 89 74 24 20 eb 21 90
0x00007fdd2d6feefa:   90 90 90 90 90 90 8b 46 10 48 8b 54 24 18 48 83
0x00007fdd2d6fef0a:   c2 01 89 c1 83 c3 01 48 39 ca 0f 83 f9 00 00 00
0x00007fdd2d6fef1a:   41 8b 4c 95 00 0f b7 c9 3b 8c 96 4c 04 00 00 74
0x00007fdd2d6fef2a:   dd 89 8c 96 4c 04 00 00 8b 4e 0c 85 c9 74 cf 48
0x00007fdd2d6fef3a:   89 54 24 18 31 ed eb 18 90 90 90 90 90 90 90 90
0x00007fdd2d6fef4a:   90 90 90 90 90 90 83 c5 01 8b 4e 0c 39 cd 73 a6
0x00007fdd2d6fef5a:   0f af cb 01 e9 41 0f b6 84 0d 80 90 00 00 24 7f
0x00007fdd2d6fef6a:   8d 50 e0 80 fa 14 77 de 48 8b 96 50 08 00 00 3a
0x00007fdd2d6fef7a:   04 0a 74 d2 88 04 0a 48 8b 44 24 30 c6 00 01 41
0x00007fdd2d6fef8a:   f6 c4 01 75 0d 48 8b 44 24 10 f6 40 28 20 75 b6
0x00007fdd2d6fef9a:   eb 33 4c 8d 7c 24 08 4c 89 ff 31 d2 31 c9 45 31
0x00007fdd2d6fefaa:   c0 e8 a0 06 00 00 48 8b 7c 24 10 4c 89 fe e8 b3
0x00007fdd2d6fefba:   e1 ff ff 48 8d 7c 24 08 e8 a9 a0 a5 fe 45 31 e4
0x00007fdd2d6fefca:   48 8b 74 24 20 8b 56 04 4c 8b 7c 24 10 45 0f b6
0x00007fdd2d6fefda:   4f 2c 4c 8d 74 24 08 4c 89 f7 4c 89 fe 48 8b 4c
0x00007fdd2d6fefea:   24 18 41 89 e8 e8 0c fe 02 00 4c 89 ff 4c 89 f6
0x00007fdd2d6feffa:   e8 71 e1 ff ff 48 8d 7c 24 08 e8 67 a0 a5 fe 48
0x00007fdd2d6ff00a:   8b 74 24 20 e9 3d ff ff ff 48 83 c4 38 5b 41 5c 



---------------  P R O C E S S  ---------------

VM state: at safepoint (shutting down)

VM Mutex/Monitor currently owned by a thread:  ([mutex/lock_event])
[0x00007fddb80241e0] Threads_lock - owner thread: 0x00007fddb81cd150

Heap address: 0x000000060cc00000, size: 7988 MB, Compressed Oops mode: Zero based, Oop shift amount: 3

CDS archive(s) not mapped
Compressed class space mapped at: 0x0000000800000000-0x0000000840000000, reserved size: 1073741824
Narrow klass base: 0x0000000800000000, Narrow klass shift: 0, Narrow klass range: 0x40000000

GC Precious Log:
<Skipped>

Heap:
 garbage-first heap   total 512000K, used 9737K [0x000000060cc00000, 0x0000000800000000)
  region size 4096K, 3 young (12288K), 0 survivors (0K)
 Metaspace       used 9296K, committed 9472K, reserved 1064960K
  class space    used 759K, committed 832K, reserved 1048576K

Heap Regions: E=young(eden), S=young(survivor), O=old, HS=humongous(starts), HC=humongous(continues), CS=collection set, F=free, OA=open archive, CA=closed archive, TAMS=top-at-mark-start (previous, next)
|   0|0x000000060cc00000, 0x000000060cc00000, 0x000000060d000000|  0%| F|  |TAMS 0x000000060cc00000, 0x000000060cc00000| Untracked 
|   1|0x000000060d000000, 0x000000060d000000, 0x000000060d400000|  0%| F|  |TAMS 0x000000060d000000, 0x000000060d000000| Untracked 
|   2|0x000000060d400000, 0x000000060d400000, 0x000000060d800000|  0%| F|  |TAMS 0x000000060d400000, 0x000000060d400000| Untracked 
|   3|0x000000060d800000, 0x000000060d800000, 0x000000060dc00000|  0%| F|  |TAMS 0x000000060d800000, 0x000000060d800000| Untracked 
|   4|0x000000060dc00000, 0x000000060dc00000, 0x000000060e000000|  0%| F|  |TAMS 0x000000060dc00000, 0x000000060dc00000| Untracked 
|   5|0x000000060e000000, 0x000000060e000000, 0x000000060e400000|  0%| F|  |TAMS 0x000000060e000000, 0x000000060e000000| Untracked 
|   6|0x000000060e400000, 0x000000060e400000, 0x000000060e800000|  0%| F|  |TAMS 0x000000060e400000, 0x000000060e400000| Untracked 
|   7|0x000000060e800000, 0x000000060e800000, 0x000000060ec00000|  0%| F|  |TAMS 0x000000060e800000, 0x000000060e800000| Untracked 
|   8|0x000000060ec00000, 0x000000060ec00000, 0x000000060f000000|  0%| F|  |TAMS 0x000000060ec00000, 0x000000060ec00000| Untracked 
|   9|0x000000060f000000, 0x000000060f000000, 0x000000060f400000|  0%| F|  |TAMS 0x000000060f000000, 0x000000060f000000| Untracked 
|  10|0x000000060f400000, 0x000000060f400000, 0x000000060f800000|  0%| F|  |TAMS 0x000000060f400000, 0x000000060f400000| Untracked 
|  11|0x000000060f800000, 0x000000060f800000, 0x000000060fc00000|  0%| F|  |TAMS 0x000000060f800000, 0x000000060f800000| Untracked 
|  12|0x000000060fc00000, 0x000000060fc00000, 0x0000000610000000|  0%| F|  |TAMS 0x000000060fc00000, 0x000000060fc00000| Untracked 
|  13|0x0000000610000000, 0x0000000610000000, 0x0000000610400000|  0%| F|  |TAMS 0x0000000610000000, 0x0000000610000000| Untracked 
|  14|0x0000000610400000, 0x0000000610400000, 0x0000000610800000|  0%| F|  |TAMS 0x0000000610400000, 0x0000000610400000| Untracked 
|  15|0x0000000610800000, 0x0000000610800000, 0x0000000610c00000|  0%| F|  |TAMS 0x0000000610800000, 0x0000000610800000| Untracked 
|  16|0x0000000610c00000, 0x0000000610c00000, 0x0000000611000000|  0%| F|  |TAMS 0x0000000610c00000, 0x0000000610c00000| Untracked 
|  17|0x0000000611000000, 0x0000000611000000, 0x0000000611400000|  0%| F|  |TAMS 0x0000000611000000, 0x0000000611000000| Untracked 
|  18|0x0000000611400000, 0x0000000611400000, 0x0000000611800000|  0%| F|  |TAMS 0x0000000611400000, 0x0000000611400000| Untracked 
|  19|0x0000000611800000, 0x0000000611800000, 0x0000000611c00000|  0%| F|  |TAMS 0x0000000611800000, 0x0000000611800000| Untracked 
|  20|0x0000000611c00000, 0x0000000611c00000, 0x0000000612000000|  0%| F|  |TAMS 0x0000000611c00000, 0x0000000611c00000| Untracked 
|  21|0x0000000612000000, 0x0000000612000000, 0x0000000612400000|  0%| F|  |TAMS 0x0000000612000000, 0x0000000612000000| Untracked 
|  22|0x0000000612400000, 0x0000000612400000, 0x0000000612800000|  0%| F|  |TAMS 0x0000000612400000, 0x0000000612400000| Untracked 
|  23|0x0000000612800000, 0x0000000612800000, 0x0000000612c00000|  0%| F|  |TAMS 0x0000000612800000, 0x0000000612800000| Untracked 
|  24|0x0000000612c00000, 0x0000000612c00000, 0x0000000613000000|  0%| F|  |TAMS 0x0000000612c00000, 0x0000000612c00000| Untracked 
|  25|0x0000000613000000, 0x0000000613000000, 0x0000000613400000|  0%| F|  |TAMS 0x0000000613000000, 0x0000000613000000| Untracked 
|  26|0x0000000613400000, 0x0000000613400000, 0x0000000613800000|  0%| F|  |TAMS 0x0000000613400000, 0x0000000613400000| Untracked 
|  27|0x0000000613800000, 0x0000000613800000, 0x0000000613c00000|  0%| F|  |TAMS 0x0000000613800000, 0x0000000613800000| Untracked 
|  28|0x0000000613c00000, 0x0000000613c00000, 0x0000000614000000|  0%| F|  |TAMS 0x0000000613c00000, 0x0000000613c00000| Untracked 
|  29|0x0000000614000000, 0x0000000614000000, 0x0000000614400000|  0%| F|  |TAMS 0x0000000614000000, 0x0000000614000000| Untracked 
|  30|0x0000000614400000, 0x0000000614400000, 0x0000000614800000|  0%| F|  |TAMS 0x0000000614400000, 0x0000000614400000| Untracked 
|  31|0x0000000614800000, 0x0000000614800000, 0x0000000614c00000|  0%| F|  |TAMS 0x0000000614800000, 0x0000000614800000| Untracked 
|  32|0x0000000614c00000, 0x0000000614c00000, 0x0000000615000000|  0%| F|  |TAMS 0x0000000614c00000, 0x0000000614c00000| Untracked 
|  33|0x0000000615000000, 0x0000000615000000, 0x0000000615400000|  0%| F|  |TAMS 0x0000000615000000, 0x0000000615000000| Untracked 
|  34|0x0000000615400000, 0x0000000615400000, 0x0000000615800000|  0%| F|  |TAMS 0x0000000615400000, 0x0000000615400000| Untracked 
|  35|0x0000000615800000, 0x0000000615800000, 0x0000000615c00000|  0%| F|  |TAMS 0x0000000615800000, 0x0000000615800000| Untracked 
|  36|0x0000000615c00000, 0x0000000615c00000, 0x0000000616000000|  0%| F|  |TAMS 0x0000000615c00000, 0x0000000615c00000| Untracked 
|  37|0x0000000616000000, 0x0000000616000000, 0x0000000616400000|  0%| F|  |TAMS 0x0000000616000000, 0x0000000616000000| Untracked 
|  38|0x0000000616400000, 0x0000000616400000, 0x0000000616800000|  0%| F|  |TAMS 0x0000000616400000, 0x0000000616400000| Untracked 
|  39|0x0000000616800000, 0x0000000616800000, 0x0000000616c00000|  0%| F|  |TAMS 0x0000000616800000, 0x0000000616800000| Untracked 
|  40|0x0000000616c00000, 0x0000000616c00000, 0x0000000617000000|  0%| F|  |TAMS 0x0000000616c00000, 0x0000000616c00000| Untracked 
|  41|0x0000000617000000, 0x0000000617000000, 0x0000000617400000|  0%| F|  |TAMS 0x0000000617000000, 0x0000000617000000| Untracked 
|  42|0x0000000617400000, 0x0000000617400000, 0x0000000617800000|  0%| F|  |TAMS 0x0000000617400000, 0x0000000617400000| Untracked 
|  43|0x0000000617800000, 0x0000000617800000, 0x0000000617c00000|  0%| F|  |TAMS 0x0000000617800000, 0x0000000617800000| Untracked 
|  44|0x0000000617c00000, 0x0000000617c00000, 0x0000000618000000|  0%| F|  |TAMS 0x0000000617c00000, 0x0000000617c00000| Untracked 
|  45|0x0000000618000000, 0x0000000618000000, 0x0000000618400000|  0%| F|  |TAMS 0x0000000618000000, 0x0000000618000000| Untracked 
|  46|0x0000000618400000, 0x0000000618400000, 0x0000000618800000|  0%| F|  |TAMS 0x0000000618400000, 0x0000000618400000| Untracked 
|  47|0x0000000618800000, 0x0000000618800000, 0x0000000618c00000|  0%| F|  |TAMS 0x0000000618800000, 0x0000000618800000| Untracked 
|  48|0x0000000618c00000, 0x0000000618c00000, 0x0000000619000000|  0%| F|  |TAMS 0x0000000618c00000, 0x0000000618c00000| Untracked 
|  49|0x0000000619000000, 0x0000000619000000, 0x0000000619400000|  0%| F|  |TAMS 0x0000000619000000, 0x0000000619000000| Untracked 
|  50|0x0000000619400000, 0x0000000619400000, 0x0000000619800000|  0%| F|  |TAMS 0x0000000619400000, 0x0000000619400000| Untracked 
|  51|0x0000000619800000, 0x0000000619800000, 0x0000000619c00000|  0%| F|  |TAMS 0x0000000619800000, 0x0000000619800000| Untracked 
|  52|0x0000000619c00000, 0x0000000619c00000, 0x000000061a000000|  0%| F|  |TAMS 0x0000000619c00000, 0x0000000619c00000| Untracked 
|  53|0x000000061a000000, 0x000000061a000000, 0x000000061a400000|  0%| F|  |TAMS 0x000000061a000000, 0x000000061a000000| Untracked 
|  54|0x000000061a400000, 0x000000061a400000, 0x000000061a800000|  0%| F|  |TAMS 0x000000061a400000, 0x000000061a400000| Untracked 
|  55|0x000000061a800000, 0x000000061a800000, 0x000000061ac00000|  0%| F|  |TAMS 0x000000061a800000, 0x000000061a800000| Untracked 
|  56|0x000000061ac00000, 0x000000061ac00000, 0x000000061b000000|  0%| F|  |TAMS 0x000000061ac00000, 0x000000061ac00000| Untracked 
|  57|0x000000061b000000, 0x000000061b000000, 0x000000061b400000|  0%| F|  |TAMS 0x000000061b000000, 0x000000061b000000| Untracked 
|  58|0x000000061b400000, 0x000000061b400000, 0x000000061b800000|  0%| F|  |TAMS 0x000000061b400000, 0x000000061b400000| Untracked 
|  59|0x000000061b800000, 0x000000061b800000, 0x000000061bc00000|  0%| F|  |TAMS 0x000000061b800000, 0x000000061b800000| Untracked 
|  60|0x000000061bc00000, 0x000000061bc00000, 0x000000061c000000|  0%| F|  |TAMS 0x000000061bc00000, 0x000000061bc00000| Untracked 
|  61|0x000000061c000000, 0x000000061c000000, 0x000000061c400000|  0%| F|  |TAMS 0x000000061c000000, 0x000000061c000000| Untracked 
|  62|0x000000061c400000, 0x000000061c400000, 0x000000061c800000|  0%| F|  |TAMS 0x000000061c400000, 0x000000061c400000| Untracked 
|  63|0x000000061c800000, 0x000000061c800000, 0x000000061cc00000|  0%| F|  |TAMS 0x000000061c800000, 0x000000061c800000| Untracked 
|  64|0x000000061cc00000, 0x000000061cc00000, 0x000000061d000000|  0%| F|  |TAMS 0x000000061cc00000, 0x000000061cc00000| Untracked 
|  65|0x000000061d000000, 0x000000061d000000, 0x000000061d400000|  0%| F|  |TAMS 0x000000061d000000, 0x000000061d000000| Untracked 
|  66|0x000000061d400000, 0x000000061d400000, 0x000000061d800000|  0%| F|  |TAMS 0x000000061d400000, 0x000000061d400000| Untracked 
|  67|0x000000061d800000, 0x000000061d800000, 0x000000061dc00000|  0%| F|  |TAMS 0x000000061d800000, 0x000000061d800000| Untracked 
|  68|0x000000061dc00000, 0x000000061dc00000, 0x000000061e000000|  0%| F|  |TAMS 0x000000061dc00000, 0x000000061dc00000| Untracked 
|  69|0x000000061e000000, 0x000000061e000000, 0x000000061e400000|  0%| F|  |TAMS 0x000000061e000000, 0x000000061e000000| Untracked 
|  70|0x000000061e400000, 0x000000061e400000, 0x000000061e800000|  0%| F|  |TAMS 0x000000061e400000, 0x000000061e400000| Untracked 
|  71|0x000000061e800000, 0x000000061e800000, 0x000000061ec00000|  0%| F|  |TAMS 0x000000061e800000, 0x000000061e800000| Untracked 
|  72|0x000000061ec00000, 0x000000061ec00000, 0x000000061f000000|  0%| F|  |TAMS 0x000000061ec00000, 0x000000061ec00000| Untracked 
|  73|0x000000061f000000, 0x000000061f000000, 0x000000061f400000|  0%| F|  |TAMS 0x000000061f000000, 0x000000061f000000| Untracked 
|  74|0x000000061f400000, 0x000000061f400000, 0x000000061f800000|  0%| F|  |TAMS 0x000000061f400000, 0x000000061f400000| Untracked 
|  75|0x000000061f800000, 0x000000061f800000, 0x000000061fc00000|  0%| F|  |TAMS 0x000000061f800000, 0x000000061f800000| Untracked 
|  76|0x000000061fc00000, 0x000000061fc00000, 0x0000000620000000|  0%| F|  |TAMS 0x000000061fc00000, 0x000000061fc00000| Untracked 
|  77|0x0000000620000000, 0x0000000620000000, 0x0000000620400000|  0%| F|  |TAMS 0x0000000620000000, 0x0000000620000000| Untracked 
|  78|0x0000000620400000, 0x0000000620400000, 0x0000000620800000|  0%| F|  |TAMS 0x0000000620400000, 0x0000000620400000| Untracked 
|  79|0x0000000620800000, 0x0000000620800000, 0x0000000620c00000|  0%| F|  |TAMS 0x0000000620800000, 0x0000000620800000| Untracked 
|  80|0x0000000620c00000, 0x0000000620c00000, 0x0000000621000000|  0%| F|  |TAMS 0x0000000620c00000, 0x0000000620c00000| Untracked 
|  81|0x0000000621000000, 0x0000000621000000, 0x0000000621400000|  0%| F|  |TAMS 0x0000000621000000, 0x0000000621000000| Untracked 
|  82|0x0000000621400000, 0x0000000621400000, 0x0000000621800000|  0%| F|  |TAMS 0x0000000621400000, 0x0000000621400000| Untracked 
|  83|0x0000000621800000, 0x0000000621800000, 0x0000000621c00000|  0%| F|  |TAMS 0x0000000621800000, 0x0000000621800000| Untracked 
|  84|0x0000000621c00000, 0x0000000621c00000, 0x0000000622000000|  0%| F|  |TAMS 0x0000000621c00000, 0x0000000621c00000| Untracked 
|  85|0x0000000622000000, 0x0000000622000000, 0x0000000622400000|  0%| F|  |TAMS 0x0000000622000000, 0x0000000622000000| Untracked 
|  86|0x0000000622400000, 0x0000000622400000, 0x0000000622800000|  0%| F|  |TAMS 0x0000000622400000, 0x0000000622400000| Untracked 
|  87|0x0000000622800000, 0x0000000622800000, 0x0000000622c00000|  0%| F|  |TAMS 0x0000000622800000, 0x0000000622800000| Untracked 
|  88|0x0000000622c00000, 0x0000000622c00000, 0x0000000623000000|  0%| F|  |TAMS 0x0000000622c00000, 0x0000000622c00000| Untracked 
|  89|0x0000000623000000, 0x0000000623000000, 0x0000000623400000|  0%| F|  |TAMS 0x0000000623000000, 0x0000000623000000| Untracked 
|  90|0x0000000623400000, 0x0000000623400000, 0x0000000623800000|  0%| F|  |TAMS 0x0000000623400000, 0x0000000623400000| Untracked 
|  91|0x0000000623800000, 0x0000000623800000, 0x0000000623c00000|  0%| F|  |TAMS 0x0000000623800000, 0x0000000623800000| Untracked 
|  92|0x0000000623c00000, 0x0000000623c00000, 0x0000000624000000|  0%| F|  |TAMS 0x0000000623c00000, 0x0000000623c00000| Untracked 
|  93|0x0000000624000000, 0x0000000624000000, 0x0000000624400000|  0%| F|  |TAMS 0x0000000624000000, 0x0000000624000000| Untracked 
|  94|0x0000000624400000, 0x0000000624400000, 0x0000000624800000|  0%| F|  |TAMS 0x0000000624400000, 0x0000000624400000| Untracked 
|  95|0x0000000624800000, 0x0000000624800000, 0x0000000624c00000|  0%| F|  |TAMS 0x0000000624800000, 0x0000000624800000| Untracked 
|  96|0x0000000624c00000, 0x0000000624c00000, 0x0000000625000000|  0%| F|  |TAMS 0x0000000624c00000, 0x0000000624c00000| Untracked 
|  97|0x0000000625000000, 0x0000000625000000, 0x0000000625400000|  0%| F|  |TAMS 0x0000000625000000, 0x0000000625000000| Untracked 
|  98|0x0000000625400000, 0x0000000625400000, 0x0000000625800000|  0%| F|  |TAMS 0x0000000625400000, 0x0000000625400000| Untracked 
|  99|0x0000000625800000, 0x0000000625800000, 0x0000000625c00000|  0%| F|  |TAMS 0x0000000625800000, 0x0000000625800000| Untracked 
| 100|0x0000000625c00000, 0x0000000625c00000, 0x0000000626000000|  0%| F|  |TAMS 0x0000000625c00000, 0x0000000625c00000| Untracked 
| 101|0x0000000626000000, 0x0000000626000000, 0x0000000626400000|  0%| F|  |TAMS 0x0000000626000000, 0x0000000626000000| Untracked 
| 102|0x0000000626400000, 0x0000000626400000, 0x0000000626800000|  0%| F|  |TAMS 0x0000000626400000, 0x0000000626400000| Untracked 
| 103|0x0000000626800000, 0x0000000626800000, 0x0000000626c00000|  0%| F|  |TAMS 0x0000000626800000, 0x0000000626800000| Untracked 
| 104|0x0000000626c00000, 0x0000000626c00000, 0x0000000627000000|  0%| F|  |TAMS 0x0000000626c00000, 0x0000000626c00000| Untracked 
| 105|0x0000000627000000, 0x0000000627000000, 0x0000000627400000|  0%| F|  |TAMS 0x0000000627000000, 0x0000000627000000| Untracked 
| 106|0x0000000627400000, 0x0000000627400000, 0x0000000627800000|  0%| F|  |TAMS 0x0000000627400000, 0x0000000627400000| Untracked 
| 107|0x0000000627800000, 0x0000000627800000, 0x0000000627c00000|  0%| F|  |TAMS 0x0000000627800000, 0x0000000627800000| Untracked 
| 108|0x0000000627c00000, 0x0000000627c00000, 0x0000000628000000|  0%| F|  |TAMS 0x0000000627c00000, 0x0000000627c00000| Untracked 
| 109|0x0000000628000000, 0x0000000628000000, 0x0000000628400000|  0%| F|  |TAMS 0x0000000628000000, 0x0000000628000000| Untracked 
| 110|0x0000000628400000, 0x0000000628400000, 0x0000000628800000|  0%| F|  |TAMS 0x0000000628400000, 0x0000000628400000| Untracked 
| 111|0x0000000628800000, 0x0000000628800000, 0x0000000628c00000|  0%| F|  |TAMS 0x0000000628800000, 0x0000000628800000| Untracked 
| 112|0x0000000628c00000, 0x0000000628c00000, 0x0000000629000000|  0%| F|  |TAMS 0x0000000628c00000, 0x0000000628c00000| Untracked 
| 113|0x0000000629000000, 0x0000000629000000, 0x0000000629400000|  0%| F|  |TAMS 0x0000000629000000, 0x0000000629000000| Untracked 
| 114|0x0000000629400000, 0x0000000629400000, 0x0000000629800000|  0%| F|  |TAMS 0x0000000629400000, 0x0000000629400000| Untracked 
| 115|0x0000000629800000, 0x0000000629800000, 0x0000000629c00000|  0%| F|  |TAMS 0x0000000629800000, 0x0000000629800000| Untracked 
| 116|0x0000000629c00000, 0x0000000629c00000, 0x000000062a000000|  0%| F|  |TAMS 0x0000000629c00000, 0x0000000629c00000| Untracked 
| 117|0x000000062a000000, 0x000000062a000000, 0x000000062a400000|  0%| F|  |TAMS 0x000000062a000000, 0x000000062a000000| Untracked 
| 118|0x000000062a400000, 0x000000062a400000, 0x000000062a800000|  0%| F|  |TAMS 0x000000062a400000, 0x000000062a400000| Untracked 
| 119|0x000000062a800000, 0x000000062a800000, 0x000000062ac00000|  0%| F|  |TAMS 0x000000062a800000, 0x000000062a800000| Untracked 
| 120|0x000000062ac00000, 0x000000062ac00000, 0x000000062b000000|  0%| F|  |TAMS 0x000000062ac00000, 0x000000062ac00000| Untracked 
| 121|0x000000062b000000, 0x000000062b000000, 0x000000062b400000|  0%| F|  |TAMS 0x000000062b000000, 0x000000062b000000| Untracked 
| 122|0x000000062b400000, 0x000000062b582668, 0x000000062b800000| 37%| E|  |TAMS 0x000000062b400000, 0x000000062b400000| Complete 
| 123|0x000000062b800000, 0x000000062bc00000, 0x000000062bc00000|100%| E|CS|TAMS 0x000000062b800000, 0x000000062b800000| Complete 
| 124|0x000000062bc00000, 0x000000062c000000, 0x000000062c000000|100%| E|CS|TAMS 0x000000062bc00000, 0x000000062bc00000| Complete 

Card table byte_map: [0x00007fdda33a9000,0x00007fdda4343000] _byte_map_base: 0x00007fdda0343000

Marking Bits (Prev, Next): (CMBitMap*) 0x00007fddb8057ea0, (CMBitMap*) 0x00007fddb8057ee0
 Prev Bits: [0x00007fdd9a73f000, 0x00007fdda240f000)
 Next Bits: [0x00007fdd92a6f000, 0x00007fdd9a73f000)

Polling page: 0x00007fddbde31000

Metaspace:

Usage:
  Non-class:      8.34 MB used.
      Class:    759.28 KB used.
       Both:      9.08 MB used.

Virtual space:
  Non-class space:       16.00 MB reserved,       8.44 MB ( 53%) committed,  2 nodes.
      Class space:        1.00 GB reserved,     832.00 KB ( <1%) committed,  1 nodes.
             Both:        1.02 GB reserved,       9.25 MB ( <1%) committed. 

Chunk freelists:
   Non-Class:  3.34 MB
       Class:  3.17 MB
        Both:  6.51 MB

MaxMetaspaceSize: unlimited
CompressedClassSpaceSize: 1.00 GB
Initial GC threshold: 21.00 MB
Current GC threshold: 21.00 MB
CDS: off
MetaspaceReclaimPolicy: balanced
 - commit_granule_bytes: 65536.
 - commit_granule_words: 8192.
 - virtual_space_node_default_size: 1048576.
 - enlarge_chunks_in_place: 1.
 - new_chunks_are_fully_committed: 0.
 - uncommit_free_chunks: 1.
 - use_allocation_guard: 0.
 - handle_deallocations: 1.


Internal statistics:

num_allocs_failed_limit: 0.
num_arena_births: 66.
num_arena_deaths: 0.
num_vsnodes_births: 3.
num_vsnodes_deaths: 0.
num_space_committed: 146.
num_space_uncommitted: 0.
num_chunks_returned_to_freelist: 0.
num_chunks_taken_from_freelist: 172.
num_chunk_merges: 0.
num_chunk_splits: 104.
num_chunks_enlarged: 73.
num_purges: 0.
num_inconsistent_stats: 0.

CodeHeap 'non-profiled nmethods': size=119168Kb used=168Kb max_used=168Kb free=118999Kb
 bounds [0x00007fddadf8e000, 0x00007fddae1fe000, 0x00007fddb53ee000]
CodeHeap 'profiled nmethods': size=119164Kb used=958Kb max_used=958Kb free=118205Kb
 bounds [0x00007fdda6b2f000, 0x00007fdda6d9f000, 0x00007fddadf8e000]
CodeHeap 'non-nmethods': size=7428Kb used=2154Kb max_used=2181Kb free=5273Kb
 bounds [0x00007fdda63ee000, 0x00007fdda665e000, 0x00007fdda6b2f000]
 total_blobs=1569 nmethods=618 adapters=864
 compilation: enabled
              stopped_count=0, restarted_count=0
 full_count=0

Compilation events (20 events):
Event: 0.717 Thread 0x00007fdd180048b0 nmethod 604 0x00007fddadfb6310 code [0x00007fddadfb6480, 0x00007fddadfb64f8]
Event: 0.717 Thread 0x00007fdd4c0bf0d0 nmethod 586 0x00007fddadfb6610 code [0x00007fddadfb67a0, 0x00007fddadfb6858]
Event: 0.913 Thread 0x00007fdd5407cfe0  605       1       com.onyx.window.Window::getWindow (5 bytes)
Event: 0.913 Thread 0x00007fdd5407cfe0 nmethod 605 0x00007fddadfb6910 code [0x00007fddadfb6aa0, 0x00007fddadfb6b70]
Event: 1.120 Thread 0x00007fddb8209480  606       3       org.lwjgl.opengl.GL11::glClearColor (8 bytes)
Event: 1.120 Thread 0x00007fddb8209480 nmethod 606 0x00007fdda6c1cb90 code [0x00007fdda6c1cd40, 0x00007fdda6c1ce80]
Event: 1.510 Thread 0x00007fdd5407cfe0  610       3       org.lwjgl.glfw.GLFW::glfwWindowShouldClose (29 bytes)
Event: 1.510 Thread 0x00007fddb8209480  612       3       com.onyx.renderer.Renderer::prepare (11 bytes)
Event: 1.511 Thread 0x00007fddb8209480 nmethod 612 0x00007fdda6c1cf10 code [0x00007fdda6c1d100, 0x00007fdda6c1d2a0]
Event: 1.511 Thread 0x00007fdd5407cfe0 nmethod 610 0x00007fdda6c1d390 code [0x00007fdda6c1d560, 0x00007fdda6c1d870]
Event: 1.511 Thread 0x00007fddb8209480  613       3       org.lwjgl.opengl.GL11::glClear (5 bytes)
Event: 1.511 Thread 0x00007fdd5407cfe0  615       3       org.lwjgl.glfw.GLFW::glfwSwapBuffers (21 bytes)
Event: 1.511 Thread 0x00007fddb8209480 nmethod 613 0x00007fdda6c1da10 code [0x00007fdda6c1dbc0, 0x00007fdda6c1dce0]
Event: 1.511 Thread 0x00007fdd5407cfe0 nmethod 615 0x00007fdda6c1dd90 code [0x00007fdda6c1df60, 0x00007fdda6c1e210]
Event: 1.513 Thread 0x00007fddb8209480  616       3       org.lwjgl.glfw.GLFW::glfwPollEvents (9 bytes)
Event: 1.514 Thread 0x00007fddb8209480 nmethod 616 0x00007fdda6c1e390 code [0x00007fdda6c1e540, 0x00007fdda6c1e660]
Event: 2.244 Thread 0x00007fdd5407cfe0  617       3       java.util.ArrayDeque::inc (12 bytes)
Event: 2.244 Thread 0x00007fddb8209480  618       1       java.nio.HeapByteBuffer::isDirect (2 bytes)
Event: 2.244 Thread 0x00007fdd5407cfe0 nmethod 617 0x00007fdda6c1e710 code [0x00007fdda6c1e8a0, 0x00007fdda6c1e9d0]
Event: 2.244 Thread 0x00007fddb8209480 nmethod 618 0x00007fddadfb7e90 code [0x00007fddadfb8020, 0x00007fddadfb80f0]

GC Heap History (0 events):
No events

Dll operation events (7 events):
Event: 0.001 Loaded shared library /root/.vscode-server/extensions/redhat.java-1.14.0-linux-x64/jre/17.0.5-linux-x86_64/lib/libjava.so
Event: 0.221 Loaded shared library /root/.vscode-server/extensions/redhat.java-1.14.0-linux-x64/jre/17.0.5-linux-x86_64/lib/libnio.so
Event: 0.228 Loaded shared library /root/.vscode-server/extensions/redhat.java-1.14.0-linux-x64/jre/17.0.5-linux-x86_64/lib/libzip.so
Event: 0.286 Loaded shared library /root/.vscode-server/extensions/redhat.java-1.14.0-linux-x64/jre/17.0.5-linux-x86_64/lib/libjimage.so
Event: 0.294 Loaded shared library /root/.vscode-server/extensions/redhat.java-1.14.0-linux-x64/jre/17.0.5-linux-x86_64/lib/libnet.so
Event: 0.301 Loaded shared library /tmp/lwjglroot/3.3.1-build-7/liblwjgl.so
Event: 0.621 Loaded shared library /tmp/lwjglroot/3.3.1-build-7/liblwjgl_opengl.so

Deoptimization events (4 events):
Event: 0.641 Thread 0x00007fddb8027aa0 Uncommon trap: trap_request=0xffffff45 fr.pc=0x00007fddadf92180 relative=0x0000000000000060
Event: 0.641 Thread 0x00007fddb8027aa0 Uncommon trap: reason=unstable_if action=reinterpret pc=0x00007fddadf92180 method=java.lang.String.isLatin1()Z @ 10 c2
Event: 0.641 Thread 0x00007fddb8027aa0 DEOPT PACKING pc=0x00007fddadf92180 sp=0x00007fddbc740f40
Event: 0.641 Thread 0x00007fddb8027aa0 DEOPT UNPACKING pc=0x00007fdda6440099 sp=0x00007fddbc740f00 mode 2

Classes unloaded (0 events):
No events

Classes redefined (0 events):
No events

Internal exceptions (16 events):
Event: 0.260 Thread 0x00007fddb8027aa0 Exception <a 'java/lang/NoSuchMethodError'{0x000000062bf49510}: 'java.lang.Object java.lang.invoke.DirectMethodHandle$Holder.invokeStaticInit(java.lang.Object)'> (0x000000062bf49510) 
thrown [src/hotspot/share/interpreter/linkResolver.cpp, line 758]
Event: 0.271 Thread 0x00007fddb8027aa0 Exception <a 'java/lang/NoSuchMethodError'{0x000000062bf97288}: 'void java.lang.invoke.DirectMethodHandle$Holder.invokeStatic(java.lang.Object, java.lang.Object)'> (0x000000062bf97288) 
thrown [src/hotspot/share/interpreter/linkResolver.cpp, line 758]
Event: 0.272 Thread 0x00007fddb8027aa0 Exception <a 'java/lang/NoSuchMethodError'{0x000000062bf9cad0}: 'void java.lang.invoke.DirectMethodHandle$Holder.invokeSpecial(java.lang.Object, java.lang.Object, java.lang.Object)'> (0x000000062bf9cad0) 
thrown [src/hotspot/share/interpreter/linkResolver.cpp, line 758]
Event: 0.275 Thread 0x00007fddb8027aa0 Exception <a 'java/lang/NoSuchMethodError'{0x000000062bfafe30}: 'java.lang.Object java.lang.invoke.DirectMethodHandle$Holder.invokeStatic(java.lang.Object, java.lang.Object, int)'> (0x000000062bfafe30) 
thrown [src/hotspot/share/interpreter/linkResolver.cpp, line 758]
Event: 0.276 Thread 0x00007fddb8027aa0 Exception <a 'java/lang/NoSuchMethodError'{0x000000062bfbbba0}: 'void java.lang.invoke.DelegatingMethodHandle$Holder.delegate(java.lang.Object, java.lang.Object, int, java.lang.Object)'> (0x000000062bfbbba0) 
thrown [src/hotspot/share/interpreter/linkResolver.cpp, line 758]
Event: 0.277 Thread 0x00007fddb8027aa0 Exception <a 'java/lang/NoSuchMethodError'{0x000000062bfbfde0}: 'int java.lang.invoke.DirectMethodHandle$Holder.invokeSpecial(java.lang.Object, java.lang.Object, java.lang.Object)'> (0x000000062bfbfde0) 
thrown [src/hotspot/share/interpreter/linkResolver.cpp, line 758]
Event: 0.301 Thread 0x00007fddb8027aa0 Exception <a 'sun/nio/fs/UnixException'{0x000000062b859420}> (0x000000062b859420) 
thrown [src/hotspot/share/prims/jni.cpp, line 516]
Event: 0.311 Thread 0x00007fddb8027aa0 Exception <a 'java/lang/NoSuchMethodError'{0x000000062b8bfd20}: 'int java.lang.invoke.DirectMethodHandle$Holder.invokeStaticInit(java.lang.Object, java.lang.Object, int, long)'> (0x000000062b8bfd20) 
thrown [src/hotspot/share/interpreter/linkResolver.cpp, line 758]
Event: 0.312 Thread 0x00007fddb8027aa0 Exception <a 'java/lang/NoSuchMethodError'{0x000000062b8c55e8}: 'java.lang.Object java.lang.invoke.DirectMethodHandle$Holder.newInvokeSpecial(java.lang.Object, java.lang.Object, int)'> (0x000000062b8c55e8) 
thrown [src/hotspot/share/interpreter/linkResolver.cpp, line 758]
Event: 0.314 Thread 0x00007fddb8027aa0 Exception <a 'java/lang/NoSuchMethodError'{0x000000062b8d40e0}: 'int java.lang.invoke.DirectMethodHandle$Holder.invokeStaticInit(java.lang.Object, java.lang.Object, long, long)'> (0x000000062b8d40e0) 
thrown [src/hotspot/share/interpreter/linkResolver.cpp, line 758]
Event: 0.314 Thread 0x00007fddb8027aa0 Exception <a 'java/lang/NoSuchMethodError'{0x000000062b8da1f0}: 'java.lang.Object java.lang.invoke.DirectMethodHandle$Holder.newInvokeSpecial(java.lang.Object, java.lang.Object, long)'> (0x000000062b8da1f0) 
thrown [src/hotspot/share/interpreter/linkResolver.cpp, line 758]
Event: 0.314 Thread 0x00007fddb8027aa0 Exception <a 'java/lang/NoSuchMethodError'{0x000000062b8de238}: 'java.lang.Object java.lang.invoke.Invokers$Holder.linkToTargetMethod(java.lang.Object, long, java.lang.Object)'> (0x000000062b8de238) 
thrown [src/hotspot/share/interpreter/linkResolver.cpp, line 758]
Event: 0.315 Thread 0x00007fddb8027aa0 Exception <a 'java/lang/NoSuchMethodError'{0x000000062b8e5950}: 'int java.lang.invoke.DirectMethodHandle$Holder.invokeStaticInit(java.lang.Object, java.lang.Object, java.lang.Object, long)'> (0x000000062b8e5950) 
thrown [src/hotspot/share/interpreter/linkResolver.cpp, line 758]
Event: 0.330 Thread 0x00007fddb8027aa0 Exception <a 'sun/nio/fs/UnixException'{0x000000062b9849e0}> (0x000000062b9849e0) 
thrown [src/hotspot/share/prims/jni.cpp, line 516]
Event: 0.621 Thread 0x00007fddb8027aa0 Exception <a 'sun/nio/fs/UnixException'{0x000000062ba07300}> (0x000000062ba07300) 
thrown [src/hotspot/share/prims/jni.cpp, line 516]
Event: 0.623 Thread 0x00007fddb8027aa0 Exception <a 'sun/nio/fs/UnixException'{0x000000062ba0d640}> (0x000000062ba0d640) 
thrown [src/hotspot/share/prims/jni.cpp, line 516]

VM Operations (6 events):
Event: 0.061 Executing VM operation: ChangeBreakpoints
Event: 0.061 Executing VM operation: ChangeBreakpoints done
Event: 0.229 Executing VM operation: HandshakeAllThreads
Event: 0.229 Executing VM operation: HandshakeAllThreads done
Event: 1.229 Executing VM operation: Cleanup
Event: 1.229 Executing VM operation: Cleanup done

Events (20 events):
Event: 0.662 loading class java/util/function/IntFunction
Event: 0.662 loading class java/util/function/IntFunction done
Event: 0.713 Thread 0x00007fdd4c0bf0d0 Thread added: 0x00007fdd4c0bf0d0
Event: 0.713 Protecting memory [0x00007fdd28030000,0x00007fdd28034000] with protection modes 0
Event: 0.716 Thread 0x00007fdd180048b0 Thread added: 0x00007fdd180048b0
Event: 0.716 Protecting memory [0x00007fdd236ff000,0x00007fdd23703000] with protection modes 0
Event: 0.913 Thread 0x00007fdd180048b0 Thread exited: 0x00007fdd180048b0
Event: 1.120 Thread 0x00007fdd4c0bf0d0 Thread exited: 0x00007fdd4c0bf0d0
Event: 2.249 loading class java/util/IdentityHashMap$KeyIterator
Event: 2.249 loading class java/util/IdentityHashMap$IdentityHashMapIterator
Event: 2.249 loading class java/util/IdentityHashMap$IdentityHashMapIterator done
Event: 2.249 loading class java/util/IdentityHashMap$KeyIterator done
Event: 2.249 Thread 0x00007fddb8027aa0 Thread exited: 0x00007fddb8027aa0
Event: 2.250 Protecting memory [0x00007fddbc642000,0x00007fddbc646000] with protection modes 0
Event: 2.250 Thread 0x00007fddb8027aa0 Thread added: 0x00007fddb8027aa0
Event: 2.250 loading class java/lang/Shutdown
Event: 2.250 loading class java/lang/Shutdown done
Event: 2.250 loading class java/lang/Shutdown$Lock
Event: 2.250 loading class java/lang/Shutdown$Lock done
Event: 2.250 Thread 0x00007fddb8027aa0 Thread exited: 0x00007fddb8027aa0


Dynamic libraries:
60cc00000-62c000000 rw-p 00000000 00:00 0 
62c000000-800000000 ---p 00000000 00:00 0 
800000000-800020000 rw-p 00000000 00:00 0 
800020000-800040000 rw-p 00000000 00:00 0 
800040000-8000b0000 rw-p 00000000 00:00 0 
8000b0000-8000c0000 ---p 00000000 00:00 0 
8000c0000-8000e0000 rw-p 00000000 00:00 0 
8000e0000-840000000 ---p 00000000 00:00 0 
55d524bd0000-55d524bd1000 r--p 00000000 08:20 383590                     /root/.vscode-server/extensions/redhat.java-1.14.0-linux-x64/jre/17.0.5-linux-x86_64/bin/java
55d524bd1000-55d524bd2000 r-xp 00001000 08:20 383590                     /root/.vscode-server/extensions/redhat.java-1.14.0-linux-x64/jre/17.0.5-linux-x86_64/bin/java
55d524bd2000-55d524bd3000 r--p 00002000 08:20 383590                     /root/.vscode-server/extensions/redhat.java-1.14.0-linux-x64/jre/17.0.5-linux-x86_64/bin/java
55d524bd3000-55d524bd4000 r--p 00002000 08:20 383590                     /root/.vscode-server/extensions/redhat.java-1.14.0-linux-x64/jre/17.0.5-linux-x86_64/bin/java
55d524bd4000-55d524bd5000 rw-p 00003000 08:20 383590                     /root/.vscode-server/extensions/redhat.java-1.14.0-linux-x64/jre/17.0.5-linux-x86_64/bin/java
55d525557000-55d52559f000 rw-p 00000000 00:00 0                          [heap]
7fdd10000000-7fdd10021000 rw-p 00000000 00:00 0 
7fdd10021000-7fdd14000000 ---p 00000000 00:00 0 
7fdd18000000-7fdd18021000 rw-p 00000000 00:00 0 
7fdd18021000-7fdd1c000000 ---p 00000000 00:00 0 
7fdd1c000000-7fdd1c021000 rw-p 00000000 00:00 0 
7fdd1c021000-7fdd20000000 ---p 00000000 00:00 0 
7fdd236ff000-7fdd23703000 ---p 00000000 00:00 0 
7fdd23703000-7fdd238b0000 rw-p 00000000 00:00 0 
7fdd238b0000-7fdd24000000 ---p 00000000 00:00 0 
7fdd24000000-7fdd2402a000 rw-p 00000000 00:00 0 
7fdd2402a000-7fdd28000000 ---p 00000000 00:00 0 
7fdd28030000-7fdd28034000 ---p 00000000 00:00 0 
7fdd28034000-7fdd28131000 rw-p 00000000 00:00 0 
7fdd28131000-7fdd28187000 r-xp 00000000 08:20 287481                     /tmp/lwjglroot/3.3.1-build-7/liblwjgl_opengl.so
7fdd28187000-7fdd28386000 ---p 00056000 08:20 287481                     /tmp/lwjglroot/3.3.1-build-7/liblwjgl_opengl.so
7fdd28386000-7fdd28387000 r--p 00055000 08:20 287481                     /tmp/lwjglroot/3.3.1-build-7/liblwjgl_opengl.so
7fdd28387000-7fdd28388000 rw-p 00056000 08:20 287481                     /tmp/lwjglroot/3.3.1-build-7/liblwjgl_opengl.so
7fdd2870c000-7fdd28a90000 rw-s 00000000 00:01 32786                      /SYSV00000000 (deleted)
7fdd29690000-7fdd29691000 ---p 00000000 00:00 0 
7fdd29691000-7fdd29e91000 rw-p 00000000 00:00 0 
7fdd29e91000-7fdd29e92000 ---p 00000000 00:00 0 
7fdd29e92000-7fdd2a692000 rw-p 00000000 00:00 0 
7fdd2a692000-7fdd2a693000 ---p 00000000 00:00 0 
7fdd2a693000-7fdd2ae93000 rw-p 00000000 00:00 0 
7fdd2ae93000-7fdd2bffe000 r--p 00000000 00:1d 16607023626197133          /usr/lib/wsl/drivers/nv_dispi.inf_amd64_807bbbd5b556d8f2/libnvwgf2umx.so
7fdd2bffe000-7fdd2da91000 r-xp 0116b000 00:1d 16607023626197133          /usr/lib/wsl/drivers/nv_dispi.inf_amd64_807bbbd5b556d8f2/libnvwgf2umx.so
7fdd2da91000-7fdd2db93000 r--p 02bfe000 00:1d 16607023626197133          /usr/lib/wsl/drivers/nv_dispi.inf_amd64_807bbbd5b556d8f2/libnvwgf2umx.so
7fdd2db93000-7fdd2e7fb000 rw-p 02d00000 00:1d 16607023626197133          /usr/lib/wsl/drivers/nv_dispi.inf_amd64_807bbbd5b556d8f2/libnvwgf2umx.so
7fdd2e7fb000-7fdd2e84a000 rw-p 00000000 00:00 0 
7fdd2e84a000-7fdd33a6b000 r-xp 00000000 08:20 7268                       /usr/lib/x86_64-linux-gnu/libLLVM-12.so.1
7fdd33a6b000-7fdd33f84000 r--p 05220000 08:20 7268                       /usr/lib/x86_64-linux-gnu/libLLVM-12.so.1
7fdd33f84000-7fdd33f8b000 rw-p 05739000 08:20 7268                       /usr/lib/x86_64-linux-gnu/libLLVM-12.so.1
7fdd33f8b000-7fdd34000000 rw-p 00000000 00:00 0 
7fdd34000000-7fdd34021000 rw-p 00000000 00:00 0 
7fdd34021000-7fdd38000000 ---p 00000000 00:00 0 
7fdd38085000-7fdd38086000 rwxp 00000000 00:00 0 
7fdd384e0000-7fdd384e1000 ---p 00000000 00:00 0 
7fdd384e1000-7fdd38ce1000 rw-p 00000000 00:00 0 
7fdd39359000-7fdd3935a000 ---p 00000000 00:00 0 
7fdd3935a000-7fdd39b5a000 rw-p 00000000 00:00 0 
7fdd3a2da000-7fdd3a31e000 r--p 00000000 00:1f 13792273859049748          /usr/lib/wsl/lib/libd3d12.so
7fdd3a31e000-7fdd3a397000 r-xp 00043000 00:1f 13792273859049748          /usr/lib/wsl/lib/libd3d12.so
7fdd3a397000-7fdd3a39f000 r--p 000bb000 00:1f 13792273859049748          /usr/lib/wsl/lib/libd3d12.so
7fdd3a39f000-7fdd3a3a1000 rw-p 000c2000 00:1f 13792273859049748          /usr/lib/wsl/lib/libd3d12.so
7fdd3a3a1000-7fdd3a3a4000 rw-p 00000000 00:00 0 
7fdd3a3a4000-7fdd3a3e7000 r--p 00000000 00:1f 20266198323394879          /usr/lib/wsl/lib/libdxcore.so
7fdd3a3e7000-7fdd3a468000 r-xp 00042000 00:1f 20266198323394879          /usr/lib/wsl/lib/libdxcore.so
7fdd3a468000-7fdd3a470000 r--p 000c2000 00:1f 20266198323394879          /usr/lib/wsl/lib/libdxcore.so
7fdd3a470000-7fdd3a472000 rw-p 000c9000 00:1f 20266198323394879          /usr/lib/wsl/lib/libdxcore.so
7fdd3a472000-7fdd3a475000 rw-p 00000000 00:00 0 
7fdd3c000000-7fdd3c021000 rw-p 00000000 00:00 0 
7fdd3c021000-7fdd40000000 ---p 00000000 00:00 0 
7fdd40000000-7fdd40021000 rw-p 00000000 00:00 0 
7fdd40021000-7fdd44000000 ---p 00000000 00:00 0 
7fdd44000000-7fdd44021000 rw-p 00000000 00:00 0 
7fdd44021000-7fdd48000000 ---p 00000000 00:00 0 
7fdd48000000-7fdd48021000 rw-p 00000000 00:00 0 
7fdd48021000-7fdd4c000000 ---p 00000000 00:00 0 
7fdd4c000000-7fdd4c0c3000 rw-p 00000000 00:00 0 
7fdd4c0c3000-7fdd50000000 ---p 00000000 00:00 0 
7fdd50000000-7fdd50021000 rw-p 00000000 00:00 0 
7fdd50021000-7fdd54000000 ---p 00000000 00:00 0 
7fdd54000000-7fdd5413e000 rw-p 00000000 00:00 0 
7fdd5413e000-7fdd58000000 ---p 00000000 00:00 0 
7fdd58000000-7fdd58021000 rw-p 00000000 00:00 0 
7fdd58021000-7fdd5c000000 ---p 00000000 00:00 0 
7fdd5c000000-7fdd5c021000 rw-p 00000000 00:00 0 
7fdd5c021000-7fdd60000000 ---p 00000000 00:00 0 
7fdd60000000-7fdd600be000 rw-p 00000000 00:00 0 
7fdd600be000-7fdd64000000 ---p 00000000 00:00 0 
7fdd64000000-7fdd64021000 rw-p 00000000 00:00 0 
7fdd64021000-7fdd68000000 ---p 00000000 00:00 0 
7fdd68000000-7fdd68021000 rw-p 00000000 00:00 0 
7fdd68021000-7fdd6c000000 ---p 00000000 00:00 0 
7fdd6c000000-7fdd6c021000 rw-p 00000000 00:00 0 
7fdd6c021000-7fdd70000000 ---p 00000000 00:00 0 
7fdd70000000-7fdd70021000 rw-p 00000000 00:00 0 
7fdd70021000-7fdd74000000 ---p 00000000 00:00 0 
7fdd74000000-7fdd74021000 rw-p 00000000 00:00 0 
7fdd74021000-7fdd78000000 ---p 00000000 00:00 0 
7fdd78000000-7fdd78021000 rw-p 00000000 00:00 0 
7fdd78021000-7fdd7c000000 ---p 00000000 00:00 0 
7fdd7c000000-7fdd7c021000 rw-p 00000000 00:00 0 
7fdd7c021000-7fdd80000000 ---p 00000000 00:00 0 
7fdd800b0000-7fdd800be000 r--p 00000000 08:20 11539                      /usr/lib/x86_64-linux-gnu/libtinfo.so.6.2
7fdd800be000-7fdd800cd000 r-xp 0000e000 08:20 11539                      /usr/lib/x86_64-linux-gnu/libtinfo.so.6.2
7fdd800cd000-7fdd800db000 r--p 0001d000 08:20 11539                      /usr/lib/x86_64-linux-gnu/libtinfo.so.6.2
7fdd800db000-7fdd800df000 r--p 0002a000 08:20 11539                      /usr/lib/x86_64-linux-gnu/libtinfo.so.6.2
7fdd800df000-7fdd800e0000 rw-p 0002e000 08:20 11539                      /usr/lib/x86_64-linux-gnu/libtinfo.so.6.2
7fdd800e0000-7fdd800e8000 r--p 00000000 08:20 11177                      /usr/lib/x86_64-linux-gnu/libedit.so.2.0.63
7fdd800e8000-7fdd80103000 r-xp 00008000 08:20 11177                      /usr/lib/x86_64-linux-gnu/libedit.so.2.0.63
7fdd80103000-7fdd80111000 r--p 00023000 08:20 11177                      /usr/lib/x86_64-linux-gnu/libedit.so.2.0.63
7fdd80111000-7fdd80113000 r--p 00030000 08:20 11177                      /usr/lib/x86_64-linux-gnu/libedit.so.2.0.63
7fdd80113000-7fdd80114000 rw-p 00032000 08:20 11177                      /usr/lib/x86_64-linux-gnu/libedit.so.2.0.63
7fdd80114000-7fdd80118000 rw-p 00000000 00:00 0 
7fdd80118000-7fdd8011a000 r--p 00000000 08:20 11201                      /usr/lib/x86_64-linux-gnu/libffi.so.7.1.0
7fdd8011a000-7fdd80120000 r-xp 00002000 08:20 11201                      /usr/lib/x86_64-linux-gnu/libffi.so.7.1.0
7fdd80120000-7fdd80121000 r--p 00008000 08:20 11201                      /usr/lib/x86_64-linux-gnu/libffi.so.7.1.0
7fdd80121000-7fdd80122000 ---p 00009000 08:20 11201                      /usr/lib/x86_64-linux-gnu/libffi.so.7.1.0
7fdd80122000-7fdd80123000 r--p 00009000 08:20 11201                      /usr/lib/x86_64-linux-gnu/libffi.so.7.1.0
7fdd80123000-7fdd80124000 rw-p 0000a000 08:20 11201                      /usr/lib/x86_64-linux-gnu/libffi.so.7.1.0
7fdd80124000-7fdd80127000 r--p 00000000 08:20 15714                      /usr/lib/x86_64-linux-gnu/libgcc_s.so.1
7fdd80127000-7fdd80139000 r-xp 00003000 08:20 15714                      /usr/lib/x86_64-linux-gnu/libgcc_s.so.1
7fdd80139000-7fdd8013d000 r--p 00015000 08:20 15714                      /usr/lib/x86_64-linux-gnu/libgcc_s.so.1
7fdd8013d000-7fdd8013e000 r--p 00018000 08:20 15714                      /usr/lib/x86_64-linux-gnu/libgcc_s.so.1
7fdd8013e000-7fdd8013f000 rw-p 00019000 08:20 15714                      /usr/lib/x86_64-linux-gnu/libgcc_s.so.1
7fdd8013f000-7fdd801d5000 r--p 00000000 08:20 16268                      /usr/lib/x86_64-linux-gnu/libstdc++.so.6.0.28
7fdd801d5000-7fdd802c6000 r-xp 00096000 08:20 16268                      /usr/lib/x86_64-linux-gnu/libstdc++.so.6.0.28
7fdd802c6000-7fdd8030f000 r--p 00187000 08:20 16268                      /usr/lib/x86_64-linux-gnu/libstdc++.so.6.0.28
7fdd8030f000-7fdd80310000 ---p 001d0000 08:20 16268                      /usr/lib/x86_64-linux-gnu/libstdc++.so.6.0.28
7fdd80310000-7fdd8031b000 r--p 001d0000 08:20 16268                      /usr/lib/x86_64-linux-gnu/libstdc++.so.6.0.28
7fdd8031b000-7fdd8031e000 rw-p 001db000 08:20 16268                      /usr/lib/x86_64-linux-gnu/libstdc++.so.6.0.28
7fdd8031e000-7fdd80321000 rw-p 00000000 00:00 0 
7fdd80473000-7fdd80476000 r--p 00000000 08:20 7075                       /usr/lib/x86_64-linux-gnu/libxcb-xfixes.so.0.0.0
7fdd80476000-7fdd80479000 r-xp 00003000 08:20 7075                       /usr/lib/x86_64-linux-gnu/libxcb-xfixes.so.0.0.0
7fdd80479000-7fdd8047a000 r--p 00006000 08:20 7075                       /usr/lib/x86_64-linux-gnu/libxcb-xfixes.so.0.0.0
7fdd8047a000-7fdd8047b000 ---p 00007000 08:20 7075                       /usr/lib/x86_64-linux-gnu/libxcb-xfixes.so.0.0.0
7fdd8047b000-7fdd8047c000 r--p 00007000 08:20 7075                       /usr/lib/x86_64-linux-gnu/libxcb-xfixes.so.0.0.0
7fdd8047c000-7fdd8047d000 rw-p 00008000 08:20 7075                       /usr/lib/x86_64-linux-gnu/libxcb-xfixes.so.0.0.0
7fdd8047d000-7fdd8047e000 r-xp 00000000 08:20 11639                      /usr/lib/x86_64-linux-gnu/libxshmfence.so.1.0.0
7fdd8047e000-7fdd8067d000 ---p 00001000 08:20 11639                      /usr/lib/x86_64-linux-gnu/libxshmfence.so.1.0.0
7fdd8067d000-7fdd8067e000 r--p 00000000 08:20 11639                      /usr/lib/x86_64-linux-gnu/libxshmfence.so.1.0.0
7fdd8067e000-7fdd8067f000 rw-p 00001000 08:20 11639                      /usr/lib/x86_64-linux-gnu/libxshmfence.so.1.0.0
7fdd8067f000-7fdd80682000 r--p 00000000 08:20 11625                      /usr/lib/x86_64-linux-gnu/libxcb-sync.so.1.0.0
7fdd80682000-7fdd80685000 r-xp 00003000 08:20 11625                      /usr/lib/x86_64-linux-gnu/libxcb-sync.so.1.0.0
7fdd80685000-7fdd80686000 r--p 00006000 08:20 11625                      /usr/lib/x86_64-linux-gnu/libxcb-sync.so.1.0.0
7fdd80686000-7fdd80687000 ---p 00007000 08:20 11625                      /usr/lib/x86_64-linux-gnu/libxcb-sync.so.1.0.0
7fdd80687000-7fdd80688000 r--p 00007000 08:20 11625                      /usr/lib/x86_64-linux-gnu/libxcb-sync.so.1.0.0
7fdd80688000-7fdd80689000 rw-p 00008000 08:20 11625                      /usr/lib/x86_64-linux-gnu/libxcb-sync.so.1.0.0
7fdd80689000-7fdd8068a000 r--p 00000000 08:20 11619                      /usr/lib/x86_64-linux-gnu/libxcb-present.so.0.0.0
7fdd8068a000-7fdd8068b000 r-xp 00001000 08:20 11619                      /usr/lib/x86_64-linux-gnu/libxcb-present.so.0.0.0
7fdd8068b000-7fdd8068c000 r--p 00002000 08:20 11619                      /usr/lib/x86_64-linux-gnu/libxcb-present.so.0.0.0
7fdd8068c000-7fdd8068d000 r--p 00002000 08:20 11619                      /usr/lib/x86_64-linux-gnu/libxcb-present.so.0.0.0
7fdd8068d000-7fdd8068e000 rw-p 00003000 08:20 11619                      /usr/lib/x86_64-linux-gnu/libxcb-present.so.0.0.0
7fdd8068e000-7fdd80690000 r--p 00000000 08:20 11615                      /usr/lib/x86_64-linux-gnu/libxcb-dri3.so.0.0.0
7fdd80690000-7fdd80691000 r-xp 00002000 08:20 11615                      /usr/lib/x86_64-linux-gnu/libxcb-dri3.so.0.0.0
7fdd80691000-7fdd80692000 r--p 00003000 08:20 11615                      /usr/lib/x86_64-linux-gnu/libxcb-dri3.so.0.0.0
7fdd80692000-7fdd80693000 r--p 00003000 08:20 11615                      /usr/lib/x86_64-linux-gnu/libxcb-dri3.so.0.0.0
7fdd80693000-7fdd80694000 rw-p 00004000 08:20 11615                      /usr/lib/x86_64-linux-gnu/libxcb-dri3.so.0.0.0
7fdd80694000-7fdd80698000 r--p 00000000 08:20 18253                      /usr/lib/x86_64-linux-gnu/libexpat.so.1.6.11
7fdd80698000-7fdd806b4000 r-xp 00004000 08:20 18253                      /usr/lib/x86_64-linux-gnu/libexpat.so.1.6.11
7fdd806b4000-7fdd806be000 r--p 00020000 08:20 18253                      /usr/lib/x86_64-linux-gnu/libexpat.so.1.6.11
7fdd806be000-7fdd806bf000 ---p 0002a000 08:20 18253                      /usr/lib/x86_64-linux-gnu/libexpat.so.1.6.11
7fdd806bf000-7fdd806c1000 r--p 0002a000 08:20 18253                      /usr/lib/x86_64-linux-gnu/libexpat.so.1.6.11
7fdd806c1000-7fdd806c2000 rw-p 0002c000 08:20 18253                      /usr/lib/x86_64-linux-gnu/libexpat.so.1.6.11
7fdd806c2000-7fdd806c3000 r--p 00000000 08:20 7050                       /usr/lib/x86_64-linux-gnu/libxcb-shm.so.0.0.0
7fdd806c3000-7fdd806c4000 r-xp 00001000 08:20 7050                       /usr/lib/x86_64-linux-gnu/libxcb-shm.so.0.0.0
7fdd806c4000-7fdd806c5000 r--p 00002000 08:20 7050                       /usr/lib/x86_64-linux-gnu/libxcb-shm.so.0.0.0
7fdd806c5000-7fdd806c6000 r--p 00002000 08:20 7050                       /usr/lib/x86_64-linux-gnu/libxcb-shm.so.0.0.0
7fdd806c6000-7fdd806c7000 rw-p 00003000 08:20 7050                       /usr/lib/x86_64-linux-gnu/libxcb-shm.so.0.0.0
7fdd806c7000-7fdd806c9000 r--p 00000000 08:20 11613                      /usr/lib/x86_64-linux-gnu/libxcb-dri2.so.0.0.0
7fdd806c9000-7fdd806cb000 r-xp 00002000 08:20 11613                      /usr/lib/x86_64-linux-gnu/libxcb-dri2.so.0.0.0
7fdd806cb000-7fdd806cc000 r--p 00004000 08:20 11613                      /usr/lib/x86_64-linux-gnu/libxcb-dri2.so.0.0.0
7fdd806cc000-7fdd806cd000 r--p 00004000 08:20 11613                      /usr/lib/x86_64-linux-gnu/libxcb-dri2.so.0.0.0
7fdd806cd000-7fdd806ce000 rw-p 00005000 08:20 11613                      /usr/lib/x86_64-linux-gnu/libxcb-dri2.so.0.0.0
7fdd806ce000-7fdd806d9000 r--p 00000000 08:20 11617                      /usr/lib/x86_64-linux-gnu/libxcb-glx.so.0.0.0
7fdd806d9000-7fdd806e2000 r-xp 0000b000 08:20 11617                      /usr/lib/x86_64-linux-gnu/libxcb-glx.so.0.0.0
7fdd806e2000-7fdd806e7000 r--p 00014000 08:20 11617                      /usr/lib/x86_64-linux-gnu/libxcb-glx.so.0.0.0
7fdd806e7000-7fdd806e8000 ---p 00019000 08:20 11617                      /usr/lib/x86_64-linux-gnu/libxcb-glx.so.0.0.0
7fdd806e8000-7fdd806ea000 r--p 00019000 08:20 11617                      /usr/lib/x86_64-linux-gnu/libxcb-glx.so.0.0.0
7fdd806ea000-7fdd806eb000 rw-p 0001b000 08:20 11617                      /usr/lib/x86_64-linux-gnu/libxcb-glx.so.0.0.0
7fdd806eb000-7fdd806f0000 r--p 00000000 08:20 19124                      /usr/lib/x86_64-linux-gnu/libdrm.so.2.4.0
7fdd806f0000-7fdd806fb000 r-xp 00005000 08:20 19124                      /usr/lib/x86_64-linux-gnu/libdrm.so.2.4.0
7fdd806fb000-7fdd806ff000 r--p 00010000 08:20 19124                      /usr/lib/x86_64-linux-gnu/libdrm.so.2.4.0
7fdd806ff000-7fdd80700000 r--p 00013000 08:20 19124                      /usr/lib/x86_64-linux-gnu/libdrm.so.2.4.0
7fdd80700000-7fdd80701000 rw-p 00014000 08:20 19124                      /usr/lib/x86_64-linux-gnu/libdrm.so.2.4.0
7fdd80701000-7fdd8070e000 r--p 00000000 08:20 7199                       /usr/lib/x86_64-linux-gnu/libglapi.so.0.0.0
7fdd8070e000-7fdd8071c000 r-xp 0000d000 08:20 7199                       /usr/lib/x86_64-linux-gnu/libglapi.so.0.0.0
7fdd8071c000-7fdd80735000 r--p 0001b000 08:20 7199                       /usr/lib/x86_64-linux-gnu/libglapi.so.0.0.0
7fdd80735000-7fdd80736000 ---p 00034000 08:20 7199                       /usr/lib/x86_64-linux-gnu/libglapi.so.0.0.0
7fdd80736000-7fdd8073a000 r--p 00034000 08:20 7199                       /usr/lib/x86_64-linux-gnu/libglapi.so.0.0.0
7fdd8073a000-7fdd8073b000 rw-p 00038000 08:20 7199                       /usr/lib/x86_64-linux-gnu/libglapi.so.0.0.0
7fdd8073b000-7fdd8073c000 rw-p 00000000 00:00 0 
7fdd8073c000-7fdd80755000 r--p 00000000 08:20 7111                       /usr/lib/x86_64-linux-gnu/libGLX_mesa.so.0.0.0
7fdd80755000-7fdd80799000 r-xp 00019000 08:20 7111                       /usr/lib/x86_64-linux-gnu/libGLX_mesa.so.0.0.0
7fdd80799000-7fdd807b0000 r--p 0005d000 08:20 7111                       /usr/lib/x86_64-linux-gnu/libGLX_mesa.so.0.0.0
7fdd807b0000-7fdd807b3000 r--p 00073000 08:20 7111                       /usr/lib/x86_64-linux-gnu/libGLX_mesa.so.0.0.0
7fdd807b3000-7fdd807b4000 rw-p 00076000 08:20 7111                       /usr/lib/x86_64-linux-gnu/libGLX_mesa.so.0.0.0
7fdd807b4000-7fdd807b5000 rw-p 00000000 00:00 0 
7fdd807b5000-7fdd807b8000 r--p 00000000 08:20 3717                       /usr/lib/x86_64-linux-gnu/libGLX.so.0.0.0
7fdd807b8000-7fdd807d3000 r-xp 00003000 08:20 3717                       /usr/lib/x86_64-linux-gnu/libGLX.so.0.0.0
7fdd807d3000-7fdd807d7000 r--p 0001e000 08:20 3717                       /usr/lib/x86_64-linux-gnu/libGLX.so.0.0.0
7fdd807d7000-7fdd807d8000 r--p 00021000 08:20 3717                       /usr/lib/x86_64-linux-gnu/libGLX.so.0.0.0
7fdd807d8000-7fdd807d9000 rw-p 00022000 08:20 3717                       /usr/lib/x86_64-linux-gnu/libGLX.so.0.0.0
7fdd807d9000-7fdd807e9000 rw-p 00000000 00:00 0 
7fdd807e9000-7fdd80829000 r--p 00000000 08:20 3793                       /usr/lib/x86_64-linux-gnu/libGLdispatch.so.0.0.0
7fdd80829000-7fdd80868000 r-xp 00040000 08:20 3793                       /usr/lib/x86_64-linux-gnu/libGLdispatch.so.0.0.0
7fdd80868000-7fdd8087c000 r--p 0007f000 08:20 3793                       /usr/lib/x86_64-linux-gnu/libGLdispatch.so.0.0.0
7fdd8087c000-7fdd80898000 r--p 00092000 08:20 3793                       /usr/lib/x86_64-linux-gnu/libGLdispatch.so.0.0.0
7fdd80898000-7fdd80899000 rw-p 000ae000 08:20 3793                       /usr/lib/x86_64-linux-gnu/libGLdispatch.so.0.0.0
7fdd80899000-7fdd808a1000 rw-p 00000000 00:00 0 
7fdd808a1000-7fdd808e4000 r--p 00000000 08:20 3647                       /usr/lib/x86_64-linux-gnu/libGL.so.1.7.0
7fdd808e4000-7fdd80904000 r-xp 00043000 08:20 3647                       /usr/lib/x86_64-linux-gnu/libGL.so.1.7.0
7fdd80904000-7fdd80919000 r--p 00063000 08:20 3647                       /usr/lib/x86_64-linux-gnu/libGL.so.1.7.0
7fdd80919000-7fdd80927000 r--p 00077000 08:20 3647                       /usr/lib/x86_64-linux-gnu/libGL.so.1.7.0
7fdd80927000-7fdd80928000 rw-p 00085000 08:20 3647                       /usr/lib/x86_64-linux-gnu/libGL.so.1.7.0
7fdd80928000-7fdd80929000 rw-p 00000000 00:00 0 
7fdd80929000-7fdd8092a000 r--p 00000000 08:20 7021                       /usr/lib/x86_64-linux-gnu/libX11-xcb.so.1.0.0
7fdd8092a000-7fdd8092b000 r-xp 00001000 08:20 7021                       /usr/lib/x86_64-linux-gnu/libX11-xcb.so.1.0.0
7fdd8092b000-7fdd8092c000 r--p 00002000 08:20 7021                       /usr/lib/x86_64-linux-gnu/libX11-xcb.so.1.0.0
7fdd8092c000-7fdd8092d000 r--p 00002000 08:20 7021                       /usr/lib/x86_64-linux-gnu/libX11-xcb.so.1.0.0
7fdd8092d000-7fdd8092e000 rw-p 00003000 08:20 7021                       /usr/lib/x86_64-linux-gnu/libX11-xcb.so.1.0.0
7fdd80933000-7fdd80935000 r--p 00000000 08:20 11041                      /usr/lib/x86_64-linux-gnu/libXfixes.so.3.1.0
7fdd80935000-7fdd80938000 r-xp 00002000 08:20 11041                      /usr/lib/x86_64-linux-gnu/libXfixes.so.3.1.0
7fdd80938000-7fdd80939000 r--p 00005000 08:20 11041                      /usr/lib/x86_64-linux-gnu/libXfixes.so.3.1.0
7fdd80939000-7fdd8093a000 r--p 00005000 08:20 11041                      /usr/lib/x86_64-linux-gnu/libXfixes.so.3.1.0
7fdd8093a000-7fdd8093b000 rw-p 00006000 08:20 11041                      /usr/lib/x86_64-linux-gnu/libXfixes.so.3.1.0
7fdd80b71000-7fdd80b89000 r--p 00000000 08:20 13542                      /usr/lib/x86_64-linux-gnu/libX11.so.6.3.0
7fdd80b89000-7fdd80c14000 r-xp 00018000 08:20 13542                      /usr/lib/x86_64-linux-gnu/libX11.so.6.3.0
7fdd80c14000-7fdd80ca8000 r--p 000a3000 08:20 13542                      /usr/lib/x86_64-linux-gnu/libX11.so.6.3.0
7fdd80ca8000-7fdd80ca9000 ---p 00137000 08:20 13542                      /usr/lib/x86_64-linux-gnu/libX11.so.6.3.0
7fdd80ca9000-7fdd80caa000 r--p 00137000 08:20 13542                      /usr/lib/x86_64-linux-gnu/libX11.so.6.3.0
7fdd80caa000-7fdd80cae000 rw-p 00138000 08:20 13542                      /usr/lib/x86_64-linux-gnu/libX11.so.6.3.0
7fdd80cae000-7fdd80d05000 r-xp 00000000 08:20 287479                     /tmp/lwjglroot/3.3.1-build-7/libglfw.so
7fdd80d05000-7fdd80f04000 ---p 00057000 08:20 287479                     /tmp/lwjglroot/3.3.1-build-7/libglfw.so
7fdd80f04000-7fdd80f07000 r--p 00056000 08:20 287479                     /tmp/lwjglroot/3.3.1-build-7/libglfw.so
7fdd80f07000-7fdd80f09000 rw-p 00059000 08:20 287479                     /tmp/lwjglroot/3.3.1-build-7/libglfw.so
7fdd80f09000-7fdd80f2c000 rw-p 00000000 00:00 0 
7fdd80f2c000-7fdd80f97000 r-xp 00000000 08:20 287478                     /tmp/lwjglroot/3.3.1-build-7/liblwjgl.so
7fdd80f97000-7fdd81196000 ---p 0006b000 08:20 287478                     /tmp/lwjglroot/3.3.1-build-7/liblwjgl.so
7fdd81196000-7fdd81197000 r--p 0006a000 08:20 287478                     /tmp/lwjglroot/3.3.1-build-7/liblwjgl.so
7fdd81197000-7fdd81198000 rw-p 0006b000 08:20 287478                     /tmp/lwjglroot/3.3.1-build-7/liblwjgl.so
7fdd81198000-7fdd8119c000 ---p 00000000 00:00 0 
7fdd8119c000-7fdd81299000 rw-p 00000000 00:00 0 
7fdd81299000-7fdd8129a000 ---p 00000000 00:00 0 
7fdd8129a000-7fdd8139b000 rw-p 00000000 00:00 0 
7fdd8139b000-7fdd8139f000 ---p 00000000 00:00 0 
7fdd8139f000-7fdd8149c000 rw-p 00000000 00:00 0 
7fdd8149c000-7fdd814a0000 ---p 00000000 00:00 0 
7fdd814a0000-7fdd8159d000 rw-p 00000000 00:00 0 
7fdd8159d000-7fdd815a1000 ---p 00000000 00:00 0 
7fdd815a1000-7fdd8169e000 rw-p 00000000 00:00 0 
7fdd8169e000-7fdd816a2000 ---p 00000000 00:00 0 
7fdd816a2000-7fdd8179f000 rw-p 00000000 00:00 0 
7fdd8179f000-7fdd817a3000 ---p 00000000 00:00 0 
7fdd817a3000-7fdd818a0000 rw-p 00000000 00:00 0 
7fdd818a0000-7fdd818a4000 ---p 00000000 00:00 0 
7fdd818a4000-7fdd819a1000 rw-p 00000000 00:00 0 
7fdd819a1000-7fdd819a5000 ---p 00000000 00:00 0 
7fdd819a5000-7fdd81aa2000 rw-p 00000000 00:00 0 
7fdd81aa2000-7fdd81aa6000 ---p 00000000 00:00 0 
7fdd81aa6000-7fdd81ba3000 rw-p 00000000 00:00 0 
7fdd81ba3000-7fdd81ba7000 ---p 00000000 00:00 0 
7fdd81ba7000-7fdd81ca4000 rw-p 00000000 00:00 0 
7fdd81ca4000-7fdd81ca8000 ---p 00000000 00:00 0 
7fdd81ca8000-7fdd81da5000 rw-p 00000000 00:00 0 
7fdd81da5000-7fdd81da9000 ---p 00000000 00:00 0 
7fdd81da9000-7fdd81ea6000 rw-p 00000000 00:00 0 
7fdd81ea6000-7fdd82019000 r--p 00000000 08:20 20355                      /usr/lib/locale/C.UTF-8/LC_COLLATE
7fdd82019000-7fdd822ff000 r--p 00000000 08:20 4069                       /usr/lib/locale/locale-archive
7fdd822ff000-7fdd82303000 ---p 00000000 00:00 0 
7fdd82303000-7fdd82800000 rw-p 00000000 00:00 0 
7fdd82800000-7fdd82880000 rw-p 00000000 00:00 0 
7fdd82880000-7fdd82900000 rw-p 00000000 00:00 0 
7fdd82900000-7fdd82aa0000 rw-p 00000000 00:00 0 
7fdd82aa0000-7fdd82ae0000 rw-p 00000000 00:00 0 
7fdd82ae0000-7fdd82bc0000 rw-p 00000000 00:00 0 
7fdd82bc0000-7fdd82c00000 ---p 00000000 00:00 0 
7fdd82c03000-7fdd82c07000 r--p 00000000 08:20 11039                      /usr/lib/x86_64-linux-gnu/libXext.so.6.4.0
7fdd82c07000-7fdd82c12000 r-xp 00004000 08:20 11039                      /usr/lib/x86_64-linux-gnu/libXext.so.6.4.0
7fdd82c12000-7fdd82c16000 r--p 0000f000 08:20 11039                      /usr/lib/x86_64-linux-gnu/libXext.so.6.4.0
7fdd82c16000-7fdd82c17000 r--p 00012000 08:20 11039                      /usr/lib/x86_64-linux-gnu/libXext.so.6.4.0
7fdd82c17000-7fdd82c18000 rw-p 00013000 08:20 11039                      /usr/lib/x86_64-linux-gnu/libXext.so.6.4.0
7fdd82c18000-7fdd82c19000 r--p 00000000 08:20 11067                      /usr/lib/x86_64-linux-gnu/libXxf86vm.so.1.0.0
7fdd82c19000-7fdd82c1c000 r-xp 00001000 08:20 11067                      /usr/lib/x86_64-linux-gnu/libXxf86vm.so.1.0.0
7fdd82c1c000-7fdd82c1d000 r--p 00004000 08:20 11067                      /usr/lib/x86_64-linux-gnu/libXxf86vm.so.1.0.0
7fdd82c1d000-7fdd82c1e000 r--p 00004000 08:20 11067                      /usr/lib/x86_64-linux-gnu/libXxf86vm.so.1.0.0
7fdd82c1e000-7fdd82c1f000 rw-p 00005000 08:20 11067                      /usr/lib/x86_64-linux-gnu/libXxf86vm.so.1.0.0
7fdd82c1f000-7fdd82c23000 r--p 00000000 08:20 11112                      /usr/lib/x86_64-linux-gnu/libbsd.so.0.10.0
7fdd82c23000-7fdd82c32000 r-xp 00004000 08:20 11112                      /usr/lib/x86_64-linux-gnu/libbsd.so.0.10.0
7fdd82c32000-7fdd82c35000 r--p 00013000 08:20 11112                      /usr/lib/x86_64-linux-gnu/libbsd.so.0.10.0
7fdd82c35000-7fdd82c36000 ---p 00016000 08:20 11112                      /usr/lib/x86_64-linux-gnu/libbsd.so.0.10.0
7fdd82c36000-7fdd82c37000 r--p 00016000 08:20 11112                      /usr/lib/x86_64-linux-gnu/libbsd.so.0.10.0
7fdd82c37000-7fdd82c38000 rw-p 00017000 08:20 11112                      /usr/lib/x86_64-linux-gnu/libbsd.so.0.10.0
7fdd82c38000-7fdd82c39000 rw-p 00000000 00:00 0 
7fdd82c39000-7fdd82c3b000 r--p 00000000 08:20 11037                      /usr/lib/x86_64-linux-gnu/libXdmcp.so.6.0.0
7fdd82c3b000-7fdd82c3d000 r-xp 00002000 08:20 11037                      /usr/lib/x86_64-linux-gnu/libXdmcp.so.6.0.0
7fdd82c3d000-7fdd82c3f000 r--p 00004000 08:20 11037                      /usr/lib/x86_64-linux-gnu/libXdmcp.so.6.0.0
7fdd82c3f000-7fdd82c40000 r--p 00005000 08:20 11037                      /usr/lib/x86_64-linux-gnu/libXdmcp.so.6.0.0
7fdd82c40000-7fdd82c41000 rw-p 00006000 08:20 11037                      /usr/lib/x86_64-linux-gnu/libXdmcp.so.6.0.0
7fdd82c41000-7fdd82c4c000 r--p 00000000 08:20 11627                      /usr/lib/x86_64-linux-gnu/libxcb.so.1.1.0
7fdd82c4c000-7fdd82c60000 r-xp 0000b000 08:20 11627                      /usr/lib/x86_64-linux-gnu/libxcb.so.1.1.0
7fdd82c60000-7fdd82c69000 r--p 0001f000 08:20 11627                      /usr/lib/x86_64-linux-gnu/libxcb.so.1.1.0
7fdd82c69000-7fdd82c6a000 r--p 00027000 08:20 11627                      /usr/lib/x86_64-linux-gnu/libxcb.so.1.1.0
7fdd82c6a000-7fdd82c6b000 rw-p 00028000 08:20 11627                      /usr/lib/x86_64-linux-gnu/libxcb.so.1.1.0
7fdd82c6b000-7fdd82c9c000 rw-p 00000000 00:00 0 
7fdd82c9c000-7fdd82cce000 r--p 00000000 08:20 20356                      /usr/lib/locale/C.UTF-8/LC_CTYPE
7fdd82cce000-7fdd82cd2000 ---p 00000000 00:00 0 
7fdd82cd2000-7fdd82dcf000 rw-p 00000000 00:00 0 
7fdd82dcf000-7fdd82dd0000 ---p 00000000 00:00 0 
7fdd82dd0000-7fdd82fee000 rw-p 00000000 00:00 0 
7fdd82fee000-7fdd82fef000 ---p 00000000 00:00 0 
7fdd82fef000-7fdd830f0000 rw-p 00000000 00:00 0 
7fdd830f0000-7fdd830f1000 ---p 00000000 00:00 0 
7fdd830f1000-7fdd84000000 rw-p 00000000 00:00 0 
7fdd84000000-7fdd84021000 rw-p 00000000 00:00 0 
7fdd84021000-7fdd88000000 ---p 00000000 00:00 0 
7fdd88000000-7fdd88021000 rw-p 00000000 00:00 0 
7fdd88021000-7fdd8c000000 ---p 00000000 00:00 0 
7fdd8c000000-7fdd8c021000 rw-p 00000000 00:00 0 
7fdd8c021000-7fdd90000000 ---p 00000000 00:00 0 
7fdd9000f000-7fdd90013000 r--p 00000000 08:20 383988                     /root/.vscode-server/extensions/redhat.java-1.14.0-linux-x64/jre/17.0.5-linux-x86_64/lib/libnet.so
7fdd90013000-7fdd90021000 r-xp 00004000 08:20 383988                     /root/.vscode-server/extensions/redhat.java-1.14.0-linux-x64/jre/17.0.5-linux-x86_64/lib/libnet.so
7fdd90021000-7fdd90025000 r--p 00012000 08:20 383988                     /root/.vscode-server/extensions/redhat.java-1.14.0-linux-x64/jre/17.0.5-linux-x86_64/lib/libnet.so
7fdd90025000-7fdd90026000 r--p 00015000 08:20 383988                     /root/.vscode-server/extensions/redhat.java-1.14.0-linux-x64/jre/17.0.5-linux-x86_64/lib/libnet.so
7fdd90026000-7fdd90027000 rw-p 00016000 08:20 383988                     /root/.vscode-server/extensions/redhat.java-1.14.0-linux-x64/jre/17.0.5-linux-x86_64/lib/libnet.so
7fdd90027000-7fdd9262d000 rw-p 00000000 00:00 0 
7fdd9262d000-7fdd9262e000 ---p 00000000 00:00 0 
7fdd9262e000-7fdd9272f000 rw-p 00000000 00:00 0 
7fdd9272f000-7fdd92730000 ---p 00000000 00:00 0 
7fdd92730000-7fdd92831000 rw-p 00000000 00:00 0 
7fdd92831000-7fdd92832000 ---p 00000000 00:00 0 
7fdd92832000-7fdd9323f000 rw-p 00000000 00:00 0 
7fdd9323f000-7fdd9a73f000 ---p 00000000 00:00 0 
7fdd9a73f000-7fdd9af0f000 rw-p 00000000 00:00 0 
7fdd9af0f000-7fdda240f000 ---p 00000000 00:00 0 
7fdda240f000-7fdda2509000 rw-p 00000000 00:00 0 
7fdda2509000-7fdda33a9000 ---p 00000000 00:00 0 
7fdda33a9000-7fdda34a3000 rw-p 00000000 00:00 0 
7fdda34a3000-7fdda4343000 ---p 00000000 00:00 0 
7fdda4343000-7fdda443d000 rw-p 00000000 00:00 0 
7fdda443d000-7fdda52dd000 ---p 00000000 00:00 0 
7fdda52dd000-7fdda63ee000 rw-p 00000000 00:00 0 
7fdda63ee000-7fdda665e000 rwxp 00000000 00:00 0 
7fdda665e000-7fdda6b2f000 ---p 00000000 00:00 0 
7fdda6b2f000-7fdda6d9f000 rwxp 00000000 00:00 0 
7fdda6d9f000-7fddadf8e000 ---p 00000000 00:00 0 
7fddadf8e000-7fddae1fe000 rwxp 00000000 00:00 0 
7fddae1fe000-7fddb53ee000 ---p 00000000 00:00 0 
7fddb53ee000-7fddb8000000 r--s 00000000 08:20 383997                     /root/.vscode-server/extensions/redhat.java-1.14.0-linux-x64/jre/17.0.5-linux-x86_64/lib/modules
7fddb8000000-7fddb8c18000 rw-p 00000000 00:00 0 
7fddb8c18000-7fddbc000000 ---p 00000000 00:00 0 
7fddbc000000-7fddbc001000 r--p 00000000 08:20 11028                      /usr/lib/x86_64-linux-gnu/libXau.so.6.0.0
7fddbc001000-7fddbc003000 r-xp 00001000 08:20 11028                      /usr/lib/x86_64-linux-gnu/libXau.so.6.0.0
7fddbc003000-7fddbc004000 r--p 00003000 08:20 11028                      /usr/lib/x86_64-linux-gnu/libXau.so.6.0.0
7fddbc004000-7fddbc005000 r--p 00003000 08:20 11028                      /usr/lib/x86_64-linux-gnu/libXau.so.6.0.0
7fddbc005000-7fddbc006000 rw-p 00004000 08:20 11028                      /usr/lib/x86_64-linux-gnu/libXau.so.6.0.0
7fddbc006000-7fddbc007000 rw-p 00000000 00:00 0 
7fddbc007000-7fddbc008000 r-xp 00053000 08:20 287478                     /tmp/lwjglroot/3.3.1-build-7/liblwjgl.so
7fddbc008000-7fddbc009000 rw-p 00000000 00:00 0 
7fddbc009000-7fddbc010000 r--p 00000000 08:20 383989                     /root/.vscode-server/extensions/redhat.java-1.14.0-linux-x64/jre/17.0.5-linux-x86_64/lib/libnio.so
7fddbc010000-7fddbc019000 r-xp 00007000 08:20 383989                     /root/.vscode-server/extensions/redhat.java-1.14.0-linux-x64/jre/17.0.5-linux-x86_64/lib/libnio.so
7fddbc019000-7fddbc01d000 r--p 00010000 08:20 383989                     /root/.vscode-server/extensions/redhat.java-1.14.0-linux-x64/jre/17.0.5-linux-x86_64/lib/libnio.so
7fddbc01d000-7fddbc01e000 ---p 00014000 08:20 383989                     /root/.vscode-server/extensions/redhat.java-1.14.0-linux-x64/jre/17.0.5-linux-x86_64/lib/libnio.so
7fddbc01e000-7fddbc01f000 r--p 00014000 08:20 383989                     /root/.vscode-server/extensions/redhat.java-1.14.0-linux-x64/jre/17.0.5-linux-x86_64/lib/libnio.so
7fddbc01f000-7fddbc020000 rw-p 00015000 08:20 383989                     /root/.vscode-server/extensions/redhat.java-1.14.0-linux-x64/jre/17.0.5-linux-x86_64/lib/libnio.so
7fddbc020000-7fddbc022000 r--p 00000000 08:20 383967                     /root/.vscode-server/extensions/redhat.java-1.14.0-linux-x64/jre/17.0.5-linux-x86_64/lib/libdt_socket.so
7fddbc022000-7fddbc025000 r-xp 00002000 08:20 383967                     /root/.vscode-server/extensions/redhat.java-1.14.0-linux-x64/jre/17.0.5-linux-x86_64/lib/libdt_socket.so
7fddbc025000-7fddbc026000 r--p 00005000 08:20 383967                     /root/.vscode-server/extensions/redhat.java-1.14.0-linux-x64/jre/17.0.5-linux-x86_64/lib/libdt_socket.so
7fddbc026000-7fddbc027000 ---p 00006000 08:20 383967                     /root/.vscode-server/extensions/redhat.java-1.14.0-linux-x64/jre/17.0.5-linux-x86_64/lib/libdt_socket.so
7fddbc027000-7fddbc028000 r--p 00006000 08:20 383967                     /root/.vscode-server/extensions/redhat.java-1.14.0-linux-x64/jre/17.0.5-linux-x86_64/lib/libdt_socket.so
7fddbc028000-7fddbc029000 rw-p 00007000 08:20 383967                     /root/.vscode-server/extensions/redhat.java-1.14.0-linux-x64/jre/17.0.5-linux-x86_64/lib/libdt_socket.so
7fddbc029000-7fddbc02a000 r--p 00000000 08:20 20362                      /usr/lib/locale/C.UTF-8/LC_NUMERIC
7fddbc02a000-7fddbc02b000 r--p 00000000 08:20 20365                      /usr/lib/locale/C.UTF-8/LC_TIME
7fddbc02b000-7fddbc02c000 r--p 00000000 08:20 20360                      /usr/lib/locale/C.UTF-8/LC_MONETARY
7fddbc02c000-7fddbc02d000 r--p 00000000 08:20 20359                      /usr/lib/locale/C.UTF-8/LC_MESSAGES/SYS_LC_MESSAGES
7fddbc02d000-7fddbc02e000 r--p 00000000 08:20 20363                      /usr/lib/locale/C.UTF-8/LC_PAPER
7fddbc02e000-7fddbc02f000 r--p 00000000 08:20 20361                      /usr/lib/locale/C.UTF-8/LC_NAME
7fddbc02f000-7fddbc036000 r--s 00000000 08:20 40715                      /usr/lib/x86_64-linux-gnu/gconv/gconv-modules.cache
7fddbc036000-7fddbc3bc000 rw-p 00000000 00:00 0 
7fddbc3bc000-7fddbc4a0000 ---p 00000000 00:00 0 
7fddbc4a0000-7fddbc4a5000 rw-p 00000000 00:00 0 
7fddbc4a5000-7fddbc589000 ---p 00000000 00:00 0 
7fddbc589000-7fddbc58e000 rw-p 00000000 00:00 0 
7fddbc58e000-7fddbc598000 ---p 00000000 00:00 0 
7fddbc598000-7fddbc59b000 r--p 00000000 08:20 37895                      /usr/lib/x86_64-linux-gnu/libnss_files-2.31.so
7fddbc59b000-7fddbc5a2000 r-xp 00003000 08:20 37895                      /usr/lib/x86_64-linux-gnu/libnss_files-2.31.so
7fddbc5a2000-7fddbc5a4000 r--p 0000a000 08:20 37895                      /usr/lib/x86_64-linux-gnu/libnss_files-2.31.so
7fddbc5a4000-7fddbc5a5000 r--p 0000b000 08:20 37895                      /usr/lib/x86_64-linux-gnu/libnss_files-2.31.so
7fddbc5a5000-7fddbc5a6000 rw-p 0000c000 08:20 37895                      /usr/lib/x86_64-linux-gnu/libnss_files-2.31.so
7fddbc5a6000-7fddbc5ac000 rw-p 00000000 00:00 0 
7fddbc5ac000-7fddbc5ad000 r--p 00000000 08:20 20354                      /usr/lib/locale/C.UTF-8/LC_ADDRESS
7fddbc5ad000-7fddbc5ae000 r--p 00000000 08:20 20364                      /usr/lib/locale/C.UTF-8/LC_TELEPHONE
7fddbc5ae000-7fddbc5b0000 r--p 00000000 08:20 383996                     /root/.vscode-server/extensions/redhat.java-1.14.0-linux-x64/jre/17.0.5-linux-x86_64/lib/libzip.so
7fddbc5b0000-7fddbc5b4000 r-xp 00002000 08:20 383996                     /root/.vscode-server/extensions/redhat.java-1.14.0-linux-x64/jre/17.0.5-linux-x86_64/lib/libzip.so
7fddbc5b4000-7fddbc5b6000 r--p 00006000 08:20 383996                     /root/.vscode-server/extensions/redhat.java-1.14.0-linux-x64/jre/17.0.5-linux-x86_64/lib/libzip.so
7fddbc5b6000-7fddbc5b7000 r--p 00007000 08:20 383996                     /root/.vscode-server/extensions/redhat.java-1.14.0-linux-x64/jre/17.0.5-linux-x86_64/lib/libzip.so
7fddbc5b7000-7fddbc5b8000 rw-p 00008000 08:20 383996                     /root/.vscode-server/extensions/redhat.java-1.14.0-linux-x64/jre/17.0.5-linux-x86_64/lib/libzip.so
7fddbc5b8000-7fddbc5c5000 r--p 00000000 08:20 383975                     /root/.vscode-server/extensions/redhat.java-1.14.0-linux-x64/jre/17.0.5-linux-x86_64/lib/libjava.so
7fddbc5c5000-7fddbc5d7000 r-xp 0000d000 08:20 383975                     /root/.vscode-server/extensions/redhat.java-1.14.0-linux-x64/jre/17.0.5-linux-x86_64/lib/libjava.so
7fddbc5d7000-7fddbc5dd000 r--p 0001f000 08:20 383975                     /root/.vscode-server/extensions/redhat.java-1.14.0-linux-x64/jre/17.0.5-linux-x86_64/lib/libjava.so
7fddbc5dd000-7fddbc5de000 ---p 00025000 08:20 383975                     /root/.vscode-server/extensions/redhat.java-1.14.0-linux-x64/jre/17.0.5-linux-x86_64/lib/libjava.so
7fddbc5de000-7fddbc5df000 r--p 00025000 08:20 383975                     /root/.vscode-server/extensions/redhat.java-1.14.0-linux-x64/jre/17.0.5-linux-x86_64/lib/libjava.so
7fddbc5df000-7fddbc5e0000 rw-p 00026000 08:20 383975                     /root/.vscode-server/extensions/redhat.java-1.14.0-linux-x64/jre/17.0.5-linux-x86_64/lib/libjava.so
7fddbc5e0000-7fddbc5e1000 rw-p 00000000 00:00 0 
7fddbc5e1000-7fddbc5e4000 r--p 00000000 08:20 383978                     /root/.vscode-server/extensions/redhat.java-1.14.0-linux-x64/jre/17.0.5-linux-x86_64/lib/libjdwp.so
7fddbc5e4000-7fddbc611000 r-xp 00003000 08:20 383978                     /root/.vscode-server/extensions/redhat.java-1.14.0-linux-x64/jre/17.0.5-linux-x86_64/lib/libjdwp.so
7fddbc611000-7fddbc61f000 r--p 00030000 08:20 383978                     /root/.vscode-server/extensions/redhat.java-1.14.0-linux-x64/jre/17.0.5-linux-x86_64/lib/libjdwp.so
7fddbc61f000-7fddbc620000 r--p 0003d000 08:20 383978                     /root/.vscode-server/extensions/redhat.java-1.14.0-linux-x64/jre/17.0.5-linux-x86_64/lib/libjdwp.so
7fddbc620000-7fddbc621000 rw-p 0003e000 08:20 383978                     /root/.vscode-server/extensions/redhat.java-1.14.0-linux-x64/jre/17.0.5-linux-x86_64/lib/libjdwp.so
7fddbc621000-7fddbc622000 rw-p 00000000 00:00 0 
7fddbc622000-7fddbc626000 r--p 00000000 08:20 383979                     /root/.vscode-server/extensions/redhat.java-1.14.0-linux-x64/jre/17.0.5-linux-x86_64/lib/libjimage.so
7fddbc626000-7fddbc639000 r-xp 00004000 08:20 383979                     /root/.vscode-server/extensions/redhat.java-1.14.0-linux-x64/jre/17.0.5-linux-x86_64/lib/libjimage.so
7fddbc639000-7fddbc63f000 r--p 00017000 08:20 383979                     /root/.vscode-server/extensions/redhat.java-1.14.0-linux-x64/jre/17.0.5-linux-x86_64/lib/libjimage.so
7fddbc63f000-7fddbc641000 r--p 0001c000 08:20 383979                     /root/.vscode-server/extensions/redhat.java-1.14.0-linux-x64/jre/17.0.5-linux-x86_64/lib/libjimage.so
7fddbc641000-7fddbc642000 rw-p 0001e000 08:20 383979                     /root/.vscode-server/extensions/redhat.java-1.14.0-linux-x64/jre/17.0.5-linux-x86_64/lib/libjimage.so
7fddbc642000-7fddbc646000 ---p 00000000 00:00 0 
7fddbc646000-7fddbc743000 rw-p 00000000 00:00 0 
7fddbc743000-7fddbc750000 r--p 00000000 08:20 37094                      /usr/lib/x86_64-linux-gnu/libm-2.31.so
7fddbc750000-7fddbc7f7000 r-xp 0000d000 08:20 37094                      /usr/lib/x86_64-linux-gnu/libm-2.31.so
7fddbc7f7000-7fddbc890000 r--p 000b4000 08:20 37094                      /usr/lib/x86_64-linux-gnu/libm-2.31.so
7fddbc890000-7fddbc891000 r--p 0014c000 08:20 37094                      /usr/lib/x86_64-linux-gnu/libm-2.31.so
7fddbc891000-7fddbc892000 rw-p 0014d000 08:20 37094                      /usr/lib/x86_64-linux-gnu/libm-2.31.so
7fddbc892000-7fddbc894000 r--p 00000000 08:20 38548                      /usr/lib/x86_64-linux-gnu/librt-2.31.so
7fddbc894000-7fddbc898000 r-xp 00002000 08:20 38548                      /usr/lib/x86_64-linux-gnu/librt-2.31.so
7fddbc898000-7fddbc89a000 r--p 00006000 08:20 38548                      /usr/lib/x86_64-linux-gnu/librt-2.31.so
7fddbc89a000-7fddbc89b000 r--p 00007000 08:20 38548                      /usr/lib/x86_64-linux-gnu/librt-2.31.so
7fddbc89b000-7fddbc89c000 rw-p 00008000 08:20 38548                      /usr/lib/x86_64-linux-gnu/librt-2.31.so
7fddbc89c000-7fddbcaee000 r--p 00000000 08:20 384007                     /root/.vscode-server/extensions/redhat.java-1.14.0-linux-x64/jre/17.0.5-linux-x86_64/lib/server/libjvm.so
7fddbcaee000-7fddbd807000 r-xp 00252000 08:20 384007                     /root/.vscode-server/extensions/redhat.java-1.14.0-linux-x64/jre/17.0.5-linux-x86_64/lib/server/libjvm.so
7fddbd807000-7fddbda92000 r--p 00f6b000 08:20 384007                     /root/.vscode-server/extensions/redhat.java-1.14.0-linux-x64/jre/17.0.5-linux-x86_64/lib/server/libjvm.so
7fddbda92000-7fddbda93000 ---p 011f6000 08:20 384007                     /root/.vscode-server/extensions/redhat.java-1.14.0-linux-x64/jre/17.0.5-linux-x86_64/lib/server/libjvm.so
7fddbda93000-7fddbdb4c000 r--p 011f6000 08:20 384007                     /root/.vscode-server/extensions/redhat.java-1.14.0-linux-x64/jre/17.0.5-linux-x86_64/lib/server/libjvm.so
7fddbdb4c000-7fddbdb81000 rw-p 012af000 08:20 384007                     /root/.vscode-server/extensions/redhat.java-1.14.0-linux-x64/jre/17.0.5-linux-x86_64/lib/server/libjvm.so
7fddbdb81000-7fddbdbdd000 rw-p 00000000 00:00 0 
7fddbdbdd000-7fddbdbff000 r--p 00000000 08:20 37092                      /usr/lib/x86_64-linux-gnu/libc-2.31.so
7fddbdbff000-7fddbdd77000 r-xp 00022000 08:20 37092                      /usr/lib/x86_64-linux-gnu/libc-2.31.so
7fddbdd77000-7fddbddc5000 r--p 0019a000 08:20 37092                      /usr/lib/x86_64-linux-gnu/libc-2.31.so
7fddbddc5000-7fddbddc9000 r--p 001e7000 08:20 37092                      /usr/lib/x86_64-linux-gnu/libc-2.31.so
7fddbddc9000-7fddbddcb000 rw-p 001eb000 08:20 37092                      /usr/lib/x86_64-linux-gnu/libc-2.31.so
7fddbddcb000-7fddbddcf000 rw-p 00000000 00:00 0 
7fddbddcf000-7fddbddd0000 r--p 00000000 08:20 37093                      /usr/lib/x86_64-linux-gnu/libdl-2.31.so
7fddbddd0000-7fddbddd2000 r-xp 00001000 08:20 37093                      /usr/lib/x86_64-linux-gnu/libdl-2.31.so
7fddbddd2000-7fddbddd3000 r--p 00003000 08:20 37093                      /usr/lib/x86_64-linux-gnu/libdl-2.31.so
7fddbddd3000-7fddbddd4000 r--p 00003000 08:20 37093                      /usr/lib/x86_64-linux-gnu/libdl-2.31.so
7fddbddd4000-7fddbddd5000 rw-p 00004000 08:20 37093                      /usr/lib/x86_64-linux-gnu/libdl-2.31.so
7fddbddd5000-7fddbdddb000 r--p 00000000 08:20 38546                      /usr/lib/x86_64-linux-gnu/libpthread-2.31.so
7fddbdddb000-7fddbddec000 r-xp 00006000 08:20 38546                      /usr/lib/x86_64-linux-gnu/libpthread-2.31.so
7fddbddec000-7fddbddf2000 r--p 00017000 08:20 38546                      /usr/lib/x86_64-linux-gnu/libpthread-2.31.so
7fddbddf2000-7fddbddf3000 r--p 0001c000 08:20 38546                      /usr/lib/x86_64-linux-gnu/libpthread-2.31.so
7fddbddf3000-7fddbddf4000 rw-p 0001d000 08:20 38546                      /usr/lib/x86_64-linux-gnu/libpthread-2.31.so
7fddbddf4000-7fddbddf8000 rw-p 00000000 00:00 0 
7fddbddf8000-7fddbddfb000 r--p 00000000 08:20 383980                     /root/.vscode-server/extensions/redhat.java-1.14.0-linux-x64/jre/17.0.5-linux-x86_64/lib/libjli.so
7fddbddfb000-7fddbde05000 r-xp 00003000 08:20 383980                     /root/.vscode-server/extensions/redhat.java-1.14.0-linux-x64/jre/17.0.5-linux-x86_64/lib/libjli.so
7fddbde05000-7fddbde08000 r--p 0000d000 08:20 383980                     /root/.vscode-server/extensions/redhat.java-1.14.0-linux-x64/jre/17.0.5-linux-x86_64/lib/libjli.so
7fddbde08000-7fddbde09000 ---p 00010000 08:20 383980                     /root/.vscode-server/extensions/redhat.java-1.14.0-linux-x64/jre/17.0.5-linux-x86_64/lib/libjli.so
7fddbde09000-7fddbde0a000 r--p 00010000 08:20 383980                     /root/.vscode-server/extensions/redhat.java-1.14.0-linux-x64/jre/17.0.5-linux-x86_64/lib/libjli.so
7fddbde0a000-7fddbde0b000 rw-p 00011000 08:20 383980                     /root/.vscode-server/extensions/redhat.java-1.14.0-linux-x64/jre/17.0.5-linux-x86_64/lib/libjli.so
7fddbde0b000-7fddbde0d000 r--p 00000000 08:20 24278                      /usr/lib/x86_64-linux-gnu/libz.so.1.2.11
7fddbde0d000-7fddbde1e000 r-xp 00002000 08:20 24278                      /usr/lib/x86_64-linux-gnu/libz.so.1.2.11
7fddbde1e000-7fddbde24000 r--p 00013000 08:20 24278                      /usr/lib/x86_64-linux-gnu/libz.so.1.2.11
7fddbde24000-7fddbde25000 ---p 00019000 08:20 24278                      /usr/lib/x86_64-linux-gnu/libz.so.1.2.11
7fddbde25000-7fddbde26000 r--p 00019000 08:20 24278                      /usr/lib/x86_64-linux-gnu/libz.so.1.2.11
7fddbde26000-7fddbde27000 rw-p 0001a000 08:20 24278                      /usr/lib/x86_64-linux-gnu/libz.so.1.2.11
7fddbde27000-7fddbde28000 r--p 00000000 08:20 20358                      /usr/lib/locale/C.UTF-8/LC_MEASUREMENT
7fddbde28000-7fddbde29000 r--p 00000000 08:20 20357                      /usr/lib/locale/C.UTF-8/LC_IDENTIFICATION
7fddbde29000-7fddbde31000 rw-s 00000000 08:20 230513                     /tmp/hsperfdata_root/5047 (deleted)
7fddbde31000-7fddbde32000 ---p 00000000 00:00 0 
7fddbde32000-7fddbde33000 r--p 00000000 00:00 0 
7fddbde33000-7fddbde35000 rw-p 00000000 00:00 0 
7fddbde35000-7fddbde36000 r--p 00000000 08:20 21193                      /usr/lib/x86_64-linux-gnu/ld-2.31.so
7fddbde36000-7fddbde59000 r-xp 00001000 08:20 21193                      /usr/lib/x86_64-linux-gnu/ld-2.31.so
7fddbde59000-7fddbde61000 r--p 00024000 08:20 21193                      /usr/lib/x86_64-linux-gnu/ld-2.31.so
7fddbde61000-7fddbde62000 ---p 00000000 00:00 0 
7fddbde62000-7fddbde63000 r--p 0002c000 08:20 21193                      /usr/lib/x86_64-linux-gnu/ld-2.31.so
7fddbde63000-7fddbde64000 rw-p 0002d000 08:20 21193                      /usr/lib/x86_64-linux-gnu/ld-2.31.so
7fddbde64000-7fddbde65000 rw-p 00000000 00:00 0 
7fff81e75000-7fff81e97000 rw-p 00000000 00:00 0                          [stack]
7fff81efa000-7fff81efe000 r--p 00000000 00:00 0                          [vvar]
7fff81efe000-7fff81eff000 r-xp 00000000 00:00 0                          [vdso]


VM Arguments:
jvm_args: -agentlib:jdwp=transport=dt_socket,server=n,suspend=y,address=localhost:36199 -XX:+ShowCodeDetailsInExceptionMessages 
java_command: com.onyx.App
java_class_path (initial): /root/dev/java/Onyx/engine/target/classes:/root/.m2/repository/org/lwjgl/lwjgl/3.3.1/lwjgl-3.3.1.jar:/root/.m2/repository/org/lwjgl/lwjgl-assimp/3.3.1/lwjgl-assimp-3.3.1.jar:/root/.m2/repository/org/lwjgl/lwjgl-glfw/3.3.1/lwjgl-glfw-3.3.1.jar:/root/.m2/repository/org/lwjgl/lwjgl-openal/3.3.1/lwjgl-openal-3.3.1.jar:/root/.m2/repository/org/lwjgl/lwjgl-opengl/3.3.1/lwjgl-opengl-3.3.1.jar:/root/.m2/repository/org/lwjgl/lwjgl-stb/3.3.1/lwjgl-stb-3.3.1.jar:/root/.m2/repository/org/lwjgl/lwjgl/3.3.1/lwjgl-3.3.1-natives-linux.jar:/root/.m2/repository/org/lwjgl/lwjgl-assimp/3.3.1/lwjgl-assimp-3.3.1-natives-linux.jar:/root/.m2/repository/org/lwjgl/lwjgl-glfw/3.3.1/lwjgl-glfw-3.3.1-natives-linux.jar:/root/.m2/repository/org/lwjgl/lwjgl-openal/3.3.1/lwjgl-openal-3.3.1-natives-linux.jar:/root/.m2/repository/org/lwjgl/lwjgl-opengl/3.3.1/lwjgl-opengl-3.3.1-natives-linux.jar:/root/.m2/repository/org/lwjgl/lwjgl-stb/3.3.1/lwjgl-stb-3.3.1-natives-linux.jar:/root/.m2/repository/org/joml/joml/1.10.4/joml-1.10.4.jar
Launcher Type: SUN_STANDARD

[Global flags]
     intx CICompilerCount                          = 12                                        {product} {ergonomic}
     uint ConcGCThreads                            = 5                                         {product} {ergonomic}
     uint G1ConcRefinementThreads                  = 20                                        {product} {ergonomic}
   size_t G1HeapRegionSize                         = 4194304                                   {product} {ergonomic}
    uintx GCDrainStackTargetSize                   = 64                                        {product} {ergonomic}
   size_t InitialHeapSize                          = 524288000                                 {product} {ergonomic}
   size_t MarkStackSize                            = 4194304                                   {product} {ergonomic}
   size_t MaxHeapSize                              = 8376025088                                {product} {ergonomic}
   size_t MaxNewSize                               = 5024776192                                {product} {ergonomic}
   size_t MinHeapDeltaBytes                        = 4194304                                   {product} {ergonomic}
   size_t MinHeapSize                              = 8388608                                   {product} {ergonomic}
    uintx NonNMethodCodeHeapSize                   = 7602480                                {pd product} {ergonomic}
    uintx NonProfiledCodeHeapSize                  = 122027880                              {pd product} {ergonomic}
    uintx ProfiledCodeHeapSize                     = 122027880                              {pd product} {ergonomic}
    uintx ReservedCodeCacheSize                    = 251658240                              {pd product} {ergonomic}
     bool SegmentedCodeCache                       = true                                      {product} {ergonomic}
     bool ShowCodeDetailsInExceptionMessages       = true                                   {manageable} {command line}
   size_t SoftMaxHeapSize                          = 8376025088                             {manageable} {ergonomic}
     bool UseCompressedClassPointers               = true                           {product lp64_product} {ergonomic}
     bool UseCompressedOops                        = true                           {product lp64_product} {ergonomic}
     bool UseG1GC                                  = true                                      {product} {ergonomic}

Logging:
Log output configuration:
 #0: stdout all=off uptime,level,tags
 #1: stderr all=off uptime,level,tags

Environment Variables:
JAVA_HOME=/root/.sdkman/candidates/java/current
PATH=/root/.sdkman/candidates/maven/current/bin:/root/.sdkman/candidates/java/current/bin:/root/.vscode-server/bin/97dec172d3256f8ca4bfb2143f3f76b503ca0534/bin/remote-cli:/root/.sdkman/candidates/maven/3.8.7/bin:/root/.sdkman/candidates/java/17.0.5-zulu/bin:/root/.nvm/versions/node/v18.3.0/bin:/usr/local/sbin:/usr/local/bin:/usr/sbin:/usr/bin:/sbin:/bin:/usr/games:/usr/local/games:/usr/lib/wsl/lib:/mnt/d/Oculus/Support/oculus-runtime:/mnt/c/Program Files/Common Files/Oracle/Java/javapath:/mnt/c/Windows/system32:/mnt/c/Windows:/mnt/c/Windows/System32/Wbem:/mnt/c/Windows/System32/WindowsPowerShell/v1.0/:/mnt/c/Windows/System32/OpenSSH/:/mnt/c/Program Files/Microsoft VS Code/bin:/mnt/c/Program Files (x86)/NVIDIA Corporation/PhysX/Common:/mnt/c/Program Files/NVIDIA Corporation/NVIDIA NvDLISR:/mnt/c/Program Files/Go/bin:/mnt/c/Program Files/WIDCOMM/Bluetooth Software/:/mnt/c/Program Files/WIDCOMM/Bluetooth Software/syswow64:/mnt/c/Program Files/dotnet/:/mnt/f/Program Files/Git/cmd:/mnt/d/msys64/mingw64/bin:/mnt/d/Program Files/CMake/bin:/mnt/c/Users/jaree/AppData/Local/Microsoft/WindowsApps:/mnt/c/Users/jaree/go/bin:/usr/local/go/bin
SHELL=/usr/bin/zsh
DISPLAY=:0
HOSTTYPE=x86_64
LANG=C.UTF-8
TERM=xterm-256color

Signal Handlers:
   SIGSEGV: crash_handler in libjvm.so, mask=11100100010111111101111111111110, flags=SA_RESTART|SA_SIGINFO
    SIGBUS: 