#
# A fatal error has been detected by the Java Runtime Environment:
#
#  SIGSEGV (0xb) at pc=0x00007f44696fef1a, pid=4089, tid=4143
#
# JRE version: OpenJDK Runtime Environment Temurin-17.0.5+8 (17.0.5+8) (build 17.0.5+8)
# Java VM: OpenJDK 64-Bit Server VM Temurin-17.0.5+8 (17.0.5+8, mixed mode, tiered, compressed oops, compressed class ptrs, g1 gc, linux-amd64)
# Problematic frame:
# C  [libnvwgf2umx.so+0x286bf1a]
#
# No core dump will be written. Core dumps have been disabled. To enable core dumping, try "ulimit -c unlimited" before starting Java again
#
# If you would like to submit a bug report, please visit:
#   https://github.com/adoptium/adoptium-support/issues
#

---------------  S U M M A R Y ------------

Command Line: -agentlib:jdwp=transport=dt_socket,server=n,suspend=y,address=localhost:45411 -XX:+ShowCodeDetailsInExceptionMessages com.onyx.App

Host: Intel(R) Core(TM) i9-9940X CPU @ 3.30GHz, 28 cores, 31G, Ubuntu 20.04.5 LTS
Time: Wed Feb  1 01:06:07 2023 EST elapsed time: 3.471559 seconds (0d 0h 0m 3s)

---------------  T H R E A D  ---------------

Current thread is native thread

Stack: [0x00007f4466694000,0x00007f4466e93000],  sp=0x00007f4466e91e30,  free space=8183k
Native frames: (J=compiled Java code, j=interpreted, Vv=VM code, C=native code)
C  [libnvwgf2umx.so+0x286bf1a]


siginfo: si_signo: 11 (SIGSEGV), si_code: 1 (SEGV_MAPERR), si_addr: 0x00007f448067d000

Registers:
RAX=0x0000000000000044, RBX=0x0000000000000000, RCX=0x00007f4466e91e38, RDX=0x0000000000000000
RSP=0x00007f4466e91e30, RBP=0x0000000000000000, RSI=0x00007f44f46b2360, RDI=0x00007f44f46318c0
R8 =0x0000000000000000, R9 =0x00007fffbdff8080, R10=0x00000000018fe958, R11=0x0000000000000000
R12=0x00007f44f46b2301, R13=0x00007f448067d000, R14=0x00007f44f46319c8, R15=0x00007f4466e91ea6
RIP=0x00007f44696fef1a, EFLAGS=0x0000000000010246, CSGSFS=0x002b000000000033, ERR=0x0000000000000004
  TRAPNO=0x000000000000000e

Top of Stack: (sp=0x00007f4466e91e30)
0x00007f4466e91e30:   0000000063da014f 00000000000d6aae
0x00007f4466e91e40:   00007f44f46318c0 00000000000d4319
0x00007f4466e91e50:   00007f44f46b2360 00007f4466e91e38
0x00007f4466e91e60:   00007f4466e91ea7 00007f44f46318c0 

Instructions: (pc=0x00007f44696fef1a)
0x00007f44696fee1a:   60 48 83 ec 08 4c 8d 64 24 10 4c 89 e7 4c 89 fe
0x00007f44696fee2a:   48 89 da 48 8b 4c 24 28 44 8b 44 24 20 44 8b 4c
0x00007f44696fee3a:   24 24 41 55 41 56 50 e8 ba fa ff ff 48 83 c4 20
0x00007f44696fee4a:   48 89 ef 4c 89 e6 e8 bb ad a5 fe 4c 89 e7 e8 13
0x00007f44696fee5a:   a2 a5 fe 48 89 e8 48 83 c4 28 5b 41 5c 41 5d 41
0x00007f44696fee6a:   5e 41 5f 5d c3 eb 0a eb 19 eb 06 eb 15 eb 02 eb
0x00007f44696fee7a:   11 48 89 c3 48 8d 7c 24 08 e8 e8 a1 a5 fe eb 05
0x00007f44696fee8a:   eb 00 48 89 c3 48 8b 7c 24 10 e8 d7 a1 a5 fe 48
0x00007f44696fee9a:   89 df e8 cf 0a 90 fe cc cc cc cc cc cc cc cc cc
0x00007f44696feeaa:   cc cc cc cc cc cc 55 41 57 41 56 41 55 41 54 53
0x00007f44696feeba:   48 83 ec 38 48 89 54 24 30 48 89 7c 24 10 f6 47
0x00007f44696feeca:   28 10 0f 84 41 01 00 00 8b 46 10 85 c0 0f 84 36
0x00007f44696feeda:   01 00 00 4c 8b 6e 28 41 b4 01 31 db 48 8d 4c 24
0x00007f44696feeea:   08 48 89 4c 24 28 31 d2 48 89 74 24 20 eb 21 90
0x00007f44696feefa:   90 90 90 90 90 90 8b 46 10 48 8b 54 24 18 48 83
0x00007f44696fef0a:   c2 01 89 c1 83 c3 01 48 39 ca 0f 83 f9 00 00 00
0x00007f44696fef1a:   41 8b 4c 95 00 0f b7 c9 3b 8c 96 4c 04 00 00 74
0x00007f44696fef2a:   dd 89 8c 96 4c 04 00 00 8b 4e 0c 85 c9 74 cf 48
0x00007f44696fef3a:   89 54 24 18 31 ed eb 18 90 90 90 90 90 90 90 90
0x00007f44696fef4a:   90 90 90 90 90 90 83 c5 01 8b 4e 0c 39 cd 73 a6
0x00007f44696fef5a:   0f af cb 01 e9 41 0f b6 84 0d 80 90 00 00 24 7f
0x00007f44696fef6a:   8d 50 e0 80 fa 14 77 de 48 8b 96 50 08 00 00 3a
0x00007f44696fef7a:   04 0a 74 d2 88 04 0a 48 8b 44 24 30 c6 00 01 41
0x00007f44696fef8a:   f6 c4 01 75 0d 48 8b 44 24 10 f6 40 28 20 75 b6
0x00007f44696fef9a:   eb 33 4c 8d 7c 24 08 4c 89 ff 31 d2 31 c9 45 31
0x00007f44696fefaa:   c0 e8 a0 06 00 00 48 8b 7c 24 10 4c 89 fe e8 b3
0x00007f44696fefba:   e1 ff ff 48 8d 7c 24 08 e8 a9 a0 a5 fe 45 31 e4
0x00007f44696fefca:   48 8b 74 24 20 8b 56 04 4c 8b 7c 24 10 45 0f b6
0x00007f44696fefda:   4f 2c 4c 8d 74 24 08 4c 89 f7 4c 89 fe 48 8b 4c
0x00007f44696fefea:   24 18 41 89 e8 e8 0c fe 02 00 4c 89 ff 4c 89 f6
0x00007f44696feffa:   e8 71 e1 ff ff 48 8d 7c 24 08 e8 67 a0 a5 fe 48
0x00007f44696ff00a:   8b 74 24 20 e9 3d ff ff ff 48 83 c4 38 5b 41 5c 



---------------  P R O C E S S  ---------------

VM state: at safepoint (shutting down)

VM Mutex/Monitor currently owned by a thread:  ([mutex/lock_event])
[0x00007f44f40241e0] Threads_lock - owner thread: 0x00007f44f41cd150

Heap address: 0x000000060cc00000, size: 7988 MB, Compressed Oops mode: Zero based, Oop shift amount: 3

CDS archive(s) not mapped
Compressed class space mapped at: 0x0000000800000000-0x0000000840000000, reserved size: 1073741824
Narrow klass base: 0x0000000800000000, Narrow klass shift: 0, Narrow klass range: 0x40000000

GC Precious Log:
<Skipped>

Heap:
 garbage-first heap   total 512000K, used 9935K [0x000000060cc00000, 0x0000000800000000)
  region size 4096K, 3 young (12288K), 0 survivors (0K)
 Metaspace       used 9292K, committed 9472K, reserved 1064960K
  class space    used 758K, committed 832K, reserved 1048576K

Heap Regions: E=young(eden), S=young(survivor), O=old, HS=humongous(starts), HC=humongous(continues), CS=collection set, F=free, OA=open archive, CA=closed archive, TAMS=top-at-mark-start (previous, next)
|   0|0x000000060cc00000, 0x000000060cc00000, 0x000000060d000000|  0%| F|  |TAMS 0x000000060cc00000, 0x000000060cc00000| Untracked 
|   1|0x000000060d000000, 0x000000060d000000, 0x000000060d400000|  0%| F|  |TAMS 0x000000060d000000, 0x000000060d000000| Untracked 
|   2|0x000000060d400000, 0x000000060d400000, 0x000000060d800000|  0%| F|  |TAMS 0x000000060d400000, 0x000000060d400000| Untracked 
|   3|0x000000060d800000, 0x000000060d800000, 0x000000060dc00000|  0%| F|  |TAMS 0x000000060d800000, 0x000000060d800000| Untracked 
|   4|0x000000060dc00000, 0x000000060dc00000, 0x000000060e000000|  0%| F|  |TAMS 0x000000060dc00000, 0x000000060dc00000| Untracked 
|   5|0x000000060e000000, 0x000000060e000000, 0x000000060e400000|  0%| F|  |TAMS 0x000000060e000000, 0x000000060e000000| Untracked 
|   6|0x000000060e400000, 0x000000060e400000, 0x000000060e800000|  0%| F|  |TAMS 0x000000060e400000, 0x000000060e400000| Untracked 
|   7|0x000000060e800000, 0x000000060e800000, 0x000000060ec00000|  0%| F|  |TAMS 0x000000060e800000, 0x000000060e800000| Untracked 
|   8|0x000000060ec00000, 0x000000060ec00000, 0x000000060f000000|  0%| F|  |TAMS 0x000000060ec00000, 0x000000060ec00000| Untracked 
|   9|0x000000060f000000, 0x000000060f000000, 0x000000060f400000|  0%| F|  |TAMS 0x000000060f000000, 0x000000060f000000| Untracked 
|  10|0x000000060f400000, 0x000000060f400000, 0x000000060f800000|  0%| F|  |TAMS 0x000000060f400000, 0x000000060f400000| Untracked 
|  11|0x000000060f800000, 0x000000060f800000, 0x000000060fc00000|  0%| F|  |TAMS 0x000000060f800000, 0x000000060f800000| Untracked 
|  12|0x000000060fc00000, 0x000000060fc00000, 0x0000000610000000|  0%| F|  |TAMS 0x000000060fc00000, 0x000000060fc00000| Untracked 
|  13|0x0000000610000000, 0x0000000610000000, 0x0000000610400000|  0%| F|  |TAMS 0x0000000610000000, 0x0000000610000000| Untracked 
|  14|0x0000000610400000, 0x0000000610400000, 0x0000000610800000|  0%| F|  |TAMS 0x0000000610400000, 0x0000000610400000| Untracked 
|  15|0x0000000610800000, 0x0000000610800000, 0x0000000610c00000|  0%| F|  |TAMS 0x0000000610800000, 0x0000000610800000| Untracked 
|  16|0x0000000610c00000, 0x0000000610c00000, 0x0000000611000000|  0%| F|  |TAMS 0x0000000610c00000, 0x0000000610c00000| Untracked 
|  17|0x0000000611000000, 0x0000000611000000, 0x0000000611400000|  0%| F|  |TAMS 0x0000000611000000, 0x0000000611000000| Untracked 
|  18|0x0000000611400000, 0x0000000611400000, 0x0000000611800000|  0%| F|  |TAMS 0x0000000611400000, 0x0000000611400000| Untracked 
|  19|0x0000000611800000, 0x0000000611800000, 0x0000000611c00000|  0%| F|  |TAMS 0x0000000611800000, 0x0000000611800000| Untracked 
|  20|0x0000000611c00000, 0x0000000611c00000, 0x0000000612000000|  0%| F|  |TAMS 0x0000000611c00000, 0x0000000611c00000| Untracked 
|  21|0x0000000612000000, 0x0000000612000000, 0x0000000612400000|  0%| F|  |TAMS 0x0000000612000000, 0x0000000612000000| Untracked 
|  22|0x0000000612400000, 0x0000000612400000, 0x0000000612800000|  0%| F|  |TAMS 0x0000000612400000, 0x0000000612400000| Untracked 
|  23|0x0000000612800000, 0x0000000612800000, 0x0000000612c00000|  0%| F|  |TAMS 0x0000000612800000, 0x0000000612800000| Untracked 
|  24|0x0000000612c00000, 0x0000000612c00000, 0x0000000613000000|  0%| F|  |TAMS 0x0000000612c00000, 0x0000000612c00000| Untracked 
|  25|0x0000000613000000, 0x0000000613000000, 0x0000000613400000|  0%| F|  |TAMS 0x0000000613000000, 0x0000000613000000| Untracked 
|  26|0x0000000613400000, 0x0000000613400000, 0x0000000613800000|  0%| F|  |TAMS 0x0000000613400000, 0x0000000613400000| Untracked 
|  27|0x0000000613800000, 0x0000000613800000, 0x0000000613c00000|  0%| F|  |TAMS 0x0000000613800000, 0x0000000613800000| Untracked 
|  28|0x0000000613c00000, 0x0000000613c00000, 0x0000000614000000|  0%| F|  |TAMS 0x0000000613c00000, 0x0000000613c00000| Untracked 
|  29|0x0000000614000000, 0x0000000614000000, 0x0000000614400000|  0%| F|  |TAMS 0x0000000614000000, 0x0000000614000000| Untracked 
|  30|0x0000000614400000, 0x0000000614400000, 0x0000000614800000|  0%| F|  |TAMS 0x0000000614400000, 0x0000000614400000| Untracked 
|  31|0x0000000614800000, 0x0000000614800000, 0x0000000614c00000|  0%| F|  |TAMS 0x0000000614800000, 0x0000000614800000| Untracked 
|  32|0x0000000614c00000, 0x0000000614c00000, 0x0000000615000000|  0%| F|  |TAMS 0x0000000614c00000, 0x0000000614c00000| Untracked 
|  33|0x0000000615000000, 0x0000000615000000, 0x0000000615400000|  0%| F|  |TAMS 0x0000000615000000, 0x0000000615000000| Untracked 
|  34|0x0000000615400000, 0x0000000615400000, 0x0000000615800000|  0%| F|  |TAMS 0x0000000615400000, 0x0000000615400000| Untracked 
|  35|0x0000000615800000, 0x0000000615800000, 0x0000000615c00000|  0%| F|  |TAMS 0x0000000615800000, 0x0000000615800000| Untracked 
|  36|0x0000000615c00000, 0x0000000615c00000, 0x0000000616000000|  0%| F|  |TAMS 0x0000000615c00000, 0x0000000615c00000| Untracked 
|  37|0x0000000616000000, 0x0000000616000000, 0x0000000616400000|  0%| F|  |TAMS 0x0000000616000000, 0x0000000616000000| Untracked 
|  38|0x0000000616400000, 0x0000000616400000, 0x0000000616800000|  0%| F|  |TAMS 0x0000000616400000, 0x0000000616400000| Untracked 
|  39|0x0000000616800000, 0x0000000616800000, 0x0000000616c00000|  0%| F|  |TAMS 0x0000000616800000, 0x0000000616800000| Untracked 
|  40|0x0000000616c00000, 0x0000000616c00000, 0x0000000617000000|  0%| F|  |TAMS 0x0000000616c00000, 0x0000000616c00000| Untracked 
|  41|0x0000000617000000, 0x0000000617000000, 0x0000000617400000|  0%| F|  |TAMS 0x0000000617000000, 0x0000000617000000| Untracked 
|  42|0x0000000617400000, 0x0000000617400000, 0x0000000617800000|  0%| F|  |TAMS 0x0000000617400000, 0x0000000617400000| Untracked 
|  43|0x0000000617800000, 0x0000000617800000, 0x0000000617c00000|  0%| F|  |TAMS 0x0000000617800000, 0x0000000617800000| Untracked 
|  44|0x0000000617c00000, 0x0000000617c00000, 0x0000000618000000|  0%| F|  |TAMS 0x0000000617c00000, 0x0000000617c00000| Untracked 
|  45|0x0000000618000000, 0x0000000618000000, 0x0000000618400000|  0%| F|  |TAMS 0x0000000618000000, 0x0000000618000000| Untracked 
|  46|0x0000000618400000, 0x0000000618400000, 0x0000000618800000|  0%| F|  |TAMS 0x0000000618400000, 0x0000000618400000| Untracked 
|  47|0x0000000618800000, 0x0000000618800000, 0x0000000618c00000|  0%| F|  |TAMS 0x0000000618800000, 0x0000000618800000| Untracked 
|  48|0x0000000618c00000, 0x0000000618c00000, 0x0000000619000000|  0%| F|  |TAMS 0x0000000618c00000, 0x0000000618c00000| Untracked 
|  49|0x0000000619000000, 0x0000000619000000, 0x0000000619400000|  0%| F|  |TAMS 0x0000000619000000, 0x0000000619000000| Untracked 
|  50|0x0000000619400000, 0x0000000619400000, 0x0000000619800000|  0%| F|  |TAMS 0x0000000619400000, 0x0000000619400000| Untracked 
|  51|0x0000000619800000, 0x0000000619800000, 0x0000000619c00000|  0%| F|  |TAMS 0x0000000619800000, 0x0000000619800000| Untracked 
|  52|0x0000000619c00000, 0x0000000619c00000, 0x000000061a000000|  0%| F|  |TAMS 0x0000000619c00000, 0x0000000619c00000| Untracked 
|  53|0x000000061a000000, 0x000000061a000000, 0x000000061a400000|  0%| F|  |TAMS 0x000000061a000000, 0x000000061a000000| Untracked 
|  54|0x000000061a400000, 0x000000061a400000, 0x000000061a800000|  0%| F|  |TAMS 0x000000061a400000, 0x000000061a400000| Untracked 
|  55|0x000000061a800000, 0x000000061a800000, 0x000000061ac00000|  0%| F|  |TAMS 0x000000061a800000, 0x000000061a800000| Untracked 
|  56|0x000000061ac00000, 0x000000061ac00000, 0x000000061b000000|  0%| F|  |TAMS 0x000000061ac00000, 0x000000061ac00000| Untracked 
|  57|0x000000061b000000, 0x000000061b000000, 0x000000061b400000|  0%| F|  |TAMS 0x000000061b000000, 0x000000061b000000| Untracked 
|  58|0x000000061b400000, 0x000000061b400000, 0x000000061b800000|  0%| F|  |TAMS 0x000000061b400000, 0x000000061b400000| Untracked 
|  59|0x000000061b800000, 0x000000061b800000, 0x000000061bc00000|  0%| F|  |TAMS 0x000000061b800000, 0x000000061b800000| Untracked 
|  60|0x000000061bc00000, 0x000000061bc00000, 0x000000061c000000|  0%| F|  |TAMS 0x000000061bc00000, 0x000000061bc00000| Untracked 
|  61|0x000000061c000000, 0x000000061c000000, 0x000000061c400000|  0%| F|  |TAMS 0x000000061c000000, 0x000000061c000000| Untracked 
|  62|0x000000061c400000, 0x000000061c400000, 0x000000061c800000|  0%| F|  |TAMS 0x000000061c400000, 0x000000061c400000| Untracked 
|  63|0x000000061c800000, 0x000000061c800000, 0x000000061cc00000|  0%| F|  |TAMS 0x000000061c800000, 0x000000061c800000| Untracked 
|  64|0x000000061cc00000, 0x000000061cc00000, 0x000000061d000000|  0%| F|  |TAMS 0x000000061cc00000, 0x000000061cc00000| Untracked 
|  65|0x000000061d000000, 0x000000061d000000, 0x000000061d400000|  0%| F|  |TAMS 0x000000061d000000, 0x000000061d000000| Untracked 
|  66|0x000000061d400000, 0x000000061d400000, 0x000000061d800000|  0%| F|  |TAMS 0x000000061d400000, 0x000000061d400000| Untracked 
|  67|0x000000061d800000, 0x000000061d800000, 0x000000061dc00000|  0%| F|  |TAMS 0x000000061d800000, 0x000000061d800000| Untracked 
|  68|0x000000061dc00000, 0x000000061dc00000, 0x000000061e000000|  0%| F|  |TAMS 0x000000061dc00000, 0x000000061dc00000| Untracked 
|  69|0x000000061e000000, 0x000000061e000000, 0x000000061e400000|  0%| F|  |TAMS 0x000000061e000000, 0x000000061e000000| Untracked 
|  70|0x000000061e400000, 0x000000061e400000, 0x000000061e800000|  0%| F|  |TAMS 0x000000061e400000, 0x000000061e400000| Untracked 
|  71|0x000000061e800000, 0x000000061e800000, 0x000000061ec00000|  0%| F|  |TAMS 0x000000061e800000, 0x000000061e800000| Untracked 
|  72|0x000000061ec00000, 0x000000061ec00000, 0x000000061f000000|  0%| F|  |TAMS 0x000000061ec00000, 0x000000061ec00000| Untracked 
|  73|0x000000061f000000, 0x000000061f000000, 0x000000061f400000|  0%| F|  |TAMS 0x000000061f000000, 0x000000061f000000| Untracked 
|  74|0x000000061f400000, 0x000000061f400000, 0x000000061f800000|  0%| F|  |TAMS 0x000000061f400000, 0x000000061f400000| Untracked 
|  75|0x000000061f800000, 0x000000061f800000, 0x000000061fc00000|  0%| F|  |TAMS 0x000000061f800000, 0x000000061f800000| Untracked 
|  76|0x000000061fc00000, 0x000000061fc00000, 0x0000000620000000|  0%| F|  |TAMS 0x000000061fc00000, 0x000000061fc00000| Untracked 
|  77|0x0000000620000000, 0x0000000620000000, 0x0000000620400000|  0%| F|  |TAMS 0x0000000620000000, 0x0000000620000000| Untracked 
|  78|0x0000000620400000, 0x0000000620400000, 0x0000000620800000|  0%| F|  |TAMS 0x0000000620400000, 0x0000000620400000| Untracked 
|  79|0x0000000620800000, 0x0000000620800000, 0x0000000620c00000|  0%| F|  |TAMS 0x0000000620800000, 0x0000000620800000| Untracked 
|  80|0x0000000620c00000, 0x0000000620c00000, 0x0000000621000000|  0%| F|  |TAMS 0x0000000620c00000, 0x0000000620c00000| Untracked 
|  81|0x0000000621000000, 0x0000000621000000, 0x0000000621400000|  0%| F|  |TAMS 0x0000000621000000, 0x0000000621000000| Untracked 
|  82|0x0000000621400000, 0x0000000621400000, 0x0000000621800000|  0%| F|  |TAMS 0x0000000621400000, 0x0000000621400000| Untracked 
|  83|0x0000000621800000, 0x0000000621800000, 0x0000000621c00000|  0%| F|  |TAMS 0x0000000621800000, 0x0000000621800000| Untracked 
|  84|0x0000000621c00000, 0x0000000621c00000, 0x0000000622000000|  0%| F|  |TAMS 0x0000000621c00000, 0x0000000621c00000| Untracked 
|  85|0x0000000622000000, 0x0000000622000000, 0x0000000622400000|  0%| F|  |TAMS 0x0000000622000000, 0x0000000622000000| Untracked 
|  86|0x0000000622400000, 0x0000000622400000, 0x0000000622800000|  0%| F|  |TAMS 0x0000000622400000, 0x0000000622400000| Untracked 
|  87|0x0000000622800000, 0x0000000622800000, 0x0000000622c00000|  0%| F|  |TAMS 0x0000000622800000, 0x0000000622800000| Untracked 
|  88|0x0000000622c00000, 0x0000000622c00000, 0x0000000623000000|  0%| F|  |TAMS 0x0000000622c00000, 0x0000000622c00000| Untracked 
|  89|0x0000000623000000, 0x0000000623000000, 0x0000000623400000|  0%| F|  |TAMS 0x0000000623000000, 0x0000000623000000| Untracked 
|  90|0x0000000623400000, 0x0000000623400000, 0x0000000623800000|  0%| F|  |TAMS 0x0000000623400000, 0x0000000623400000| Untracked 
|  91|0x0000000623800000, 0x0000000623800000, 0x0000000623c00000|  0%| F|  |TAMS 0x0000000623800000, 0x0000000623800000| Untracked 
|  92|0x0000000623c00000, 0x0000000623c00000, 0x0000000624000000|  0%| F|  |TAMS 0x0000000623c00000, 0x0000000623c00000| Untracked 
|  93|0x0000000624000000, 0x0000000624000000, 0x0000000624400000|  0%| F|  |TAMS 0x0000000624000000, 0x0000000624000000| Untracked 
|  94|0x0000000624400000, 0x0000000624400000, 0x0000000624800000|  0%| F|  |TAMS 0x0000000624400000, 0x0000000624400000| Untracked 
|  95|0x0000000624800000, 0x0000000624800000, 0x0000000624c00000|  0%| F|  |TAMS 0x0000000624800000, 0x0000000624800000| Untracked 
|  96|0x0000000624c00000, 0x0000000624c00000, 0x0000000625000000|  0%| F|  |TAMS 0x0000000624c00000, 0x0000000624c00000| Untracked 
|  97|0x0000000625000000, 0x0000000625000000, 0x0000000625400000|  0%| F|  |TAMS 0x0000000625000000, 0x0000000625000000| Untracked 
|  98|0x0000000625400000, 0x0000000625400000, 0x0000000625800000|  0%| F|  |TAMS 0x0000000625400000, 0x0000000625400000| Untracked 
|  99|0x0000000625800000, 0x0000000625800000, 0x0000000625c00000|  0%| F|  |TAMS 0x0000000625800000, 0x0000000625800000| Untracked 
| 100|0x0000000625c00000, 0x0000000625c00000, 0x0000000626000000|  0%| F|  |TAMS 0x0000000625c00000, 0x0000000625c00000| Untracked 
| 101|0x0000000626000000, 0x0000000626000000, 0x0000000626400000|  0%| F|  |TAMS 0x0000000626000000, 0x0000000626000000| Untracked 
| 102|0x0000000626400000, 0x0000000626400000, 0x0000000626800000|  0%| F|  |TAMS 0x0000000626400000, 0x0000000626400000| Untracked 
| 103|0x0000000626800000, 0x0000000626800000, 0x0000000626c00000|  0%| F|  |TAMS 0x0000000626800000, 0x0000000626800000| Untracked 
| 104|0x0000000626c00000, 0x0000000626c00000, 0x0000000627000000|  0%| F|  |TAMS 0x0000000626c00000, 0x0000000626c00000| Untracked 
| 105|0x0000000627000000, 0x0000000627000000, 0x0000000627400000|  0%| F|  |TAMS 0x0000000627000000, 0x0000000627000000| Untracked 
| 106|0x0000000627400000, 0x0000000627400000, 0x0000000627800000|  0%| F|  |TAMS 0x0000000627400000, 0x0000000627400000| Untracked 
| 107|0x0000000627800000, 0x0000000627800000, 0x0000000627c00000|  0%| F|  |TAMS 0x0000000627800000, 0x0000000627800000| Untracked 
| 108|0x0000000627c00000, 0x0000000627c00000, 0x0000000628000000|  0%| F|  |TAMS 0x0000000627c00000, 0x0000000627c00000| Untracked 
| 109|0x0000000628000000, 0x0000000628000000, 0x0000000628400000|  0%| F|  |TAMS 0x0000000628000000, 0x0000000628000000| Untracked 
| 110|0x0000000628400000, 0x0000000628400000, 0x0000000628800000|  0%| F|  |TAMS 0x0000000628400000, 0x0000000628400000| Untracked 
| 111|0x0000000628800000, 0x0000000628800000, 0x0000000628c00000|  0%| F|  |TAMS 0x0000000628800000, 0x0000000628800000| Untracked 
| 112|0x0000000628c00000, 0x0000000628c00000, 0x0000000629000000|  0%| F|  |TAMS 0x0000000628c00000, 0x0000000628c00000| Untracked 
| 113|0x0000000629000000, 0x0000000629000000, 0x0000000629400000|  0%| F|  |TAMS 0x0000000629000000, 0x0000000629000000| Untracked 
| 114|0x0000000629400000, 0x0000000629400000, 0x0000000629800000|  0%| F|  |TAMS 0x0000000629400000, 0x0000000629400000| Untracked 
| 115|0x0000000629800000, 0x0000000629800000, 0x0000000629c00000|  0%| F|  |TAMS 0x0000000629800000, 0x0000000629800000| Untracked 
| 116|0x0000000629c00000, 0x0000000629c00000, 0x000000062a000000|  0%| F|  |TAMS 0x0000000629c00000, 0x0000000629c00000| Untracked 
| 117|0x000000062a000000, 0x000000062a000000, 0x000000062a400000|  0%| F|  |TAMS 0x000000062a000000, 0x000000062a000000| Untracked 
| 118|0x000000062a400000, 0x000000062a400000, 0x000000062a800000|  0%| F|  |TAMS 0x000000062a400000, 0x000000062a400000| Untracked 
| 119|0x000000062a800000, 0x000000062a800000, 0x000000062ac00000|  0%| F|  |TAMS 0x000000062a800000, 0x000000062a800000| Untracked 
| 120|0x000000062ac00000, 0x000000062ac00000, 0x000000062b000000|  0%| F|  |TAMS 0x000000062ac00000, 0x000000062ac00000| Untracked 
| 121|0x000000062b000000, 0x000000062b000000, 0x000000062b400000|  0%| F|  |TAMS 0x000000062b000000, 0x000000062b000000| Untracked 
| 122|0x000000062b400000, 0x000000062b5b3fb8, 0x000000062b800000| 42%| E|  |TAMS 0x000000062b400000, 0x000000062b400000| Complete 
| 123|0x000000062b800000, 0x000000062bc00000, 0x000000062bc00000|100%| E|CS|TAMS 0x000000062b800000, 0x000000062b800000| Complete 
| 124|0x000000062bc00000, 0x000000062c000000, 0x000000062c000000|100%| E|CS|TAMS 0x000000062bc00000, 0x000000062bc00000| Complete 

Card table byte_map: [0x00007f44e1fbb000,0x00007f44e2f55000] _byte_map_base: 0x00007f44def55000

Marking Bits (Prev, Next): (CMBitMap*) 0x00007f44f4057ea0, (CMBitMap*) 0x00007f44f4057ee0
 Prev Bits: [0x00007f44d9351000, 0x00007f44e1021000)
 Next Bits: [0x00007f44d1681000, 0x00007f44d9351000)

Polling page: 0x00007f44fca55000

Metaspace:

Usage:
  Non-class:      8.33 MB used.
      Class:    758.77 KB used.
       Both:      9.07 MB used.

Virtual space:
  Non-class space:       16.00 MB reserved,       8.44 MB ( 53%) committed,  2 nodes.
      Class space:        1.00 GB reserved,     832.00 KB ( <1%) committed,  1 nodes.
             Both:        1.02 GB reserved,       9.25 MB ( <1%) committed. 

Chunk freelists:
   Non-Class:  3.34 MB
       Class:  3.17 MB
        Both:  6.51 MB

MaxMetaspaceSize: unlimited
CompressedClassSpaceSize: 1.00 GB
Initial GC threshold: 21.00 MB
Current GC threshold: 21.00 MB
CDS: off
MetaspaceReclaimPolicy: balanced
 - commit_granule_bytes: 65536.
 - commit_granule_words: 8192.
 - virtual_space_node_default_size: 1048576.
 - enlarge_chunks_in_place: 1.
 - new_chunks_are_fully_committed: 0.
 - uncommit_free_chunks: 1.
 - use_allocation_guard: 0.
 - handle_deallocations: 1.


Internal statistics:

num_allocs_failed_limit: 0.
num_arena_births: 66.
num_arena_deaths: 0.
num_vsnodes_births: 3.
num_vsnodes_deaths: 0.
num_space_committed: 146.
num_space_uncommitted: 0.
num_chunks_returned_to_freelist: 0.
num_chunks_taken_from_freelist: 172.
num_chunk_merges: 0.
num_chunk_splits: 104.
num_chunks_enlarged: 73.
num_purges: 0.
num_inconsistent_stats: 0.

CodeHeap 'non-profiled nmethods': size=119168Kb used=166Kb max_used=166Kb free=119002Kb
 bounds [0x00007f44ecba0000, 0x00007f44ece10000, 0x00007f44f4000000]
CodeHeap 'profiled nmethods': size=119164Kb used=956Kb max_used=956Kb free=118207Kb
 bounds [0x00007f44e5741000, 0x00007f44e59b1000, 0x00007f44ecba0000]
CodeHeap 'non-nmethods': size=7428Kb used=2153Kb max_used=2737Kb free=5274Kb
 bounds [0x00007f44e5000000, 0x00007f44e52b0000, 0x00007f44e5741000]
 total_blobs=1566 nmethods=615 adapters=864
 compilation: enabled
              stopped_count=0, restarted_count=0
 full_count=0

Compilation events (20 events):
Event: 0.679 Thread 0x00007f44f4207f50 nmethod 600 0x00007f44ecbc7590 code [0x00007f44ecbc7720, 0x00007f44ecbc77f8]
Event: 0.679 Thread 0x00007f44f4207f50  601       4       org.lwjgl.system.MemoryUtil::memPutAddress (29 bytes)
Event: 0.679 Thread 0x00007f44f4207f50 nmethod 601 0x00007f44ecbc7890 code [0x00007f44ecbc7a00, 0x00007f44ecbc7a58]
Event: 0.680 Thread 0x00007f44f4207f50  603       4       org.lwjgl.system.CustomBuffer::remaining (10 bytes)
Event: 0.680 Thread 0x00007f44a0066d10 nmethod 599 0x00007f44ecbc7b90 code [0x00007f44ecbc7d20, 0x00007f44ecbc7e18]
Event: 0.680 Thread 0x00007f44f4207f50 nmethod 603 0x00007f44ecbc7f90 code [0x00007f44ecbc8100, 0x00007f44ecbc8178]
Event: 0.874 Thread 0x00007f449406ce90  604       1       com.onyx.window.Window::getWindow (5 bytes)
Event: 0.874 Thread 0x00007f449406ce90 nmethod 604 0x00007f44ecbc8290 code [0x00007f44ecbc8420, 0x00007f44ecbc84f0]
Event: 1.075 Thread 0x00007f44f4209480  605       3       org.lwjgl.opengl.GL11::glClearColor (8 bytes)
Event: 1.075 Thread 0x00007f44f4209480 nmethod 605 0x00007f44e582e690 code [0x00007f44e582e840, 0x00007f44e582e980]
Event: 1.471 Thread 0x00007f449406ce90  609       3       org.lwjgl.glfw.GLFW::glfwWindowShouldClose (29 bytes)
Event: 1.471 Thread 0x00007f44f4209480  611       3       com.onyx.renderer.Renderer::prepare (11 bytes)
Event: 1.471 Thread 0x00007f449406ce90 nmethod 609 0x00007f44e582ea10 code [0x00007f44e582ebe0, 0x00007f44e582eef0]
Event: 1.471 Thread 0x00007f44f4209480 nmethod 611 0x00007f44e582f090 code [0x00007f44e582f280, 0x00007f44e582f420]
Event: 1.471 Thread 0x00007f449406ce90  612       3       org.lwjgl.opengl.GL11::glClear (5 bytes)
Event: 1.471 Thread 0x00007f44f4209480  614       3       org.lwjgl.glfw.GLFW::glfwSwapBuffers (21 bytes)
Event: 1.471 Thread 0x00007f449406ce90 nmethod 612 0x00007f44e582f510 code [0x00007f44e582f6c0, 0x00007f44e582f7e0]
Event: 1.472 Thread 0x00007f44f4209480 nmethod 614 0x00007f44e582f890 code [0x00007f44e582fa60, 0x00007f44e582fd10]
Event: 1.475 Thread 0x00007f449406ce90  615       3       org.lwjgl.glfw.GLFW::glfwPollEvents (9 bytes)
Event: 1.475 Thread 0x00007f449406ce90 nmethod 615 0x00007f44e582fe90 code [0x00007f44e5830040, 0x00007f44e5830160]

GC Heap History (0 events):
No events

Dll operation events (7 events):
Event: 0.001 Loaded shared library /root/.vscode-server/extensions/redhat.java-1.14.0-linux-x64/jre/17.0.5-linux-x86_64/lib/libjava.so
Event: 0.197 Loaded shared library /root/.vscode-server/extensions/redhat.java-1.14.0-linux-x64/jre/17.0.5-linux-x86_64/lib/libnio.so
Event: 0.204 Loaded shared library /root/.vscode-server/extensions/redhat.java-1.14.0-linux-x64/jre/17.0.5-linux-x86_64/lib/libzip.so
Event: 0.264 Loaded shared library /root/.vscode-server/extensions/redhat.java-1.14.0-linux-x64/jre/17.0.5-linux-x86_64/lib/libjimage.so
Event: 0.272 Loaded shared library /root/.vscode-server/extensions/redhat.java-1.14.0-linux-x64/jre/17.0.5-linux-x86_64/lib/libnet.so
Event: 0.278 Loaded shared library /tmp/lwjglroot/3.3.1-build-7/liblwjgl.so
Event: 0.588 Loaded shared library /tmp/lwjglroot/3.3.1-build-7/liblwjgl_opengl.so

Deoptimization events (4 events):
Event: 0.609 Thread 0x00007f44f4027aa0 Uncommon trap: trap_request=0xffffff45 fr.pc=0x00007f44ecba4480 relative=0x0000000000000060
Event: 0.609 Thread 0x00007f44f4027aa0 Uncommon trap: reason=unstable_if action=reinterpret pc=0x00007f44ecba4480 method=java.lang.String.isLatin1()Z @ 10 c2
Event: 0.609 Thread 0x00007f44f4027aa0 DEOPT PACKING pc=0x00007f44ecba4480 sp=0x00007f44fb364f40
Event: 0.609 Thread 0x00007f44f4027aa0 DEOPT UNPACKING pc=0x00007f44e5052099 sp=0x00007f44fb364f00 mode 2

Classes unloaded (0 events):
No events

Classes redefined (0 events):
No events

Internal exceptions (16 events):
Event: 0.237 Thread 0x00007f44f4027aa0 Exception <a 'java/lang/NoSuchMethodError'{0x000000062bf49508}: 'java.lang.Object java.lang.invoke.DirectMethodHandle$Holder.invokeStaticInit(java.lang.Object)'> (0x000000062bf49508) 
thrown [src/hotspot/share/interpreter/linkResolver.cpp, line 758]
Event: 0.248 Thread 0x00007f44f4027aa0 Exception <a 'java/lang/NoSuchMethodError'{0x000000062bf97268}: 'void java.lang.invoke.DirectMethodHandle$Holder.invokeStatic(java.lang.Object, java.lang.Object)'> (0x000000062bf97268) 
thrown [src/hotspot/share/interpreter/linkResolver.cpp, line 758]
Event: 0.249 Thread 0x00007f44f4027aa0 Exception <a 'java/lang/NoSuchMethodError'{0x000000062bf9cab0}: 'void java.lang.invoke.DirectMethodHandle$Holder.invokeSpecial(java.lang.Object, java.lang.Object, java.lang.Object)'> (0x000000062bf9cab0) 
thrown [src/hotspot/share/interpreter/linkResolver.cpp, line 758]
Event: 0.252 Thread 0x00007f44f4027aa0 Exception <a 'java/lang/NoSuchMethodError'{0x000000062bfafe10}: 'java.lang.Object java.lang.invoke.DirectMethodHandle$Holder.invokeStatic(java.lang.Object, java.lang.Object, int)'> (0x000000062bfafe10) 
thrown [src/hotspot/share/interpreter/linkResolver.cpp, line 758]
Event: 0.253 Thread 0x00007f44f4027aa0 Exception <a 'java/lang/NoSuchMethodError'{0x000000062bfbbb80}: 'void java.lang.invoke.DelegatingMethodHandle$Holder.delegate(java.lang.Object, java.lang.Object, int, java.lang.Object)'> (0x000000062bfbbb80) 
thrown [src/hotspot/share/interpreter/linkResolver.cpp, line 758]
Event: 0.254 Thread 0x00007f44f4027aa0 Exception <a 'java/lang/NoSuchMethodError'{0x000000062bfbfdc0}: 'int java.lang.invoke.DirectMethodHandle$Holder.invokeSpecial(java.lang.Object, java.lang.Object, java.lang.Object)'> (0x000000062bfbfdc0) 
thrown [src/hotspot/share/interpreter/linkResolver.cpp, line 758]
Event: 0.278 Thread 0x00007f44f4027aa0 Exception <a 'sun/nio/fs/UnixException'{0x000000062b87fd58}> (0x000000062b87fd58) 
thrown [src/hotspot/share/prims/jni.cpp, line 516]
Event: 0.288 Thread 0x00007f44f4027aa0 Exception <a 'java/lang/NoSuchMethodError'{0x000000062b8e5180}: 'int java.lang.invoke.DirectMethodHandle$Holder.invokeStaticInit(java.lang.Object, java.lang.Object, int, long)'> (0x000000062b8e5180) 
thrown [src/hotspot/share/interpreter/linkResolver.cpp, line 758]
Event: 0.289 Thread 0x00007f44f4027aa0 Exception <a 'java/lang/NoSuchMethodError'{0x000000062b8eaa48}: 'java.lang.Object java.lang.invoke.DirectMethodHandle$Holder.newInvokeSpecial(java.lang.Object, java.lang.Object, int)'> (0x000000062b8eaa48) 
thrown [src/hotspot/share/interpreter/linkResolver.cpp, line 758]
Event: 0.291 Thread 0x00007f44f4027aa0 Exception <a 'java/lang/NoSuchMethodError'{0x000000062b8f9798}: 'int java.lang.invoke.DirectMethodHandle$Holder.invokeStaticInit(java.lang.Object, java.lang.Object, long, long)'> (0x000000062b8f9798) 
thrown [src/hotspot/share/interpreter/linkResolver.cpp, line 758]
Event: 0.291 Thread 0x00007f44f4027aa0 Exception <a 'java/lang/NoSuchMethodError'{0x000000062b8ff8a8}: 'java.lang.Object java.lang.invoke.DirectMethodHandle$Holder.newInvokeSpecial(java.lang.Object, java.lang.Object, long)'> (0x000000062b8ff8a8) 
thrown [src/hotspot/share/interpreter/linkResolver.cpp, line 758]
Event: 0.292 Thread 0x00007f44f4027aa0 Exception <a 'java/lang/NoSuchMethodError'{0x000000062b9038f0}: 'java.lang.Object java.lang.invoke.Invokers$Holder.linkToTargetMethod(java.lang.Object, long, java.lang.Object)'> (0x000000062b9038f0) 
thrown [src/hotspot/share/interpreter/linkResolver.cpp, line 758]
Event: 0.293 Thread 0x00007f44f4027aa0 Exception <a 'java/lang/NoSuchMethodError'{0x000000062b90b008}: 'int java.lang.invoke.DirectMethodHandle$Holder.invokeStaticInit(java.lang.Object, java.lang.Object, java.lang.Object, long)'> (0x000000062b90b008) 
thrown [src/hotspot/share/interpreter/linkResolver.cpp, line 758]
Event: 0.309 Thread 0x00007f44f4027aa0 Exception <a 'sun/nio/fs/UnixException'{0x000000062b9aaf20}> (0x000000062b9aaf20) 
thrown [src/hotspot/share/prims/jni.cpp, line 516]
Event: 0.588 Thread 0x00007f44f4027aa0 Exception <a 'sun/nio/fs/UnixException'{0x000000062ba2d500}> (0x000000062ba2d500) 
thrown [src/hotspot/share/prims/jni.cpp, line 516]
Event: 0.590 Thread 0x00007f44f4027aa0 Exception <a 'sun/nio/fs/UnixException'{0x000000062ba33840}> (0x000000062ba33840) 
thrown [src/hotspot/share/prims/jni.cpp, line 516]

VM Operations (8 events):
Event: 0.056 Executing VM operation: ChangeBreakpoints
Event: 0.056 Executing VM operation: ChangeBreakpoints done
Event: 0.191 Executing VM operation: HandshakeAllThreads
Event: 0.192 Executing VM operation: HandshakeAllThreads done
Event: 0.205 Executing VM operation: HandshakeAllThreads
Event: 0.205 Executing VM operation: HandshakeAllThreads done
Event: 1.205 Executing VM operation: Cleanup
Event: 1.205 Executing VM operation: Cleanup done

Events (20 events):
Event: 0.609 loading class java/lang/CharacterData00
Event: 0.609 loading class java/lang/CharacterData00 done
Event: 0.629 loading class java/util/function/IntFunction
Event: 0.629 loading class java/util/function/IntFunction done
Event: 0.679 Thread 0x00007f44a0066d10 Thread added: 0x00007f44a0066d10
Event: 0.679 Protecting memory [0x00007f4464112000,0x00007f4464116000] with protection modes 0
Event: 0.874 Thread 0x00007f44a0066d10 Thread exited: 0x00007f44a0066d10
Event: 1.471 Thread 0x00007f449406dfe0 Thread exited: 0x00007f449406dfe0
Event: 3.144 loading class java/util/IdentityHashMap$KeyIterator
Event: 3.144 loading class java/util/IdentityHashMap$IdentityHashMapIterator
Event: 3.144 loading class java/util/IdentityHashMap$IdentityHashMapIterator done
Event: 3.144 loading class java/util/IdentityHashMap$KeyIterator done
Event: 3.144 Thread 0x00007f44f4027aa0 Thread exited: 0x00007f44f4027aa0
Event: 3.144 Protecting memory [0x00007f44fb266000,0x00007f44fb26a000] with protection modes 0
Event: 3.144 Thread 0x00007f44f4027aa0 Thread added: 0x00007f44f4027aa0
Event: 3.144 loading class java/lang/Shutdown
Event: 3.144 loading class java/lang/Shutdown done
Event: 3.144 loading class java/lang/Shutdown$Lock
Event: 3.144 loading class java/lang/Shutdown$Lock done
Event: 3.145 Thread 0x00007f44f4027aa0 Thread exited: 0x00007f44f4027aa0


Dynamic libraries:
60cc00000-62c000000 rw-p 00000000 00:00 0 
62c000000-800000000 ---p 00000000 00:00 0 
800000000-800020000 rw-p 00000000 00:00 0 
800020000-800040000 rw-p 00000000 00:00 0 
800040000-8000b0000 rw-p 00000000 00:00 0 
8000b0000-8000c0000 ---p 00000000 00:00 0 
8000c0000-8000e0000 rw-p 00000000 00:00 0 
8000e0000-840000000 ---p 00000000 00:00 0 
5610a77e4000-5610a77e5000 r--p 00000000 08:20 383590                     /root/.vscode-server/extensions/redhat.java-1.14.0-linux-x64/jre/17.0.5-linux-x86_64/bin/java
5610a77e5000-5610a77e6000 r-xp 00001000 08:20 383590                     /root/.vscode-server/extensions/redhat.java-1.14.0-linux-x64/jre/17.0.5-linux-x86_64/bin/java
5610a77e6000-5610a77e7000 r--p 00002000 08:20 383590                     /root/.vscode-server/extensions/redhat.java-1.14.0-linux-x64/jre/17.0.5-linux-x86_64/bin/java
5610a77e7000-5610a77e8000 r--p 00002000 08:20 383590                     /root/.vscode-server/extensions/redhat.java-1.14.0-linux-x64/jre/17.0.5-linux-x86_64/bin/java
5610a77e8000-5610a77e9000 rw-p 00003000 08:20 383590                     /root/.vscode-server/extensions/redhat.java-1.14.0-linux-x64/jre/17.0.5-linux-x86_64/bin/java
5610a7d64000-5610a7dac000 rw-p 00000000 00:00 0                          [heap]
7f4454000000-7f4454021000 rw-p 00000000 00:00 0 
7f4454021000-7f4458000000 ---p 00000000 00:00 0 
7f4458000000-7f4458021000 rw-p 00000000 00:00 0 
7f4458021000-7f445c000000 ---p 00000000 00:00 0 
7f445e000000-7f445e0b0000 rw-p 00000000 00:00 0 
7f445e0b0000-7f445e800000 ---p 00000000 00:00 0 
7f445eaa1000-7f445eaf7000 r-xp 00000000 08:20 287481                     /tmp/lwjglroot/3.3.1-build-7/liblwjgl_opengl.so
7f445eaf7000-7f445ecf6000 ---p 00056000 08:20 287481                     /tmp/lwjglroot/3.3.1-build-7/liblwjgl_opengl.so
7f445ecf6000-7f445ecf7000 r--p 00055000 08:20 287481                     /tmp/lwjglroot/3.3.1-build-7/liblwjgl_opengl.so
7f445ecf7000-7f445ecf8000 rw-p 00056000 08:20 287481                     /tmp/lwjglroot/3.3.1-build-7/liblwjgl_opengl.so
7f445f07c000-7f445f400000 rw-s 00000000 00:01 32785                      /SYSV00000000 (deleted)
7f4460000000-7f446002a000 rw-p 00000000 00:00 0 
7f446002a000-7f4464000000 ---p 00000000 00:00 0 
7f4464112000-7f4464116000 ---p 00000000 00:00 0 
7f4464116000-7f4464213000 rw-p 00000000 00:00 0 
7f4464238000-7f4464239000 rwxp 00000000 00:00 0 
7f446468e000-7f446468f000 ---p 00000000 00:00 0 
7f446468f000-7f4464e8f000 rw-p 00000000 00:00 0 
7f4464e8f000-7f4464e90000 ---p 00000000 00:00 0 
7f4464e90000-7f4465690000 rw-p 00000000 00:00 0 
7f4465690000-7f4465691000 ---p 00000000 00:00 0 
7f4465691000-7f4465e91000 rw-p 00000000 00:00 0 
7f4465e91000-7f4465e92000 ---p 00000000 00:00 0 
7f4465e92000-7f4466692000 rw-p 00000000 00:00 0 
7f4466692000-7f4466693000 ---p 00000000 00:00 0 
7f4466693000-7f4466e93000 rw-p 00000000 00:00 0 
7f4466e93000-7f4467ffe000 r--p 00000000 00:1d 16607023626197133          /usr/lib/wsl/drivers/nv_dispi.inf_amd64_807bbbd5b556d8f2/libnvwgf2umx.so
7f4467ffe000-7f4469a91000 r-xp 0116b000 00:1d 16607023626197133          /usr/lib/wsl/drivers/nv_dispi.inf_amd64_807bbbd5b556d8f2/libnvwgf2umx.so
7f4469a91000-7f4469b93000 r--p 02bfe000 00:1d 16607023626197133          /usr/lib/wsl/drivers/nv_dispi.inf_amd64_807bbbd5b556d8f2/libnvwgf2umx.so
7f4469b93000-7f446a7fb000 rw-p 02d00000 00:1d 16607023626197133          /usr/lib/wsl/drivers/nv_dispi.inf_amd64_807bbbd5b556d8f2/libnvwgf2umx.so
7f446a7fb000-7f446a84a000 rw-p 00000000 00:00 0 
7f446a84a000-7f446fa6b000 r-xp 00000000 08:20 7268                       /usr/lib/x86_64-linux-gnu/libLLVM-12.so.1
7f446fa6b000-7f446ff84000 r--p 05220000 08:20 7268                       /usr/lib/x86_64-linux-gnu/libLLVM-12.so.1
7f446ff84000-7f446ff8b000 rw-p 05739000 08:20 7268                       /usr/lib/x86_64-linux-gnu/libLLVM-12.so.1
7f446ff8b000-7f4470000000 rw-p 00000000 00:00 0 
7f4470000000-7f4470021000 rw-p 00000000 00:00 0 
7f4470021000-7f4474000000 ---p 00000000 00:00 0 
7f4474000000-7f4474021000 rw-p 00000000 00:00 0 
7f4474021000-7f4478000000 ---p 00000000 00:00 0 
7f4478000000-7f4478021000 rw-p 00000000 00:00 0 
7f4478021000-7f447c000000 ---p 00000000 00:00 0 
7f447c000000-7f447c021000 rw-p 00000000 00:00 0 
7f447c021000-7f4480000000 ---p 00000000 00:00 0 
7f4480eaa000-7f4480eee000 r--p 00000000 00:1f 13792273859049748          /usr/lib/wsl/lib/libd3d12.so
7f4480eee000-7f4480f67000 r-xp 00043000 00:1f 13792273859049748          /usr/lib/wsl/lib/libd3d12.so
7f4480f67000-7f4480f6f000 r--p 000bb000 00:1f 13792273859049748          /usr/lib/wsl/lib/libd3d12.so
7f4480f6f000-7f4480f71000 rw-p 000c2000 00:1f 13792273859049748          /usr/lib/wsl/lib/libd3d12.so
7f4480f71000-7f4480f74000 rw-p 00000000 00:00 0 
7f4480f74000-7f4480fb7000 r--p 00000000 00:1f 20266198323394879          /usr/lib/wsl/lib/libdxcore.so
7f4480fb7000-7f4481038000 r-xp 00042000 00:1f 20266198323394879          /usr/lib/wsl/lib/libdxcore.so
7f4481038000-7f4481040000 r--p 000c2000 00:1f 20266198323394879          /usr/lib/wsl/lib/libdxcore.so
7f4481040000-7f4481042000 rw-p 000c9000 00:1f 20266198323394879          /usr/lib/wsl/lib/libdxcore.so
7f4481042000-7f4481045000 rw-p 00000000 00:00 0 
7f4481045000-7f4481053000 r--p 00000000 08:20 11539                      /usr/lib/x86_64-linux-gnu/libtinfo.so.6.2
7f4481053000-7f4481062000 r-xp 0000e000 08:20 11539                      /usr/lib/x86_64-linux-gnu/libtinfo.so.6.2
7f4481062000-7f4481070000 r--p 0001d000 08:20 11539                      /usr/lib/x86_64-linux-gnu/libtinfo.so.6.2
7f4481070000-7f4481074000 r--p 0002a000 08:20 11539                      /usr/lib/x86_64-linux-gnu/libtinfo.so.6.2
7f4481074000-7f4481075000 rw-p 0002e000 08:20 11539                      /usr/lib/x86_64-linux-gnu/libtinfo.so.6.2
7f4481075000-7f448107d000 r--p 00000000 08:20 11177                      /usr/lib/x86_64-linux-gnu/libedit.so.2.0.63
7f448107d000-7f4481098000 r-xp 00008000 08:20 11177                      /usr/lib/x86_64-linux-gnu/libedit.so.2.0.63
7f4481098000-7f44810a6000 r--p 00023000 08:20 11177                      /usr/lib/x86_64-linux-gnu/libedit.so.2.0.63
7f44810a6000-7f44810a8000 r--p 00030000 08:20 11177                      /usr/lib/x86_64-linux-gnu/libedit.so.2.0.63
7f44810a8000-7f44810a9000 rw-p 00032000 08:20 11177                      /usr/lib/x86_64-linux-gnu/libedit.so.2.0.63
7f44810a9000-7f44810ad000 rw-p 00000000 00:00 0 
7f44810ad000-7f44810af000 r--p 00000000 08:20 11201                      /usr/lib/x86_64-linux-gnu/libffi.so.7.1.0
7f44810af000-7f44810b5000 r-xp 00002000 08:20 11201                      /usr/lib/x86_64-linux-gnu/libffi.so.7.1.0
7f44810b5000-7f44810b6000 r--p 00008000 08:20 11201                      /usr/lib/x86_64-linux-gnu/libffi.so.7.1.0
7f44810b6000-7f44810b7000 ---p 00009000 08:20 11201                      /usr/lib/x86_64-linux-gnu/libffi.so.7.1.0
7f44810b7000-7f44810b8000 r--p 00009000 08:20 11201                      /usr/lib/x86_64-linux-gnu/libffi.so.7.1.0
7f44810b8000-7f44810b9000 rw-p 0000a000 08:20 11201                      /usr/lib/x86_64-linux-gnu/libffi.so.7.1.0
7f44810b9000-7f44810bc000 r--p 00000000 08:20 15714                      /usr/lib/x86_64-linux-gnu/libgcc_s.so.1
7f44810bc000-7f44810ce000 r-xp 00003000 08:20 15714                      /usr/lib/x86_64-linux-gnu/libgcc_s.so.1
7f44810ce000-7f44810d2000 r--p 00015000 08:20 15714                      /usr/lib/x86_64-linux-gnu/libgcc_s.so.1
7f44810d2000-7f44810d3000 r--p 00018000 08:20 15714                      /usr/lib/x86_64-linux-gnu/libgcc_s.so.1
7f44810d3000-7f44810d4000 rw-p 00019000 08:20 15714                      /usr/lib/x86_64-linux-gnu/libgcc_s.so.1
7f44810d4000-7f448116a000 r--p 00000000 08:20 16268                      /usr/lib/x86_64-linux-gnu/libstdc++.so.6.0.28
7f448116a000-7f448125b000 r-xp 00096000 08:20 16268                      /usr/lib/x86_64-linux-gnu/libstdc++.so.6.0.28
7f448125b000-7f44812a4000 r--p 00187000 08:20 16268                      /usr/lib/x86_64-linux-gnu/libstdc++.so.6.0.28
7f44812a4000-7f44812a5000 ---p 001d0000 08:20 16268                      /usr/lib/x86_64-linux-gnu/libstdc++.so.6.0.28
7f44812a5000-7f44812b0000 r--p 001d0000 08:20 16268                      /usr/lib/x86_64-linux-gnu/libstdc++.so.6.0.28
7f44812b0000-7f44812b3000 rw-p 001db000 08:20 16268                      /usr/lib/x86_64-linux-gnu/libstdc++.so.6.0.28
7f44812b3000-7f44812b6000 rw-p 00000000 00:00 0 
7f44812b6000-7f44812c5000 r--p 00000000 08:20 11603                      /usr/lib/x86_64-linux-gnu/libvulkan.so.1.2.131
7f44812c5000-7f44812f7000 r-xp 0000f000 08:20 11603                      /usr/lib/x86_64-linux-gnu/libvulkan.so.1.2.131
7f44812f7000-7f448130a000 r--p 00041000 08:20 11603                      /usr/lib/x86_64-linux-gnu/libvulkan.so.1.2.131
7f448130a000-7f448130b000 r--p 00053000 08:20 11603                      /usr/lib/x86_64-linux-gnu/libvulkan.so.1.2.131
7f448130b000-7f448130c000 rw-p 00054000 08:20 11603                      /usr/lib/x86_64-linux-gnu/libvulkan.so.1.2.131
7f448130c000-7f448130e000 r--p 00000000 08:20 6884                       /usr/lib/x86_64-linux-gnu/libdrm_nouveau.so.2.0.0
7f448130e000-7f4481313000 r-xp 00002000 08:20 6884                       /usr/lib/x86_64-linux-gnu/libdrm_nouveau.so.2.0.0
7f4481313000-7f4481315000 r--p 00007000 08:20 6884                       /usr/lib/x86_64-linux-gnu/libdrm_nouveau.so.2.0.0
7f4481315000-7f4481316000 r--p 00008000 08:20 6884                       /usr/lib/x86_64-linux-gnu/libdrm_nouveau.so.2.0.0
7f4481316000-7f4481317000 rw-p 00009000 08:20 6884                       /usr/lib/x86_64-linux-gnu/libdrm_nouveau.so.2.0.0
7f4481317000-7f448131a000 r--p 00000000 08:20 6837                       /usr/lib/x86_64-linux-gnu/libdrm_amdgpu.so.1.0.0
7f448131a000-7f448131f000 r-xp 00003000 08:20 6837                       /usr/lib/x86_64-linux-gnu/libdrm_amdgpu.so.1.0.0
7f448131f000-7f4481321000 r--p 00008000 08:20 6837                       /usr/lib/x86_64-linux-gnu/libdrm_amdgpu.so.1.0.0
7f4481321000-7f4481322000 r--p 00009000 08:20 6837                       /usr/lib/x86_64-linux-gnu/libdrm_amdgpu.so.1.0.0
7f4481322000-7f4481323000 rw-p 0000a000 08:20 6837                       /usr/lib/x86_64-linux-gnu/libdrm_amdgpu.so.1.0.0
7f4481323000-7f4481326000 r--p 00000000 08:20 11182                      /usr/lib/x86_64-linux-gnu/libelf-0.176.so
7f4481326000-7f4481338000 r-xp 00003000 08:20 11182                      /usr/lib/x86_64-linux-gnu/libelf-0.176.so
7f4481338000-7f448133d000 r--p 00015000 08:20 11182                      /usr/lib/x86_64-linux-gnu/libelf-0.176.so
7f448133d000-7f448133e000 r--p 00019000 08:20 11182                      /usr/lib/x86_64-linux-gnu/libelf-0.176.so
7f448133e000-7f448133f000 rw-p 0001a000 08:20 11182                      /usr/lib/x86_64-linux-gnu/libelf-0.176.so
7f448133f000-7f4481341000 r--p 00000000 08:20 6917                       /usr/lib/x86_64-linux-gnu/libdrm_radeon.so.1.0.1
7f4481341000-7f4481348000 r-xp 00002000 08:20 6917                       /usr/lib/x86_64-linux-gnu/libdrm_radeon.so.1.0.1
7f4481348000-7f448134c000 r--p 00009000 08:20 6917                       /usr/lib/x86_64-linux-gnu/libdrm_radeon.so.1.0.1
7f448134c000-7f448134d000 r--p 0000c000 08:20 6917                       /usr/lib/x86_64-linux-gnu/libdrm_radeon.so.1.0.1
7f448134d000-7f448134e000 rw-p 0000d000 08:20 6917                       /usr/lib/x86_64-linux-gnu/libdrm_radeon.so.1.0.1
7f448134e000-7f4481351000 r--p 00000000 08:20 7300                       /usr/lib/x86_64-linux-gnu/libsensors.so.5.0.0
7f4481351000-7f4481358000 r-xp 00003000 08:20 7300                       /usr/lib/x86_64-linux-gnu/libsensors.so.5.0.0
7f4481358000-7f448135d000 r--p 0000a000 08:20 7300                       /usr/lib/x86_64-linux-gnu/libsensors.so.5.0.0
7f448135d000-7f448135e000 r--p 0000e000 08:20 7300                       /usr/lib/x86_64-linux-gnu/libsensors.so.5.0.0
7f448135e000-7f448135f000 rw-p 0000f000 08:20 7300                       /usr/lib/x86_64-linux-gnu/libsensors.so.5.0.0
7f448135f000-7f4481363000 r--p 00000000 08:20 10564                      /usr/lib/x86_64-linux-gnu/libzstd.so.1.4.4
7f4481363000-7f44813f5000 r-xp 00004000 08:20 10564                      /usr/lib/x86_64-linux-gnu/libzstd.so.1.4.4
7f44813f5000-7f4481406000 r--p 00096000 08:20 10564                      /usr/lib/x86_64-linux-gnu/libzstd.so.1.4.4
7f4481406000-7f4481407000 r--p 000a6000 08:20 10564                      /usr/lib/x86_64-linux-gnu/libzstd.so.1.4.4
7f4481407000-7f4481408000 rw-p 000a7000 08:20 10564                      /usr/lib/x86_64-linux-gnu/libzstd.so.1.4.4
7f4481408000-7f448159e000 r--p 00000000 08:20 7165                       /usr/lib/x86_64-linux-gnu/dri/swrast_dri.so
7f448159e000-7f4482649000 r-xp 00196000 08:20 7165                       /usr/lib/x86_64-linux-gnu/dri/swrast_dri.so
7f4482649000-7f4482b0f000 r--p 01241000 08:20 7165                       /usr/lib/x86_64-linux-gnu/dri/swrast_dri.so
7f4482b0f000-7f4482c3d000 r--p 01706000 08:20 7165                       /usr/lib/x86_64-linux-gnu/dri/swrast_dri.so
7f4482c3d000-7f4482d75000 rw-p 01834000 08:20 7165                       /usr/lib/x86_64-linux-gnu/dri/swrast_dri.so
7f4482d75000-7f4482f93000 rw-p 00000000 00:00 0 
7f4482f93000-7f4482f96000 r--p 00000000 08:20 7075                       /usr/lib/x86_64-linux-gnu/libxcb-xfixes.so.0.0.0
7f4482f96000-7f4482f99000 r-xp 00003000 08:20 7075                       /usr/lib/x86_64-linux-gnu/libxcb-xfixes.so.0.0.0
7f4482f99000-7f4482f9a000 r--p 00006000 08:20 7075                       /usr/lib/x86_64-linux-gnu/libxcb-xfixes.so.0.0.0
7f4482f9a000-7f4482f9b000 ---p 00007000 08:20 7075                       /usr/lib/x86_64-linux-gnu/libxcb-xfixes.so.0.0.0
7f4482f9b000-7f4482f9c000 r--p 00007000 08:20 7075                       /usr/lib/x86_64-linux-gnu/libxcb-xfixes.so.0.0.0
7f4482f9c000-7f4482f9d000 rw-p 00008000 08:20 7075                       /usr/lib/x86_64-linux-gnu/libxcb-xfixes.so.0.0.0
7f4482f9d000-7f4482f9e000 r-xp 00000000 08:20 11639                      /usr/lib/x86_64-linux-gnu/libxshmfence.so.1.0.0
7f4482f9e000-7f448319d000 ---p 00001000 08:20 11639                      /usr/lib/x86_64-linux-gnu/libxshmfence.so.1.0.0
7f448319d000-7f448319e000 r--p 00000000 08:20 11639                      /usr/lib/x86_64-linux-gnu/libxshmfence.so.1.0.0
7f448319e000-7f448319f000 rw-p 00001000 08:20 11639                      /usr/lib/x86_64-linux-gnu/libxshmfence.so.1.0.0
7f448319f000-7f44831a2000 r--p 00000000 08:20 11625                      /usr/lib/x86_64-linux-gnu/libxcb-sync.so.1.0.0
7f44831a2000-7f44831a5000 r-xp 00003000 08:20 11625                      /usr/lib/x86_64-linux-gnu/libxcb-sync.so.1.0.0
7f44831a5000-7f44831a6000 r--p 00006000 08:20 11625                      /usr/lib/x86_64-linux-gnu/libxcb-sync.so.1.0.0
7f44831a6000-7f44831a7000 ---p 00007000 08:20 11625                      /usr/lib/x86_64-linux-gnu/libxcb-sync.so.1.0.0
7f44831a7000-7f44831a8000 r--p 00007000 08:20 11625                      /usr/lib/x86_64-linux-gnu/libxcb-sync.so.1.0.0
7f44831a8000-7f44831a9000 rw-p 00008000 08:20 11625                      /usr/lib/x86_64-linux-gnu/libxcb-sync.so.1.0.0
7f44831a9000-7f44831aa000 r--p 00000000 08:20 11619                      /usr/lib/x86_64-linux-gnu/libxcb-present.so.0.0.0
7f44831aa000-7f44831ab000 r-xp 00001000 08:20 11619                      /usr/lib/x86_64-linux-gnu/libxcb-present.so.0.0.0
7f44831ab000-7f44831ac000 r--p 00002000 08:20 11619                      /usr/lib/x86_64-linux-gnu/libxcb-present.so.0.0.0
7f44831ac000-7f44831ad000 r--p 00002000 08:20 11619                      /usr/lib/x86_64-linux-gnu/libxcb-present.so.0.0.0
7f44831ad000-7f44831ae000 rw-p 00003000 08:20 11619                      /usr/lib/x86_64-linux-gnu/libxcb-present.so.0.0.0
7f44831ae000-7f44831b0000 r--p 00000000 08:20 11615                      /usr/lib/x86_64-linux-gnu/libxcb-dri3.so.0.0.0
7f44831b0000-7f44831b1000 r-xp 00002000 08:20 11615                      /usr/lib/x86_64-linux-gnu/libxcb-dri3.so.0.0.0
7f44831b1000-7f44831b2000 r--p 00003000 08:20 11615                      /usr/lib/x86_64-linux-gnu/libxcb-dri3.so.0.0.0
7f44831b2000-7f44831b3000 r--p 00003000 08:20 11615                      /usr/lib/x86_64-linux-gnu/libxcb-dri3.so.0.0.0
7f44831b3000-7f44831b4000 rw-p 00004000 08:20 11615                      /usr/lib/x86_64-linux-gnu/libxcb-dri3.so.0.0.0
7f44831b4000-7f44831b8000 r--p 00000000 08:20 18253                      /usr/lib/x86_64-linux-gnu/libexpat.so.1.6.11
7f44831b8000-7f44831d4000 r-xp 00004000 08:20 18253                      /usr/lib/x86_64-linux-gnu/libexpat.so.1.6.11
7f44831d4000-7f44831de000 r--p 00020000 08:20 18253                      /usr/lib/x86_64-linux-gnu/libexpat.so.1.6.11
7f44831de000-7f44831df000 ---p 0002a000 08:20 18253                      /usr/lib/x86_64-linux-gnu/libexpat.so.1.6.11
7f44831df000-7f44831e1000 r--p 0002a000 08:20 18253                      /usr/lib/x86_64-linux-gnu/libexpat.so.1.6.11
7f44831e1000-7f44831e2000 rw-p 0002c000 08:20 18253                      /usr/lib/x86_64-linux-gnu/libexpat.so.1.6.11
7f44831e2000-7f44831e3000 r--p 00000000 08:20 7050                       /usr/lib/x86_64-linux-gnu/libxcb-shm.so.0.0.0
7f44831e3000-7f44831e4000 r-xp 00001000 08:20 7050                       /usr/lib/x86_64-linux-gnu/libxcb-shm.so.0.0.0
7f44831e4000-7f44831e5000 r--p 00002000 08:20 7050                       /usr/lib/x86_64-linux-gnu/libxcb-shm.so.0.0.0
7f44831e5000-7f44831e6000 r--p 00002000 08:20 7050                       /usr/lib/x86_64-linux-gnu/libxcb-shm.so.0.0.0
7f44831e6000-7f44831e7000 rw-p 00003000 08:20 7050                       /usr/lib/x86_64-linux-gnu/libxcb-shm.so.0.0.0
7f44831e7000-7f44831e9000 r--p 00000000 08:20 11613                      /usr/lib/x86_64-linux-gnu/libxcb-dri2.so.0.0.0
7f44831e9000-7f44831eb000 r-xp 00002000 08:20 11613                      /usr/lib/x86_64-linux-gnu/libxcb-dri2.so.0.0.0
7f44831eb000-7f44831ec000 r--p 00004000 08:20 11613                      /usr/lib/x86_64-linux-gnu/libxcb-dri2.so.0.0.0
7f44831ec000-7f44831ed000 r--p 00004000 08:20 11613                      /usr/lib/x86_64-linux-gnu/libxcb-dri2.so.0.0.0
7f44831ed000-7f44831ee000 rw-p 00005000 08:20 11613                      /usr/lib/x86_64-linux-gnu/libxcb-dri2.so.0.0.0
7f44831ee000-7f44831f9000 r--p 00000000 08:20 11617                      /usr/lib/x86_64-linux-gnu/libxcb-glx.so.0.0.0
7f44831f9000-7f4483202000 r-xp 0000b000 08:20 11617                      /usr/lib/x86_64-linux-gnu/libxcb-glx.so.0.0.0
7f4483202000-7f4483207000 r--p 00014000 08:20 11617                      /usr/lib/x86_64-linux-gnu/libxcb-glx.so.0.0.0
7f4483207000-7f4483208000 ---p 00019000 08:20 11617                      /usr/lib/x86_64-linux-gnu/libxcb-glx.so.0.0.0
7f4483208000-7f448320a000 r--p 00019000 08:20 11617                      /usr/lib/x86_64-linux-gnu/libxcb-glx.so.0.0.0
7f448320a000-7f448320b000 rw-p 0001b000 08:20 11617                      /usr/lib/x86_64-linux-gnu/libxcb-glx.so.0.0.0
7f448320b000-7f4483210000 r--p 00000000 08:20 19124                      /usr/lib/x86_64-linux-gnu/libdrm.so.2.4.0
7f4483210000-7f448321b000 r-xp 00005000 08:20 19124                      /usr/lib/x86_64-linux-gnu/libdrm.so.2.4.0
7f448321b000-7f448321f000 r--p 00010000 08:20 19124                      /usr/lib/x86_64-linux-gnu/libdrm.so.2.4.0
7f448321f000-7f4483220000 r--p 00013000 08:20 19124                      /usr/lib/x86_64-linux-gnu/libdrm.so.2.4.0
7f4483220000-7f4483221000 rw-p 00014000 08:20 19124                      /usr/lib/x86_64-linux-gnu/libdrm.so.2.4.0
7f4483221000-7f448322e000 r--p 00000000 08:20 7199                       /usr/lib/x86_64-linux-gnu/libglapi.so.0.0.0
7f448322e000-7f448323c000 r-xp 0000d000 08:20 7199                       /usr/lib/x86_64-linux-gnu/libglapi.so.0.0.0
7f448323c000-7f4483255000 r--p 0001b000 08:20 7199                       /usr/lib/x86_64-linux-gnu/libglapi.so.0.0.0
7f4483255000-7f4483256000 ---p 00034000 08:20 7199                       /usr/lib/x86_64-linux-gnu/libglapi.so.0.0.0
7f4483256000-7f448325a000 r--p 00034000 08:20 7199                       /usr/lib/x86_64-linux-gnu/libglapi.so.0.0.0
7f448325a000-7f448325b000 rw-p 00038000 08:20 7199                       /usr/lib/x86_64-linux-gnu/libglapi.so.0.0.0
7f448325b000-7f448325c000 rw-p 00000000 00:00 0 
7f448325c000-7f4483275000 r--p 00000000 08:20 7111                       /usr/lib/x86_64-linux-gnu/libGLX_mesa.so.0.0.0
7f4483275000-7f44832b9000 r-xp 00019000 08:20 7111                       /usr/lib/x86_64-linux-gnu/libGLX_mesa.so.0.0.0
7f44832b9000-7f44832d0000 r--p 0005d000 08:20 7111                       /usr/lib/x86_64-linux-gnu/libGLX_mesa.so.0.0.0
7f44832d0000-7f44832d3000 r--p 00073000 08:20 7111                       /usr/lib/x86_64-linux-gnu/libGLX_mesa.so.0.0.0
7f44832d3000-7f44832d4000 rw-p 00076000 08:20 7111                       /usr/lib/x86_64-linux-gnu/libGLX_mesa.so.0.0.0
7f44832d4000-7f44832d5000 rw-p 00000000 00:00 0 
7f44832d5000-7f44832d8000 r--p 00000000 08:20 3717                       /usr/lib/x86_64-linux-gnu/libGLX.so.0.0.0
7f44832d8000-7f44832f3000 r-xp 00003000 08:20 3717                       /usr/lib/x86_64-linux-gnu/libGLX.so.0.0.0
7f44832f3000-7f44832f7000 r--p 0001e000 08:20 3717                       /usr/lib/x86_64-linux-gnu/libGLX.so.0.0.0
7f44832f7000-7f44832f8000 r--p 00021000 08:20 3717                       /usr/lib/x86_64-linux-gnu/libGLX.so.0.0.0
7f44832f8000-7f44832f9000 rw-p 00022000 08:20 3717                       /usr/lib/x86_64-linux-gnu/libGLX.so.0.0.0
7f44832f9000-7f4483309000 rw-p 00000000 00:00 0 
7f4483309000-7f4483349000 r--p 00000000 08:20 3793                       /usr/lib/x86_64-linux-gnu/libGLdispatch.so.0.0.0
7f4483349000-7f4483388000 r-xp 00040000 08:20 3793                       /usr/lib/x86_64-linux-gnu/libGLdispatch.so.0.0.0
7f4483388000-7f448339c000 r--p 0007f000 08:20 3793                       /usr/lib/x86_64-linux-gnu/libGLdispatch.so.0.0.0
7f448339c000-7f44833b8000 r--p 00092000 08:20 3793                       /usr/lib/x86_64-linux-gnu/libGLdispatch.so.0.0.0
7f44833b8000-7f44833b9000 rw-p 000ae000 08:20 3793                       /usr/lib/x86_64-linux-gnu/libGLdispatch.so.0.0.0
7f44833b9000-7f44833c1000 rw-p 00000000 00:00 0 
7f44833c1000-7f4483404000 r--p 00000000 08:20 3647                       /usr/lib/x86_64-linux-gnu/libGL.so.1.7.0
7f4483404000-7f4483424000 r-xp 00043000 08:20 3647                       /usr/lib/x86_64-linux-gnu/libGL.so.1.7.0
7f4483424000-7f4483439000 r--p 00063000 08:20 3647                       /usr/lib/x86_64-linux-gnu/libGL.so.1.7.0
7f4483439000-7f4483447000 r--p 00077000 08:20 3647                       /usr/lib/x86_64-linux-gnu/libGL.so.1.7.0
7f4483447000-7f4483448000 rw-p 00085000 08:20 3647                       /usr/lib/x86_64-linux-gnu/libGL.so.1.7.0
7f4483448000-7f4483449000 rw-p 00000000 00:00 0 
7f4483449000-7f448344a000 r--p 00000000 08:20 7021                       /usr/lib/x86_64-linux-gnu/libX11-xcb.so.1.0.0
7f448344a000-7f448344b000 r-xp 00001000 08:20 7021                       /usr/lib/x86_64-linux-gnu/libX11-xcb.so.1.0.0
7f448344b000-7f448344c000 r--p 00002000 08:20 7021                       /usr/lib/x86_64-linux-gnu/libX11-xcb.so.1.0.0
7f448344c000-7f448344d000 r--p 00002000 08:20 7021                       /usr/lib/x86_64-linux-gnu/libX11-xcb.so.1.0.0
7f448344d000-7f448344e000 rw-p 00003000 08:20 7021                       /usr/lib/x86_64-linux-gnu/libX11-xcb.so.1.0.0
7f448344e000-7f448344f000 r--p 00000000 08:20 11047                      /usr/lib/x86_64-linux-gnu/libXinerama.so.1.0.0
7f448344f000-7f4483450000 r-xp 00001000 08:20 11047                      /usr/lib/x86_64-linux-gnu/libXinerama.so.1.0.0
7f4483450000-7f4483451000 r--p 00002000 08:20 11047                      /usr/lib/x86_64-linux-gnu/libXinerama.so.1.0.0
7f4483451000-7f4483452000 r--p 00002000 08:20 11047                      /usr/lib/x86_64-linux-gnu/libXinerama.so.1.0.0
7f4483452000-7f4483453000 rw-p 00003000 08:20 11047                      /usr/lib/x86_64-linux-gnu/libXinerama.so.1.0.0
7f4483453000-7f4483455000 r--p 00000000 08:20 11041                      /usr/lib/x86_64-linux-gnu/libXfixes.so.3.1.0
7f4483455000-7f4483458000 r-xp 00002000 08:20 11041                      /usr/lib/x86_64-linux-gnu/libXfixes.so.3.1.0
7f4483458000-7f4483459000 r--p 00005000 08:20 11041                      /usr/lib/x86_64-linux-gnu/libXfixes.so.3.1.0
7f4483459000-7f448345a000 r--p 00005000 08:20 11041                      /usr/lib/x86_64-linux-gnu/libXfixes.so.3.1.0
7f448345a000-7f448345b000 rw-p 00006000 08:20 11041                      /usr/lib/x86_64-linux-gnu/libXfixes.so.3.1.0
7f448345b000-7f448345e000 r--p 00000000 08:20 377593                     /usr/lib/x86_64-linux-gnu/libXcursor.so.1.0.2
7f448345e000-7f4483464000 r-xp 00003000 08:20 377593                     /usr/lib/x86_64-linux-gnu/libXcursor.so.1.0.2
7f4483464000-7f4483466000 r--p 00009000 08:20 377593                     /usr/lib/x86_64-linux-gnu/libXcursor.so.1.0.2
7f4483466000-7f4483467000 r--p 0000a000 08:20 377593                     /usr/lib/x86_64-linux-gnu/libXcursor.so.1.0.2
7f4483467000-7f4483468000 rw-p 0000b000 08:20 377593                     /usr/lib/x86_64-linux-gnu/libXcursor.so.1.0.2
7f4483468000-7f4483471000 r-xp 00000000 08:20 11057                      /usr/lib/x86_64-linux-gnu/libXrender.so.1.3.0
7f4483471000-7f4483670000 ---p 00009000 08:20 11057                      /usr/lib/x86_64-linux-gnu/libXrender.so.1.3.0
7f4483670000-7f4483671000 r--p 00008000 08:20 11057                      /usr/lib/x86_64-linux-gnu/libXrender.so.1.3.0
7f4483671000-7f4483672000 rw-p 00009000 08:20 11057                      /usr/lib/x86_64-linux-gnu/libXrender.so.1.3.0
7f4483672000-7f4483674000 r--p 00000000 08:20 11055                      /usr/lib/x86_64-linux-gnu/libXrandr.so.2.2.0
7f4483674000-7f448367b000 r-xp 00002000 08:20 11055                      /usr/lib/x86_64-linux-gnu/libXrandr.so.2.2.0
7f448367b000-7f448367d000 r--p 00009000 08:20 11055                      /usr/lib/x86_64-linux-gnu/libXrandr.so.2.2.0
7f448367d000-7f448367e000 r--p 0000a000 08:20 11055                      /usr/lib/x86_64-linux-gnu/libXrandr.so.2.2.0
7f448367e000-7f448367f000 rw-p 0000b000 08:20 11055                      /usr/lib/x86_64-linux-gnu/libXrandr.so.2.2.0
7f448367f000-7f4483681000 r--p 00000000 08:20 11045                      /usr/lib/x86_64-linux-gnu/libXi.so.6.1.0
7f4483681000-7f448368c000 r-xp 00002000 08:20 11045                      /usr/lib/x86_64-linux-gnu/libXi.so.6.1.0
7f448368c000-7f448368f000 r--p 0000d000 08:20 11045                      /usr/lib/x86_64-linux-gnu/libXi.so.6.1.0
7f448368f000-7f4483690000 r--p 0000f000 08:20 11045                      /usr/lib/x86_64-linux-gnu/libXi.so.6.1.0
7f4483690000-7f4483691000 rw-p 00010000 08:20 11045                      /usr/lib/x86_64-linux-gnu/libXi.so.6.1.0
7f4483691000-7f4483695000 r--p 00000000 08:20 11039                      /usr/lib/x86_64-linux-gnu/libXext.so.6.4.0
7f4483695000-7f44836a0000 r-xp 00004000 08:20 11039                      /usr/lib/x86_64-linux-gnu/libXext.so.6.4.0
7f44836a0000-7f44836a4000 r--p 0000f000 08:20 11039                      /usr/lib/x86_64-linux-gnu/libXext.so.6.4.0
7f44836a4000-7f44836a5000 r--p 00012000 08:20 11039                      /usr/lib/x86_64-linux-gnu/libXext.so.6.4.0
7f44836a5000-7f44836a6000 rw-p 00013000 08:20 11039                      /usr/lib/x86_64-linux-gnu/libXext.so.6.4.0
7f44836a6000-7f44836a7000 r--p 00000000 08:20 11067                      /usr/lib/x86_64-linux-gnu/libXxf86vm.so.1.0.0
7f44836a7000-7f44836aa000 r-xp 00001000 08:20 11067                      /usr/lib/x86_64-linux-gnu/libXxf86vm.so.1.0.0
7f44836aa000-7f44836ab000 r--p 00004000 08:20 11067                      /usr/lib/x86_64-linux-gnu/libXxf86vm.so.1.0.0
7f44836ab000-7f44836ac000 r--p 00004000 08:20 11067                      /usr/lib/x86_64-linux-gnu/libXxf86vm.so.1.0.0
7f44836ac000-7f44836ad000 rw-p 00005000 08:20 11067                      /usr/lib/x86_64-linux-gnu/libXxf86vm.so.1.0.0
7f44836ad000-7f44836b1000 r--p 00000000 08:20 11112                      /usr/lib/x86_64-linux-gnu/libbsd.so.0.10.0
7f44836b1000-7f44836c0000 r-xp 00004000 08:20 11112                      /usr/lib/x86_64-linux-gnu/libbsd.so.0.10.0
7f44836c0000-7f44836c3000 r--p 00013000 08:20 11112                      /usr/lib/x86_64-linux-gnu/libbsd.so.0.10.0
7f44836c3000-7f44836c4000 ---p 00016000 08:20 11112                      /usr/lib/x86_64-linux-gnu/libbsd.so.0.10.0
7f44836c4000-7f44836c5000 r--p 00016000 08:20 11112                      /usr/lib/x86_64-linux-gnu/libbsd.so.0.10.0
7f44836c5000-7f44836c6000 rw-p 00017000 08:20 11112                      /usr/lib/x86_64-linux-gnu/libbsd.so.0.10.0
7f44836c6000-7f44836c7000 rw-p 00000000 00:00 0 
7f44836c7000-7f44836c9000 r--p 00000000 08:20 11037                      /usr/lib/x86_64-linux-gnu/libXdmcp.so.6.0.0
7f44836c9000-7f44836cb000 r-xp 00002000 08:20 11037                      /usr/lib/x86_64-linux-gnu/libXdmcp.so.6.0.0
7f44836cb000-7f44836cd000 r--p 00004000 08:20 11037                      /usr/lib/x86_64-linux-gnu/libXdmcp.so.6.0.0
7f44836cd000-7f44836ce000 r--p 00005000 08:20 11037                      /usr/lib/x86_64-linux-gnu/libXdmcp.so.6.0.0
7f44836ce000-7f44836cf000 rw-p 00006000 08:20 11037                      /usr/lib/x86_64-linux-gnu/libXdmcp.so.6.0.0
7f44836cf000-7f44836d0000 r--p 00000000 08:20 11028                      /usr/lib/x86_64-linux-gnu/libXau.so.6.0.0
7f44836d0000-7f44836d2000 r-xp 00001000 08:20 11028                      /usr/lib/x86_64-linux-gnu/libXau.so.6.0.0
7f44836d2000-7f44836d3000 r--p 00003000 08:20 11028                      /usr/lib/x86_64-linux-gnu/libXau.so.6.0.0
7f44836d3000-7f44836d4000 r--p 00003000 08:20 11028                      /usr/lib/x86_64-linux-gnu/libXau.so.6.0.0
7f44836d4000-7f44836d5000 rw-p 00004000 08:20 11028                      /usr/lib/x86_64-linux-gnu/libXau.so.6.0.0
7f44836d5000-7f44836ed000 r--p 00000000 08:20 13542                      /usr/lib/x86_64-linux-gnu/libX11.so.6.3.0
7f44836ed000-7f4483778000 r-xp 00018000 08:20 13542                      /usr/lib/x86_64-linux-gnu/libX11.so.6.3.0
7f4483778000-7f448380c000 r--p 000a3000 08:20 13542                      /usr/lib/x86_64-linux-gnu/libX11.so.6.3.0
7f448380c000-7f448380d000 ---p 00137000 08:20 13542                      /usr/lib/x86_64-linux-gnu/libX11.so.6.3.0
7f448380d000-7f448380e000 r--p 00137000 08:20 13542                      /usr/lib/x86_64-linux-gnu/libX11.so.6.3.0
7f448380e000-7f4483812000 rw-p 00138000 08:20 13542                      /usr/lib/x86_64-linux-gnu/libX11.so.6.3.0
7f4483812000-7f4483869000 r-xp 00000000 08:20 287479                     /tmp/lwjglroot/3.3.1-build-7/libglfw.so
7f4483869000-7f4483a68000 ---p 00057000 08:20 287479                     /tmp/lwjglroot/3.3.1-build-7/libglfw.so
7f4483a68000-7f4483a6b000 r--p 00056000 08:20 287479                     /tmp/lwjglroot/3.3.1-build-7/libglfw.so
7f4483a6b000-7f4483a6d000 rw-p 00059000 08:20 287479                     /tmp/lwjglroot/3.3.1-build-7/libglfw.so
7f4483a6d000-7f4483a90000 rw-p 00000000 00:00 0 
7f4483a90000-7f4483afb000 r-xp 00000000 08:20 287478                     /tmp/lwjglroot/3.3.1-build-7/liblwjgl.so
7f4483afb000-7f4483cfa000 ---p 0006b000 08:20 287478                     /tmp/lwjglroot/3.3.1-build-7/liblwjgl.so
7f4483cfa000-7f4483cfb000 r--p 0006a000 08:20 287478                     /tmp/lwjglroot/3.3.1-build-7/liblwjgl.so
7f4483cfb000-7f4483cfc000 rw-p 0006b000 08:20 287478                     /tmp/lwjglroot/3.3.1-build-7/liblwjgl.so
7f4483cfc000-7f4483d00000 ---p 00000000 00:00 0 
7f4483d00000-7f4483dfd000 rw-p 00000000 00:00 0 
7f4483dfd000-7f4483dfe000 ---p 00000000 00:00 0 
7f4483dfe000-7f4483eff000 rw-p 00000000 00:00 0 
7f4483eff000-7f4483f03000 ---p 00000000 00:00 0 
7f4483f03000-7f4484000000 rw-p 00000000 00:00 0 
7f4484000000-7f4484021000 rw-p 00000000 00:00 0 
7f4484021000-7f4488000000 ---p 00000000 00:00 0 
7f4488000000-7f4488021000 rw-p 00000000 00:00 0 
7f4488021000-7f448c000000 ---p 00000000 00:00 0 
7f448c000000-7f448c105000 rw-p 00000000 00:00 0 
7f448c105000-7f4490000000 ---p 00000000 00:00 0 
7f4490000000-7f449006c000 rw-p 00000000 00:00 0 
7f449006c000-7f4494000000 ---p 00000000 00:00 0 
7f4494000000-7f44940ca000 rw-p 00000000 00:00 0 
7f44940ca000-7f4498000000 ---p 00000000 00:00 0 
7f4498000000-7f4498021000 rw-p 00000000 00:00 0 
7f4498021000-7f449c000000 ---p 00000000 00:00 0 
7f449c000000-7f449c021000 rw-p 00000000 00:00 0 
7f449c021000-7f44a0000000 ---p 00000000 00:00 0 
7f44a0000000-7f44a008b000 rw-p 00000000 00:00 0 
7f44a008b000-7f44a4000000 ---p 00000000 00:00 0 
7f44a4000000-7f44a4021000 rw-p 00000000 00:00 0 
7f44a4021000-7f44a8000000 ---p 00000000 00:00 0 
7f44a8000000-7f44a8021000 rw-p 00000000 00:00 0 
7f44a8021000-7f44ac000000 ---p 00000000 00:00 0 
7f44ac000000-7f44ac021000 rw-p 00000000 00:00 0 
7f44ac021000-7f44b0000000 ---p 00000000 00:00 0 
7f44b0000000-7f44b0021000 rw-p 00000000 00:00 0 
7f44b0021000-7f44b4000000 ---p 00000000 00:00 0 
7f44b4000000-7f44b4021000 rw-p 00000000 00:00 0 
7f44b4021000-7f44b8000000 ---p 00000000 00:00 0 
7f44b8000000-7f44b8021000 rw-p 00000000 00:00 0 
7f44b8021000-7f44bc000000 ---p 00000000 00:00 0 
7f44bc000000-7f44bc021000 rw-p 00000000 00:00 0 
7f44bc021000-7f44c0000000 ---p 00000000 00:00 0 
7f44c0003000-7f44c000e000 r--p 00000000 08:20 11627                      /usr/lib/x86_64-linux-gnu/libxcb.so.1.1.0
7f44c000e000-7f44c0022000 r-xp 0000b000 08:20 11627                      /usr/lib/x86_64-linux-gnu/libxcb.so.1.1.0
7f44c0022000-7f44c002b000 r--p 0001f000 08:20 11627                      /usr/lib/x86_64-linux-gnu/libxcb.so.1.1.0
7f44c002b000-7f44c002c000 r--p 00027000 08:20 11627                      /usr/lib/x86_64-linux-gnu/libxcb.so.1.1.0
7f44c002c000-7f44c002d000 rw-p 00028000 08:20 11627                      /usr/lib/x86_64-linux-gnu/libxcb.so.1.1.0
7f44c0039000-7f44c006a000 rw-p 00000000 00:00 0 
7f44c006a000-7f44c006e000 ---p 00000000 00:00 0 
7f44c006e000-7f44c016b000 rw-p 00000000 00:00 0 
7f44c016b000-7f44c016f000 ---p 00000000 00:00 0 
7f44c016f000-7f44c026c000 rw-p 00000000 00:00 0 
7f44c026c000-7f44c0270000 ---p 00000000 00:00 0 
7f44c0270000-7f44c036d000 rw-p 00000000 00:00 0 
7f44c036d000-7f44c0371000 ---p 00000000 00:00 0 
7f44c0371000-7f44c046e000 rw-p 00000000 00:00 0 
7f44c046e000-7f44c0472000 ---p 00000000 00:00 0 
7f44c0472000-7f44c056f000 rw-p 00000000 00:00 0 
7f44c056f000-7f44c0573000 ---p 00000000 00:00 0 
7f44c0573000-7f44c0670000 rw-p 00000000 00:00 0 
7f44c0670000-7f44c0674000 ---p 00000000 00:00 0 
7f44c0674000-7f44c0771000 rw-p 00000000 00:00 0 
7f44c0771000-7f44c0775000 ---p 00000000 00:00 0 
7f44c0775000-7f44c0872000 rw-p 00000000 00:00 0 
7f44c0872000-7f44c0876000 ---p 00000000 00:00 0 
7f44c0876000-7f44c0973000 rw-p 00000000 00:00 0 
7f44c0973000-7f44c0977000 ---p 00000000 00:00 0 
7f44c0977000-7f44c0a74000 rw-p 00000000 00:00 0 
7f44c0a74000-7f44c0a78000 ---p 00000000 00:00 0 
7f44c0a78000-7f44c0b75000 rw-p 00000000 00:00 0 
7f44c0b75000-7f44c0ba7000 r--p 00000000 08:20 20356                      /usr/lib/locale/C.UTF-8/LC_CTYPE
7f44c0ba7000-7f44c0d1a000 r--p 00000000 08:20 20355                      /usr/lib/locale/C.UTF-8/LC_COLLATE
7f44c0d1a000-7f44c1000000 r--p 00000000 08:20 4069                       /usr/lib/locale/locale-archive
7f44c1000000-7f44c1400000 rw-p 00000000 00:00 0 
7f44c1400000-7f44c1480000 rw-p 00000000 00:00 0 
7f44c1480000-7f44c1500000 rw-p 00000000 00:00 0 
7f44c1500000-7f44c16a0000 rw-p 00000000 00:00 0 
7f44c16a0000-7f44c16e0000 rw-p 00000000 00:00 0 
7f44c16e0000-7f44c17c0000 rw-p 00000000 00:00 0 
7f44c17c0000-7f44c1800000 ---p 00000000 00:00 0 
7f44c1802000-7f44c1806000 r--p 00000000 08:20 383988                     /root/.vscode-server/extensions/redhat.java-1.14.0-linux-x64/jre/17.0.5-linux-x86_64/lib/libnet.so
7f44c1806000-7f44c1814000 r-xp 00004000 08:20 383988                     /root/.vscode-server/extensions/redhat.java-1.14.0-linux-x64/jre/17.0.5-linux-x86_64/lib/libnet.so
7f44c1814000-7f44c1818000 r--p 00012000 08:20 383988                     /root/.vscode-server/extensions/redhat.java-1.14.0-linux-x64/jre/17.0.5-linux-x86_64/lib/libnet.so
7f44c1818000-7f44c1819000 r--p 00015000 08:20 383988                     /root/.vscode-server/extensions/redhat.java-1.14.0-linux-x64/jre/17.0.5-linux-x86_64/lib/libnet.so
7f44c1819000-7f44c181a000 rw-p 00016000 08:20 383988                     /root/.vscode-server/extensions/redhat.java-1.14.0-linux-x64/jre/17.0.5-linux-x86_64/lib/libnet.so
7f44c181a000-7f44c181e000 ---p 00000000 00:00 0 
7f44c181e000-7f44c191b000 rw-p 00000000 00:00 0 
7f44c191b000-7f44c191f000 ---p 00000000 00:00 0 
7f44c191f000-7f44c1a1c000 rw-p 00000000 00:00 0 
7f44c1a1c000-7f44c1a1d000 ---p 00000000 00:00 0 
7f44c1a1d000-7f44c1bfa000 rw-p 00000000 00:00 0 
7f44c1bfa000-7f44c1bfb000 ---p 00000000 00:00 0 
7f44c1bfb000-7f44c1cfc000 rw-p 00000000 00:00 0 
7f44c1cfc000-7f44c1cfd000 ---p 00000000 00:00 0 
7f44c1cfd000-7f44c4000000 rw-p 00000000 00:00 0 
7f44c4000000-7f44c4021000 rw-p 00000000 00:00 0 
7f44c4021000-7f44c8000000 ---p 00000000 00:00 0 
7f44c8000000-7f44c8021000 rw-p 00000000 00:00 0 
7f44c8021000-7f44cc000000 ---p 00000000 00:00 0 
7f44cc000000-7f44cc021000 rw-p 00000000 00:00 0 
7f44cc021000-7f44d0000000 ---p 00000000 00:00 0 
7f44d0004000-7f44d0005000 rw-p 00000000 00:00 0 
7f44d0005000-7f44d0006000 r-xp 00053000 08:20 287478                     /tmp/lwjglroot/3.3.1-build-7/liblwjgl.so
7f44d0006000-7f44d0007000 rw-p 00000000 00:00 0 
7f44d0007000-7f44d000e000 r--p 00000000 08:20 383989                     /root/.vscode-server/extensions/redhat.java-1.14.0-linux-x64/jre/17.0.5-linux-x86_64/lib/libnio.so
7f44d000e000-7f44d0017000 r-xp 00007000 08:20 383989                     /root/.vscode-server/extensions/redhat.java-1.14.0-linux-x64/jre/17.0.5-linux-x86_64/lib/libnio.so
7f44d0017000-7f44d001b000 r--p 00010000 08:20 383989                     /root/.vscode-server/extensions/redhat.java-1.14.0-linux-x64/jre/17.0.5-linux-x86_64/lib/libnio.so
7f44d001b000-7f44d001c000 ---p 00014000 08:20 383989                     /root/.vscode-server/extensions/redhat.java-1.14.0-linux-x64/jre/17.0.5-linux-x86_64/lib/libnio.so
7f44d001c000-7f44d001d000 r--p 00014000 08:20 383989                     /root/.vscode-server/extensions/redhat.java-1.14.0-linux-x64/jre/17.0.5-linux-x86_64/lib/libnio.so
7f44d001d000-7f44d001e000 rw-p 00015000 08:20 383989                     /root/.vscode-server/extensions/redhat.java-1.14.0-linux-x64/jre/17.0.5-linux-x86_64/lib/libnio.so
7f44d001e000-7f44d0020000 r--p 00000000 08:20 383967                     /root/.vscode-server/extensions/redhat.java-1.14.0-linux-x64/jre/17.0.5-linux-x86_64/lib/libdt_socket.so
7f44d0020000-7f44d0023000 r-xp 00002000 08:20 383967                     /root/.vscode-server/extensions/redhat.java-1.14.0-linux-x64/jre/17.0.5-linux-x86_64/lib/libdt_socket.so
7f44d0023000-7f44d0024000 r--p 00005000 08:20 383967                     /root/.vscode-server/extensions/redhat.java-1.14.0-linux-x64/jre/17.0.5-linux-x86_64/lib/libdt_socket.so
7f44d0024000-7f44d0025000 ---p 00006000 08:20 383967                     /root/.vscode-server/extensions/redhat.java-1.14.0-linux-x64/jre/17.0.5-linux-x86_64/lib/libdt_socket.so
7f44d0025000-7f44d0026000 r--p 00006000 08:20 383967                     /root/.vscode-server/extensions/redhat.java-1.14.0-linux-x64/jre/17.0.5-linux-x86_64/lib/libdt_socket.so
7f44d0026000-7f44d0027000 rw-p 00007000 08:20 383967                     /root/.vscode-server/extensions/redhat.java-1.14.0-linux-x64/jre/17.0.5-linux-x86_64/lib/libdt_socket.so
7f44d0027000-7f44d0028000 r--p 00000000 08:20 20362                      /usr/lib/locale/C.UTF-8/LC_NUMERIC
7f44d0028000-7f44d0029000 r--p 00000000 08:20 20365                      /usr/lib/locale/C.UTF-8/LC_TIME
7f44d0029000-7f44d002a000 r--p 00000000 08:20 20360                      /usr/lib/locale/C.UTF-8/LC_MONETARY
7f44d002a000-7f44d002b000 r--p 00000000 08:20 20359                      /usr/lib/locale/C.UTF-8/LC_MESSAGES/SYS_LC_MESSAGES
7f44d002b000-7f44d002c000 r--p 00000000 08:20 20363                      /usr/lib/locale/C.UTF-8/LC_PAPER
7f44d002c000-7f44d002d000 r--p 00000000 08:20 20361                      /usr/lib/locale/C.UTF-8/LC_NAME
7f44d002d000-7f44d123f000 rw-p 00000000 00:00 0 
7f44d123f000-7f44d1240000 ---p 00000000 00:00 0 
7f44d1240000-7f44d1341000 rw-p 00000000 00:00 0 
7f44d1341000-7f44d1342000 ---p 00000000 00:00 0 
7f44d1342000-7f44d1443000 rw-p 00000000 00:00 0 
7f44d1443000-7f44d1444000 ---p 00000000 00:00 0 
7f44d1444000-7f44d1e51000 rw-p 00000000 00:00 0 
7f44d1e51000-7f44d9351000 ---p 00000000 00:00 0 
7f44d9351000-7f44d9b21000 rw-p 00000000 00:00 0 
7f44d9b21000-7f44e1021000 ---p 00000000 00:00 0 
7f44e1021000-7f44e111b000 rw-p 00000000 00:00 0 
7f44e111b000-7f44e1fbb000 ---p 00000000 00:00 0 
7f44e1fbb000-7f44e20b5000 rw-p 00000000 00:00 0 
7f44e20b5000-7f44e2f55000 ---p 00000000 00:00 0 
7f44e2f55000-7f44e304f000 rw-p 00000000 00:00 0 
7f44e304f000-7f44e3eef000 ---p 00000000 00:00 0 
7f44e3eef000-7f44e5000000 rw-p 00000000 00:00 0 
7f44e5000000-7f44e52b0000 rwxp 00000000 00:00 0 
7f44e52b0000-7f44e5741000 ---p 00000000 00:00 0 
7f44e5741000-7f44e59b1000 rwxp 00000000 00:00 0 
7f44e59b1000-7f44ecba0000 ---p 00000000 00:00 0 
7f44ecba0000-7f44ece10000 rwxp 00000000 00:00 0 
7f44ece10000-7f44f4000000 ---p 00000000 00:00 0 
7f44f4000000-7f44f4c01000 rw-p 00000000 00:00 0 
7f44f4c01000-7f44f8000000 ---p 00000000 00:00 0 
7f44f8000000-7f44f8007000 r--s 00000000 08:20 40715                      /usr/lib/x86_64-linux-gnu/gconv/gconv-modules.cache
7f44f8007000-7f44f83ce000 rw-p 00000000 00:00 0 
7f44f83ce000-7f44f84b2000 ---p 00000000 00:00 0 
7f44f84b2000-7f44f84b7000 rw-p 00000000 00:00 0 
7f44f84b7000-7f44f859b000 ---p 00000000 00:00 0 
7f44f859b000-7f44f85a1000 rw-p 00000000 00:00 0 
7f44f85a1000-7f44f85aa000 ---p 00000000 00:00 0 
7f44f85aa000-7f44f85ad000 r--p 00000000 08:20 37895                      /usr/lib/x86_64-linux-gnu/libnss_files-2.31.so
7f44f85ad000-7f44f85b4000 r-xp 00003000 08:20 37895                      /usr/lib/x86_64-linux-gnu/libnss_files-2.31.so
7f44f85b4000-7f44f85b6000 r--p 0000a000 08:20 37895                      /usr/lib/x86_64-linux-gnu/libnss_files-2.31.so
7f44f85b6000-7f44f85b7000 r--p 0000b000 08:20 37895                      /usr/lib/x86_64-linux-gnu/libnss_files-2.31.so
7f44f85b7000-7f44f85b8000 rw-p 0000c000 08:20 37895                      /usr/lib/x86_64-linux-gnu/libnss_files-2.31.so
7f44f85b8000-7f44f85be000 rw-p 00000000 00:00 0 
7f44f85be000-7f44f85bf000 r--p 00000000 08:20 20354                      /usr/lib/locale/C.UTF-8/LC_ADDRESS
7f44f85bf000-7f44f85c0000 r--p 00000000 08:20 20364                      /usr/lib/locale/C.UTF-8/LC_TELEPHONE
7f44f85c0000-7f44f85c2000 r--p 00000000 08:20 383996                     /root/.vscode-server/extensions/redhat.java-1.14.0-linux-x64/jre/17.0.5-linux-x86_64/lib/libzip.so
7f44f85c2000-7f44f85c6000 r-xp 00002000 08:20 383996                     /root/.vscode-server/extensions/redhat.java-1.14.0-linux-x64/jre/17.0.5-linux-x86_64/lib/libzip.so
7f44f85c6000-7f44f85c8000 r--p 00006000 08:20 383996                     /root/.vscode-server/extensions/redhat.java-1.14.0-linux-x64/jre/17.0.5-linux-x86_64/lib/libzip.so
7f44f85c8000-7f44f85c9000 r--p 00007000 08:20 383996                     /root/.vscode-server/extensions/redhat.java-1.14.0-linux-x64/jre/17.0.5-linux-x86_64/lib/libzip.so
7f44f85c9000-7f44f85ca000 rw-p 00008000 08:20 383996                     /root/.vscode-server/extensions/redhat.java-1.14.0-linux-x64/jre/17.0.5-linux-x86_64/lib/libzip.so
7f44f85ca000-7f44f85d7000 r--p 00000000 08:20 383975                     /root/.vscode-server/extensions/redhat.java-1.14.0-linux-x64/jre/17.0.5-linux-x86_64/lib/libjava.so
7f44f85d7000-7f44f85e9000 r-xp 0000d000 08:20 383975                     /root/.vscode-server/extensions/redhat.java-1.14.0-linux-x64/jre/17.0.5-linux-x86_64/lib/libjava.so
7f44f85e9000-7f44f85ef000 r--p 0001f000 08:20 383975                     /root/.vscode-server/extensions/redhat.java-1.14.0-linux-x64/jre/17.0.5-linux-x86_64/lib/libjava.so
7f44f85ef000-7f44f85f0000 ---p 00025000 08:20 383975                     /root/.vscode-server/extensions/redhat.java-1.14.0-linux-x64/jre/17.0.5-linux-x86_64/lib/libjava.so
7f44f85f0000-7f44f85f1000 r--p 00025000 08:20 383975                     /root/.vscode-server/extensions/redhat.java-1.14.0-linux-x64/jre/17.0.5-linux-x86_64/lib/libjava.so
7f44f85f1000-7f44f85f2000 rw-p 00026000 08:20 383975                     /root/.vscode-server/extensions/redhat.java-1.14.0-linux-x64/jre/17.0.5-linux-x86_64/lib/libjava.so
7f44f85f2000-7f44f85f3000 rw-p 00000000 00:00 0 
7f44f85f3000-7f44f85f6000 r--p 00000000 08:20 383978                     /root/.vscode-server/extensions/redhat.java-1.14.0-linux-x64/jre/17.0.5-linux-x86_64/lib/libjdwp.so
7f44f85f6000-7f44f8623000 r-xp 00003000 08:20 383978                     /root/.vscode-server/extensions/redhat.java-1.14.0-linux-x64/jre/17.0.5-linux-x86_64/lib/libjdwp.so
7f44f8623000-7f44f8631000 r--p 00030000 08:20 383978                     /root/.vscode-server/extensions/redhat.java-1.14.0-linux-x64/jre/17.0.5-linux-x86_64/lib/libjdwp.so
7f44f8631000-7f44f8632000 r--p 0003d000 08:20 383978                     /root/.vscode-server/extensions/redhat.java-1.14.0-linux-x64/jre/17.0.5-linux-x86_64/lib/libjdwp.so
7f44f8632000-7f44f8633000 rw-p 0003e000 08:20 383978                     /root/.vscode-server/extensions/redhat.java-1.14.0-linux-x64/jre/17.0.5-linux-x86_64/lib/libjdwp.so
7f44f8633000-7f44f8634000 rw-p 00000000 00:00 0 
7f44f8634000-7f44fb246000 r--s 00000000 08:20 383997                     /root/.vscode-server/extensions/redhat.java-1.14.0-linux-x64/jre/17.0.5-linux-x86_64/lib/modules
7f44fb246000-7f44fb24a000 r--p 00000000 08:20 383979                     /root/.vscode-server/extensions/redhat.java-1.14.0-linux-x64/jre/17.0.5-linux-x86_64/lib/libjimage.so
7f44fb24a000-7f44fb25d000 r-xp 00004000 08:20 383979                     /root/.vscode-server/extensions/redhat.java-1.14.0-linux-x64/jre/17.0.5-linux-x86_64/lib/libjimage.so
7f44fb25d000-7f44fb263000 r--p 00017000 08:20 383979                     /root/.vscode-server/extensions/redhat.java-1.14.0-linux-x64/jre/17.0.5-linux-x86_64/lib/libjimage.so
7f44fb263000-7f44fb265000 r--p 0001c000 08:20 383979                     /root/.vscode-server/extensions/redhat.java-1.14.0-linux-x64/jre/17.0.5-linux-x86_64/lib/libjimage.so
7f44fb265000-7f44fb266000 rw-p 0001e000 08:20 383979                     /root/.vscode-server/extensions/redhat.java-1.14.0-linux-x64/jre/17.0.5-linux-x86_64/lib/libjimage.so
7f44fb266000-7f44fb26a000 ---p 00000000 00:00 0 
7f44fb26a000-7f44fb367000 rw-p 00000000 00:00 0 
7f44fb367000-7f44fb374000 r--p 00000000 08:20 37094                      /usr/lib/x86_64-linux-gnu/libm-2.31.so
7f44fb374000-7f44fb41b000 r-xp 0000d000 08:20 37094                      /usr/lib/x86_64-linux-gnu/libm-2.31.so
7f44fb41b000-7f44fb4b4000 r--p 000b4000 08:20 37094                      /usr/lib/x86_64-linux-gnu/libm-2.31.so
7f44fb4b4000-7f44fb4b5000 r--p 0014c000 08:20 37094                      /usr/lib/x86_64-linux-gnu/libm-2.31.so
7f44fb4b5000-7f44fb4b6000 rw-p 0014d000 08:20 37094                      /usr/lib/x86_64-linux-gnu/libm-2.31.so
7f44fb4b6000-7f44fb4b8000 r--p 00000000 08:20 38548                      /usr/lib/x86_64-linux-gnu/librt-2.31.so
7f44fb4b8000-7f44fb4bc000 r-xp 00002000 08:20 38548                      /usr/lib/x86_64-linux-gnu/librt-2.31.so
7f44fb4bc000-7f44fb4be000 r--p 00006000 08:20 38548                      /usr/lib/x86_64-linux-gnu/librt-2.31.so
7f44fb4be000-7f44fb4bf000 r--p 00007000 08:20 38548                      /usr/lib/x86_64-linux-gnu/librt-2.31.so
7f44fb4bf000-7f44fb4c0000 rw-p 00008000 08:20 38548                      /usr/lib/x86_64-linux-gnu/librt-2.31.so
7f44fb4c0000-7f44fb712000 r--p 00000000 08:20 384007                     /root/.vscode-server/extensions/redhat.java-1.14.0-linux-x64/jre/17.0.5-linux-x86_64/lib/server/libjvm.so
7f44fb712000-7f44fc42b000 r-xp 00252000 08:20 384007                     /root/.vscode-server/extensions/redhat.java-1.14.0-linux-x64/jre/17.0.5-linux-x86_64/lib/server/libjvm.so
7f44fc42b000-7f44fc6b6000 r--p 00f6b000 08:20 384007                     /root/.vscode-server/extensions/redhat.java-1.14.0-linux-x64/jre/17.0.5-linux-x86_64/lib/server/libjvm.so
7f44fc6b6000-7f44fc6b7000 ---p 011f6000 08:20 384007                     /root/.vscode-server/extensions/redhat.java-1.14.0-linux-x64/jre/17.0.5-linux-x86_64/lib/server/libjvm.so
7f44fc6b7000-7f44fc770000 r--p 011f6000 08:20 384007                     /root/.vscode-server/extensions/redhat.java-1.14.0-linux-x64/jre/17.0.5-linux-x86_64/lib/server/libjvm.so
7f44fc770000-7f44fc7a5000 rw-p 012af000 08:20 384007                     /root/.vscode-server/extensions/redhat.java-1.14.0-linux-x64/jre/17.0.5-linux-x86_64/lib/server/libjvm.so
7f44fc7a5000-7f44fc801000 rw-p 00000000 00:00 0 
7f44fc801000-7f44fc823000 r--p 00000000 08:20 37092                      /usr/lib/x86_64-linux-gnu/libc-2.31.so
7f44fc823000-7f44fc99b000 r-xp 00022000 08:20 37092                      /usr/lib/x86_64-linux-gnu/libc-2.31.so
7f44fc99b000-7f44fc9e9000 r--p 0019a000 08:20 37092                      /usr/lib/x86_64-linux-gnu/libc-2.31.so
7f44fc9e9000-7f44fc9ed000 r--p 001e7000 08:20 37092                      /usr/lib/x86_64-linux-gnu/libc-2.31.so
7f44fc9ed000-7f44fc9ef000 rw-p 001eb000 08:20 37092                      /usr/lib/x86_64-linux-gnu/libc-2.31.so
7f44fc9ef000-7f44fc9f3000 rw-p 00000000 00:00 0 
7f44fc9f3000-7f44fc9f4000 r--p 00000000 08:20 37093                      /usr/lib/x86_64-linux-gnu/libdl-2.31.so
7f44fc9f4000-7f44fc9f6000 r-xp 00001000 08:20 37093                      /usr/lib/x86_64-linux-gnu/libdl-2.31.so
7f44fc9f6000-7f44fc9f7000 r--p 00003000 08:20 37093                      /usr/lib/x86_64-linux-gnu/libdl-2.31.so
7f44fc9f7000-7f44fc9f8000 r--p 00003000 08:20 37093                      /usr/lib/x86_64-linux-gnu/libdl-2.31.so
7f44fc9f8000-7f44fc9f9000 rw-p 00004000 08:20 37093                      /usr/lib/x86_64-linux-gnu/libdl-2.31.so
7f44fc9f9000-7f44fc9ff000 r--p 00000000 08:20 38546                      /usr/lib/x86_64-linux-gnu/libpthread-2.31.so
7f44fc9ff000-7f44fca10000 r-xp 00006000 08:20 38546                      /usr/lib/x86_64-linux-gnu/libpthread-2.31.so
7f44fca10000-7f44fca16000 r--p 00017000 08:20 38546                      /usr/lib/x86_64-linux-gnu/libpthread-2.31.so
7f44fca16000-7f44fca17000 r--p 0001c000 08:20 38546                      /usr/lib/x86_64-linux-gnu/libpthread-2.31.so
7f44fca17000-7f44fca18000 rw-p 0001d000 08:20 38546                      /usr/lib/x86_64-linux-gnu/libpthread-2.31.so
7f44fca18000-7f44fca1c000 rw-p 00000000 00:00 0 
7f44fca1c000-7f44fca1f000 r--p 00000000 08:20 383980                     /root/.vscode-server/extensions/redhat.java-1.14.0-linux-x64/jre/17.0.5-linux-x86_64/lib/libjli.so
7f44fca1f000-7f44fca29000 r-xp 00003000 08:20 383980                     /root/.vscode-server/extensions/redhat.java-1.14.0-linux-x64/jre/17.0.5-linux-x86_64/lib/libjli.so
7f44fca29000-7f44fca2c000 r--p 0000d000 08:20 383980                     /root/.vscode-server/extensions/redhat.java-1.14.0-linux-x64/jre/17.0.5-linux-x86_64/lib/libjli.so
7f44fca2c000-7f44fca2d000 ---p 00010000 08:20 383980                     /root/.vscode-server/extensions/redhat.java-1.14.0-linux-x64/jre/17.0.5-linux-x86_64/lib/libjli.so
7f44fca2d000-7f44fca2e000 r--p 00010000 08:20 383980                     /root/.vscode-server/extensions/redhat.java-1.14.0-linux-x64/jre/17.0.5-linux-x86_64/lib/libjli.so
7f44fca2e000-7f44fca2f000 rw-p 00011000 08:20 383980                     /root/.vscode-server/extensions/redhat.java-1.14.0-linux-x64/jre/17.0.5-linux-x86_64/lib/libjli.so
7f44fca2f000-7f44fca31000 r--p 00000000 08:20 24278                      /usr/lib/x86_64-linux-gnu/libz.so.1.2.11
7f44fca31000-7f44fca42000 r-xp 00002000 08:20 24278                      /usr/lib/x86_64-linux-gnu/libz.so.1.2.11
7f44fca42000-7f44fca48000 r--p 00013000 08:20 24278                      /usr/lib/x86_64-linux-gnu/libz.so.1.2.11
7f44fca48000-7f44fca49000 ---p 00019000 08:20 24278                      /usr/lib/x86_64-linux-gnu/libz.so.1.2.11
7f44fca49000-7f44fca4a000 r--p 00019000 08:20 24278                      /usr/lib/x86_64-linux-gnu/libz.so.1.2.11
7f44fca4a000-7f44fca4b000 rw-p 0001a000 08:20 24278                      /usr/lib/x86_64-linux-gnu/libz.so.1.2.11
7f44fca4b000-7f44fca4c000 r--p 00000000 08:20 20358                      /usr/lib/locale/C.UTF-8/LC_MEASUREMENT
7f44fca4c000-7f44fca4d000 r--p 00000000 08:20 20357                      /usr/lib/locale/C.UTF-8/LC_IDENTIFICATION
7f44fca4d000-7f44fca55000 rw-s 00000000 08:20 234832                     /tmp/hsperfdata_root/4089 (deleted)
7f44fca55000-7f44fca56000 ---p 00000000 00:00 0 
7f44fca56000-7f44fca57000 r--p 00000000 00:00 0 
7f44fca57000-7f44fca59000 rw-p 00000000 00:00 0 
7f44fca59000-7f44fca5a000 r--p 00000000 08:20 21193                      /usr/lib/x86_64-linux-gnu/ld-2.31.so
7f44fca5a000-7f44fca7d000 r-xp 00001000 08:20 21193                      /usr/lib/x86_64-linux-gnu/ld-2.31.so
7f44fca7d000-7f44fca85000 r--p 00024000 08:20 21193                      /usr/lib/x86_64-linux-gnu/ld-2.31.so
7f44fca85000-7f44fca86000 ---p 00000000 00:00 0 
7f44fca86000-7f44fca87000 r--p 0002c000 08:20 21193                      /usr/lib/x86_64-linux-gnu/ld-2.31.so
7f44fca87000-7f44fca88000 rw-p 0002d000 08:20 21193                      /usr/lib/x86_64-linux-gnu/ld-2.31.so
7f44fca88000-7f44fca89000 rw-p 00000000 00:00 0 
7fffbdec8000-7fffbdeea000 rw-p 00000000 00:00 0                          [stack]
7fffbdff8000-7fffbdffc000 r--p 00000000 00:00 0                          [vvar]
7fffbdffc000-7fffbdffd000 r-xp 00000000 00:00 0                          [vdso]


VM Arguments:
jvm_args: -agentlib:jdwp=transport=dt_socket,server=n,suspend=y,address=localhost:45411 -XX:+ShowCodeDetailsInExceptionMessages 
java_command: com.onyx.App
java_class_path (initial): /root/dev/java/Onyx/engine/target/classes:/root/.m2/repository/org/lwjgl/lwjgl/3.3.1/lwjgl-3.3.1.jar:/root/.m2/repository/org/lwjgl/lwjgl-assimp/3.3.1/lwjgl-assimp-3.3.1.jar:/root/.m2/repository/org/lwjgl/lwjgl-glfw/3.3.1/lwjgl-glfw-3.3.1.jar:/root/.m2/repository/org/lwjgl/lwjgl-openal/3.3.1/lwjgl-openal-3.3.1.jar:/root/.m2/repository/org/lwjgl/lwjgl-opengl/3.3.1/lwjgl-opengl-3.3.1.jar:/root/.m2/repository/org/lwjgl/lwjgl-stb/3.3.1/lwjgl-stb-3.3.1.jar:/root/.m2/repository/org/lwjgl/lwjgl/3.3.1/lwjgl-3.3.1-natives-linux.jar:/root/.m2/repository/org/lwjgl/lwjgl-assimp/3.3.1/lwjgl-assimp-3.3.1-natives-linux.jar:/root/.m2/repository/org/lwjgl/lwjgl-glfw/3.3.1/lwjgl-glfw-3.3.1-natives-linux.jar:/root/.m2/repository/org/lwjgl/lwjgl-openal/3.3.1/lwjgl-openal-3.3.1-natives-linux.jar:/root/.m2/repository/org/lwjgl/lwjgl-opengl/3.3.1/lwjgl-opengl-3.3.1-natives-linux.jar:/root/.m2/repository/org/lwjgl/lwjgl-stb/3.3.1/lwjgl-stb-3.3.1-natives-linux.jar:/root/.m2/repository/org/joml/joml/1.10.4/joml-1.10.4.jar
Launcher Type: SUN_STANDARD

[Global flags]
     intx CICompilerCount                          = 12                                        {product} {ergonomic}
     uint ConcGCThreads                            = 5                                         {product} {ergonomic}
     uint G1ConcRefinementThreads                  = 20                                        {product} {ergonomic}
   size_t G1HeapRegionSize                         = 4194304                                   {product} {ergonomic}
    uintx GCDrainStackTargetSize                   = 64                                        {product} {ergonomic}
   size_t InitialHeapSize                          = 524288000                                 {product} {ergonomic}
   size_t MarkStackSize                            = 4194304                                   {product} {ergonomic}
   size_t MaxHeapSize                              = 8376025088                                {product} {ergonomic}
   size_t MaxNewSize                               = 5024776192                                {product} {ergonomic}
   size_t MinHeapDeltaBytes                        = 4194304                                   {product} {ergonomic}
   size_t MinHeapSize                              = 8388608                                   {product} {ergonomic}
    uintx NonNMethodCodeHeapSize                   = 7602480                                {pd product} {ergonomic}
    uintx NonProfiledCodeHeapSize                  = 122027880                              {pd product} {ergonomic}
    uintx ProfiledCodeHeapSize                     = 122027880                              {pd product} {ergonomic}
    uintx ReservedCodeCacheSize                    = 251658240                              {pd product} {ergonomic}
     bool SegmentedCodeCache                       = true                                      {product} {ergonomic}
     bool ShowCodeDetailsInExceptionMessages       = true                                   {manageable} {command line}
   size_t SoftMaxHeapSize                          = 8376025088                             {manageable} {ergonomic}
     bool UseCompressedClassPointers               = true                           {product lp64_product} {ergonomic}
     bool UseCompressedOops                        = true                           {product lp64_product} {ergonomic}
     bool UseG1GC                                  = true                                      {product} {ergonomic}

Logging:
Log output configuration:
 #0: stdout all=off uptime,level,tags
 #1: stderr all=off uptime,level,tags

Environment Variables:
JAVA_HOME=/root/.sdkman/candidates/java/current
PATH=/root/.sdkman/candidates/maven/current/bin:/root/.sdkman/candidates/java/current/bin:/root/.vscode-server/bin/97dec172d3256f8ca4bfb2143f3f76b503ca0534/bin/remote-cli:/root/.sdkman/candidates/maven/3.8.7/bin:/root/.sdkman/candidates/java/17.0.5-zulu/bin:/root/.nvm/versions/node/v18.3.0/bin:/usr/local/sbin:/usr/local/bin:/usr/sbin:/usr/bin:/sbin:/bin:/usr/games:/usr/local/games:/usr/lib/wsl/lib:/mnt/d/Oculus/Support/oculus-runtime:/mnt/c/Program Files/Common Files/Oracle/Java/javapath:/mnt/c/Windows/system32:/mnt/c/Windows:/mnt/c/Windows/System32/Wbem:/mnt/c/Windows/System32/WindowsPowerShell/v1.0/:/mnt/c/Windows/System32/OpenSSH/:/mnt/c/Program Files/Microsoft VS Code/bin:/mnt/c/Program Files (x86)/NVIDIA Corporation/PhysX/Common:/mnt/c/Program Files/NVIDIA Corporation/NVIDIA NvDLISR:/mnt/c/Program Files/Go/bin:/mnt/c/Program Files/WIDCOMM/Bluetooth Software/:/mnt/c/Program Files/WIDCOMM/Bluetooth Software/syswow64:/mnt/c/Program Files/dotnet/:/mnt/f/Program Files/Git/cmd:/mnt/d/msys64/mingw64/bin:/mnt/d/Program Files/CMake/bin:/mnt/c/Users/jaree/AppData/Local/Microsoft/WindowsApps:/mnt/c/Users/jaree/go/bin:/usr/local/go/bin
SHELL=/usr/bin/zsh
DISPLAY=:0
HOSTTYPE=x86_64
LANG=C.UTF-8
TERM=xterm-256color

Signal Handlers:
   SIGSEGV: crash_handler in libjvm.so, mask=11100100010111111101111111111110, flags=SA_RESTART|SA_SIGINFO
    SIGBUS: crash_handler in libjvm.so, mask=11100100010111111101111111111110, flags=SA_RESTART|SA_SIGINFO
    SIGFPE: crash_handler in libjvm.so, mask=11100100010111111101111111111110, flags=SA_RESTART|SA_SIGINFO
   SIGPIPE: javaSignalHandler in libjvm.so, mask=11100100010111111101111111111110, flags=SA_RESTART|SA_SIGINFO
  *** Handler was modified!
  *** Expected: 0x00007f44f4015910, mask=00001000000000100110101111100101, flags=SA_RESTART|SA_SIGINFO
   SIGXFSZ: javaSignalHandler in libjvm.so, mask=11100100010111111101111111111110, flags=SA_RESTART|SA_SIGINFO
  *** Handler was modified!
  *** Expected: 0x00007f44f454fab0, mask=00000111100001110001110100101111, flags=SA_RESTART|SA_SIGINFO
    SIGILL: crash_handler in libjvm.so, mask=11100100010111111101111111111110, flags=SA_RESTART|SA_SIGINFO
   SIGUSR2: SR_handler in libjvm.so, mask=00000000000000000000000000000000, flags=SA_RESTART|SA_SIGINFO
  *** Handler was modified!
  *** Expected: 0x00007f44f4015a50, mask=00001000000000100110101111100101, flags=SA_RESTART|SA_SIGINFO
    SIGHUP: UserHandler in libjvm.so, mask=11100100010111111101111111111110, flags=SA_RESTART|SA_SIGINFO
    SIGINT: UserHandler in libjvm.so, mask=11100100010111111101111111111110, flags=SA_RESTART|SA_SIGINFO
   SIGTERM: UserHandler in libjvm.so, mask=11100100010111111101111111111110, flags=SA_RESTART|SA_SIGINFO
   SIGQUIT: UserHandler in libjvm.so, mask=11100100010111111101111111111110, flags=SA_RESTART|SA_SIGINFO
  *** Handler was modified!
  *** Expected: SIG_DFL, mask=00001000000000100110101111100101, flags=SA_RESTART|SA_SIGINFO
   SIGTRAP: crash_handler in libjvm.so, mask=11100100010111111101111111111110, flags=SA_RESTART|SA_SIGINFO


---------------  S Y S T E M  ---------------

OS:
DISTRIB_ID=Ubuntu
DISTRIB_RELEASE=20.04
DISTRIB_CODENAME=focal
DISTRIB_DESCRIPTION="Ubuntu 20.04.5 LTS"
uname: Linux 5.15.79.1-microsoft-standard-WSL2 #1 SMP Wed Nov 23 01:01:46 UTC 2022 x86_64
OS uptime: 1 days 14:19 hours
libc: glibc 2.31 NPTL 2.31 
rlimit (soft/hard): STACK 8192k/infinity , CORE 0k/infinity , NPROC 127721/127721 , NOFILE 1048576/1048576 , AS infinity/infinity , CPU infinity/infinity , DATA infinity/infinity , FSIZE infinity/infinity , MEMLOCK 65536k/65536k
load average: 0.22 0.15 0.19

/proc/meminfo:
MemTotal:       32703168 kB
MemFree:        21865888 kB
MemAvailable:   26278228 kB
Buffers:          617456 kB
Cached:          3738932 kB
SwapCached:            0 kB
Active:          2108808 kB
Inactive:        7652048 kB
Active(anon):       2068 kB
Inactive(anon):  5410476 kB
Active(file):    2106740 kB
Inactive(file):  2241572 kB
Unevictable:           0 kB
Mlocked:               0 kB
SwapTotal:       8388608 kB
SwapFree:        8388608 kB
Dirty:               448 kB
Writeback:             0 kB
AnonPages:       5329132 kB
Mapped:           405700 kB
Shmem:             14436 kB
KReclaimable:     524108 kB
Slab:             671024 kB
SReclaimable:     524108 kB
SUnreclaim:       146916 kB
KernelStack:       28544 kB
PageTables:        36392 kB
NFS_Unstable:          0 kB
Bounce:                0 kB
WritebackTmp:          0 kB
CommitLimit:    24740192 kB
Committed_AS:    6531756 kB
VmallocTotal:   34359738367 kB
VmallocUsed:       50860 kB
VmallocChunk:          0 kB
Percpu:             8704 kB
AnonHugePages:   4208640 kB
ShmemHugePages:        0 kB
ShmemPmdMapped:        0 kB
FileHugePages:         0 kB
FilePmdMapped:         0 kB
HugePages_Total:       0
HugePages_Free:        0
HugePages_Rsvd:        0
HugePages_Surp:        0
Hugepagesize:       2048 kB
Hugetlb:               0 kB
DirectMap4k:      218112 kB
DirectMap2M:    15343616 kB
DirectMap1G:    26214400 kB

/sys/kernel/mm/transparent_hugepage/enabled: [always] madvise never
/sys/kernel/mm/transparent_hugepage/defrag (defrag/compaction efforts parameter): always defer defer+madvise [madvise] never

Process Memory:
Virtual Size: 11923936K (peak: 11955496K)
Resident Set Size: 144676K (peak: 144676K) (anon: 56188K, file: 84888K, shmem: 3600K)
Swapped out: 0K
C-Heap outstanding allocations: 61697K, retained: 3510K
glibc malloc tunables: (default)

/proc/sys/kernel/threads-max (system-wide limit on the number of threads): 255442
/proc/sys/vm/max_map_count (maximum number of memory map areas a process may have): 65530
/proc/sys/kernel/pid_max (system-wide limit on number of process identifiers): 32768

container (cgroup) information:
container_type: cgroupv1
cpu_cpuset_cpus: 0-27
cpu_memory_nodes: 0
active_processor_count: 28
cpu_quota: no quota
cpu_period: 100000
cpu_shares: no shares
memory_limit_in_bytes: unlimited
memory_and_swap_limit_in_bytes: 