#
# A fatal error has been detected by the Java Runtime Environment:
#
#  SIGSEGV (0xb) at pc=0x00007f6b656fef1a, pid=3890, tid=3921
#
# JRE version: OpenJDK Runtime Environment Temurin-17.0.5+8 (17.0.5+8) (build 17.0.5+8)
# Java VM: OpenJDK 64-Bit Server VM Temurin-17.0.5+8 (17.0.5+8, mixed mode, tiered, compressed oops, compressed class ptrs, g1 gc, linux-amd64)
# Problematic frame:
# C  [libnvwgf2umx.so+0x286bf1a]
#
# No core dump will be written. Core dumps have been disabled. To enable core dumping, try "ulimit -c unlimited" before starting Java again
#
# If you would like to submit a bug report, please visit:
#   https://github.com/adoptium/adoptium-support/issues
#

---------------  S U M M A R Y ------------

Command Line: -agentlib:jdwp=transport=dt_socket,server=n,suspend=y,address=localhost:35195 -XX:+ShowCodeDetailsInExceptionMessages com.onyx.App

Host: Intel(R) Core(TM) i9-9940X CPU @ 3.30GHz, 28 cores, 31G, Ubuntu 20.04.5 LTS
Time: Wed Feb  1 01:05:50 2023 EST elapsed time: 6.313529 seconds (0d 0h 0m 6s)

---------------  T H R E A D  ---------------

Current thread is native thread

Stack: [0x00007f6b72e58000,0x00007f6b73657000],  sp=0x00007f6b73655e30,  free space=8183k
Native frames: (J=compiled Java code, j=interpreted, Vv=VM code, C=native code)
C  [libnvwgf2umx.so+0x286bf1a]


siginfo: si_signo: 11 (SIGSEGV), si_code: 1 (SEGV_MAPERR), si_addr: 0x00007f6b73657000

Registers:
RAX=0x0000000000000044, RBX=0x0000000000000000, RCX=0x00007f6b73655e38, RDX=0x0000000000000000
RSP=0x00007f6b73655e30, RBP=0x0000000000000000, RSI=0x00007f6bf06b1660, RDI=0x00007f6bf0630cc0
R8 =0x0000000000000000, R9 =0x00007ffd8a96e080, R10=0x00000000018fdbc0, R11=0x0000000000000000
R12=0x00007f6bf06b1601, R13=0x00007f6b73657000, R14=0x00007f6bf0630dc8, R15=0x00007f6b73655ea6
RIP=0x00007f6b656fef1a, EFLAGS=0x0000000000010246, CSGSFS=0x002b000000000033, ERR=0x0000000000000004
  TRAPNO=0x000000000000000e

Top of Stack: (sp=0x00007f6b73655e30)
0x00007f6b73655e30:   0000000063da013e 000000000000ec7d
0x00007f6b73655e40:   00007f6bf0630cc0 000000000000c4d9
0x00007f6b73655e50:   00007f6bf06b1660 00007f6b73655e38
0x00007f6b73655e60:   00007f6b73655ea7 00007f6bf0630cc0 

Instructions: (pc=0x00007f6b656fef1a)
0x00007f6b656fee1a:   60 48 83 ec 08 4c 8d 64 24 10 4c 89 e7 4c 89 fe
0x00007f6b656fee2a:   48 89 da 48 8b 4c 24 28 44 8b 44 24 20 44 8b 4c
0x00007f6b656fee3a:   24 24 41 55 41 56 50 e8 ba fa ff ff 48 83 c4 20
0x00007f6b656fee4a:   48 89 ef 4c 89 e6 e8 bb ad a5 fe 4c 89 e7 e8 13
0x00007f6b656fee5a:   a2 a5 fe 48 89 e8 48 83 c4 28 5b 41 5c 41 5d 41
0x00007f6b656fee6a:   5e 41 5f 5d c3 eb 0a eb 19 eb 06 eb 15 eb 02 eb
0x00007f6b656fee7a:   11 48 89 c3 48 8d 7c 24 08 e8 e8 a1 a5 fe eb 05
0x00007f6b656fee8a:   eb 00 48 89 c3 48 8b 7c 24 10 e8 d7 a1 a5 fe 48
0x00007f6b656fee9a:   89 df e8 cf 0a 90 fe cc cc cc cc cc cc cc cc cc
0x00007f6b656feeaa:   cc cc cc cc cc cc 55 41 57 41 56 41 55 41 54 53
0x00007f6b656feeba:   48 83 ec 38 48 89 54 24 30 48 89 7c 24 10 f6 47
0x00007f6b656feeca:   28 10 0f 84 41 01 00 00 8b 46 10 85 c0 0f 84 36
0x00007f6b656feeda:   01 00 00 4c 8b 6e 28 41 b4 01 31 db 48 8d 4c 24
0x00007f6b656feeea:   08 48 89 4c 24 28 31 d2 48 89 74 24 20 eb 21 90
0x00007f6b656feefa:   90 90 90 90 90 90 8b 46 10 48 8b 54 24 18 48 83
0x00007f6b656fef0a:   c2 01 89 c1 83 c3 01 48 39 ca 0f 83 f9 00 00 00
0x00007f6b656fef1a:   41 8b 4c 95 00 0f b7 c9 3b 8c 96 4c 04 00 00 74
0x00007f6b656fef2a:   dd 89 8c 96 4c 04 00 00 8b 4e 0c 85 c9 74 cf 48
0x00007f6b656fef3a:   89 54 24 18 31 ed eb 18 90 90 90 90 90 90 90 90
0x00007f6b656fef4a:   90 90 90 90 90 90 83 c5 01 8b 4e 0c 39 cd 73 a6
0x00007f6b656fef5a:   0f af cb 01 e9 41 0f b6 84 0d 80 90 00 00 24 7f
0x00007f6b656fef6a:   8d 50 e0 80 fa 14 77 de 48 8b 96 50 08 00 00 3a
0x00007f6b656fef7a:   04 0a 74 d2 88 04 0a 48 8b 44 24 30 c6 00 01 41
0x00007f6b656fef8a:   f6 c4 01 75 0d 48 8b 44 24 10 f6 40 28 20 75 b6
0x00007f6b656fef9a:   eb 33 4c 8d 7c 24 08 4c 89 ff 31 d2 31 c9 45 31
0x00007f6b656fefaa:   c0 e8 a0 06 00 00 48 8b 7c 24 10 4c 89 fe e8 b3
0x00007f6b656fefba:   e1 ff ff 48 8d 7c 24 08 e8 a9 a0 a5 fe 45 31 e4
0x00007f6b656fefca:   48 8b 74 24 20 8b 56 04 4c 8b 7c 24 10 45 0f b6
0x00007f6b656fefda:   4f 2c 4c 8d 74 24 08 4c 89 f7 4c 89 fe 48 8b 4c
0x00007f6b656fefea:   24 18 41 89 e8 e8 0c fe 02 00 4c 89 ff 4c 89 f6
0x00007f6b656feffa:   e8 71 e1 ff ff 48 8d 7c 24 08 e8 67 a0 a5 fe 48
0x00007f6b656ff00a:   8b 74 24 20 e9 3d ff ff ff 48 83 c4 38 5b 41 5c 



---------------  P R O C E S S  ---------------

VM state: at safepoint (shutting down)

VM Mutex/Monitor currently owned by a thread:  ([mutex/lock_event])
[0x00007f6bf00241e0] Threads_lock - owner thread: 0x00007f6bf01cd150

Heap address: 0x000000060cc00000, size: 7988 MB, Compressed Oops mode: Zero based, Oop shift amount: 3

CDS archive(s) not mapped
Compressed class space mapped at: 0x0000000800000000-0x0000000840000000, reserved size: 1073741824
Narrow klass base: 0x0000000800000000, Narrow klass shift: 0, Narrow klass range: 0x40000000

GC Precious Log:
<Skipped>

Heap:
 garbage-first heap   total 512000K, used 9737K [0x000000060cc00000, 0x0000000800000000)
  region size 4096K, 3 young (12288K), 0 survivors (0K)
 Metaspace       used 9292K, committed 9472K, reserved 1064960K
  class space    used 758K, committed 832K, reserved 1048576K

Heap Regions: E=young(eden), S=young(survivor), O=old, HS=humongous(starts), HC=humongous(continues), CS=collection set, F=free, OA=open archive, CA=closed archive, TAMS=top-at-mark-start (previous, next)
|   0|0x000000060cc00000, 0x000000060cc00000, 0x000000060d000000|  0%| F|  |TAMS 0x000000060cc00000, 0x000000060cc00000| Untracked 
|   1|0x000000060d000000, 0x000000060d000000, 0x000000060d400000|  0%| F|  |TAMS 0x000000060d000000, 0x000000060d000000| Untracked 
|   2|0x000000060d400000, 0x000000060d400000, 0x000000060d800000|  0%| F|  |TAMS 0x000000060d400000, 0x000000060d400000| Untracked 
|   3|0x000000060d800000, 0x000000060d800000, 0x000000060dc00000|  0%| F|  |TAMS 0x000000060d800000, 0x000000060d800000| Untracked 
|   4|0x000000060dc00000, 0x000000060dc00000, 0x000000060e000000|  0%| F|  |TAMS 0x000000060dc00000, 0x000000060dc00000| Untracked 
|   5|0x000000060e000000, 0x000000060e000000, 0x000000060e400000|  0%| F|  |TAMS 0x000000060e000000, 0x000000060e000000| Untracked 
|   6|0x000000060e400000, 0x000000060e400000, 0x000000060e800000|  0%| F|  |TAMS 0x000000060e400000, 0x000000060e400000| Untracked 
|   7|0x000000060e800000, 0x000000060e800000, 0x000000060ec00000|  0%| F|  |TAMS 0x000000060e800000, 0x000000060e800000| Untracked 
|   8|0x000000060ec00000, 0x000000060ec00000, 0x000000060f000000|  0%| F|  |TAMS 0x000000060ec00000, 0x000000060ec00000| Untracked 
|   9|0x000000060f000000, 0x000000060f000000, 0x000000060f400000|  0%| F|  |TAMS 0x000000060f000000, 0x000000060f000000| Untracked 
|  10|0x000000060f400000, 0x000000060f400000, 0x000000060f800000|  0%| F|  |TAMS 0x000000060f400000, 0x000000060f400000| Untracked 
|  11|0x000000060f800000, 0x000000060f800000, 0x000000060fc00000|  0%| F|  |TAMS 0x000000060f800000, 0x000000060f800000| Untracked 
|  12|0x000000060fc00000, 0x000000060fc00000, 0x0000000610000000|  0%| F|  |TAMS 0x000000060fc00000, 0x000000060fc00000| Untracked 
|  13|0x0000000610000000, 0x0000000610000000, 0x0000000610400000|  0%| F|  |TAMS 0x0000000610000000, 0x0000000610000000| Untracked 
|  14|0x0000000610400000, 0x0000000610400000, 0x0000000610800000|  0%| F|  |TAMS 0x0000000610400000, 0x0000000610400000| Untracked 
|  15|0x0000000610800000, 0x0000000610800000, 0x0000000610c00000|  0%| F|  |TAMS 0x0000000610800000, 0x0000000610800000| Untracked 
|  16|0x0000000610c00000, 0x0000000610c00000, 0x0000000611000000|  0%| F|  |TAMS 0x0000000610c00000, 0x0000000610c00000| Untracked 
|  17|0x0000000611000000, 0x0000000611000000, 0x0000000611400000|  0%| F|  |TAMS 0x0000000611000000, 0x0000000611000000| Untracked 
|  18|0x0000000611400000, 0x0000000611400000, 0x0000000611800000|  0%| F|  |TAMS 0x0000000611400000, 0x0000000611400000| Untracked 
|  19|0x0000000611800000, 0x0000000611800000, 0x0000000611c00000|  0%| F|  |TAMS 0x0000000611800000, 0x0000000611800000| Untracked 
|  20|0x0000000611c00000, 0x0000000611c00000, 0x0000000612000000|  0%| F|  |TAMS 0x0000000611c00000, 0x0000000611c00000| Untracked 
|  21|0x0000000612000000, 0x0000000612000000, 0x0000000612400000|  0%| F|  |TAMS 0x0000000612000000, 0x0000000612000000| Untracked 
|  22|0x0000000612400000, 0x0000000612400000, 0x0000000612800000|  0%| F|  |TAMS 0x0000000612400000, 0x0000000612400000| Untracked 
|  23|0x0000000612800000, 0x0000000612800000, 0x0000000612c00000|  0%| F|  |TAMS 0x0000000612800000, 0x0000000612800000| Untracked 
|  24|0x0000000612c00000, 0x0000000612c00000, 0x0000000613000000|  0%| F|  |TAMS 0x0000000612c00000, 0x0000000612c00000| Untracked 
|  25|0x0000000613000000, 0x0000000613000000, 0x0000000613400000|  0%| F|  |TAMS 0x0000000613000000, 0x0000000613000000| Untracked 
|  26|0x0000000613400000, 0x0000000613400000, 0x0000000613800000|  0%| F|  |TAMS 0x0000000613400000, 0x0000000613400000| Untracked 
|  27|0x0000000613800000, 0x0000000613800000, 0x0000000613c00000|  0%| F|  |TAMS 0x0000000613800000, 0x0000000613800000| Untracked 
|  28|0x0000000613c00000, 0x0000000613c00000, 0x0000000614000000|  0%| F|  |TAMS 0x0000000613c00000, 0x0000000613c00000| Untracked 
|  29|0x0000000614000000, 0x0000000614000000, 0x0000000614400000|  0%| F|  |TAMS 0x0000000614000000, 0x0000000614000000| Untracked 
|  30|0x0000000614400000, 0x0000000614400000, 0x0000000614800000|  0%| F|  |TAMS 0x0000000614400000, 0x0000000614400000| Untracked 
|  31|0x0000000614800000, 0x0000000614800000, 0x0000000614c00000|  0%| F|  |TAMS 0x0000000614800000, 0x0000000614800000| Untracked 
|  32|0x0000000614c00000, 0x0000000614c00000, 0x0000000615000000|  0%| F|  |TAMS 0x0000000614c00000, 0x0000000614c00000| Untracked 
|  33|0x0000000615000000, 0x0000000615000000, 0x0000000615400000|  0%| F|  |TAMS 0x0000000615000000, 0x0000000615000000| Untracked 
|  34|0x0000000615400000, 0x0000000615400000, 0x0000000615800000|  0%| F|  |TAMS 0x0000000615400000, 0x0000000615400000| Untracked 
|  35|0x0000000615800000, 0x0000000615800000, 0x0000000615c00000|  0%| F|  |TAMS 0x0000000615800000, 0x0000000615800000| Untracked 
|  36|0x0000000615c00000, 0x0000000615c00000, 0x0000000616000000|  0%| F|  |TAMS 0x0000000615c00000, 0x0000000615c00000| Untracked 
|  37|0x0000000616000000, 0x0000000616000000, 0x0000000616400000|  0%| F|  |TAMS 0x0000000616000000, 0x0000000616000000| Untracked 
|  38|0x0000000616400000, 0x0000000616400000, 0x0000000616800000|  0%| F|  |TAMS 0x0000000616400000, 0x0000000616400000| Untracked 
|  39|0x0000000616800000, 0x0000000616800000, 0x0000000616c00000|  0%| F|  |TAMS 0x0000000616800000, 0x0000000616800000| Untracked 
|  40|0x0000000616c00000, 0x0000000616c00000, 0x0000000617000000|  0%| F|  |TAMS 0x0000000616c00000, 0x0000000616c00000| Untracked 
|  41|0x0000000617000000, 0x0000000617000000, 0x0000000617400000|  0%| F|  |TAMS 0x0000000617000000, 0x0000000617000000| Untracked 
|  42|0x0000000617400000, 0x0000000617400000, 0x0000000617800000|  0%| F|  |TAMS 0x0000000617400000, 0x0000000617400000| Untracked 
|  43|0x0000000617800000, 0x0000000617800000, 0x0000000617c00000|  0%| F|  |TAMS 0x0000000617800000, 0x0000000617800000| Untracked 
|  44|0x0000000617c00000, 0x0000000617c00000, 0x0000000618000000|  0%| F|  |TAMS 0x0000000617c00000, 0x0000000617c00000| Untracked 
|  45|0x0000000618000000, 0x0000000618000000, 0x0000000618400000|  0%| F|  |TAMS 0x0000000618000000, 0x0000000618000000| Untracked 
|  46|0x0000000618400000, 0x0000000618400000, 0x0000000618800000|  0%| F|  |TAMS 0x0000000618400000, 0x0000000618400000| Untracked 
|  47|0x0000000618800000, 0x0000000618800000, 0x0000000618c00000|  0%| F|  |TAMS 0x0000000618800000, 0x0000000618800000| Untracked 
|  48|0x0000000618c00000, 0x0000000618c00000, 0x0000000619000000|  0%| F|  |TAMS 0x0000000618c00000, 0x0000000618c00000| Untracked 
|  49|0x0000000619000000, 0x0000000619000000, 0x0000000619400000|  0%| F|  |TAMS 0x0000000619000000, 0x0000000619000000| Untracked 
|  50|0x0000000619400000, 0x0000000619400000, 0x0000000619800000|  0%| F|  |TAMS 0x0000000619400000, 0x0000000619400000| Untracked 
|  51|0x0000000619800000, 0x0000000619800000, 0x0000000619c00000|  0%| F|  |TAMS 0x0000000619800000, 0x0000000619800000| Untracked 
|  52|0x0000000619c00000, 0x0000000619c00000, 0x000000061a000000|  0%| F|  |TAMS 0x0000000619c00000, 0x0000000619c00000| Untracked 
|  53|0x000000061a000000, 0x000000061a000000, 0x000000061a400000|  0%| F|  |TAMS 0x000000061a000000, 0x000000061a000000| Untracked 
|  54|0x000000061a400000, 0x000000061a400000, 0x000000061a800000|  0%| F|  |TAMS 0x000000061a400000, 0x000000061a400000| Untracked 
|  55|0x000000061a800000, 0x000000061a800000, 0x000000061ac00000|  0%| F|  |TAMS 0x000000061a800000, 0x000000061a800000| Untracked 
|  56|0x000000061ac00000, 0x000000061ac00000, 0x000000061b000000|  0%| F|  |TAMS 0x000000061ac00000, 0x000000061ac00000| Untracked 
|  57|0x000000061b000000, 0x000000061b000000, 0x000000061b400000|  0%| F|  |TAMS 0x000000061b000000, 0x000000061b000000| Untracked 
|  58|0x000000061b400000, 0x000000061b400000, 0x000000061b800000|  0%| F|  |TAMS 0x000000061b400000, 0x000000061b400000| Untracked 
|  59|0x000000061b800000, 0x000000061b800000, 0x000000061bc00000|  0%| F|  |TAMS 0x000000061b800000, 0x000000061b800000| Untracked 
|  60|0x000000061bc00000, 0x000000061bc00000, 0x000000061c000000|  0%| F|  |TAMS 0x000000061bc00000, 0x000000061bc00000| Untracked 
|  61|0x000000061c000000, 0x000000061c000000, 0x000000061c400000|  0%| F|  |TAMS 0x000000061c000000, 0x000000061c000000| Untracked 
|  62|0x000000061c400000, 0x000000061c400000, 0x000000061c800000|  0%| F|  |TAMS 0x000000061c400000, 0x000000061c400000| Untracked 
|  63|0x000000061c800000, 0x000000061c800000, 0x000000061cc00000|  0%| F|  |TAMS 0x000000061c800000, 0x000000061c800000| Untracked 
|  64|0x000000061cc00000, 0x000000061cc00000, 0x000000061d000000|  0%| F|  |TAMS 0x000000061cc00000, 0x000000061cc00000| Untracked 
|  65|0x000000061d000000, 0x000000061d000000, 0x000000061d400000|  0%| F|  |TAMS 0x000000061d000000, 0x000000061d000000| Untracked 
|  66|0x000000061d400000, 0x000000061d400000, 0x000000061d800000|  0%| F|  |TAMS 0x000000061d400000, 0x000000061d400000| Untracked 
|  67|0x000000061d800000, 0x000000061d800000, 0x000000061dc00000|  0%| F|  |TAMS 0x000000061d800000, 0x000000061d800000| Untracked 
|  68|0x000000061dc00000, 0x000000061dc00000, 0x000000061e000000|  0%| F|  |TAMS 0x000000061dc00000, 0x000000061dc00000| Untracked 
|  69|0x000000061e000000, 0x000000061e000000, 0x000000061e400000|  0%| F|  |TAMS 0x000000061e000000, 0x000000061e000000| Untracked 
|  70|0x000000061e400000, 0x000000061e400000, 0x000000061e800000|  0%| F|  |TAMS 0x000000061e400000, 0x000000061e400000| Untracked 
|  71|0x000000061e800000, 0x000000061e800000, 0x000000061ec00000|  0%| F|  |TAMS 0x000000061e800000, 0x000000061e800000| Untracked 
|  72|0x000000061ec00000, 0x000000061ec00000, 0x000000061f000000|  0%| F|  |TAMS 0x000000061ec00000, 0x000000061ec00000| Untracked 
|  73|0x000000061f000000, 0x000000061f000000, 0x000000061f400000|  0%| F|  |TAMS 0x000000061f000000, 0x000000061f000000| Untracked 
|  74|0x000000061f400000, 0x000000061f400000, 0x000000061f800000|  0%| F|  |TAMS 0x000000061f400000, 0x000000061f400000| Untracked 
|  75|0x000000061f800000, 0x000000061f800000, 0x000000061fc00000|  0%| F|  |TAMS 0x000000061f800000, 0x000000061f800000| Untracked 
|  76|0x000000061fc00000, 0x000000061fc00000, 0x0000000620000000|  0%| F|  |TAMS 0x000000061fc00000, 0x000000061fc00000| Untracked 
|  77|0x0000000620000000, 0x0000000620000000, 0x0000000620400000|  0%| F|  |TAMS 0x0000000620000000, 0x0000000620000000| Untracked 
|  78|0x0000000620400000, 0x0000000620400000, 0x0000000620800000|  0%| F|  |TAMS 0x0000000620400000, 0x0000000620400000| Untracked 
|  79|0x0000000620800000, 0x0000000620800000, 0x0000000620c00000|  0%| F|  |TAMS 0x0000000620800000, 0x0000000620800000| Untracked 
|  80|0x0000000620c00000, 0x0000000620c00000, 0x0000000621000000|  0%| F|  |TAMS 0x0000000620c00000, 0x0000000620c00000| Untracked 
|  81|0x0000000621000000, 0x0000000621000000, 0x0000000621400000|  0%| F|  |TAMS 0x0000000621000000, 0x0000000621000000| Untracked 
|  82|0x0000000621400000, 0x0000000621400000, 0x0000000621800000|  0%| F|  |TAMS 0x0000000621400000, 0x0000000621400000| Untracked 
|  83|0x0000000621800000, 0x0000000621800000, 0x0000000621c00000|  0%| F|  |TAMS 0x0000000621800000, 0x0000000621800000| Untracked 
|  84|0x0000000621c00000, 0x0000000621c00000, 0x0000000622000000|  0%| F|  |TAMS 0x0000000621c00000, 0x0000000621c00000| Untracked 
|  85|0x0000000622000000, 0x0000000622000000, 0x0000000622400000|  0%| F|  |TAMS 0x0000000622000000, 0x0000000622000000| Untracked 
|  86|0x0000000622400000, 0x0000000622400000, 0x0000000622800000|  0%| F|  |TAMS 0x0000000622400000, 0x0000000622400000| Untracked 
|  87|0x0000000622800000, 0x0000000622800000, 0x0000000622c00000|  0%| F|  |TAMS 0x0000000622800000, 0x0000000622800000| Untracked 
|  88|0x0000000622c00000, 0x0000000622c00000, 0x0000000623000000|  0%| F|  |TAMS 0x0000000622c00000, 0x0000000622c00000| Untracked 
|  89|0x0000000623000000, 0x0000000623000000, 0x0000000623400000|  0%| F|  |TAMS 0x0000000623000000, 0x0000000623000000| Untracked 
|  90|0x0000000623400000, 0x0000000623400000, 0x0000000623800000|  0%| F|  |TAMS 0x0000000623400000, 0x0000000623400000| Untracked 
|  91|0x0000000623800000, 0x0000000623800000, 0x0000000623c00000|  0%| F|  |TAMS 0x0000000623800000, 0x0000000623800000| Untracked 
|  92|0x0000000623c00000, 0x0000000623c00000, 0x0000000624000000|  0%| F|  |TAMS 0x0000000623c00000, 0x0000000623c00000| Untracked 
|  93|0x0000000624000000, 0x0000000624000000, 0x0000000624400000|  0%| F|  |TAMS 0x0000000624000000, 0x0000000624000000| Untracked 
|  94|0x0000000624400000, 0x0000000624400000, 0x0000000624800000|  0%| F|  |TAMS 0x0000000624400000, 0x0000000624400000| Untracked 
|  95|0x0000000624800000, 0x0000000624800000, 0x0000000624c00000|  0%| F|  |TAMS 0x0000000624800000, 0x0000000624800000| Untracked 
|  96|0x0000000624c00000, 0x0000000624c00000, 0x0000000625000000|  0%| F|  |TAMS 0x0000000624c00000, 0x0000000624c00000| Untracked 
|  97|0x0000000625000000, 0x0000000625000000, 0x0000000625400000|  0%| F|  |TAMS 0x0000000625000000, 0x0000000625000000| Untracked 
|  98|0x0000000625400000, 0x0000000625400000, 0x0000000625800000|  0%| F|  |TAMS 0x0000000625400000, 0x0000000625400000| Untracked 
|  99|0x0000000625800000, 0x0000000625800000, 0x0000000625c00000|  0%| F|  |TAMS 0x0000000625800000, 0x0000000625800000| Untracked 
| 100|0x0000000625c00000, 0x0000000625c00000, 0x0000000626000000|  0%| F|  |TAMS 0x0000000625c00000, 0x0000000625c00000| Untracked 
| 101|0x0000000626000000, 0x0000000626000000, 0x0000000626400000|  0%| F|  |TAMS 0x0000000626000000, 0x0000000626000000| Untracked 
| 102|0x0000000626400000, 0x0000000626400000, 0x0000000626800000|  0%| F|  |TAMS 0x0000000626400000, 0x0000000626400000| Untracked 
| 103|0x0000000626800000, 0x0000000626800000, 0x0000000626c00000|  0%| F|  |TAMS 0x0000000626800000, 0x0000000626800000| Untracked 
| 104|0x0000000626c00000, 0x0000000626c00000, 0x0000000627000000|  0%| F|  |TAMS 0x0000000626c00000, 0x0000000626c00000| Untracked 
| 105|0x0000000627000000, 0x0000000627000000, 0x0000000627400000|  0%| F|  |TAMS 0x0000000627000000, 0x0000000627000000| Untracked 
| 106|0x0000000627400000, 0x0000000627400000, 0x0000000627800000|  0%| F|  |TAMS 0x0000000627400000, 0x0000000627400000| Untracked 
| 107|0x0000000627800000, 0x0000000627800000, 0x0000000627c00000|  0%| F|  |TAMS 0x0000000627800000, 0x0000000627800000| Untracked 
| 108|0x0000000627c00000, 0x0000000627c00000, 0x0000000628000000|  0%| F|  |TAMS 0x0000000627c00000, 0x0000000627c00000| Untracked 
| 109|0x0000000628000000, 0x0000000628000000, 0x0000000628400000|  0%| F|  |TAMS 0x0000000628000000, 0x0000000628000000| Untracked 
| 110|0x0000000628400000, 0x0000000628400000, 0x0000000628800000|  0%| F|  |TAMS 0x0000000628400000, 0x0000000628400000| Untracked 
| 111|0x0000000628800000, 0x0000000628800000, 0x0000000628c00000|  0%| F|  |TAMS 0x0000000628800000, 0x0000000628800000| Untracked 
| 112|0x0000000628c00000, 0x0000000628c00000, 0x0000000629000000|  0%| F|  |TAMS 0x0000000628c00000, 0x0000000628c00000| Untracked 
| 113|0x0000000629000000, 0x0000000629000000, 0x0000000629400000|  0%| F|  |TAMS 0x0000000629000000, 0x0000000629000000| Untracked 
| 114|0x0000000629400000, 0x0000000629400000, 0x0000000629800000|  0%| F|  |TAMS 0x0000000629400000, 0x0000000629400000| Untracked 
| 115|0x0000000629800000, 0x0000000629800000, 0x0000000629c00000|  0%| F|  |TAMS 0x0000000629800000, 0x0000000629800000| Untracked 
| 116|0x0000000629c00000, 0x0000000629c00000, 0x000000062a000000|  0%| F|  |TAMS 0x0000000629c00000, 0x0000000629c00000| Untracked 
| 117|0x000000062a000000, 0x000000062a000000, 0x000000062a400000|  0%| F|  |TAMS 0x000000062a000000, 0x000000062a000000| Untracked 
| 118|0x000000062a400000, 0x000000062a400000, 0x000000062a800000|  0%| F|  |TAMS 0x000000062a400000, 0x000000062a400000| Untracked 
| 119|0x000000062a800000, 0x000000062a800000, 0x000000062ac00000|  0%| F|  |TAMS 0x000000062a800000, 0x000000062a800000| Untracked 
| 120|0x000000062ac00000, 0x000000062ac00000, 0x000000062b000000|  0%| F|  |TAMS 0x000000062ac00000, 0x000000062ac00000| Untracked 
| 121|0x000000062b000000, 0x000000062b000000, 0x000000062b400000|  0%| F|  |TAMS 0x000000062b000000, 0x000000062b000000| Untracked 
| 122|0x000000062b400000, 0x000000062b582668, 0x000000062b800000| 37%| E|  |TAMS 0x000000062b400000, 0x000000062b400000| Complete 
| 123|0x000000062b800000, 0x000000062bc00000, 0x000000062bc00000|100%| E|CS|TAMS 0x000000062b800000, 0x000000062b800000| Complete 
| 124|0x000000062bc00000, 0x000000062c000000, 0x000000062c000000|100%| E|CS|TAMS 0x000000062bc00000, 0x000000062bc00000| Complete 

Card table byte_map: [0x00007f6bdc4ba000,0x00007f6bdd454000] _byte_map_base: 0x00007f6bd9454000

Marking Bits (Prev, Next): (CMBitMap*) 0x00007f6bf0057ea0, (CMBitMap*) 0x00007f6bf0057ee0
 Prev Bits: [0x00007f6bd3850000, 0x00007f6bdb520000)
 Next Bits: [0x00007f6bcbb80000, 0x00007f6bd3850000)

Polling page: 0x00007f6bf792e000

Metaspace:

Usage:
  Non-class:      8.33 MB used.
      Class:    758.77 KB used.
       Both:      9.07 MB used.

Virtual space:
  Non-class space:       16.00 MB reserved,       8.44 MB ( 53%) committed,  2 nodes.
      Class space:        1.00 GB reserved,     832.00 KB ( <1%) committed,  1 nodes.
             Both:        1.02 GB reserved,       9.25 MB ( <1%) committed. 

Chunk freelists:
   Non-Class:  3.34 MB
       Class:  3.17 MB
        Both:  6.51 MB

MaxMetaspaceSize: unlimited
CompressedClassSpaceSize: 1.00 GB
Initial GC threshold: 21.00 MB
Current GC threshold: 21.00 MB
CDS: off
MetaspaceReclaimPolicy: balanced
 - commit_granule_bytes: 65536.
 - commit_granule_words: 8192.
 - virtual_space_node_default_size: 1048576.
 - enlarge_chunks_in_place: 1.
 - new_chunks_are_fully_committed: 0.
 - uncommit_free_chunks: 1.
 - use_allocation_guard: 0.
 - handle_deallocations: 1.


Internal statistics:

num_allocs_failed_limit: 0.
num_arena_births: 66.
num_arena_deaths: 0.
num_vsnodes_births: 3.
num_vsnodes_deaths: 0.
num_space_committed: 146.
num_space_uncommitted: 0.
num_chunks_returned_to_freelist: 0.
num_chunks_taken_from_freelist: 172.
num_chunk_merges: 0.
num_chunk_splits: 104.
num_chunks_enlarged: 73.
num_purges: 0.
num_inconsistent_stats: 0.

CodeHeap 'non-profiled nmethods': size=119168Kb used=162Kb max_used=162Kb free=119005Kb
 bounds [0x00007f6be5f8e000, 0x00007f6be61fe000, 0x00007f6bed3ee000]
CodeHeap 'profiled nmethods': size=119164Kb used=961Kb max_used=961Kb free=118202Kb
 bounds [0x00007f6bdeb2f000, 0x00007f6bded9f000, 0x00007f6be5f8e000]
CodeHeap 'non-nmethods': size=7428Kb used=2154Kb max_used=2174Kb free=5273Kb
 bounds [0x00007f6bde3ee000, 0x00007f6bde65e000, 0x00007f6bdeb2f000]
 total_blobs=1565 nmethods=614 adapters=864
 compilation: enabled
              stopped_count=0, restarted_count=0
 full_count=0

Compilation events (20 events):
Event: 0.714 Thread 0x00007f6bf0207f50 nmethod 599 0x00007f6be5fb4910 code [0x00007f6be5fb4aa0, 0x00007f6be5fb4b78]
Event: 0.714 Thread 0x00007f6bf0207f50  600       4       org.lwjgl.system.MemoryUtil::memPutAddress (29 bytes)
Event: 0.715 Thread 0x00007f6bf0207f50 nmethod 600 0x00007f6be5fb4c10 code [0x00007f6be5fb4d80, 0x00007f6be5fb4dd8]
Event: 0.715 Thread 0x00007f6bf0207f50  602       4       org.lwjgl.system.CustomBuffer::remaining (10 bytes)
Event: 0.715 Thread 0x00007f6bf0207f50 nmethod 602 0x00007f6be5fb4f10 code [0x00007f6be5fb5080, 0x00007f6be5fb50f8]
Event: 0.715 Thread 0x00007f6b98077230 nmethod 598 0x00007f6be5fb5210 code [0x00007f6be5fb53a0, 0x00007f6be5fb5498]
Event: 0.916 Thread 0x00007f6b8c06cf30  603       1       com.onyx.window.Window::getWindow (5 bytes)
Event: 0.916 Thread 0x00007f6b8c06cf30 nmethod 603 0x00007f6be5fb5610 code [0x00007f6be5fb57a0, 0x00007f6be5fb5870]
Event: 1.127 Thread 0x00007f6b8c06cf30  604       3       org.lwjgl.opengl.GL11::glClearColor (8 bytes)
Event: 1.127 Thread 0x00007f6b8c06cf30 nmethod 604 0x00007f6bdec1db90 code [0x00007f6bdec1dd40, 0x00007f6bdec1de80]
Event: 1.543 Thread 0x00007f6bf0209480  608       3       org.lwjgl.glfw.GLFW::glfwWindowShouldClose (29 bytes)
Event: 1.543 Thread 0x00007f6b8c06cf30  610       3       com.onyx.renderer.Renderer::prepare (11 bytes)
Event: 1.543 Thread 0x00007f6b8c06cf30 nmethod 610 0x00007f6bdec1df10 code [0x00007f6bdec1e100, 0x00007f6bdec1e2a0]
Event: 1.543 Thread 0x00007f6bf0209480 nmethod 608 0x00007f6bdec1e390 code [0x00007f6bdec1e560, 0x00007f6bdec1e870]
Event: 1.543 Thread 0x00007f6b8c06cf30  611       3       org.lwjgl.opengl.GL11::glClear (5 bytes)
Event: 1.543 Thread 0x00007f6bf0209480  613       3       org.lwjgl.glfw.GLFW::glfwSwapBuffers (21 bytes)
Event: 1.543 Thread 0x00007f6b8c06cf30 nmethod 611 0x00007f6bdec1ea10 code [0x00007f6bdec1ebc0, 0x00007f6bdec1ece0]
Event: 1.544 Thread 0x00007f6bf0209480 nmethod 613 0x00007f6bdec1ed90 code [0x00007f6bdec1ef60, 0x00007f6bdec1f210]
Event: 1.546 Thread 0x00007f6bf0209480  614       3       org.lwjgl.glfw.GLFW::glfwPollEvents (9 bytes)
Event: 1.546 Thread 0x00007f6bf0209480 nmethod 614 0x00007f6bdec1f390 code [0x00007f6bdec1f540, 0x00007f6bdec1f660]

GC Heap History (0 events):
No events

Dll operation events (7 events):
Event: 0.001 Loaded shared library /root/.vscode-server/extensions/redhat.java-1.14.0-linux-x64/jre/17.0.5-linux-x86_64/lib/libjava.so
Event: 0.218 Loaded shared library /root/.vscode-server/extensions/redhat.java-1.14.0-linux-x64/jre/17.0.5-linux-x86_64/lib/libnio.so
Event: 0.226 Loaded shared library /root/.vscode-server/extensions/redhat.java-1.14.0-linux-x64/jre/17.0.5-linux-x86_64/lib/libzip.so
Event: 0.283 Loaded shared library /root/.vscode-server/extensions/redhat.java-1.14.0-linux-x64/jre/17.0.5-linux-x86_64/lib/libjimage.so
Event: 0.290 Loaded shared library /root/.vscode-server/extensions/redhat.java-1.14.0-linux-x64/jre/17.0.5-linux-x86_64/lib/libnet.so
Event: 0.296 Loaded shared library /tmp/lwjglroot/3.3.1-build-7/liblwjgl.so
Event: 0.619 Loaded shared library /tmp/lwjglroot/3.3.1-build-7/liblwjgl_opengl.so

Deoptimization events (0 events):
No events

Classes unloaded (0 events):
No events

Classes redefined (0 events):
No events

Internal exceptions (16 events):
Event: 0.257 Thread 0x00007f6bf0027aa0 Exception <a 'java/lang/NoSuchMethodError'{0x000000062bf494a0}: 'java.lang.Object java.lang.invoke.DirectMethodHandle$Holder.invokeStaticInit(java.lang.Object)'> (0x000000062bf494a0) 
thrown [src/hotspot/share/interpreter/linkResolver.cpp, line 758]
Event: 0.267 Thread 0x00007f6bf0027aa0 Exception <a 'java/lang/NoSuchMethodError'{0x000000062bf97288}: 'void java.lang.invoke.DirectMethodHandle$Holder.invokeStatic(java.lang.Object, java.lang.Object)'> (0x000000062bf97288) 
thrown [src/hotspot/share/interpreter/linkResolver.cpp, line 758]
Event: 0.269 Thread 0x00007f6bf0027aa0 Exception <a 'java/lang/NoSuchMethodError'{0x000000062bf9cad0}: 'void java.lang.invoke.DirectMethodHandle$Holder.invokeSpecial(java.lang.Object, java.lang.Object, java.lang.Object)'> (0x000000062bf9cad0) 
thrown [src/hotspot/share/interpreter/linkResolver.cpp, line 758]
Event: 0.271 Thread 0x00007f6bf0027aa0 Exception <a 'java/lang/NoSuchMethodError'{0x000000062bfafe30}: 'java.lang.Object java.lang.invoke.DirectMethodHandle$Holder.invokeStatic(java.lang.Object, java.lang.Object, int)'> (0x000000062bfafe30) 
thrown [src/hotspot/share/interpreter/linkResolver.cpp, line 758]
Event: 0.272 Thread 0x00007f6bf0027aa0 Exception <a 'java/lang/NoSuchMethodError'{0x000000062bfbbba0}: 'void java.lang.invoke.DelegatingMethodHandle$Holder.delegate(java.lang.Object, java.lang.Object, int, java.lang.Object)'> (0x000000062bfbbba0) 
thrown [src/hotspot/share/interpreter/linkResolver.cpp, line 758]
Event: 0.273 Thread 0x00007f6bf0027aa0 Exception <a 'java/lang/NoSuchMethodError'{0x000000062bfbfde0}: 'int java.lang.invoke.DirectMethodHandle$Holder.invokeSpecial(java.lang.Object, java.lang.Object, java.lang.Object)'> (0x000000062bfbfde0) 
thrown [src/hotspot/share/interpreter/linkResolver.cpp, line 758]
Event: 0.296 Thread 0x00007f6bf0027aa0 Exception <a 'sun/nio/fs/UnixException'{0x000000062b859420}> (0x000000062b859420) 
thrown [src/hotspot/share/prims/jni.cpp, line 516]
Event: 0.306 Thread 0x00007f6bf0027aa0 Exception <a 'java/lang/NoSuchMethodError'{0x000000062b8bfd20}: 'int java.lang.invoke.DirectMethodHandle$Holder.invokeStaticInit(java.lang.Object, java.lang.Object, int, long)'> (0x000000062b8bfd20) 
thrown [src/hotspot/share/interpreter/linkResolver.cpp, line 758]
Event: 0.307 Thread 0x00007f6bf0027aa0 Exception <a 'java/lang/NoSuchMethodError'{0x000000062b8c55e8}: 'java.lang.Object java.lang.invoke.DirectMethodHandle$Holder.newInvokeSpecial(java.lang.Object, java.lang.Object, int)'> (0x000000062b8c55e8) 
thrown [src/hotspot/share/interpreter/linkResolver.cpp, line 758]
Event: 0.308 Thread 0x00007f6bf0027aa0 Exception <a 'java/lang/NoSuchMethodError'{0x000000062b8d40e0}: 'int java.lang.invoke.DirectMethodHandle$Holder.invokeStaticInit(java.lang.Object, java.lang.Object, long, long)'> (0x000000062b8d40e0) 
thrown [src/hotspot/share/interpreter/linkResolver.cpp, line 758]
Event: 0.309 Thread 0x00007f6bf0027aa0 Exception <a 'java/lang/NoSuchMethodError'{0x000000062b8da1f0}: 'java.lang.Object java.lang.invoke.DirectMethodHandle$Holder.newInvokeSpecial(java.lang.Object, java.lang.Object, long)'> (0x000000062b8da1f0) 
thrown [src/hotspot/share/interpreter/linkResolver.cpp, line 758]
Event: 0.309 Thread 0x00007f6bf0027aa0 Exception <a 'java/lang/NoSuchMethodError'{0x000000062b8de238}: 'java.lang.Object java.lang.invoke.Invokers$Holder.linkToTargetMethod(java.lang.Object, long, java.lang.Object)'> (0x000000062b8de238) 
thrown [src/hotspot/share/interpreter/linkResolver.cpp, line 758]
Event: 0.310 Thread 0x00007f6bf0027aa0 Exception <a 'java/lang/NoSuchMethodError'{0x000000062b8e5950}: 'int java.lang.invoke.DirectMethodHandle$Holder.invokeStaticInit(java.lang.Object, java.lang.Object, java.lang.Object, long)'> (0x000000062b8e5950) 
thrown [src/hotspot/share/interpreter/linkResolver.cpp, line 758]
Event: 0.324 Thread 0x00007f6bf0027aa0 Exception <a 'sun/nio/fs/UnixException'{0x000000062b9849e0}> (0x000000062b9849e0) 
thrown [src/hotspot/share/prims/jni.cpp, line 516]
Event: 0.619 Thread 0x00007f6bf0027aa0 Exception <a 'sun/nio/fs/UnixException'{0x000000062ba072e8}> (0x000000062ba072e8) 
thrown [src/hotspot/share/prims/jni.cpp, line 516]
Event: 0.620 Thread 0x00007f6bf0027aa0 Exception <a 'sun/nio/fs/UnixException'{0x000000062ba0d628}> (0x000000062ba0d628) 
thrown [src/hotspot/share/prims/jni.cpp, line 516]

VM Operations (8 events):
Event: 0.061 Executing VM operation: ChangeBreakpoints
Event: 0.061 Executing VM operation: ChangeBreakpoints done
Event: 0.213 Executing VM operation: HandshakeAllThreads
Event: 0.213 Executing VM operation: HandshakeAllThreads done
Event: 0.227 Executing VM operation: HandshakeAllThreads
Event: 0.227 Executing VM operation: HandshakeAllThreads done
Event: 1.227 Executing VM operation: Cleanup
Event: 1.227 Executing VM operation: Cleanup done

Events (20 events):
Event: 0.640 loading class java/lang/StringUTF16$CharsSpliterator done
Event: 0.640 loading class java/lang/CharacterData00
Event: 0.640 loading class java/lang/CharacterData00 done
Event: 0.664 loading class java/util/function/IntFunction
Event: 0.664 loading class java/util/function/IntFunction done
Event: 0.714 Thread 0x00007f6b98077230 Thread added: 0x00007f6b98077230
Event: 0.714 Protecting memory [0x00007f6b612ff000,0x00007f6b61303000] with protection modes 0
Event: 0.916 Thread 0x00007f6b98077230 Thread exited: 0x00007f6b98077230
Event: 5.979 loading class java/util/IdentityHashMap$KeyIterator
Event: 5.979 loading class java/util/IdentityHashMap$IdentityHashMapIterator
Event: 5.979 loading class java/util/IdentityHashMap$IdentityHashMapIterator done
Event: 5.979 loading class java/util/IdentityHashMap$KeyIterator done
Event: 5.979 Thread 0x00007f6bf0027aa0 Thread exited: 0x00007f6bf0027aa0
Event: 5.979 Protecting memory [0x00007f6bf613f000,0x00007f6bf6143000] with protection modes 0
Event: 5.979 Thread 0x00007f6bf0027aa0 Thread added: 0x00007f6bf0027aa0
Event: 5.979 loading class java/lang/Shutdown
Event: 5.980 loading class java/lang/Shutdown done
Event: 5.980 loading class java/lang/Shutdown$Lock
Event: 5.980 loading class java/lang/Shutdown$Lock done
Event: 5.980 Thread 0x00007f6bf0027aa0 Thread exited: 0x00007f6bf0027aa0


Dynamic libraries:
60cc00000-62c000000 rw-p 00000000 00:00 0 
62c000000-800000000 ---p 00000000 00:00 0 
800000000-800020000 rw-p 00000000 00:00 0 
800020000-800040000 rw-p 00000000 00:00 0 
800040000-8000b0000 rw-p 00000000 00:00 0 
8000b0000-8000c0000 ---p 00000000 00:00 0 
8000c0000-8000e0000 rw-p 00000000 00:00 0 
8000e0000-840000000 ---p 00000000 00:00 0 
562539c32000-562539c33000 r--p 00000000 08:20 383590                     /root/.vscode-server/extensions/redhat.java-1.14.0-linux-x64/jre/17.0.5-linux-x86_64/bin/java
562539c33000-562539c34000 r-xp 00001000 08:20 383590                     /root/.vscode-server/extensions/redhat.java-1.14.0-linux-x64/jre/17.0.5-linux-x86_64/bin/java
562539c34000-562539c35000 r--p 00002000 08:20 383590                     /root/.vscode-server/extensions/redhat.java-1.14.0-linux-x64/jre/17.0.5-linux-x86_64/bin/java
562539c35000-562539c36000 r--p 00002000 08:20 383590                     /root/.vscode-server/extensions/redhat.java-1.14.0-linux-x64/jre/17.0.5-linux-x86_64/bin/java
562539c36000-562539c37000 rw-p 00003000 08:20 383590                     /root/.vscode-server/extensions/redhat.java-1.14.0-linux-x64/jre/17.0.5-linux-x86_64/bin/java
56253a480000-56253a4c8000 rw-p 00000000 00:00 0                          [heap]
7f6b54000000-7f6b54021000 rw-p 00000000 00:00 0 
7f6b54021000-7f6b58000000 ---p 00000000 00:00 0 
7f6b58000000-7f6b58021000 rw-p 00000000 00:00 0 
7f6b58021000-7f6b5c000000 ---p 00000000 00:00 0 
7f6b5c000000-7f6b5c02a000 rw-p 00000000 00:00 0 
7f6b5c02a000-7f6b60000000 ---p 00000000 00:00 0 
7f6b612ff000-7f6b61303000 ---p 00000000 00:00 0 
7f6b61303000-7f6b614b0000 rw-p 00000000 00:00 0 
7f6b614b0000-7f6b61c00000 ---p 00000000 00:00 0 
7f6b61c34000-7f6b61c8a000 r-xp 00000000 08:20 287481                     /tmp/lwjglroot/3.3.1-build-7/liblwjgl_opengl.so
7f6b61c8a000-7f6b61e89000 ---p 00056000 08:20 287481                     /tmp/lwjglroot/3.3.1-build-7/liblwjgl_opengl.so
7f6b61e89000-7f6b61e8a000 r--p 00055000 08:20 287481                     /tmp/lwjglroot/3.3.1-build-7/liblwjgl_opengl.so
7f6b61e8a000-7f6b61e8b000 rw-p 00056000 08:20 287481                     /tmp/lwjglroot/3.3.1-build-7/liblwjgl_opengl.so
7f6b6220f000-7f6b62593000 rw-s 00000000 00:01 32784                      /SYSV00000000 (deleted)
7f6b62e93000-7f6b63ffe000 r--p 00000000 00:1d 16607023626197133          /usr/lib/wsl/drivers/nv_dispi.inf_amd64_807bbbd5b556d8f2/libnvwgf2umx.so
7f6b63ffe000-7f6b65a91000 r-xp 0116b000 00:1d 16607023626197133          /usr/lib/wsl/drivers/nv_dispi.inf_amd64_807bbbd5b556d8f2/libnvwgf2umx.so
7f6b65a91000-7f6b65b93000 r--p 02bfe000 00:1d 16607023626197133          /usr/lib/wsl/drivers/nv_dispi.inf_amd64_807bbbd5b556d8f2/libnvwgf2umx.so
7f6b65b93000-7f6b667fb000 rw-p 02d00000 00:1d 16607023626197133          /usr/lib/wsl/drivers/nv_dispi.inf_amd64_807bbbd5b556d8f2/libnvwgf2umx.so
7f6b667fb000-7f6b6684a000 rw-p 00000000 00:00 0 
7f6b6684a000-7f6b6ba6b000 r-xp 00000000 08:20 7268                       /usr/lib/x86_64-linux-gnu/libLLVM-12.so.1
7f6b6ba6b000-7f6b6bf84000 r--p 05220000 08:20 7268                       /usr/lib/x86_64-linux-gnu/libLLVM-12.so.1
7f6b6bf84000-7f6b6bf8b000 rw-p 05739000 08:20 7268                       /usr/lib/x86_64-linux-gnu/libLLVM-12.so.1
7f6b6bf8b000-7f6b6c000000 rw-p 00000000 00:00 0 
7f6b6c000000-7f6b6c021000 rw-p 00000000 00:00 0 
7f6b6c021000-7f6b70000000 ---p 00000000 00:00 0 
7f6b7007f000-7f6b70080000 rwxp 00000000 00:00 0 
7f6b707da000-7f6b707db000 ---p 00000000 00:00 0 
7f6b707db000-7f6b70fdb000 rw-p 00000000 00:00 0 
7f6b70fdb000-7f6b70fdc000 ---p 00000000 00:00 0 
7f6b70fdc000-7f6b717dc000 rw-p 00000000 00:00 0 
7f6b717dc000-7f6b717dd000 ---p 00000000 00:00 0 
7f6b717dd000-7f6b71fdd000 rw-p 00000000 00:00 0 
7f6b71fdd000-7f6b71fde000 ---p 00000000 00:00 0 
7f6b71fde000-7f6b727de000 rw-p 00000000 00:00 0 
7f6b72e56000-7f6b72e57000 ---p 00000000 00:00 0 
7f6b72e57000-7f6b73657000 rw-p 00000000 00:00 0 
7f6b73e65000-7f6b73ea9000 r--p 00000000 00:1f 13792273859049748          /usr/lib/wsl/lib/libd3d12.so
7f6b73ea9000-7f6b73f22000 r-xp 00043000 00:1f 13792273859049748          /usr/lib/wsl/lib/libd3d12.so
7f6b73f22000-7f6b73f2a000 r--p 000bb000 00:1f 13792273859049748          /usr/lib/wsl/lib/libd3d12.so
7f6b73f2a000-7f6b73f2c000 rw-p 000c2000 00:1f 13792273859049748          /usr/lib/wsl/lib/libd3d12.so
7f6b73f2c000-7f6b73f2f000 rw-p 00000000 00:00 0 
7f6b73f2f000-7f6b73f72000 r--p 00000000 00:1f 20266198323394879          /usr/lib/wsl/lib/libdxcore.so
7f6b73f72000-7f6b73ff3000 r-xp 00042000 00:1f 20266198323394879          /usr/lib/wsl/lib/libdxcore.so
7f6b73ff3000-7f6b73ffb000 r--p 000c2000 00:1f 20266198323394879          /usr/lib/wsl/lib/libdxcore.so
7f6b73ffb000-7f6b73ffd000 rw-p 000c9000 00:1f 20266198323394879          /usr/lib/wsl/lib/libdxcore.so
7f6b73ffd000-7f6b74000000 rw-p 00000000 00:00 0 
7f6b74000000-7f6b74021000 rw-p 00000000 00:00 0 
7f6b74021000-7f6b78000000 ---p 00000000 00:00 0 
7f6b78000000-7f6b78021000 rw-p 00000000 00:00 0 
7f6b78021000-7f6b7c000000 ---p 00000000 00:00 0 
7f6b7c000000-7f6b7c021000 rw-p 00000000 00:00 0 
7f6b7c021000-7f6b80000000 ---p 00000000 00:00 0 
7f6b80000000-7f6b80021000 rw-p 00000000 00:00 0 
7f6b80021000-7f6b84000000 ---p 00000000 00:00 0 
7f6b84000000-7f6b840bf000 rw-p 00000000 00:00 0 
7f6b840bf000-7f6b88000000 ---p 00000000 00:00 0 
7f6b88000000-7f6b88021000 rw-p 00000000 00:00 0 
7f6b88021000-7f6b8c000000 ---p 00000000 00:00 0 
7f6b8c000000-7f6b8c14e000 rw-p 00000000 00:00 0 
7f6b8c14e000-7f6b90000000 ---p 00000000 00:00 0 
7f6b90000000-7f6b90021000 rw-p 00000000 00:00 0 
7f6b90021000-7f6b94000000 ---p 00000000 00:00 0 
7f6b94000000-7f6b94021000 rw-p 00000000 00:00 0 
7f6b94021000-7f6b98000000 ---p 00000000 00:00 0 
7f6b98000000-7f6b980bb000 rw-p 00000000 00:00 0 
7f6b980bb000-7f6b9c000000 ---p 00000000 00:00 0 
7f6b9c000000-7f6b9c021000 rw-p 00000000 00:00 0 
7f6b9c021000-7f6ba0000000 ---p 00000000 00:00 0 
7f6ba0000000-7f6ba0021000 rw-p 00000000 00:00 0 
7f6ba0021000-7f6ba4000000 ---p 00000000 00:00 0 
7f6ba4000000-7f6ba4021000 rw-p 00000000 00:00 0 
7f6ba4021000-7f6ba8000000 ---p 00000000 00:00 0 
7f6ba8000000-7f6ba8021000 rw-p 00000000 00:00 0 
7f6ba8021000-7f6bac000000 ---p 00000000 00:00 0 
7f6bac000000-7f6bac021000 rw-p 00000000 00:00 0 
7f6bac021000-7f6bb0000000 ---p 00000000 00:00 0 
7f6bb0023000-7f6bb0031000 r--p 00000000 08:20 11539                      /usr/lib/x86_64-linux-gnu/libtinfo.so.6.2
7f6bb0031000-7f6bb0040000 r-xp 0000e000 08:20 11539                      /usr/lib/x86_64-linux-gnu/libtinfo.so.6.2
7f6bb0040000-7f6bb004e000 r--p 0001d000 08:20 11539                      /usr/lib/x86_64-linux-gnu/libtinfo.so.6.2
7f6bb004e000-7f6bb0052000 r--p 0002a000 08:20 11539                      /usr/lib/x86_64-linux-gnu/libtinfo.so.6.2
7f6bb0052000-7f6bb0053000 rw-p 0002e000 08:20 11539                      /usr/lib/x86_64-linux-gnu/libtinfo.so.6.2
7f6bb0053000-7f6bb005b000 r--p 00000000 08:20 11177                      /usr/lib/x86_64-linux-gnu/libedit.so.2.0.63
7f6bb005b000-7f6bb0076000 r-xp 00008000 08:20 11177                      /usr/lib/x86_64-linux-gnu/libedit.so.2.0.63
7f6bb0076000-7f6bb0084000 r--p 00023000 08:20 11177                      /usr/lib/x86_64-linux-gnu/libedit.so.2.0.63
7f6bb0084000-7f6bb0086000 r--p 00030000 08:20 11177                      /usr/lib/x86_64-linux-gnu/libedit.so.2.0.63
7f6bb0086000-7f6bb0087000 rw-p 00032000 08:20 11177                      /usr/lib/x86_64-linux-gnu/libedit.so.2.0.63
7f6bb0087000-7f6bb008b000 rw-p 00000000 00:00 0 
7f6bb008b000-7f6bb008d000 r--p 00000000 08:20 11201                      /usr/lib/x86_64-linux-gnu/libffi.so.7.1.0
7f6bb008d000-7f6bb0093000 r-xp 00002000 08:20 11201                      /usr/lib/x86_64-linux-gnu/libffi.so.7.1.0
7f6bb0093000-7f6bb0094000 r--p 00008000 08:20 11201                      /usr/lib/x86_64-linux-gnu/libffi.so.7.1.0
7f6bb0094000-7f6bb0095000 ---p 00009000 08:20 11201                      /usr/lib/x86_64-linux-gnu/libffi.so.7.1.0
7f6bb0095000-7f6bb0096000 r--p 00009000 08:20 11201                      /usr/lib/x86_64-linux-gnu/libffi.so.7.1.0
7f6bb0096000-7f6bb0097000 rw-p 0000a000 08:20 11201                      /usr/lib/x86_64-linux-gnu/libffi.so.7.1.0
7f6bb0097000-7f6bb009a000 r--p 00000000 08:20 15714                      /usr/lib/x86_64-linux-gnu/libgcc_s.so.1
7f6bb009a000-7f6bb00ac000 r-xp 00003000 08:20 15714                      /usr/lib/x86_64-linux-gnu/libgcc_s.so.1
7f6bb00ac000-7f6bb00b0000 r--p 00015000 08:20 15714                      /usr/lib/x86_64-linux-gnu/libgcc_s.so.1
7f6bb00b0000-7f6bb00b1000 r--p 00018000 08:20 15714                      /usr/lib/x86_64-linux-gnu/libgcc_s.so.1
7f6bb00b1000-7f6bb00b2000 rw-p 00019000 08:20 15714                      /usr/lib/x86_64-linux-gnu/libgcc_s.so.1
7f6bb00b2000-7f6bb0148000 r--p 00000000 08:20 16268                      /usr/lib/x86_64-linux-gnu/libstdc++.so.6.0.28
7f6bb0148000-7f6bb0239000 r-xp 00096000 08:20 16268                      /usr/lib/x86_64-linux-gnu/libstdc++.so.6.0.28
7f6bb0239000-7f6bb0282000 r--p 00187000 08:20 16268                      /usr/lib/x86_64-linux-gnu/libstdc++.so.6.0.28
7f6bb0282000-7f6bb0283000 ---p 001d0000 08:20 16268                      /usr/lib/x86_64-linux-gnu/libstdc++.so.6.0.28
7f6bb0283000-7f6bb028e000 r--p 001d0000 08:20 16268                      /usr/lib/x86_64-linux-gnu/libstdc++.so.6.0.28
7f6bb028e000-7f6bb0291000 rw-p 001db000 08:20 16268                      /usr/lib/x86_64-linux-gnu/libstdc++.so.6.0.28
7f6bb0291000-7f6bb0294000 rw-p 00000000 00:00 0 
7f6bb0294000-7f6bb02a3000 r--p 00000000 08:20 11603                      /usr/lib/x86_64-linux-gnu/libvulkan.so.1.2.131
7f6bb02a3000-7f6bb02d5000 r-xp 0000f000 08:20 11603                      /usr/lib/x86_64-linux-gnu/libvulkan.so.1.2.131
7f6bb02d5000-7f6bb02e8000 r--p 00041000 08:20 11603                      /usr/lib/x86_64-linux-gnu/libvulkan.so.1.2.131
7f6bb02e8000-7f6bb02e9000 r--p 00053000 08:20 11603                      /usr/lib/x86_64-linux-gnu/libvulkan.so.1.2.131
7f6bb02e9000-7f6bb02ea000 rw-p 00054000 08:20 11603                      /usr/lib/x86_64-linux-gnu/libvulkan.so.1.2.131
7f6bb02ea000-7f6bb02ec000 r--p 00000000 08:20 6884                       /usr/lib/x86_64-linux-gnu/libdrm_nouveau.so.2.0.0
7f6bb02ec000-7f6bb02f1000 r-xp 00002000 08:20 6884                       /usr/lib/x86_64-linux-gnu/libdrm_nouveau.so.2.0.0
7f6bb02f1000-7f6bb02f3000 r--p 00007000 08:20 6884                       /usr/lib/x86_64-linux-gnu/libdrm_nouveau.so.2.0.0
7f6bb02f3000-7f6bb02f4000 r--p 00008000 08:20 6884                       /usr/lib/x86_64-linux-gnu/libdrm_nouveau.so.2.0.0
7f6bb02f4000-7f6bb02f5000 rw-p 00009000 08:20 6884                       /usr/lib/x86_64-linux-gnu/libdrm_nouveau.so.2.0.0
7f6bb02f5000-7f6bb02f8000 r--p 00000000 08:20 6837                       /usr/lib/x86_64-linux-gnu/libdrm_amdgpu.so.1.0.0
7f6bb02f8000-7f6bb02fd000 r-xp 00003000 08:20 6837                       /usr/lib/x86_64-linux-gnu/libdrm_amdgpu.so.1.0.0
7f6bb02fd000-7f6bb02ff000 r--p 00008000 08:20 6837                       /usr/lib/x86_64-linux-gnu/libdrm_amdgpu.so.1.0.0
7f6bb02ff000-7f6bb0300000 r--p 00009000 08:20 6837                       /usr/lib/x86_64-linux-gnu/libdrm_amdgpu.so.1.0.0
7f6bb0300000-7f6bb0301000 rw-p 0000a000 08:20 6837                       /usr/lib/x86_64-linux-gnu/libdrm_amdgpu.so.1.0.0
7f6bb0301000-7f6bb0304000 r--p 00000000 08:20 11182                      /usr/lib/x86_64-linux-gnu/libelf-0.176.so
7f6bb0304000-7f6bb0316000 r-xp 00003000 08:20 11182                      /usr/lib/x86_64-linux-gnu/libelf-0.176.so
7f6bb0316000-7f6bb031b000 r--p 00015000 08:20 11182                      /usr/lib/x86_64-linux-gnu/libelf-0.176.so
7f6bb031b000-7f6bb031c000 r--p 00019000 08:20 11182                      /usr/lib/x86_64-linux-gnu/libelf-0.176.so
7f6bb031c000-7f6bb031d000 rw-p 0001a000 08:20 11182                      /usr/lib/x86_64-linux-gnu/libelf-0.176.so
7f6bb031d000-7f6bb031f000 r--p 00000000 08:20 6917                       /usr/lib/x86_64-linux-gnu/libdrm_radeon.so.1.0.1
7f6bb031f000-7f6bb0326000 r-xp 00002000 08:20 6917                       /usr/lib/x86_64-linux-gnu/libdrm_radeon.so.1.0.1
7f6bb0326000-7f6bb032a000 r--p 00009000 08:20 6917                       /usr/lib/x86_64-linux-gnu/libdrm_radeon.so.1.0.1
7f6bb032a000-7f6bb032b000 r--p 0000c000 08:20 6917                       /usr/lib/x86_64-linux-gnu/libdrm_radeon.so.1.0.1
7f6bb032b000-7f6bb032c000 rw-p 0000d000 08:20 6917                       /usr/lib/x86_64-linux-gnu/libdrm_radeon.so.1.0.1
7f6bb032c000-7f6bb032f000 r--p 00000000 08:20 7300                       /usr/lib/x86_64-linux-gnu/libsensors.so.5.0.0
7f6bb032f000-7f6bb0336000 r-xp 00003000 08:20 7300                       /usr/lib/x86_64-linux-gnu/libsensors.so.5.0.0
7f6bb0336000-7f6bb033b000 r--p 0000a000 08:20 7300                       /usr/lib/x86_64-linux-gnu/libsensors.so.5.0.0
7f6bb033b000-7f6bb033c000 r--p 0000e000 08:20 7300                       /usr/lib/x86_64-linux-gnu/libsensors.so.5.0.0
7f6bb033c000-7f6bb033d000 rw-p 0000f000 08:20 7300                       /usr/lib/x86_64-linux-gnu/libsensors.so.5.0.0
7f6bb033d000-7f6bb0341000 r--p 00000000 08:20 10564                      /usr/lib/x86_64-linux-gnu/libzstd.so.1.4.4
7f6bb0341000-7f6bb03d3000 r-xp 00004000 08:20 10564                      /usr/lib/x86_64-linux-gnu/libzstd.so.1.4.4
7f6bb03d3000-7f6bb03e4000 r--p 00096000 08:20 10564                      /usr/lib/x86_64-linux-gnu/libzstd.so.1.4.4
7f6bb03e4000-7f6bb03e5000 r--p 000a6000 08:20 10564                      /usr/lib/x86_64-linux-gnu/libzstd.so.1.4.4
7f6bb03e5000-7f6bb03e6000 rw-p 000a7000 08:20 10564                      /usr/lib/x86_64-linux-gnu/libzstd.so.1.4.4
7f6bb03e6000-7f6bb057c000 r--p 00000000 08:20 7165                       /usr/lib/x86_64-linux-gnu/dri/swrast_dri.so
7f6bb057c000-7f6bb1627000 r-xp 00196000 08:20 7165                       /usr/lib/x86_64-linux-gnu/dri/swrast_dri.so
7f6bb1627000-7f6bb1aed000 r--p 01241000 08:20 7165                       /usr/lib/x86_64-linux-gnu/dri/swrast_dri.so
7f6bb1aed000-7f6bb1c1b000 r--p 01706000 08:20 7165                       /usr/lib/x86_64-linux-gnu/dri/swrast_dri.so
7f6bb1c1b000-7f6bb1d53000 rw-p 01834000 08:20 7165                       /usr/lib/x86_64-linux-gnu/dri/swrast_dri.so
7f6bb1d53000-7f6bb1f71000 rw-p 00000000 00:00 0 
7f6bb1f71000-7f6bb1f74000 r--p 00000000 08:20 7075                       /usr/lib/x86_64-linux-gnu/libxcb-xfixes.so.0.0.0
7f6bb1f74000-7f6bb1f77000 r-xp 00003000 08:20 7075                       /usr/lib/x86_64-linux-gnu/libxcb-xfixes.so.0.0.0
7f6bb1f77000-7f6bb1f78000 r--p 00006000 08:20 7075                       /usr/lib/x86_64-linux-gnu/libxcb-xfixes.so.0.0.0
7f6bb1f78000-7f6bb1f79000 ---p 00007000 08:20 7075                       /usr/lib/x86_64-linux-gnu/libxcb-xfixes.so.0.0.0
7f6bb1f79000-7f6bb1f7a000 r--p 00007000 08:20 7075                       /usr/lib/x86_64-linux-gnu/libxcb-xfixes.so.0.0.0
7f6bb1f7a000-7f6bb1f7b000 rw-p 00008000 08:20 7075                       /usr/lib/x86_64-linux-gnu/libxcb-xfixes.so.0.0.0
7f6bb1f7b000-7f6bb1f7c000 r-xp 00000000 08:20 11639                      /usr/lib/x86_64-linux-gnu/libxshmfence.so.1.0.0
7f6bb1f7c000-7f6bb217b000 ---p 00001000 08:20 11639                      /usr/lib/x86_64-linux-gnu/libxshmfence.so.1.0.0
7f6bb217b000-7f6bb217c000 r--p 00000000 08:20 11639                      /usr/lib/x86_64-linux-gnu/libxshmfence.so.1.0.0
7f6bb217c000-7f6bb217d000 rw-p 00001000 08:20 11639                      /usr/lib/x86_64-linux-gnu/libxshmfence.so.1.0.0
7f6bb217d000-7f6bb2180000 r--p 00000000 08:20 11625                      /usr/lib/x86_64-linux-gnu/libxcb-sync.so.1.0.0
7f6bb2180000-7f6bb2183000 r-xp 00003000 08:20 11625                      /usr/lib/x86_64-linux-gnu/libxcb-sync.so.1.0.0
7f6bb2183000-7f6bb2184000 r--p 00006000 08:20 11625                      /usr/lib/x86_64-linux-gnu/libxcb-sync.so.1.0.0
7f6bb2184000-7f6bb2185000 ---p 00007000 08:20 11625                      /usr/lib/x86_64-linux-gnu/libxcb-sync.so.1.0.0
7f6bb2185000-7f6bb2186000 r--p 00007000 08:20 11625                      /usr/lib/x86_64-linux-gnu/libxcb-sync.so.1.0.0
7f6bb2186000-7f6bb2187000 rw-p 00008000 08:20 11625                      /usr/lib/x86_64-linux-gnu/libxcb-sync.so.1.0.0
7f6bb2187000-7f6bb218b000 r--p 00000000 08:20 18253                      /usr/lib/x86_64-linux-gnu/libexpat.so.1.6.11
7f6bb218b000-7f6bb21a7000 r-xp 00004000 08:20 18253                      /usr/lib/x86_64-linux-gnu/libexpat.so.1.6.11
7f6bb21a7000-7f6bb21b1000 r--p 00020000 08:20 18253                      /usr/lib/x86_64-linux-gnu/libexpat.so.1.6.11
7f6bb21b1000-7f6bb21b2000 ---p 0002a000 08:20 18253                      /usr/lib/x86_64-linux-gnu/libexpat.so.1.6.11
7f6bb21b2000-7f6bb21b4000 r--p 0002a000 08:20 18253                      /usr/lib/x86_64-linux-gnu/libexpat.so.1.6.11
7f6bb21b4000-7f6bb21b5000 rw-p 0002c000 08:20 18253                      /usr/lib/x86_64-linux-gnu/libexpat.so.1.6.11
7f6bb21b5000-7f6bb21c0000 r--p 00000000 08:20 11617                      /usr/lib/x86_64-linux-gnu/libxcb-glx.so.0.0.0
7f6bb21c0000-7f6bb21c9000 r-xp 0000b000 08:20 11617                      /usr/lib/x86_64-linux-gnu/libxcb-glx.so.0.0.0
7f6bb21c9000-7f6bb21ce000 r--p 00014000 08:20 11617                      /usr/lib/x86_64-linux-gnu/libxcb-glx.so.0.0.0
7f6bb21ce000-7f6bb21cf000 ---p 00019000 08:20 11617                      /usr/lib/x86_64-linux-gnu/libxcb-glx.so.0.0.0
7f6bb21cf000-7f6bb21d1000 r--p 00019000 08:20 11617                      /usr/lib/x86_64-linux-gnu/libxcb-glx.so.0.0.0
7f6bb21d1000-7f6bb21d2000 rw-p 0001b000 08:20 11617                      /usr/lib/x86_64-linux-gnu/libxcb-glx.so.0.0.0
7f6bb21d2000-7f6bb21df000 r--p 00000000 08:20 7199                       /usr/lib/x86_64-linux-gnu/libglapi.so.0.0.0
7f6bb21df000-7f6bb21ed000 r-xp 0000d000 08:20 7199                       /usr/lib/x86_64-linux-gnu/libglapi.so.0.0.0
7f6bb21ed000-7f6bb2206000 r--p 0001b000 08:20 7199                       /usr/lib/x86_64-linux-gnu/libglapi.so.0.0.0
7f6bb2206000-7f6bb2207000 ---p 00034000 08:20 7199                       /usr/lib/x86_64-linux-gnu/libglapi.so.0.0.0
7f6bb2207000-7f6bb220b000 r--p 00034000 08:20 7199                       /usr/lib/x86_64-linux-gnu/libglapi.so.0.0.0
7f6bb220b000-7f6bb220c000 rw-p 00038000 08:20 7199                       /usr/lib/x86_64-linux-gnu/libglapi.so.0.0.0
7f6bb220c000-7f6bb220d000 rw-p 00000000 00:00 0 
7f6bb220d000-7f6bb2226000 r--p 00000000 08:20 7111                       /usr/lib/x86_64-linux-gnu/libGLX_mesa.so.0.0.0
7f6bb2226000-7f6bb226a000 r-xp 00019000 08:20 7111                       /usr/lib/x86_64-linux-gnu/libGLX_mesa.so.0.0.0
7f6bb226a000-7f6bb2281000 r--p 0005d000 08:20 7111                       /usr/lib/x86_64-linux-gnu/libGLX_mesa.so.0.0.0
7f6bb2281000-7f6bb2284000 r--p 00073000 08:20 7111                       /usr/lib/x86_64-linux-gnu/libGLX_mesa.so.0.0.0
7f6bb2284000-7f6bb2285000 rw-p 00076000 08:20 7111                       /usr/lib/x86_64-linux-gnu/libGLX_mesa.so.0.0.0
7f6bb2285000-7f6bb2286000 rw-p 00000000 00:00 0 
7f6bb2286000-7f6bb22c6000 r--p 00000000 08:20 3793                       /usr/lib/x86_64-linux-gnu/libGLdispatch.so.0.0.0
7f6bb22c6000-7f6bb2305000 r-xp 00040000 08:20 3793                       /usr/lib/x86_64-linux-gnu/libGLdispatch.so.0.0.0
7f6bb2305000-7f6bb2319000 r--p 0007f000 08:20 3793                       /usr/lib/x86_64-linux-gnu/libGLdispatch.so.0.0.0
7f6bb2319000-7f6bb2335000 r--p 00092000 08:20 3793                       /usr/lib/x86_64-linux-gnu/libGLdispatch.so.0.0.0
7f6bb2335000-7f6bb2336000 rw-p 000ae000 08:20 3793                       /usr/lib/x86_64-linux-gnu/libGLdispatch.so.0.0.0
7f6bb2336000-7f6bb233e000 rw-p 00000000 00:00 0 
7f6bb233e000-7f6bb2381000 r--p 00000000 08:20 3647                       /usr/lib/x86_64-linux-gnu/libGL.so.1.7.0
7f6bb2381000-7f6bb23a1000 r-xp 00043000 08:20 3647                       /usr/lib/x86_64-linux-gnu/libGL.so.1.7.0
7f6bb23a1000-7f6bb23b6000 r--p 00063000 08:20 3647                       /usr/lib/x86_64-linux-gnu/libGL.so.1.7.0
7f6bb23b6000-7f6bb23c4000 r--p 00077000 08:20 3647                       /usr/lib/x86_64-linux-gnu/libGL.so.1.7.0
7f6bb23c4000-7f6bb23c5000 rw-p 00085000 08:20 3647                       /usr/lib/x86_64-linux-gnu/libGL.so.1.7.0
7f6bb23c5000-7f6bb23c6000 rw-p 00000000 00:00 0 
7f6bb23c6000-7f6bb23cf000 r-xp 00000000 08:20 11057                      /usr/lib/x86_64-linux-gnu/libXrender.so.1.3.0
7f6bb23cf000-7f6bb25ce000 ---p 00009000 08:20 11057                      /usr/lib/x86_64-linux-gnu/libXrender.so.1.3.0
7f6bb25ce000-7f6bb25cf000 r--p 00008000 08:20 11057                      /usr/lib/x86_64-linux-gnu/libXrender.so.1.3.0
7f6bb25cf000-7f6bb25d0000 rw-p 00009000 08:20 11057                      /usr/lib/x86_64-linux-gnu/libXrender.so.1.3.0
7f6bb25d0000-7f6bb25e8000 r--p 00000000 08:20 13542                      /usr/lib/x86_64-linux-gnu/libX11.so.6.3.0
7f6bb25e8000-7f6bb2673000 r-xp 00018000 08:20 13542                      /usr/lib/x86_64-linux-gnu/libX11.so.6.3.0
7f6bb2673000-7f6bb2707000 r--p 000a3000 08:20 13542                      /usr/lib/x86_64-linux-gnu/libX11.so.6.3.0
7f6bb2707000-7f6bb2708000 ---p 00137000 08:20 13542                      /usr/lib/x86_64-linux-gnu/libX11.so.6.3.0
7f6bb2708000-7f6bb2709000 r--p 00137000 08:20 13542                      /usr/lib/x86_64-linux-gnu/libX11.so.6.3.0
7f6bb2709000-7f6bb270d000 rw-p 00138000 08:20 13542                      /usr/lib/x86_64-linux-gnu/libX11.so.6.3.0
7f6bb270d000-7f6bb2764000 r-xp 00000000 08:20 287479                     /tmp/lwjglroot/3.3.1-build-7/libglfw.so
7f6bb2764000-7f6bb2963000 ---p 00057000 08:20 287479                     /tmp/lwjglroot/3.3.1-build-7/libglfw.so
7f6bb2963000-7f6bb2966000 r--p 00056000 08:20 287479                     /tmp/lwjglroot/3.3.1-build-7/libglfw.so
7f6bb2966000-7f6bb2968000 rw-p 00059000 08:20 287479                     /tmp/lwjglroot/3.3.1-build-7/libglfw.so
7f6bb2968000-7f6bb298b000 rw-p 00000000 00:00 0 
7f6bb298b000-7f6bb29f6000 r-xp 00000000 08:20 287478                     /tmp/lwjglroot/3.3.1-build-7/liblwjgl.so
7f6bb29f6000-7f6bb2bf5000 ---p 0006b000 08:20 287478                     /tmp/lwjglroot/3.3.1-build-7/liblwjgl.so
7f6bb2bf5000-7f6bb2bf6000 r--p 0006a000 08:20 287478                     /tmp/lwjglroot/3.3.1-build-7/liblwjgl.so
7f6bb2bf6000-7f6bb2bf7000 rw-p 0006b000 08:20 287478                     /tmp/lwjglroot/3.3.1-build-7/liblwjgl.so
7f6bb2bf7000-7f6bb2bfb000 ---p 00000000 00:00 0 
7f6bb2bfb000-7f6bb2cf8000 rw-p 00000000 00:00 0 
7f6bb2cf8000-7f6bb2cf9000 ---p 00000000 00:00 0 
7f6bb2cf9000-7f6bb2dfa000 rw-p 00000000 00:00 0 
7f6bb2dfa000-7f6bb2dfe000 ---p 00000000 00:00 0 
7f6bb2dfe000-7f6bb2efb000 rw-p 00000000 00:00 0 
7f6bb2efb000-7f6bb2eff000 ---p 00000000 00:00 0 
7f6bb2eff000-7f6bb2ffc000 rw-p 00000000 00:00 0 
7f6bb2ffc000-7f6bb3000000 ---p 00000000 00:00 0 
7f6bb3000000-7f6bb30fd000 rw-p 00000000 00:00 0 
7f6bb30fd000-7f6bb3101000 ---p 00000000 00:00 0 
7f6bb3101000-7f6bb31fe000 rw-p 00000000 00:00 0 
7f6bb31fe000-7f6bb3202000 ---p 00000000 00:00 0 
7f6bb3202000-7f6bb32ff000 rw-p 00000000 00:00 0 
7f6bb32ff000-7f6bb3303000 ---p 00000000 00:00 0 
7f6bb3303000-7f6bb3800000 rw-p 00000000 00:00 0 
7f6bb3800000-7f6bb3880000 rw-p 00000000 00:00 0 
7f6bb3880000-7f6bb3900000 rw-p 00000000 00:00 0 
7f6bb3900000-7f6bb3aa0000 rw-p 00000000 00:00 0 
7f6bb3aa0000-7f6bb3ae0000 rw-p 00000000 00:00 0 
7f6bb3ae0000-7f6bb3bc0000 rw-p 00000000 00:00 0 
7f6bb3bc0000-7f6bb3c00000 ---p 00000000 00:00 0 
7f6bb3c05000-7f6bb3c06000 r--p 00000000 08:20 11619                      /usr/lib/x86_64-linux-gnu/libxcb-present.so.0.0.0
7f6bb3c06000-7f6bb3c07000 r-xp 00001000 08:20 11619                      /usr/lib/x86_64-linux-gnu/libxcb-present.so.0.0.0
7f6bb3c07000-7f6bb3c08000 r--p 00002000 08:20 11619                      /usr/lib/x86_64-linux-gnu/libxcb-present.so.0.0.0
7f6bb3c08000-7f6bb3c09000 r--p 00002000 08:20 11619                      /usr/lib/x86_64-linux-gnu/libxcb-present.so.0.0.0
7f6bb3c09000-7f6bb3c0a000 rw-p 00003000 08:20 11619                      /usr/lib/x86_64-linux-gnu/libxcb-present.so.0.0.0
7f6bb3c0a000-7f6bb3c0c000 r--p 00000000 08:20 11615                      /usr/lib/x86_64-linux-gnu/libxcb-dri3.so.0.0.0
7f6bb3c0c000-7f6bb3c0d000 r-xp 00002000 08:20 11615                      /usr/lib/x86_64-linux-gnu/libxcb-dri3.so.0.0.0
7f6bb3c0d000-7f6bb3c0e000 r--p 00003000 08:20 11615                      /usr/lib/x86_64-linux-gnu/libxcb-dri3.so.0.0.0
7f6bb3c0e000-7f6bb3c0f000 r--p 00003000 08:20 11615                      /usr/lib/x86_64-linux-gnu/libxcb-dri3.so.0.0.0
7f6bb3c0f000-7f6bb3c10000 rw-p 00004000 08:20 11615                      /usr/lib/x86_64-linux-gnu/libxcb-dri3.so.0.0.0
7f6bb3c10000-7f6bb3c11000 r--p 00000000 08:20 7050                       /usr/lib/x86_64-linux-gnu/libxcb-shm.so.0.0.0
7f6bb3c11000-7f6bb3c12000 r-xp 00001000 08:20 7050                       /usr/lib/x86_64-linux-gnu/libxcb-shm.so.0.0.0
7f6bb3c12000-7f6bb3c13000 r--p 00002000 08:20 7050                       /usr/lib/x86_64-linux-gnu/libxcb-shm.so.0.0.0
7f6bb3c13000-7f6bb3c14000 r--p 00002000 08:20 7050                       /usr/lib/x86_64-linux-gnu/libxcb-shm.so.0.0.0
7f6bb3c14000-7f6bb3c15000 rw-p 00003000 08:20 7050                       /usr/lib/x86_64-linux-gnu/libxcb-shm.so.0.0.0
7f6bb3c15000-7f6bb3c17000 r--p 00000000 08:20 11613                      /usr/lib/x86_64-linux-gnu/libxcb-dri2.so.0.0.0
7f6bb3c17000-7f6bb3c19000 r-xp 00002000 08:20 11613                      /usr/lib/x86_64-linux-gnu/libxcb-dri2.so.0.0.0
7f6bb3c19000-7f6bb3c1a000 r--p 00004000 08:20 11613                      /usr/lib/x86_64-linux-gnu/libxcb-dri2.so.0.0.0
7f6bb3c1a000-7f6bb3c1b000 r--p 00004000 08:20 11613                      /usr/lib/x86_64-linux-gnu/libxcb-dri2.so.0.0.0
7f6bb3c1b000-7f6bb3c1c000 rw-p 00005000 08:20 11613                      /usr/lib/x86_64-linux-gnu/libxcb-dri2.so.0.0.0
7f6bb3c1c000-7f6bb3c21000 r--p 00000000 08:20 19124                      /usr/lib/x86_64-linux-gnu/libdrm.so.2.4.0
7f6bb3c21000-7f6bb3c2c000 r-xp 00005000 08:20 19124                      /usr/lib/x86_64-linux-gnu/libdrm.so.2.4.0
7f6bb3c2c000-7f6bb3c30000 r--p 00010000 08:20 19124                      /usr/lib/x86_64-linux-gnu/libdrm.so.2.4.0
7f6bb3c30000-7f6bb3c31000 r--p 00013000 08:20 19124                      /usr/lib/x86_64-linux-gnu/libdrm.so.2.4.0
7f6bb3c31000-7f6bb3c32000 rw-p 00014000 08:20 19124                      /usr/lib/x86_64-linux-gnu/libdrm.so.2.4.0
7f6bb3c32000-7f6bb3c35000 r--p 00000000 08:20 3717                       /usr/lib/x86_64-linux-gnu/libGLX.so.0.0.0
7f6bb3c35000-7f6bb3c50000 r-xp 00003000 08:20 3717                       /usr/lib/x86_64-linux-gnu/libGLX.so.0.0.0
7f6bb3c50000-7f6bb3c54000 r--p 0001e000 08:20 3717                       /usr/lib/x86_64-linux-gnu/libGLX.so.0.0.0
7f6bb3c54000-7f6bb3c55000 r--p 00021000 08:20 3717                       /usr/lib/x86_64-linux-gnu/libGLX.so.0.0.0
7f6bb3c55000-7f6bb3c56000 rw-p 00022000 08:20 3717                       /usr/lib/x86_64-linux-gnu/libGLX.so.0.0.0
7f6bb3c56000-7f6bb3c66000 rw-p 00000000 00:00 0 
7f6bb3c66000-7f6bb3c67000 r--p 00000000 08:20 7021                       /usr/lib/x86_64-linux-gnu/libX11-xcb.so.1.0.0
7f6bb3c67000-7f6bb3c68000 r-xp 00001000 08:20 7021                       /usr/lib/x86_64-linux-gnu/libX11-xcb.so.1.0.0
7f6bb3c68000-7f6bb3c69000 r--p 00002000 08:20 7021                       /usr/lib/x86_64-linux-gnu/libX11-xcb.so.1.0.0
7f6bb3c69000-7f6bb3c6a000 r--p 00002000 08:20 7021                       /usr/lib/x86_64-linux-gnu/libX11-xcb.so.1.0.0
7f6bb3c6a000-7f6bb3c6b000 rw-p 00003000 08:20 7021                       /usr/lib/x86_64-linux-gnu/libX11-xcb.so.1.0.0
7f6bb3c6b000-7f6bb3c6c000 r--p 00000000 08:20 11047                      /usr/lib/x86_64-linux-gnu/libXinerama.so.1.0.0
7f6bb3c6c000-7f6bb3c6d000 r-xp 00001000 08:20 11047                      /usr/lib/x86_64-linux-gnu/libXinerama.so.1.0.0
7f6bb3c6d000-7f6bb3c6e000 r--p 00002000 08:20 11047                      /usr/lib/x86_64-linux-gnu/libXinerama.so.1.0.0
7f6bb3c6e000-7f6bb3c6f000 r--p 00002000 08:20 11047                      /usr/lib/x86_64-linux-gnu/libXinerama.so.1.0.0
7f6bb3c6f000-7f6bb3c70000 rw-p 00003000 08:20 11047                      /usr/lib/x86_64-linux-gnu/libXinerama.so.1.0.0
7f6bb3c70000-7f6bb3c72000 r--p 00000000 08:20 11041                      /usr/lib/x86_64-linux-gnu/libXfixes.so.3.1.0
7f6bb3c72000-7f6bb3c75000 r-xp 00002000 08:20 11041                      /usr/lib/x86_64-linux-gnu/libXfixes.so.3.1.0
7f6bb3c75000-7f6bb3c76000 r--p 00005000 08:20 11041                      /usr/lib/x86_64-linux-gnu/libXfixes.so.3.1.0
7f6bb3c76000-7f6bb3c77000 r--p 00005000 08:20 11041                      /usr/lib/x86_64-linux-gnu/libXfixes.so.3.1.0
7f6bb3c77000-7f6bb3c78000 rw-p 00006000 08:20 11041                      /usr/lib/x86_64-linux-gnu/libXfixes.so.3.1.0
7f6bb3c78000-7f6bb3c7b000 r--p 00000000 08:20 377593                     /usr/lib/x86_64-linux-gnu/libXcursor.so.1.0.2
7f6bb3c7b000-7f6bb3c81000 r-xp 00003000 08:20 377593                     /usr/lib/x86_64-linux-gnu/libXcursor.so.1.0.2
7f6bb3c81000-7f6bb3c83000 r--p 00009000 08:20 377593                     /usr/lib/x86_64-linux-gnu/libXcursor.so.1.0.2
7f6bb3c83000-7f6bb3c84000 r--p 0000a000 08:20 377593                     /usr/lib/x86_64-linux-gnu/libXcursor.so.1.0.2
7f6bb3c84000-7f6bb3c85000 rw-p 0000b000 08:20 377593                     /usr/lib/x86_64-linux-gnu/libXcursor.so.1.0.2
7f6bb3c85000-7f6bb3c87000 r--p 00000000 08:20 11055                      /usr/lib/x86_64-linux-gnu/libXrandr.so.2.2.0
7f6bb3c87000-7f6bb3c8e000 r-xp 00002000 08:20 11055                      /usr/lib/x86_64-linux-gnu/libXrandr.so.2.2.0
7f6bb3c8e000-7f6bb3c90000 r--p 00009000 08:20 11055                      /usr/lib/x86_64-linux-gnu/libXrandr.so.2.2.0
7f6bb3c90000-7f6bb3c91000 r--p 0000a000 08:20 11055                      /usr/lib/x86_64-linux-gnu/libXrandr.so.2.2.0
7f6bb3c91000-7f6bb3c92000 rw-p 0000b000 08:20 11055                      /usr/lib/x86_64-linux-gnu/libXrandr.so.2.2.0
7f6bb3c92000-7f6bb3c94000 r--p 00000000 08:20 11045                      /usr/lib/x86_64-linux-gnu/libXi.so.6.1.0
7f6bb3c94000-7f6bb3c9f000 r-xp 00002000 08:20 11045                      /usr/lib/x86_64-linux-gnu/libXi.so.6.1.0
7f6bb3c9f000-7f6bb3ca2000 r--p 0000d000 08:20 11045                      /usr/lib/x86_64-linux-gnu/libXi.so.6.1.0
7f6bb3ca2000-7f6bb3ca3000 r--p 0000f000 08:20 11045                      /usr/lib/x86_64-linux-gnu/libXi.so.6.1.0
7f6bb3ca3000-7f6bb3ca4000 rw-p 00010000 08:20 11045                      /usr/lib/x86_64-linux-gnu/libXi.so.6.1.0
7f6bb3ca4000-7f6bb3ca8000 r--p 00000000 08:20 11039                      /usr/lib/x86_64-linux-gnu/libXext.so.6.4.0
7f6bb3ca8000-7f6bb3cb3000 r-xp 00004000 08:20 11039                      /usr/lib/x86_64-linux-gnu/libXext.so.6.4.0
7f6bb3cb3000-7f6bb3cb7000 r--p 0000f000 08:20 11039                      /usr/lib/x86_64-linux-gnu/libXext.so.6.4.0
7f6bb3cb7000-7f6bb3cb8000 r--p 00012000 08:20 11039                      /usr/lib/x86_64-linux-gnu/libXext.so.6.4.0
7f6bb3cb8000-7f6bb3cb9000 rw-p 00013000 08:20 11039                      /usr/lib/x86_64-linux-gnu/libXext.so.6.4.0
7f6bb3cb9000-7f6bb3cbd000 r--p 00000000 08:20 11112                      /usr/lib/x86_64-linux-gnu/libbsd.so.0.10.0
7f6bb3cbd000-7f6bb3ccc000 r-xp 00004000 08:20 11112                      /usr/lib/x86_64-linux-gnu/libbsd.so.0.10.0
7f6bb3ccc000-7f6bb3ccf000 r--p 00013000 08:20 11112                      /usr/lib/x86_64-linux-gnu/libbsd.so.0.10.0
7f6bb3ccf000-7f6bb3cd0000 ---p 00016000 08:20 11112                      /usr/lib/x86_64-linux-gnu/libbsd.so.0.10.0
7f6bb3cd0000-7f6bb3cd1000 r--p 00016000 08:20 11112                      /usr/lib/x86_64-linux-gnu/libbsd.so.0.10.0
7f6bb3cd1000-7f6bb3cd2000 rw-p 00017000 08:20 11112                      /usr/lib/x86_64-linux-gnu/libbsd.so.0.10.0
7f6bb3cd2000-7f6bb3cd3000 rw-p 00000000 00:00 0 
7f6bb3cd3000-7f6bb3cde000 r--p 00000000 08:20 11627                      /usr/lib/x86_64-linux-gnu/libxcb.so.1.1.0
7f6bb3cde000-7f6bb3cf2000 r-xp 0000b000 08:20 11627                      /usr/lib/x86_64-linux-gnu/libxcb.so.1.1.0
7f6bb3cf2000-7f6bb3cfb000 r--p 0001f000 08:20 11627                      /usr/lib/x86_64-linux-gnu/libxcb.so.1.1.0
7f6bb3cfb000-7f6bb3cfc000 r--p 00027000 08:20 11627                      /usr/lib/x86_64-linux-gnu/libxcb.so.1.1.0
7f6bb3cfc000-7f6bb3cfd000 rw-p 00028000 08:20 11627                      /usr/lib/x86_64-linux-gnu/libxcb.so.1.1.0
7f6bb3cfd000-7f6bb3d01000 ---p 00000000 00:00 0 
7f6bb3d01000-7f6bb3dfe000 rw-p 00000000 00:00 0 
7f6bb3dfe000-7f6bb3e02000 ---p 00000000 00:00 0 
7f6bb3e02000-7f6bb3eff000 rw-p 00000000 00:00 0 
7f6bb3eff000-7f6bb3f03000 ---p 00000000 00:00 0 
7f6bb3f03000-7f6bb4000000 rw-p 00000000 00:00 0 
7f6bb4000000-7f6bb4021000 rw-p 00000000 00:00 0 
7f6bb4021000-7f6bb8000000 ---p 00000000 00:00 0 
7f6bb8000000-7f6bb8021000 rw-p 00000000 00:00 0 
7f6bb8021000-7f6bbc000000 ---p 00000000 00:00 0 
7f6bbc000000-7f6bbc021000 rw-p 00000000 00:00 0 
7f6bbc021000-7f6bc0000000 ---p 00000000 00:00 0 
7f6bc0000000-7f6bc0021000 rw-p 00000000 00:00 0 
7f6bc0021000-7f6bc4000000 ---p 00000000 00:00 0 
7f6bc4000000-7f6bc4021000 rw-p 00000000 00:00 0 
7f6bc4021000-7f6bc8000000 ---p 00000000 00:00 0 
7f6bc8000000-7f6bc8001000 r--p 00000000 08:20 11067                      /usr/lib/x86_64-linux-gnu/libXxf86vm.so.1.0.0
7f6bc8001000-7f6bc8004000 r-xp 00001000 08:20 11067                      /usr/lib/x86_64-linux-gnu/libXxf86vm.so.1.0.0
7f6bc8004000-7f6bc8005000 r--p 00004000 08:20 11067                      /usr/lib/x86_64-linux-gnu/libXxf86vm.so.1.0.0
7f6bc8005000-7f6bc8006000 r--p 00004000 08:20 11067                      /usr/lib/x86_64-linux-gnu/libXxf86vm.so.1.0.0
7f6bc8006000-7f6bc8007000 rw-p 00005000 08:20 11067                      /usr/lib/x86_64-linux-gnu/libXxf86vm.so.1.0.0
7f6bc8007000-7f6bc8009000 r--p 00000000 08:20 11037                      /usr/lib/x86_64-linux-gnu/libXdmcp.so.6.0.0
7f6bc8009000-7f6bc800b000 r-xp 00002000 08:20 11037                      /usr/lib/x86_64-linux-gnu/libXdmcp.so.6.0.0
7f6bc800b000-7f6bc800d000 r--p 00004000 08:20 11037                      /usr/lib/x86_64-linux-gnu/libXdmcp.so.6.0.0
7f6bc800d000-7f6bc800e000 r--p 00005000 08:20 11037                      /usr/lib/x86_64-linux-gnu/libXdmcp.so.6.0.0
7f6bc800e000-7f6bc800f000 rw-p 00006000 08:20 11037                      /usr/lib/x86_64-linux-gnu/libXdmcp.so.6.0.0
7f6bc800f000-7f6bc8010000 r--p 00000000 08:20 11028                      /usr/lib/x86_64-linux-gnu/libXau.so.6.0.0
7f6bc8010000-7f6bc8012000 r-xp 00001000 08:20 11028                      /usr/lib/x86_64-linux-gnu/libXau.so.6.0.0
7f6bc8012000-7f6bc8013000 r--p 00003000 08:20 11028                      /usr/lib/x86_64-linux-gnu/libXau.so.6.0.0
7f6bc8013000-7f6bc8014000 r--p 00003000 08:20 11028                      /usr/lib/x86_64-linux-gnu/libXau.so.6.0.0
7f6bc8014000-7f6bc8015000 rw-p 00004000 08:20 11028                      /usr/lib/x86_64-linux-gnu/libXau.so.6.0.0
7f6bc8021000-7f6bc8022000 rw-p 00000000 00:00 0 
7f6bc8022000-7f6bc8023000 r-xp 00053000 08:20 287478                     /tmp/lwjglroot/3.3.1-build-7/liblwjgl.so
7f6bc8023000-7f6bc8055000 rw-p 00000000 00:00 0 
7f6bc8055000-7f6bc8059000 r--p 00000000 08:20 383988                     /root/.vscode-server/extensions/redhat.java-1.14.0-linux-x64/jre/17.0.5-linux-x86_64/lib/libnet.so
7f6bc8059000-7f6bc8067000 r-xp 00004000 08:20 383988                     /root/.vscode-server/extensions/redhat.java-1.14.0-linux-x64/jre/17.0.5-linux-x86_64/lib/libnet.so
7f6bc8067000-7f6bc806b000 r--p 00012000 08:20 383988                     /root/.vscode-server/extensions/redhat.java-1.14.0-linux-x64/jre/17.0.5-linux-x86_64/lib/libnet.so
7f6bc806b000-7f6bc806c000 r--p 00015000 08:20 383988                     /root/.vscode-server/extensions/redhat.java-1.14.0-linux-x64/jre/17.0.5-linux-x86_64/lib/libnet.so
7f6bc806c000-7f6bc806d000 rw-p 00016000 08:20 383988                     /root/.vscode-server/extensions/redhat.java-1.14.0-linux-x64/jre/17.0.5-linux-x86_64/lib/libnet.so
7f6bc806d000-7f6bc8074000 r--p 00000000 08:20 383989                     /root/.vscode-server/extensions/redhat.java-1.14.0-linux-x64/jre/17.0.5-linux-x86_64/lib/libnio.so
7f6bc8074000-7f6bc807d000 r-xp 00007000 08:20 383989                     /root/.vscode-server/extensions/redhat.java-1.14.0-linux-x64/jre/17.0.5-linux-x86_64/lib/libnio.so
7f6bc807d000-7f6bc8081000 r--p 00010000 08:20 383989                     /root/.vscode-server/extensions/redhat.java-1.14.0-linux-x64/jre/17.0.5-linux-x86_64/lib/libnio.so
7f6bc8081000-7f6bc8082000 ---p 00014000 08:20 383989                     /root/.vscode-server/extensions/redhat.java-1.14.0-linux-x64/jre/17.0.5-linux-x86_64/lib/libnio.so
7f6bc8082000-7f6bc8083000 r--p 00014000 08:20 383989                     /root/.vscode-server/extensions/redhat.java-1.14.0-linux-x64/jre/17.0.5-linux-x86_64/lib/libnio.so
7f6bc8083000-7f6bc8084000 rw-p 00015000 08:20 383989                     /root/.vscode-server/extensions/redhat.java-1.14.0-linux-x64/jre/17.0.5-linux-x86_64/lib/libnio.so
7f6bc8084000-7f6bc8086000 r--p 00000000 08:20 383967                     /root/.vscode-server/extensions/redhat.java-1.14.0-linux-x64/jre/17.0.5-linux-x86_64/lib/libdt_socket.so
7f6bc8086000-7f6bc8089000 r-xp 00002000 08:20 383967                     /root/.vscode-server/extensions/redhat.java-1.14.0-linux-x64/jre/17.0.5-linux-x86_64/lib/libdt_socket.so
7f6bc8089000-7f6bc808a000 r--p 00005000 08:20 383967                     /root/.vscode-server/extensions/redhat.java-1.14.0-linux-x64/jre/17.0.5-linux-x86_64/lib/libdt_socket.so
7f6bc808a000-7f6bc808b000 ---p 00006000 08:20 383967                     /root/.vscode-server/extensions/redhat.java-1.14.0-linux-x64/jre/17.0.5-linux-x86_64/lib/libdt_socket.so
7f6bc808b000-7f6bc808c000 r--p 00006000 08:20 383967                     /root/.vscode-server/extensions/redhat.java-1.14.0-linux-x64/jre/17.0.5-linux-x86_64/lib/libdt_socket.so
7f6bc808c000-7f6bc808d000 rw-p 00007000 08:20 383967                     /root/.vscode-server/extensions/redhat.java-1.14.0-linux-x64/jre/17.0.5-linux-x86_64/lib/libdt_socket.so
7f6bc808d000-7f6bc8091000 ---p 00000000 00:00 0 
7f6bc8091000-7f6bc818e000 rw-p 00000000 00:00 0 
7f6bc818e000-7f6bc8192000 ---p 00000000 00:00 0 
7f6bc8192000-7f6bc828f000 rw-p 00000000 00:00 0 
7f6bc828f000-7f6bc8402000 r--p 00000000 08:20 20355                      /usr/lib/locale/C.UTF-8/LC_COLLATE
7f6bc8402000-7f6bc86e8000 r--p 00000000 08:20 4069                       /usr/lib/locale/locale-archive
7f6bc86e8000-7f6bc86ec000 ---p 00000000 00:00 0 
7f6bc86ec000-7f6bc87e9000 rw-p 00000000 00:00 0 
7f6bc87e9000-7f6bc87ed000 ---p 00000000 00:00 0 
7f6bc87ed000-7f6bc88ea000 rw-p 00000000 00:00 0 
7f6bc88ea000-7f6bc88eb000 ---p 00000000 00:00 0 
7f6bc88eb000-7f6bc8a6d000 rw-p 00000000 00:00 0 
7f6bc8a6d000-7f6bc8a6e000 ---p 00000000 00:00 0 
7f6bc8a6e000-7f6bc8b6f000 rw-p 00000000 00:00 0 
7f6bc8b6f000-7f6bc8b70000 ---p 00000000 00:00 0 
7f6bc8b70000-7f6bcc350000 rw-p 00000000 00:00 0 
7f6bcc350000-7f6bd3850000 ---p 00000000 00:00 0 
7f6bd3850000-7f6bd4020000 rw-p 00000000 00:00 0 
7f6bd4020000-7f6bdb520000 ---p 00000000 00:00 0 
7f6bdb520000-7f6bdb61a000 rw-p 00000000 00:00 0 
7f6bdb61a000-7f6bdc4ba000 ---p 00000000 00:00 0 
7f6bdc4ba000-7f6bdc5b4000 rw-p 00000000 00:00 0 
7f6bdc5b4000-7f6bdd454000 ---p 00000000 00:00 0 
7f6bdd454000-7f6bdd54e000 rw-p 00000000 00:00 0 
7f6bdd54e000-7f6bde3ee000 ---p 00000000 00:00 0 
7f6bde3ee000-7f6bde65e000 rwxp 00000000 00:00 0 
7f6bde65e000-7f6bdeb2f000 ---p 00000000 00:00 0 
7f6bdeb2f000-7f6bded9f000 rwxp 00000000 00:00 0 
7f6bded9f000-7f6be5f8e000 ---p 00000000 00:00 0 
7f6be5f8e000-7f6be61fe000 rwxp 00000000 00:00 0 
7f6be61fe000-7f6bed3ee000 ---p 00000000 00:00 0 
7f6bed3ee000-7f6bf0000000 r--s 00000000 08:20 383997                     /root/.vscode-server/extensions/redhat.java-1.14.0-linux-x64/jre/17.0.5-linux-x86_64/lib/modules
7f6bf0000000-7f6bf0bfd000 rw-p 00000000 00:00 0 
7f6bf0bfd000-7f6bf4000000 ---p 00000000 00:00 0 
7f6bf4000000-7f6bf4032000 r--p 00000000 08:20 20356                      /usr/lib/locale/C.UTF-8/LC_CTYPE
7f6bf4032000-7f6bf4033000 r--p 00000000 08:20 20362                      /usr/lib/locale/C.UTF-8/LC_NUMERIC
7f6bf4033000-7f6bf4034000 r--p 00000000 08:20 20365                      /usr/lib/locale/C.UTF-8/LC_TIME
7f6bf4034000-7f6bf4035000 r--p 00000000 08:20 20360                      /usr/lib/locale/C.UTF-8/LC_MONETARY
7f6bf4035000-7f6bf4036000 r--p 00000000 08:20 20359                      /usr/lib/locale/C.UTF-8/LC_MESSAGES/SYS_LC_MESSAGES
7f6bf4036000-7f6bf4037000 r--p 00000000 08:20 20363                      /usr/lib/locale/C.UTF-8/LC_PAPER
7f6bf4037000-7f6bf4038000 r--p 00000000 08:20 20361                      /usr/lib/locale/C.UTF-8/LC_NAME
7f6bf4038000-7f6bf403f000 r--s 00000000 08:20 40715                      /usr/lib/x86_64-linux-gnu/gconv/gconv-modules.cache
7f6bf403f000-7f6bf45e0000 rw-p 00000000 00:00 0 
7f6bf45e0000-7f6bf45e1000 ---p 00000000 00:00 0 
7f6bf45e1000-7f6bf46e2000 rw-p 00000000 00:00 0 
7f6bf46e2000-7f6bf46e3000 ---p 00000000 00:00 0 
7f6bf46e3000-7f6bf47e4000 rw-p 00000000 00:00 0 
7f6bf47e4000-7f6bf47e5000 ---p 00000000 00:00 0 
7f6bf47e5000-7f6bf5eb9000 rw-p 00000000 00:00 0 
7f6bf5eb9000-7f6bf5f9d000 ---p 00000000 00:00 0 
7f6bf5f9d000-7f6bf5fa2000 rw-p 00000000 00:00 0 
7f6bf5fa2000-7f6bf6086000 ---p 00000000 00:00 0 
7f6bf6086000-7f6bf608b000 rw-p 00000000 00:00 0 
7f6bf608b000-7f6bf6095000 ---p 00000000 00:00 0 
7f6bf6095000-7f6bf6098000 r--p 00000000 08:20 37895                      /usr/lib/x86_64-linux-gnu/libnss_files-2.31.so
7f6bf6098000-7f6bf609f000 r-xp 00003000 08:20 37895                      /usr/lib/x86_64-linux-gnu/libnss_files-2.31.so
7f6bf609f000-7f6bf60a1000 r--p 0000a000 08:20 37895                      /usr/lib/x86_64-linux-gnu/libnss_files-2.31.so
7f6bf60a1000-7f6bf60a2000 r--p 0000b000 08:20 37895                      /usr/lib/x86_64-linux-gnu/libnss_files-2.31.so
7f6bf60a2000-7f6bf60a3000 rw-p 0000c000 08:20 37895                      /usr/lib/x86_64-linux-gnu/libnss_files-2.31.so
7f6bf60a3000-7f6bf60a9000 rw-p 00000000 00:00 0 
7f6bf60a9000-7f6bf60aa000 r--p 00000000 08:20 20354                      /usr/lib/locale/C.UTF-8/LC_ADDRESS
7f6bf60aa000-7f6bf60ab000 r--p 00000000 08:20 20364                      /usr/lib/locale/C.UTF-8/LC_TELEPHONE
7f6bf60ab000-7f6bf60ad000 r--p 00000000 08:20 383996                     /root/.vscode-server/extensions/redhat.java-1.14.0-linux-x64/jre/17.0.5-linux-x86_64/lib/libzip.so
7f6bf60ad000-7f6bf60b1000 r-xp 00002000 08:20 383996                     /root/.vscode-server/extensions/redhat.java-1.14.0-linux-x64/jre/17.0.5-linux-x86_64/lib/libzip.so
7f6bf60b1000-7f6bf60b3000 r--p 00006000 08:20 383996                     /root/.vscode-server/extensions/redhat.java-1.14.0-linux-x64/jre/17.0.5-linux-x86_64/lib/libzip.so
7f6bf60b3000-7f6bf60b4000 r--p 00007000 08:20 383996                     /root/.vscode-server/extensions/redhat.java-1.14.0-linux-x64/jre/17.0.5-linux-x86_64/lib/libzip.so
7f6bf60b4000-7f6bf60b5000 rw-p 00008000 08:20 383996                     /root/.vscode-server/extensions/redhat.java-1.14.0-linux-x64/jre/17.0.5-linux-x86_64/lib/libzip.so
7f6bf60b5000-7f6bf60c2000 r--p 00000000 08:20 383975                     /root/.vscode-server/extensions/redhat.java-1.14.0-linux-x64/jre/17.0.5-linux-x86_64/lib/libjava.so
7f6bf60c2000-7f6bf60d4000 r-xp 0000d000 08:20 383975                     /root/.vscode-server/extensions/redhat.java-1.14.0-linux-x64/jre/17.0.5-linux-x86_64/lib/libjava.so
7f6bf60d4000-7f6bf60da000 r--p 0001f000 08:20 383975                     /root/.vscode-server/extensions/redhat.java-1.14.0-linux-x64/jre/17.0.5-linux-x86_64/lib/libjava.so
7f6bf60da000-7f6bf60db000 ---p 00025000 08:20 383975                     /root/.vscode-server/extensions/redhat.java-1.14.0-linux-x64/jre/17.0.5-linux-x86_64/lib/libjava.so
7f6bf60db000-7f6bf60dc000 r--p 00025000 08:20 383975                     /root/.vscode-server/extensions/redhat.java-1.14.0-linux-x64/jre/17.0.5-linux-x86_64/lib/libjava.so
7f6bf60dc000-7f6bf60dd000 rw-p 00026000 08:20 383975                     /root/.vscode-server/extensions/redhat.java-1.14.0-linux-x64/jre/17.0.5-linux-x86_64/lib/libjava.so
7f6bf60dd000-7f6bf60de000 rw-p 00000000 00:00 0 
7f6bf60de000-7f6bf60e1000 r--p 00000000 08:20 383978                     /root/.vscode-server/extensions/redhat.java-1.14.0-linux-x64/jre/17.0.5-linux-x86_64/lib/libjdwp.so
7f6bf60e1000-7f6bf610e000 r-xp 00003000 08:20 383978                     /root/.vscode-server/extensions/redhat.java-1.14.0-linux-x64/jre/17.0.5-linux-x86_64/lib/libjdwp.so
7f6bf610e000-7f6bf611c000 r--p 00030000 08:20 383978                     /root/.vscode-server/extensions/redhat.java-1.14.0-linux-x64/jre/17.0.5-linux-x86_64/lib/libjdwp.so
7f6bf611c000-7f6bf611d000 r--p 0003d000 08:20 383978                     /root/.vscode-server/extensions/redhat.java-1.14.0-linux-x64/jre/17.0.5-linux-x86_64/lib/libjdwp.so
7f6bf611d000-7f6bf611e000 rw-p 0003e000 08:20 383978                     /root/.vscode-server/extensions/redhat.java-1.14.0-linux-x64/jre/17.0.5-linux-x86_64/lib/libjdwp.so
7f6bf611e000-7f6bf611f000 rw-p 00000000 00:00 0 
7f6bf611f000-7f6bf6123000 r--p 00000000 08:20 383979                     /root/.vscode-server/extensions/redhat.java-1.14.0-linux-x64/jre/17.0.5-linux-x86_64/lib/libjimage.so
7f6bf6123000-7f6bf6136000 r-xp 00004000 08:20 383979                     /root/.vscode-server/extensions/redhat.java-1.14.0-linux-x64/jre/17.0.5-linux-x86_64/lib/libjimage.so
7f6bf6136000-7f6bf613c000 r--p 00017000 08:20 383979                     /root/.vscode-server/extensions/redhat.java-1.14.0-linux-x64/jre/17.0.5-linux-x86_64/lib/libjimage.so
7f6bf613c000-7f6bf613e000 r--p 0001c000 08:20 383979                     /root/.vscode-server/extensions/redhat.java-1.14.0-linux-x64/jre/17.0.5-linux-x86_64/lib/libjimage.so
7f6bf613e000-7f6bf613f000 rw-p 0001e000 08:20 383979                     /root/.vscode-server/extensions/redhat.java-1.14.0-linux-x64/jre/17.0.5-linux-x86_64/lib/libjimage.so
7f6bf613f000-7f6bf6143000 ---p 00000000 00:00 0 
7f6bf6143000-7f6bf6240000 rw-p 00000000 00:00 0 
7f6bf6240000-7f6bf624d000 r--p 00000000 08:20 37094                      /usr/lib/x86_64-linux-gnu/libm-2.31.so
7f6bf624d000-7f6bf62f4000 r-xp 0000d000 08:20 37094                      /usr/lib/x86_64-linux-gnu/libm-2.31.so
7f6bf62f4000-7f6bf638d000 r--p 000b4000 08:20 37094                      /usr/lib/x86_64-linux-gnu/libm-2.31.so
7f6bf638d000-7f6bf638e000 r--p 0014c000 08:20 37094                      /usr/lib/x86_64-linux-gnu/libm-2.31.so
7f6bf638e000-7f6bf638f000 rw-p 0014d000 08:20 37094                      /usr/lib/x86_64-linux-gnu/libm-2.31.so
7f6bf638f000-7f6bf6391000 r--p 00000000 08:20 38548                      /usr/lib/x86_64-linux-gnu/librt-2.31.so
7f6bf6391000-7f6bf6395000 r-xp 00002000 08:20 38548                      /usr/lib/x86_64-linux-gnu/librt-2.31.so
7f6bf6395000-7f6bf6397000 r--p 00006000 08:20 38548                      /usr/lib/x86_64-linux-gnu/librt-2.31.so
7f6bf6397000-7f6bf6398000 r--p 00007000 08:20 38548                      /usr/lib/x86_64-linux-gnu/librt-2.31.so
7f6bf6398000-7f6bf6399000 rw-p 00008000 08:20 38548                      /usr/lib/x86_64-linux-gnu/librt-2.31.so
7f6bf6399000-7f6bf65eb000 r--p 00000000 08:20 384007                     /root/.vscode-server/extensions/redhat.java-1.14.0-linux-x64/jre/17.0.5-linux-x86_64/lib/server/libjvm.so
7f6bf65eb000-7f6bf7304000 r-xp 00252000 08:20 384007                     /root/.vscode-server/extensions/redhat.java-1.14.0-linux-x64/jre/17.0.5-linux-x86_64/lib/server/libjvm.so
7f6bf7304000-7f6bf758f000 r--p 00f6b000 08:20 384007                     /root/.vscode-server/extensions/redhat.java-1.14.0-linux-x64/jre/17.0.5-linux-x86_64/lib/server/libjvm.so
7f6bf758f000-7f6bf7590000 ---p 011f6000 08:20 384007                     /root/.vscode-server/extensions/redhat.java-1.14.0-linux-x64/jre/17.0.5-linux-x86_64/lib/server/libjvm.so
7f6bf7590000-7f6bf7649000 r--p 011f6000 08:20 384007                     /root/.vscode-server/extensions/redhat.java-1.14.0-linux-x64/jre/17.0.5-linux-x86_64/lib/server/libjvm.so
7f6bf7649000-7f6bf767e000 rw-p 012af000 08:20 384007                     /root/.vscode-server/extensions/redhat.java-1.14.0-linux-x64/jre/17.0.5-linux-x86_64/lib/server/libjvm.so
7f6bf767e000-7f6bf76da000 rw-p 00000000 00:00 0 
7f6bf76da000-7f6bf76fc000 r--p 00000000 08:20 37092                      /usr/lib/x86_64-linux-gnu/libc-2.31.so
7f6bf76fc000-7f6bf7874000 r-xp 00022000 08:20 37092                      /usr/lib/x86_64-linux-gnu/libc-2.31.so
7f6bf7874000-7f6bf78c2000 r--p 0019a000 08:20 37092                      /usr/lib/x86_64-linux-gnu/libc-2.31.so
7f6bf78c2000-7f6bf78c6000 r--p 001e7000 08:20 37092                      /usr/lib/x86_64-linux-gnu/libc-2.31.so
7f6bf78c6000-7f6bf78c8000 rw-p 001eb000 08:20 37092                      /usr/lib/x86_64-linux-gnu/libc-2.31.so
7f6bf78c8000-7f6bf78cc000 rw-p 00000000 00:00 0 
7f6bf78cc000-7f6bf78cd000 r--p 00000000 08:20 37093                      /usr/lib/x86_64-linux-gnu/libdl-2.31.so
7f6bf78cd000-7f6bf78cf000 r-xp 00001000 08:20 37093                      /usr/lib/x86_64-linux-gnu/libdl-2.31.so
7f6bf78cf000-7f6bf78d0000 r--p 00003000 08:20 37093                      /usr/lib/x86_64-linux-gnu/libdl-2.31.so
7f6bf78d0000-7f6bf78d1000 r--p 00003000 08:20 37093                      /usr/lib/x86_64-linux-gnu/libdl-2.31.so
7f6bf78d1000-7f6bf78d2000 rw-p 00004000 08:20 37093                      /usr/lib/x86_64-linux-gnu/libdl-2.31.so
7f6bf78d2000-7f6bf78d8000 r--p 00000000 08:20 38546                      /usr/lib/x86_64-linux-gnu/libpthread-2.31.so
7f6bf78d8000-7f6bf78e9000 r-xp 00006000 08:20 38546                      /usr/lib/x86_64-linux-gnu/libpthread-2.31.so
7f6bf78e9000-7f6bf78ef000 r--p 00017000 08:20 38546                      /usr/lib/x86_64-linux-gnu/libpthread-2.31.so
7f6bf78ef000-7f6bf78f0000 r--p 0001c000 08:20 38546                      /usr/lib/x86_64-linux-gnu/libpthread-2.31.so
7f6bf78f0000-7f6bf78f1000 rw-p 0001d000 08:20 38546                      /usr/lib/x86_64-linux-gnu/libpthread-2.31.so
7f6bf78f1000-7f6bf78f5000 rw-p 00000000 00:00 0 
7f6bf78f5000-7f6bf78f8000 r--p 00000000 08:20 383980                     /root/.vscode-server/extensions/redhat.java-1.14.0-linux-x64/jre/17.0.5-linux-x86_64/lib/libjli.so
7f6bf78f8000-7f6bf7902000 r-xp 00003000 08:20 383980                     /root/.vscode-server/extensions/redhat.java-1.14.0-linux-x64/jre/17.0.5-linux-x86_64/lib/libjli.so
7f6bf7902000-7f6bf7905000 r--p 0000d000 08:20 383980                     /root/.vscode-server/extensions/redhat.java-1.14.0-linux-x64/jre/17.0.5-linux-x86_64/lib/libjli.so
7f6bf7905000-7f6bf7906000 ---p 00010000 08:20 383980                     /root/.vscode-server/extensions/redhat.java-1.14.0-linux-x64/jre/17.0.5-linux-x86_64/lib/libjli.so
7f6bf7906000-7f6bf7907000 r--p 00010000 08:20 383980                     /root/.vscode-server/extensions/redhat.java-1.14.0-linux-x64/jre/17.0.5-linux-x86_64/lib/libjli.so
7f6bf7907000-7f6bf7908000 rw-p 00011000 08:20 383980                     /root/.vscode-server/extensions/redhat.java-1.14.0-linux-x64/jre/17.0.5-linux-x86_64/lib/libjli.so
7f6bf7908000-7f6bf790a000 r--p 00000000 08:20 24278                      /usr/lib/x86_64-linux-gnu/libz.so.1.2.11
7f6bf790a000-7f6bf791b000 r-xp 00002000 08:20 24278                      /usr/lib/x86_64-linux-gnu/libz.so.1.2.11
7f6bf791b000-7f6bf7921000 r--p 00013000 08:20 24278                      /usr/lib/x86_64-linux-gnu/libz.so.1.2.11
7f6bf7921000-7f6bf7922000 ---p 00019000 08:20 24278                      /usr/lib/x86_64-linux-gnu/libz.so.1.2.11
7f6bf7922000-7f6bf7923000 r--p 00019000 08:20 24278                      /usr/lib/x86_64-linux-gnu/libz.so.1.2.11
7f6bf7923000-7f6bf7924000 rw-p 0001a000 08:20 24278                      /usr/lib/x86_64-linux-gnu/libz.so.1.2.11
7f6bf7924000-7f6bf7925000 r--p 00000000 08:20 20358                      /usr/lib/locale/C.UTF-8/LC_MEASUREMENT
7f6bf7925000-7f6bf7926000 r--p 00000000 08:20 20357                      /usr/lib/locale/C.UTF-8/LC_IDENTIFICATION
7f6bf7926000-7f6bf792e000 rw-s 00000000 08:20 234832                     /tmp/hsperfdata_root/3890 (deleted)
7f6bf792e000-7f6bf792f000 ---p 00000000 00:00 0 
7f6bf792f000-7f6bf7930000 r--p 00000000 00:00 0 
7f6bf7930000-7f6bf7932000 rw-p 00000000 00:00 0 
7f6bf7932000-7f6bf7933000 r--p 00000000 08:20 21193                      /usr/lib/x86_64-linux-gnu/ld-2.31.so
7f6bf7933000-7f6bf7956000 r-xp 00001000 08:20 21193                      /usr/lib/x86_64-linux-gnu/ld-2.31.so
7f6bf7956000-7f6bf795e000 r--p 00024000 08:20 21193                      /usr/lib/x86_64-linux-gnu/ld-2.31.so
7f6bf795e000-7f6bf795f000 ---p 00000000 00:00 0 
7f6bf795f000-7f6bf7960000 r--p 0002c000 08:20 21193                      /usr/lib/x86_64-linux-gnu/ld-2.31.so
7f6bf7960000-7f6bf7961000 rw-p 0002d000 08:20 21193                      /usr/lib/x86_64-linux-gnu/ld-2.31.so
7f6bf7961000-7f6bf7962000 rw-p 00000000 00:00 0 
7ffd8a8cf000-7ffd8a8f1000 rw-p 00000000 00:00 0                          [stack]
7ffd8a96e000-7ffd8a972000 r--p 00000000 00:00 0                          [vvar]
7ffd8a972000-7ffd8a973000 r-xp 00000000 00:00 0                          [vdso]


VM Arguments:
jvm_args: -agentlib:jdwp=transport=dt_socket,server=n,suspend=y,address=localhost:35195 -XX:+ShowCodeDetailsInExceptionMessages 
java_command: com.onyx.App
java_class_path (initial): /root/dev/java/Onyx/engine/target/classes:/root/.m2/repository/org/lwjgl/lwjgl/3.3.1/lwjgl-3.3.1.jar:/root/.m2/repository/org/lwjgl/lwjgl-assimp/3.3.1/lwjgl-assimp-3.3.1.jar:/root/.m2/repository/org/lwjgl/lwjgl-glfw/3.3.1/lwjgl-glfw-3.3.1.jar:/root/.m2/repository/org/lwjgl/lwjgl-openal/3.3.1/lwjgl-openal-3.3.1.jar:/root/.m2/repository/org/lwjgl/lwjgl-opengl/3.3.1/lwjgl-opengl-3.3.1.jar:/root/.m2/repository/org/lwjgl/lwjgl-stb/3.3.1/lwjgl-stb-3.3.1.jar:/root/.m2/repository/org/lwjgl/lwjgl/3.3.1/lwjgl-3.3.1-natives-linux.jar:/root/.m2/repository/org/lwjgl/lwjgl-assimp/3.3.1/lwjgl-assimp-3.3.1-natives-linux.jar:/root/.m2/repository/org/lwjgl/lwjgl-glfw/3.3.1/lwjgl-glfw-3.3.1-natives-linux.jar:/root/.m2/repository/org/lwjgl/lwjgl-openal/3.3.1/lwjgl-openal-3.3.1-natives-linux.jar:/root/.m2/repository/org/lwjgl/lwjgl-opengl/3.3.1/lwjgl-opengl-3.3.1-natives-linux.jar:/root/.m2/repository/org/lwjgl/lwjgl-stb/3.3.1/lwjgl-stb-3.3.1-natives-linux.jar:/root/.m2/repository/org/joml/joml/1.10.4/joml-1.10.4.jar
Launcher Type: SUN_STANDARD

[Global flags]
     intx CICompilerCount                          = 12                                        {product} {ergonomic}
     uint ConcGCThreads                            = 5                                         {product} {ergonomic}
     uint G1ConcRefinementThreads                  = 20                                        {product} {ergonomic}
   size_t G1HeapRegionSize                         = 4194304                                   {product} {ergonomic}
    uintx GCDrainStackTargetSize                   = 64                                        {product} {ergonomic}
   size_t InitialHeapSize                          = 524288000                                 {product} {ergonomic}
   size_t MarkStackSize                            = 4194304                                   {product} {ergonomic}
   size_t MaxHeapSize                              = 8376025088                                {product} {ergonomic}
   size_t MaxNewSize                               = 5024776192                                {product} {ergonomic}
   size_t MinHeapDeltaBytes                        = 4194304                                   {product} {ergonomic}
   size_t MinHeapSize                              = 8388608                                   {product} {ergonomic}
    uintx NonNMethodCodeHeapSize                   = 7602480                                {pd product} {ergonomic}
    uintx NonProfiledCodeHeapSize                  = 122027880                              {pd product} {ergonomic}
    uintx ProfiledCodeHeapSize                     = 122027880                              {pd product} {ergonomic}
    uintx ReservedCodeCacheSize                    = 251658240                              {pd product} {ergonomic}
     bool SegmentedCodeCache                       = true                                      {product} {ergonomic}
     bool ShowCodeDetailsInExceptionMessages       = true                                   {manageable} {command line}
   size_t SoftMaxHeapSize                          = 8376025088                             {manageable} {ergonomic}
     bool UseCompressedClassPointers               = true                           {product lp64_product} {ergonomic}
     bool UseCompressedOops                        = true                           {product lp64_product} {ergonomic}
     bool UseG1GC                                  = true                                      {product} {ergonomic}

Logging:
Log output configuration:
 #0: stdout all=off uptime,level,tags
 #1: stderr all=off uptime,level,tags

Environment Variables:
JAVA_HOME=/root/.sdkman/candidates/java/current
PATH=/root/.sdkman/candidates/maven/current/bin:/root/.sdkman/candidates/java/current/bin:/root/.vscode-server/bin/97dec172d3256f8ca4bfb2143f3f76b503ca0534/bin/remote-cli:/root/.sdkman/candidates/maven/3.8.7/bin:/root/.sdkman/candidates/java/17.0.5-zulu/bin:/root/.nvm/versions/node/v18.3.0/bin:/usr/local/sbin:/usr/local/bin:/usr/sbin:/usr/bin:/sbin:/bin:/usr/games:/usr/local/games:/usr/lib/wsl/lib:/mnt/d/Oculus/Support/oculus-runtime:/mnt/c/Program Files/Common Files/Oracle/Java/javapath:/mnt/c/Windows/system32:/mnt/c/Windows:/mnt/c/Windows/System32/Wbem:/mnt/c/Windows/System32/WindowsPowerShell/v1.0/:/mnt/c/Windows/System32/OpenSSH/:/mnt/c/Program Files/Microsoft VS Code/bin:/mnt/c/Program Files (x86)/NVIDIA Corporation/PhysX/Common:/mnt/c/Program Files/NVIDIA Corporation/NVIDIA NvDLISR:/mnt/c/Program Files/Go/bin:/mnt/c/Program Files/WIDCOMM/Bluetooth Software/:/mnt/c/Program Files/WIDCOMM/Bluetooth Software/syswow64:/mnt/c/Program Files/dotnet/:/mnt/f/Program Files/Git/cmd:/mnt/d/msys64/mingw64/bin:/mnt/d/Program Files/CMake/bin:/mnt/c/Users/jaree/AppData/Local/Microsoft/WindowsApps:/mnt/c/Users/jaree/go/bin:/usr/local/go/bin
SHELL=/usr/bin/zsh
DISPLAY=:0
HOSTTYPE=x86_64
LANG=C.UTF-8
TERM=xterm-256color

Signal Handlers:
   SIGSEGV: 