#
# A fatal error has been detected by the Java Runtime Environment:
#
#  SIGSEGV (0xb) at pc=0x00007f9e056fef1a, pid=3786, tid=3865
#
# JRE version: OpenJDK Runtime Environment Temurin-17.0.5+8 (17.0.5+8) (build 17.0.5+8)
# Java VM: OpenJDK 64-Bit Server VM Temurin-17.0.5+8 (17.0.5+8, mixed mode, tiered, compressed oops, compressed class ptrs, g1 gc, linux-amd64)
# Problematic frame:
# C  [libnvwgf2umx.so+0x286bf1a]
#
# No core dump will be written. Core dumps have been disabled. To enable core dumping, try "ulimit -c unlimited" before starting Java again
#
# If you would like to submit a bug report, please visit:
#   https://github.com/adoptium/adoptium-support/issues
#

---------------  S U M M A R Y ------------

Command Line: -agentlib:jdwp=transport=dt_socket,server=n,suspend=y,address=localhost:41691 -XX:+ShowCodeDetailsInExceptionMessages com.onyx.App

Host: Intel(R) Core(TM) i9-9940X CPU @ 3.30GHz, 28 cores, 31G, Ubuntu 20.04.5 LTS
Time: Sun Feb  5 19:50:33 2023 EST elapsed time: 14.510829 seconds (0d 0h 0m 14s)

---------------  T H R E A D  ---------------

Current thread is native thread

Stack: [0x00007f9e10278000,0x00007f9e10a77000],  sp=0x00007f9e10a75e30,  free space=8183k
Native frames: (J=compiled Java code, j=interpreted, Vv=VM code, C=native code)
C  [libnvwgf2umx.so+0x286bf1a]


siginfo: si_signo: 11 (SIGSEGV), si_code: 1 (SEGV_MAPERR), si_addr: 0x00007f9e10a77000

Registers:
RAX=0x0000000000000044, RBX=0x0000000000000000, RCX=0x00007f9e10a75e38, RDX=0x0000000000000000
RSP=0x00007f9e10a75e30, RBP=0x0000000000000000, RSI=0x00007f9e8c610bb0, RDI=0x00007f9e8c590fc0
R8 =0x0000000000000000, R9 =0x00007ffe7c870080, R10=0x000000000011d192, R11=0x0000000000000000
R12=0x00007f9e8c610b01, R13=0x00007f9e10a77000, R14=0x00007f9e8c5910c8, R15=0x00007f9e10a75ea6
RIP=0x00007f9e056fef1a, EFLAGS=0x0000000000010246, CSGSFS=0x002b000000000033, ERR=0x0000000000000004
  TRAPNO=0x000000000000000e

Top of Stack: (sp=0x00007f9e10a75e30)
0x00007f9e10a75e30:   0000000063e04ed9 00000000000d6c4e
0x00007f9e10a75e40:   00007f9e8c590fc0 00000000000d4497
0x00007f9e10a75e50:   00007f9e8c610bb0 00007f9e10a75e38
0x00007f9e10a75e60:   00007f9e10a75ea7 00007f9e8c590fc0 

Instructions: (pc=0x00007f9e056fef1a)
0x00007f9e056fee1a:   60 48 83 ec 08 4c 8d 64 24 10 4c 89 e7 4c 89 fe
0x00007f9e056fee2a:   48 89 da 48 8b 4c 24 28 44 8b 44 24 20 44 8b 4c
0x00007f9e056fee3a:   24 24 41 55 41 56 50 e8 ba fa ff ff 48 83 c4 20
0x00007f9e056fee4a:   48 89 ef 4c 89 e6 e8 bb ad a5 fe 4c 89 e7 e8 13
0x00007f9e056fee5a:   a2 a5 fe 48 89 e8 48 83 c4 28 5b 41 5c 41 5d 41
0x00007f9e056fee6a:   5e 41 5f 5d c3 eb 0a eb 19 eb 06 eb 15 eb 02 eb
0x00007f9e056fee7a:   11 48 89 c3 48 8d 7c 24 08 e8 e8 a1 a5 fe eb 05
0x00007f9e056fee8a:   eb 00 48 89 c3 48 8b 7c 24 10 e8 d7 a1 a5 fe 48
0x00007f9e056fee9a:   89 df e8 cf 0a 90 fe cc cc cc cc cc cc cc cc cc
0x00007f9e056feeaa:   cc cc cc cc cc cc 55 41 57 41 56 41 55 41 54 53
0x00007f9e056feeba:   48 83 ec 38 48 89 54 24 30 48 89 7c 24 10 f6 47
0x00007f9e056feeca:   28 10 0f 84 41 01 00 00 8b 46 10 85 c0 0f 84 36
0x00007f9e056feeda:   01 00 00 4c 8b 6e 28 41 b4 01 31 db 48 8d 4c 24
0x00007f9e056feeea:   08 48 89 4c 24 28 31 d2 48 89 74 24 20 eb 21 90
0x00007f9e056feefa:   90 90 90 90 90 90 8b 46 10 48 8b 54 24 18 48 83
0x00007f9e056fef0a:   c2 01 89 c1 83 c3 01 48 39 ca 0f 83 f9 00 00 00
0x00007f9e056fef1a:   41 8b 4c 95 00 0f b7 c9 3b 8c 96 4c 04 00 00 74
0x00007f9e056fef2a:   dd 89 8c 96 4c 04 00 00 8b 4e 0c 85 c9 74 cf 48
0x00007f9e056fef3a:   89 54 24 18 31 ed eb 18 90 90 90 90 90 90 90 90
0x00007f9e056fef4a:   90 90 90 90 90 90 83 c5 01 8b 4e 0c 39 cd 73 a6
0x00007f9e056fef5a:   0f af cb 01 e9 41 0f b6 84 0d 80 90 00 00 24 7f
0x00007f9e056fef6a:   8d 50 e0 80 fa 14 77 de 48 8b 96 50 08 00 00 3a
0x00007f9e056fef7a:   04 0a 74 d2 88 04 0a 48 8b 44 24 30 c6 00 01 41
0x00007f9e056fef8a:   f6 c4 01 75 0d 48 8b 44 24 10 f6 40 28 20 75 b6
0x00007f9e056fef9a:   eb 33 4c 8d 7c 24 08 4c 89 ff 31 d2 31 c9 45 31
0x00007f9e056fefaa:   c0 e8 a0 06 00 00 48 8b 7c 24 10 4c 89 fe e8 b3
0x00007f9e056fefba:   e1 ff ff 48 8d 7c 24 08 e8 a9 a0 a5 fe 45 31 e4
0x00007f9e056fefca:   48 8b 74 24 20 8b 56 04 4c 8b 7c 24 10 45 0f b6
0x00007f9e056fefda:   4f 2c 4c 8d 74 24 08 4c 89 f7 4c 89 fe 48 8b 4c
0x00007f9e056fefea:   24 18 41 89 e8 e8 0c fe 02 00 4c 89 ff 4c 89 f6
0x00007f9e056feffa:   e8 71 e1 ff ff 48 8d 7c 24 08 e8 67 a0 a5 fe 48
0x00007f9e056ff00a:   8b 74 24 20 e9 3d ff ff ff 48 83 c4 38 5b 41 5c 



---------------  P R O C E S S  ---------------

VM state: at safepoint (shutting down)

VM Mutex/Monitor currently owned by a thread:  ([mutex/lock_event])
[0x00007f9e8c0241e0] Threads_lock - owner thread: 0x00007f9e8c1cd150

Heap address: 0x000000060cc00000, size: 7988 MB, Compressed Oops mode: Zero based, Oop shift amount: 3

CDS archive(s) not mapped
Compressed class space mapped at: 0x0000000800000000-0x0000000840000000, reserved size: 1073741824
Narrow klass base: 0x0000000800000000, Narrow klass shift: 0, Narrow klass range: 0x40000000

GC Precious Log:
<Skipped>

Heap:
 garbage-first heap   total 512000K, used 8881K [0x000000060cc00000, 0x0000000800000000)
  region size 4096K, 3 young (12288K), 0 survivors (0K)
 Metaspace       used 9149K, committed 9280K, reserved 1064960K
  class space    used 760K, committed 832K, reserved 1048576K

Heap Regions: E=young(eden), S=young(survivor), O=old, HS=humongous(starts), HC=humongous(continues), CS=collection set, F=free, OA=open archive, CA=closed archive, TAMS=top-at-mark-start (previous, next)
|   0|0x000000060cc00000, 0x000000060cc00000, 0x000000060d000000|  0%| F|  |TAMS 0x000000060cc00000, 0x000000060cc00000| Untracked 
|   1|0x000000060d000000, 0x000000060d000000, 0x000000060d400000|  0%| F|  |TAMS 0x000000060d000000, 0x000000060d000000| Untracked 
|   2|0x000000060d400000, 0x000000060d400000, 0x000000060d800000|  0%| F|  |TAMS 0x000000060d400000, 0x000000060d400000| Untracked 
|   3|0x000000060d800000, 0x000000060d800000, 0x000000060dc00000|  0%| F|  |TAMS 0x000000060d800000, 0x000000060d800000| Untracked 
|   4|0x000000060dc00000, 0x000000060dc00000, 0x000000060e000000|  0%| F|  |TAMS 0x000000060dc00000, 0x000000060dc00000| Untracked 
|   5|0x000000060e000000, 0x000000060e000000, 0x000000060e400000|  0%| F|  |TAMS 0x000000060e000000, 0x000000060e000000| Untracked 
|   6|0x000000060e400000, 0x000000060e400000, 0x000000060e800000|  0%| F|  |TAMS 0x000000060e400000, 0x000000060e400000| Untracked 
|   7|0x000000060e800000, 0x000000060e800000, 0x000000060ec00000|  0%| F|  |TAMS 0x000000060e800000, 0x000000060e800000| Untracked 
|   8|0x000000060ec00000, 0x000000060ec00000, 0x000000060f000000|  0%| F|  |TAMS 0x000000060ec00000, 0x000000060ec00000| Untracked 
|   9|0x000000060f000000, 0x000000060f000000, 0x000000060f400000|  0%| F|  |TAMS 0x000000060f000000, 0x000000060f000000| Untracked 
|  10|0x000000060f400000, 0x000000060f400000, 0x000000060f800000|  0%| F|  |TAMS 0x000000060f400000, 0x000000060f400000| Untracked 
|  11|0x000000060f800000, 0x000000060f800000, 0x000000060fc00000|  0%| F|  |TAMS 0x000000060f800000, 0x000000060f800000| Untracked 
|  12|0x000000060fc00000, 0x000000060fc00000, 0x0000000610000000|  0%| F|  |TAMS 0x000000060fc00000, 0x000000060fc00000| Untracked 
|  13|0x0000000610000000, 0x0000000610000000, 0x0000000610400000|  0%| F|  |TAMS 0x0000000610000000, 0x0000000610000000| Untracked 
|  14|0x0000000610400000, 0x0000000610400000, 0x0000000610800000|  0%| F|  |TAMS 0x0000000610400000, 0x0000000610400000| Untracked 
|  15|0x0000000610800000, 0x0000000610800000, 0x0000000610c00000|  0%| F|  |TAMS 0x0000000610800000, 0x0000000610800000| Untracked 
|  16|0x0000000610c00000, 0x0000000610c00000, 0x0000000611000000|  0%| F|  |TAMS 0x0000000610c00000, 0x0000000610c00000| Untracked 
|  17|0x0000000611000000, 0x0000000611000000, 0x0000000611400000|  0%| F|  |TAMS 0x0000000611000000, 0x0000000611000000| Untracked 
|  18|0x0000000611400000, 0x0000000611400000, 0x0000000611800000|  0%| F|  |TAMS 0x0000000611400000, 0x0000000611400000| Untracked 
|  19|0x0000000611800000, 0x0000000611800000, 0x0000000611c00000|  0%| F|  |TAMS 0x0000000611800000, 0x0000000611800000| Untracked 
|  20|0x0000000611c00000, 0x0000000611c00000, 0x0000000612000000|  0%| F|  |TAMS 0x0000000611c00000, 0x0000000611c00000| Untracked 
|  21|0x0000000612000000, 0x0000000612000000, 0x0000000612400000|  0%| F|  |TAMS 0x0000000612000000, 0x0000000612000000| Untracked 
|  22|0x0000000612400000, 0x0000000612400000, 0x0000000612800000|  0%| F|  |TAMS 0x0000000612400000, 0x0000000612400000| Untracked 
|  23|0x0000000612800000, 0x0000000612800000, 0x0000000612c00000|  0%| F|  |TAMS 0x0000000612800000, 0x0000000612800000| Untracked 
|  24|0x0000000612c00000, 0x0000000612c00000, 0x0000000613000000|  0%| F|  |TAMS 0x0000000612c00000, 0x0000000612c00000| Untracked 
|  25|0x0000000613000000, 0x0000000613000000, 0x0000000613400000|  0%| F|  |TAMS 0x0000000613000000, 0x0000000613000000| Untracked 
|  26|0x0000000613400000, 0x0000000613400000, 0x0000000613800000|  0%| F|  |TAMS 0x0000000613400000, 0x0000000613400000| Untracked 
|  27|0x0000000613800000, 0x0000000613800000, 0x0000000613c00000|  0%| F|  |TAMS 0x0000000613800000, 0x0000000613800000| Untracked 
|  28|0x0000000613c00000, 0x0000000613c00000, 0x0000000614000000|  0%| F|  |TAMS 0x0000000613c00000, 0x0000000613c00000| Untracked 
|  29|0x0000000614000000, 0x0000000614000000, 0x0000000614400000|  0%| F|  |TAMS 0x0000000614000000, 0x0000000614000000| Untracked 
|  30|0x0000000614400000, 0x0000000614400000, 0x0000000614800000|  0%| F|  |TAMS 0x0000000614400000, 0x0000000614400000| Untracked 
|  31|0x0000000614800000, 0x0000000614800000, 0x0000000614c00000|  0%| F|  |TAMS 0x0000000614800000, 0x0000000614800000| Untracked 
|  32|0x0000000614c00000, 0x0000000614c00000, 0x0000000615000000|  0%| F|  |TAMS 0x0000000614c00000, 0x0000000614c00000| Untracked 
|  33|0x0000000615000000, 0x0000000615000000, 0x0000000615400000|  0%| F|  |TAMS 0x0000000615000000, 0x0000000615000000| Untracked 
|  34|0x0000000615400000, 0x0000000615400000, 0x0000000615800000|  0%| F|  |TAMS 0x0000000615400000, 0x0000000615400000| Untracked 
|  35|0x0000000615800000, 0x0000000615800000, 0x0000000615c00000|  0%| F|  |TAMS 0x0000000615800000, 0x0000000615800000| Untracked 
|  36|0x0000000615c00000, 0x0000000615c00000, 0x0000000616000000|  0%| F|  |TAMS 0x0000000615c00000, 0x0000000615c00000| Untracked 
|  37|0x0000000616000000, 0x0000000616000000, 0x0000000616400000|  0%| F|  |TAMS 0x0000000616000000, 0x0000000616000000| Untracked 
|  38|0x0000000616400000, 0x0000000616400000, 0x0000000616800000|  0%| F|  |TAMS 0x0000000616400000, 0x0000000616400000| Untracked 
|  39|0x0000000616800000, 0x0000000616800000, 0x0000000616c00000|  0%| F|  |TAMS 0x0000000616800000, 0x0000000616800000| Untracked 
|  40|0x0000000616c00000, 0x0000000616c00000, 0x0000000617000000|  0%| F|  |TAMS 0x0000000616c00000, 0x0000000616c00000| Untracked 
|  41|0x0000000617000000, 0x0000000617000000, 0x0000000617400000|  0%| F|  |TAMS 0x0000000617000000, 0x0000000617000000| Untracked 
|  42|0x0000000617400000, 0x0000000617400000, 0x0000000617800000|  0%| F|  |TAMS 0x0000000617400000, 0x0000000617400000| Untracked 
|  43|0x0000000617800000, 0x0000000617800000, 0x0000000617c00000|  0%| F|  |TAMS 0x0000000617800000, 0x0000000617800000| Untracked 
|  44|0x0000000617c00000, 0x0000000617c00000, 0x0000000618000000|  0%| F|  |TAMS 0x0000000617c00000, 0x0000000617c00000| Untracked 
|  45|0x0000000618000000, 0x0000000618000000, 0x0000000618400000|  0%| F|  |TAMS 0x0000000618000000, 0x0000000618000000| Untracked 
|  46|0x0000000618400000, 0x0000000618400000, 0x0000000618800000|  0%| F|  |TAMS 0x0000000618400000, 0x0000000618400000| Untracked 
|  47|0x0000000618800000, 0x0000000618800000, 0x0000000618c00000|  0%| F|  |TAMS 0x0000000618800000, 0x0000000618800000| Untracked 
|  48|0x0000000618c00000, 0x0000000618c00000, 0x0000000619000000|  0%| F|  |TAMS 0x0000000618c00000, 0x0000000618c00000| Untracked 
|  49|0x0000000619000000, 0x0000000619000000, 0x0000000619400000|  0%| F|  |TAMS 0x0000000619000000, 0x0000000619000000| Untracked 
|  50|0x0000000619400000, 0x0000000619400000, 0x0000000619800000|  0%| F|  |TAMS 0x0000000619400000, 0x0000000619400000| Untracked 
|  51|0x0000000619800000, 0x0000000619800000, 0x0000000619c00000|  0%| F|  |TAMS 0x0000000619800000, 0x0000000619800000| Untracked 
|  52|0x0000000619c00000, 0x0000000619c00000, 0x000000061a000000|  0%| F|  |TAMS 0x0000000619c00000, 0x0000000619c00000| Untracked 
|  53|0x000000061a000000, 0x000000061a000000, 0x000000061a400000|  0%| F|  |TAMS 0x000000061a000000, 0x000000061a000000| Untracked 
|  54|0x000000061a400000, 0x000000061a400000, 0x000000061a800000|  0%| F|  |TAMS 0x000000061a400000, 0x000000061a400000| Untracked 
|  55|0x000000061a800000, 0x000000061a800000, 0x000000061ac00000|  0%| F|  |TAMS 0x000000061a800000, 0x000000061a800000| Untracked 
|  56|0x000000061ac00000, 0x000000061ac00000, 0x000000061b000000|  0%| F|  |TAMS 0x000000061ac00000, 0x000000061ac00000| Untracked 
|  57|0x000000061b000000, 0x000000061b000000, 0x000000061b400000|  0%| F|  |TAMS 0x000000061b000000, 0x000000061b000000| Untracked 
|  58|0x000000061b400000, 0x000000061b400000, 0x000000061b800000|  0%| F|  |TAMS 0x000000061b400000, 0x000000061b400000| Untracked 
|  59|0x000000061b800000, 0x000000061b800000, 0x000000061bc00000|  0%| F|  |TAMS 0x000000061b800000, 0x000000061b800000| Untracked 
|  60|0x000000061bc00000, 0x000000061bc00000, 0x000000061c000000|  0%| F|  |TAMS 0x000000061bc00000, 0x000000061bc00000| Untracked 
|  61|0x000000061c000000, 0x000000061c000000, 0x000000061c400000|  0%| F|  |TAMS 0x000000061c000000, 0x000000061c000000| Untracked 
|  62|0x000000061c400000, 0x000000061c400000, 0x000000061c800000|  0%| F|  |TAMS 0x000000061c400000, 0x000000061c400000| Untracked 
|  63|0x000000061c800000, 0x000000061c800000, 0x000000061cc00000|  0%| F|  |TAMS 0x000000061c800000, 0x000000061c800000| Untracked 
|  64|0x000000061cc00000, 0x000000061cc00000, 0x000000061d000000|  0%| F|  |TAMS 0x000000061cc00000, 0x000000061cc00000| Untracked 
|  65|0x000000061d000000, 0x000000061d000000, 0x000000061d400000|  0%| F|  |TAMS 0x000000061d000000, 0x000000061d000000| Untracked 
|  66|0x000000061d400000, 0x000000061d400000, 0x000000061d800000|  0%| F|  |TAMS 0x000000061d400000, 0x000000061d400000| Untracked 
|  67|0x000000061d800000, 0x000000061d800000, 0x000000061dc00000|  0%| F|  |TAMS 0x000000061d800000, 0x000000061d800000| Untracked 
|  68|0x000000061dc00000, 0x000000061dc00000, 0x000000061e000000|  0%| F|  |TAMS 0x000000061dc00000, 0x000000061dc00000| Untracked 
|  69|0x000000061e000000, 0x000000061e000000, 0x000000061e400000|  0%| F|  |TAMS 0x000000061e000000, 0x000000061e000000| Untracked 
|  70|0x000000061e400000, 0x000000061e400000, 0x000000061e800000|  0%| F|  |TAMS 0x000000061e400000, 0x000000061e400000| Untracked 
|  71|0x000000061e800000, 0x000000061e800000, 0x000000061ec00000|  0%| F|  |TAMS 0x000000061e800000, 0x000000061e800000| Untracked 
|  72|0x000000061ec00000, 0x000000061ec00000, 0x000000061f000000|  0%| F|  |TAMS 0x000000061ec00000, 0x000000061ec00000| Untracked 
|  73|0x000000061f000000, 0x000000061f000000, 0x000000061f400000|  0%| F|  |TAMS 0x000000061f000000, 0x000000061f000000| Untracked 
|  74|0x000000061f400000, 0x000000061f400000, 0x000000061f800000|  0%| F|  |TAMS 0x000000061f400000, 0x000000061f400000| Untracked 
|  75|0x000000061f800000, 0x000000061f800000, 0x000000061fc00000|  0%| F|  |TAMS 0x000000061f800000, 0x000000061f800000| Untracked 
|  76|0x000000061fc00000, 0x000000061fc00000, 0x0000000620000000|  0%| F|  |TAMS 0x000000061fc00000, 0x000000061fc00000| Untracked 
|  77|0x0000000620000000, 0x0000000620000000, 0x0000000620400000|  0%| F|  |TAMS 0x0000000620000000, 0x0000000620000000| Untracked 
|  78|0x0000000620400000, 0x0000000620400000, 0x0000000620800000|  0%| F|  |TAMS 0x0000000620400000, 0x0000000620400000| Untracked 
|  79|0x0000000620800000, 0x0000000620800000, 0x0000000620c00000|  0%| F|  |TAMS 0x0000000620800000, 0x0000000620800000| Untracked 
|  80|0x0000000620c00000, 0x0000000620c00000, 0x0000000621000000|  0%| F|  |TAMS 0x0000000620c00000, 0x0000000620c00000| Untracked 
|  81|0x0000000621000000, 0x0000000621000000, 0x0000000621400000|  0%| F|  |TAMS 0x0000000621000000, 0x0000000621000000| Untracked 
|  82|0x0000000621400000, 0x0000000621400000, 0x0000000621800000|  0%| F|  |TAMS 0x0000000621400000, 0x0000000621400000| Untracked 
|  83|0x0000000621800000, 0x0000000621800000, 0x0000000621c00000|  0%| F|  |TAMS 0x0000000621800000, 0x0000000621800000| Untracked 
|  84|0x0000000621c00000, 0x0000000621c00000, 0x0000000622000000|  0%| F|  |TAMS 0x0000000621c00000, 0x0000000621c00000| Untracked 
|  85|0x0000000622000000, 0x0000000622000000, 0x0000000622400000|  0%| F|  |TAMS 0x0000000622000000, 0x0000000622000000| Untracked 
|  86|0x0000000622400000, 0x0000000622400000, 0x0000000622800000|  0%| F|  |TAMS 0x0000000622400000, 0x0000000622400000| Untracked 
|  87|0x0000000622800000, 0x0000000622800000, 0x0000000622c00000|  0%| F|  |TAMS 0x0000000622800000, 0x0000000622800000| Untracked 
|  88|0x0000000622c00000, 0x0000000622c00000, 0x0000000623000000|  0%| F|  |TAMS 0x0000000622c00000, 0x0000000622c00000| Untracked 
|  89|0x0000000623000000, 0x0000000623000000, 0x0000000623400000|  0%| F|  |TAMS 0x0000000623000000, 0x0000000623000000| Untracked 
|  90|0x0000000623400000, 0x0000000623400000, 0x0000000623800000|  0%| F|  |TAMS 0x0000000623400000, 0x0000000623400000| Untracked 
|  91|0x0000000623800000, 0x0000000623800000, 0x0000000623c00000|  0%| F|  |TAMS 0x0000000623800000, 0x0000000623800000| Untracked 
|  92|0x0000000623c00000, 0x0000000623c00000, 0x0000000624000000|  0%| F|  |TAMS 0x0000000623c00000, 0x0000000623c00000| Untracked 
|  93|0x0000000624000000, 0x0000000624000000, 0x0000000624400000|  0%| F|  |TAMS 0x0000000624000000, 0x0000000624000000| Untracked 
|  94|0x0000000624400000, 0x0000000624400000, 0x0000000624800000|  0%| F|  |TAMS 0x0000000624400000, 0x0000000624400000| Untracked 
|  95|0x0000000624800000, 0x0000000624800000, 0x0000000624c00000|  0%| F|  |TAMS 0x0000000624800000, 0x0000000624800000| Untracked 
|  96|0x0000000624c00000, 0x0000000624c00000, 0x0000000625000000|  0%| F|  |TAMS 0x0000000624c00000, 0x0000000624c00000| Untracked 
|  97|0x0000000625000000, 0x0000000625000000, 0x0000000625400000|  0%| F|  |TAMS 0x0000000625000000, 0x0000000625000000| Untracked 
|  98|0x0000000625400000, 0x0000000625400000, 0x0000000625800000|  0%| F|  |TAMS 0x0000000625400000, 0x0000000625400000| Untracked 
|  99|0x0000000625800000, 0x0000000625800000, 0x0000000625c00000|  0%| F|  |TAMS 0x0000000625800000, 0x0000000625800000| Untracked 
| 100|0x0000000625c00000, 0x0000000625c00000, 0x0000000626000000|  0%| F|  |TAMS 0x0000000625c00000, 0x0000000625c00000| Untracked 
| 101|0x0000000626000000, 0x0000000626000000, 0x0000000626400000|  0%| F|  |TAMS 0x0000000626000000, 0x0000000626000000| Untracked 
| 102|0x0000000626400000, 0x0000000626400000, 0x0000000626800000|  0%| F|  |TAMS 0x0000000626400000, 0x0000000626400000| Untracked 
| 103|0x0000000626800000, 0x0000000626800000, 0x0000000626c00000|  0%| F|  |TAMS 0x0000000626800000, 0x0000000626800000| Untracked 
| 104|0x0000000626c00000, 0x0000000626c00000, 0x0000000627000000|  0%| F|  |TAMS 0x0000000626c00000, 0x0000000626c00000| Untracked 
| 105|0x0000000627000000, 0x0000000627000000, 0x0000000627400000|  0%| F|  |TAMS 0x0000000627000000, 0x0000000627000000| Untracked 
| 106|0x0000000627400000, 0x0000000627400000, 0x0000000627800000|  0%| F|  |TAMS 0x0000000627400000, 0x0000000627400000| Untracked 
| 107|0x0000000627800000, 0x0000000627800000, 0x0000000627c00000|  0%| F|  |TAMS 0x0000000627800000, 0x0000000627800000| Untracked 
| 108|0x0000000627c00000, 0x0000000627c00000, 0x0000000628000000|  0%| F|  |TAMS 0x0000000627c00000, 0x0000000627c00000| Untracked 
| 109|0x0000000628000000, 0x0000000628000000, 0x0000000628400000|  0%| F|  |TAMS 0x0000000628000000, 0x0000000628000000| Untracked 
| 110|0x0000000628400000, 0x0000000628400000, 0x0000000628800000|  0%| F|  |TAMS 0x0000000628400000, 0x0000000628400000| Untracked 
| 111|0x0000000628800000, 0x0000000628800000, 0x0000000628c00000|  0%| F|  |TAMS 0x0000000628800000, 0x0000000628800000| Untracked 
| 112|0x0000000628c00000, 0x0000000628c00000, 0x0000000629000000|  0%| F|  |TAMS 0x0000000628c00000, 0x0000000628c00000| Untracked 
| 113|0x0000000629000000, 0x0000000629000000, 0x0000000629400000|  0%| F|  |TAMS 0x0000000629000000, 0x0000000629000000| Untracked 
| 114|0x0000000629400000, 0x0000000629400000, 0x0000000629800000|  0%| F|  |TAMS 0x0000000629400000, 0x0000000629400000| Untracked 
| 115|0x0000000629800000, 0x0000000629800000, 0x0000000629c00000|  0%| F|  |TAMS 0x0000000629800000, 0x0000000629800000| Untracked 
| 116|0x0000000629c00000, 0x0000000629c00000, 0x000000062a000000|  0%| F|  |TAMS 0x0000000629c00000, 0x0000000629c00000| Untracked 
| 117|0x000000062a000000, 0x000000062a000000, 0x000000062a400000|  0%| F|  |TAMS 0x000000062a000000, 0x000000062a000000| Untracked 
| 118|0x000000062a400000, 0x000000062a400000, 0x000000062a800000|  0%| F|  |TAMS 0x000000062a400000, 0x000000062a400000| Untracked 
| 119|0x000000062a800000, 0x000000062a800000, 0x000000062ac00000|  0%| F|  |TAMS 0x000000062a800000, 0x000000062a800000| Untracked 
| 120|0x000000062ac00000, 0x000000062ac00000, 0x000000062b000000|  0%| F|  |TAMS 0x000000062ac00000, 0x000000062ac00000| Untracked 
| 121|0x000000062b000000, 0x000000062b000000, 0x000000062b400000|  0%| F|  |TAMS 0x000000062b000000, 0x000000062b000000| Untracked 
| 122|0x000000062b400000, 0x000000062b4ac570, 0x000000062b800000| 16%| E|  |TAMS 0x000000062b400000, 0x000000062b400000| Complete 
| 123|0x000000062b800000, 0x000000062bc00000, 0x000000062bc00000|100%| E|CS|TAMS 0x000000062b800000, 0x000000062b800000| Complete 
| 124|0x000000062bc00000, 0x000000062c000000, 0x000000062c000000|100%| E|CS|TAMS 0x000000062bc00000, 0x000000062bc00000| Complete 

Card table byte_map: [0x00007f9e7a2be000,0x00007f9e7b258000] _byte_map_base: 0x00007f9e77258000

Marking Bits (Prev, Next): (CMBitMap*) 0x00007f9e8c057ea0, (CMBitMap*) 0x00007f9e8c057ee0
 Prev Bits: [0x00007f9e71654000, 0x00007f9e79324000)
 Next Bits: [0x00007f9e69984000, 0x00007f9e71654000)

Polling page: 0x00007f9e94d5e000

Metaspace:

Usage:
  Non-class:      8.19 MB used.
      Class:    760.27 KB used.
       Both:      8.93 MB used.

Virtual space:
  Non-class space:       16.00 MB reserved,       8.25 MB ( 52%) committed,  2 nodes.
      Class space:        1.00 GB reserved,     832.00 KB ( <1%) committed,  1 nodes.
             Both:        1.02 GB reserved,       9.06 MB ( <1%) committed. 

Chunk freelists:
   Non-Class:  3.70 MB
       Class:  3.17 MB
        Both:  6.87 MB

MaxMetaspaceSize: unlimited
CompressedClassSpaceSize: 1.00 GB
Initial GC threshold: 21.00 MB
Current GC threshold: 21.00 MB
CDS: off
MetaspaceReclaimPolicy: balanced
 - commit_granule_bytes: 65536.
 - commit_granule_words: 8192.
 - virtual_space_node_default_size: 1048576.
 - enlarge_chunks_in_place: 1.
 - new_chunks_are_fully_committed: 0.
 - uncommit_free_chunks: 1.
 - use_allocation_guard: 0.
 - handle_deallocations: 1.


Internal statistics:

num_allocs_failed_limit: 0.
num_arena_births: 68.
num_arena_deaths: 0.
num_vsnodes_births: 3.
num_vsnodes_deaths: 0.
num_space_committed: 143.
num_space_uncommitted: 0.
num_chunks_returned_to_freelist: 0.
num_chunks_taken_from_freelist: 169.
num_chunk_merges: 0.
num_chunk_splits: 100.
num_chunks_enlarged: 66.
num_purges: 0.
num_inconsistent_stats: 0.

CodeHeap 'non-profiled nmethods': size=119168Kb used=151Kb max_used=151Kb free=119017Kb
 bounds [0x00007f9e84ba0000, 0x00007f9e84e10000, 0x00007f9e8c000000]
CodeHeap 'profiled nmethods': size=119164Kb used=923Kb max_used=923Kb free=118240Kb
 bounds [0x00007f9e7d741000, 0x00007f9e7d9b1000, 0x00007f9e84ba0000]
CodeHeap 'non-nmethods': size=7428Kb used=1601Kb max_used=2164Kb free=5826Kb
 bounds [0x00007f9e7d000000, 0x00007f9e7d270000, 0x00007f9e7d741000]
 total_blobs=1545 nmethods=580 adapters=879
 compilation: enabled
              stopped_count=0, restarted_count=0
 full_count=0

Compilation events (20 events):
Event: 0.648 Thread 0x00007f9e2c064f80 nmethod 561 0x00007f9e7d823b90 code [0x00007f9e7d823d80, 0x00007f9e7d8242b0]
Event: 0.648 Thread 0x00007f9e8c209480 nmethod 568 0x00007f9e7d824490 code [0x00007f9e7d824620, 0x00007f9e7d824770]
Event: 0.649 Thread 0x00007f9e8c209480  569       3       java.util.HashSet::contains (9 bytes)
Event: 0.650 Thread 0x00007f9e8c209480 nmethod 569 0x00007f9e7d824890 code [0x00007f9e7d824a40, 0x00007f9e7d824ce0]
Event: 0.650 Thread 0x00007f9e2c064f80  570       3       java.util.HashMap::containsKey (14 bytes)
Event: 0.650 Thread 0x00007f9e2c064f80 nmethod 570 0x00007f9e7d824e10 code [0x00007f9e7d824fc0, 0x00007f9e7d825160]
Event: 0.661 Thread 0x00007f9e8c209480  571       1       org.lwjgl.system.CustomBuffer::limit (5 bytes)
Event: 0.661 Thread 0x00007f9e8c209480 nmethod 571 0x00007f9e84bc4e10 code [0x00007f9e84bc4fa0, 0x00007f9e84bc5070]
Event: 0.664 Thread 0x00007f9e8c209480  572   !   3       jdk.internal.loader.URLClassPath$JarLoader::getResource (65 bytes)
Event: 0.664 Thread 0x00007f9e2c064f80  573       3       java.util.jar.JarFile::maybeInstantiateVerifier (42 bytes)
Event: 0.664 Thread 0x00007f9e2c064f80 nmethod 573 0x00007f9e7d825210 code [0x00007f9e7d8253e0, 0x00007f9e7d825770]
Event: 0.664 Thread 0x00007f9e8c209480 nmethod 572 0x00007f9e7d825890 code [0x00007f9e7d825b00, 0x00007f9e7d826580]
Event: 2.133 Thread 0x00007f9e8c209480  576       3       com.onyx.renderer.Window::windowShouldCLose (8 bytes)
Event: 2.133 Thread 0x00007f9e2c064f80  577       3       org.lwjgl.glfw.GLFW::glfwWindowShouldClose (29 bytes)
Event: 2.133 Thread 0x00007f9e8c209480 nmethod 576 0x00007f9e7d826990 code [0x00007f9e7d826b40, 0x00007f9e7d826c80]
Event: 2.133 Thread 0x00007f9e2c064f80 nmethod 577 0x00007f9e7d826d10 code [0x00007f9e7d826ee0, 0x00007f9e7d8271f0]
Event: 2.133 Thread 0x00007f9e8c209480  579       3       com.onyx.renderer.Window::update (11 bytes)
Event: 2.133 Thread 0x00007f9e2c064f80  580       3       org.lwjgl.glfw.GLFW::glfwSwapBuffers (21 bytes)
Event: 2.133 Thread 0x00007f9e8c209480 nmethod 579 0x00007f9e7d827390 code [0x00007f9e7d827540, 0x00007f9e7d827710]
Event: 2.133 Thread 0x00007f9e2c064f80 nmethod 580 0x00007f9e7d827810 code [0x00007f9e7d8279e0, 0x00007f9e7d827c90]

GC Heap History (0 events):
No events

Dll operation events (8 events):
Event: 0.001 Loaded shared library /root/.vscode-server/extensions/redhat.java-1.14.0-linux-x64/jre/17.0.5-linux-x86_64/lib/libjava.so
Event: 0.187 Loaded shared library /root/.vscode-server/extensions/redhat.java-1.14.0-linux-x64/jre/17.0.5-linux-x86_64/lib/libnio.so
Event: 0.194 Loaded shared library /root/.vscode-server/extensions/redhat.java-1.14.0-linux-x64/jre/17.0.5-linux-x86_64/lib/libzip.so
Event: 0.207 Loaded shared library /root/.vscode-server/extensions/redhat.java-1.14.0-linux-x64/jre/17.0.5-linux-x86_64/lib/libverify.so
Event: 0.266 Loaded shared library /root/.vscode-server/extensions/redhat.java-1.14.0-linux-x64/jre/17.0.5-linux-x86_64/lib/libjimage.so
Event: 0.270 Loaded shared library /root/.vscode-server/extensions/redhat.java-1.14.0-linux-x64/jre/17.0.5-linux-x86_64/lib/libnet.so
Event: 0.277 Loaded shared library /tmp/lwjglroot/3.3.1-build-7/liblwjgl.so
Event: 0.604 Loaded shared library /tmp/lwjglroot/3.3.1-build-7/liblwjgl_opengl.so

Deoptimization events (4 events):
Event: 0.624 Thread 0x00007f9e8c027aa0 Uncommon trap: trap_request=0xffffff45 fr.pc=0x00007f9e84bb9580 relative=0x0000000000000060
Event: 0.624 Thread 0x00007f9e8c027aa0 Uncommon trap: reason=unstable_if action=reinterpret pc=0x00007f9e84bb9580 method=java.lang.String.isLatin1()Z @ 10 c2
Event: 0.624 Thread 0x00007f9e8c027aa0 DEOPT PACKING pc=0x00007f9e84bb9580 sp=0x00007f9e9366df40
Event: 0.624 Thread 0x00007f9e8c027aa0 DEOPT UNPACKING pc=0x00007f9e7d052099 sp=0x00007f9e9366df00 mode 2

Classes unloaded (0 events):
No events

Classes redefined (0 events):
No events

Internal exceptions (16 events):
Event: 0.242 Thread 0x00007f9e8c027aa0 Exception <a 'java/lang/NoSuchMethodError'{0x000000062b841508}: 'java.lang.Object java.lang.invoke.DirectMethodHandle$Holder.invokeStaticInit(java.lang.Object)'> (0x000000062b841508) 
thrown [src/hotspot/share/interpreter/linkResolver.cpp, line 758]
Event: 0.252 Thread 0x00007f9e8c027aa0 Exception <a 'java/lang/NoSuchMethodError'{0x000000062b88a9f8}: 'void java.lang.invoke.DirectMethodHandle$Holder.invokeStatic(java.lang.Object, java.lang.Object)'> (0x000000062b88a9f8) 
thrown [src/hotspot/share/interpreter/linkResolver.cpp, line 758]
Event: 0.253 Thread 0x00007f9e8c027aa0 Exception <a 'java/lang/NoSuchMethodError'{0x000000062b893590}: 'void java.lang.invoke.DirectMethodHandle$Holder.invokeSpecial(java.lang.Object, java.lang.Object, java.lang.Object)'> (0x000000062b893590) 
thrown [src/hotspot/share/interpreter/linkResolver.cpp, line 758]
Event: 0.255 Thread 0x00007f9e8c027aa0 Exception <a 'java/lang/NoSuchMethodError'{0x000000062b8a68f0}: 'java.lang.Object java.lang.invoke.DirectMethodHandle$Holder.invokeStatic(java.lang.Object, java.lang.Object, int)'> (0x000000062b8a68f0) 
thrown [src/hotspot/share/interpreter/linkResolver.cpp, line 758]
Event: 0.257 Thread 0x00007f9e8c027aa0 Exception <a 'java/lang/NoSuchMethodError'{0x000000062b8b2660}: 'void java.lang.invoke.DelegatingMethodHandle$Holder.delegate(java.lang.Object, java.lang.Object, int, java.lang.Object)'> (0x000000062b8b2660) 
thrown [src/hotspot/share/interpreter/linkResolver.cpp, line 758]
Event: 0.257 Thread 0x00007f9e8c027aa0 Exception <a 'java/lang/NoSuchMethodError'{0x000000062b8b68a0}: 'int java.lang.invoke.DirectMethodHandle$Holder.invokeSpecial(java.lang.Object, java.lang.Object, java.lang.Object)'> (0x000000062b8b68a0) 
thrown [src/hotspot/share/interpreter/linkResolver.cpp, line 758]
Event: 0.276 Thread 0x00007f9e8c027aa0 Exception <a 'sun/nio/fs/UnixException'{0x000000062b916650}> (0x000000062b916650) 
thrown [src/hotspot/share/prims/jni.cpp, line 516]
Event: 0.283 Thread 0x00007f9e8c027aa0 Exception <a 'java/lang/NoSuchMethodError'{0x000000062b93f728}: 'int java.lang.invoke.DirectMethodHandle$Holder.invokeStaticInit(java.lang.Object, java.lang.Object, int, long)'> (0x000000062b93f728) 
thrown [src/hotspot/share/interpreter/linkResolver.cpp, line 758]
Event: 0.284 Thread 0x00007f9e8c027aa0 Exception <a 'java/lang/NoSuchMethodError'{0x000000062b944ff0}: 'java.lang.Object java.lang.invoke.DirectMethodHandle$Holder.newInvokeSpecial(java.lang.Object, java.lang.Object, int)'> (0x000000062b944ff0) 
thrown [src/hotspot/share/interpreter/linkResolver.cpp, line 758]
Event: 0.285 Thread 0x00007f9e8c027aa0 Exception <a 'java/lang/NoSuchMethodError'{0x000000062b953ae8}: 'int java.lang.invoke.DirectMethodHandle$Holder.invokeStaticInit(java.lang.Object, java.lang.Object, long, long)'> (0x000000062b953ae8) 
thrown [src/hotspot/share/interpreter/linkResolver.cpp, line 758]
Event: 0.286 Thread 0x00007f9e8c027aa0 Exception <a 'java/lang/NoSuchMethodError'{0x000000062b959bf8}: 'java.lang.Object java.lang.invoke.DirectMethodHandle$Holder.newInvokeSpecial(java.lang.Object, java.lang.Object, long)'> (0x000000062b959bf8) 
thrown [src/hotspot/share/interpreter/linkResolver.cpp, line 758]
Event: 0.286 Thread 0x00007f9e8c027aa0 Exception <a 'java/lang/NoSuchMethodError'{0x000000062b95dc40}: 'java.lang.Object java.lang.invoke.Invokers$Holder.linkToTargetMethod(java.lang.Object, long, java.lang.Object)'> (0x000000062b95dc40) 
thrown [src/hotspot/share/interpreter/linkResolver.cpp, line 758]
Event: 0.287 Thread 0x00007f9e8c027aa0 Exception <a 'java/lang/NoSuchMethodError'{0x000000062b965358}: 'int java.lang.invoke.DirectMethodHandle$Holder.invokeStaticInit(java.lang.Object, java.lang.Object, java.lang.Object, long)'> (0x000000062b965358) 
thrown [src/hotspot/share/interpreter/linkResolver.cpp, line 758]
Event: 0.301 Thread 0x00007f9e8c027aa0 Exception <a 'sun/nio/fs/UnixException'{0x000000062ba06c50}> (0x000000062ba06c50) 
thrown [src/hotspot/share/prims/jni.cpp, line 516]
Event: 0.604 Thread 0x00007f9e8c027aa0 Exception <a 'sun/nio/fs/UnixException'{0x000000062ba91310}> (0x000000062ba91310) 
thrown [src/hotspot/share/prims/jni.cpp, line 516]
Event: 0.606 Thread 0x00007f9e8c027aa0 Exception <a 'sun/nio/fs/UnixException'{0x000000062ba97818}> (0x000000062ba97818) 
thrown [src/hotspot/share/prims/jni.cpp, line 516]

VM Operations (8 events):
Event: 0.058 Executing VM operation: ChangeBreakpoints
Event: 0.058 Executing VM operation: ChangeBreakpoints done
Event: 0.195 Executing VM operation: HandshakeAllThreads
Event: 0.195 Executing VM operation: HandshakeAllThreads done
Event: 0.243 Executing VM operation: HandshakeAllThreads
Event: 0.243 Executing VM operation: HandshakeAllThreads done
Event: 1.243 Executing VM operation: Cleanup
Event: 1.243 Executing VM operation: Cleanup done

Events (20 events):
Event: 0.624 loading class java/lang/StringUTF16$CharsSpliterator
Event: 0.624 loading class java/lang/StringUTF16$CharsSpliterator done
Event: 0.624 loading class java/lang/CharacterData00
Event: 0.624 loading class java/lang/CharacterData00 done
Event: 0.644 loading class java/util/function/IntFunction
Event: 0.644 loading class java/util/function/IntFunction done
Event: 7.134 Thread 0x00007f9e2c064f80 Thread exited: 0x00007f9e2c064f80
Event: 14.176 loading class java/util/IdentityHashMap$KeyIterator
Event: 14.176 loading class java/util/IdentityHashMap$IdentityHashMapIterator
Event: 14.176 loading class java/util/IdentityHashMap$IdentityHashMapIterator done
Event: 14.176 loading class java/util/IdentityHashMap$KeyIterator done
Event: 14.177 Thread 0x00007f9e8c027aa0 Thread exited: 0x00007f9e8c027aa0
Event: 14.177 Protecting memory [0x00007f9e9356f000,0x00007f9e93573000] with protection modes 0
Event: 14.177 Thread 0x00007f9e8c027aa0 Thread added: 0x00007f9e8c027aa0
Event: 14.177 loading class java/lang/Shutdown
Event: 14.177 loading class java/lang/Shutdown done
Event: 14.177 loading class java/lang/Shutdown$Lock
Event: 14.177 loading class java/lang/Shutdown$Lock done
Event: 14.177 Thread 0x00007f9e8c027aa0 Thread exited: 0x00007f9e8c027aa0
Event: 14.177 Thread 0x00007f9e8c201fd0 Thread exited: 0x00007f9e8c201fd0


Dynamic libraries:
60cc00000-62c000000 rw-p 00000000 00:00 0 
62c000000-800000000 ---p 00000000 00:00 0 
800000000-800020000 rw-p 00000000 00:00 0 
800020000-800040000 rw-p 00000000 00:00 0 
800040000-8000a0000 rw-p 00000000 00:00 0 
8000a0000-8000c0000 ---p 00000000 00:00 0 
8000c0000-8000f0000 rw-p 00000000 00:00 0 
8000f0000-840000000 ---p 00000000 00:00 0 
55bcf4be0000-55bcf4be1000 r--p 00000000 08:20 383590                     /root/.vscode-server/extensions/redhat.java-1.14.0-linux-x64/jre/17.0.5-linux-x86_64/bin/java
55bcf4be1000-55bcf4be2000 r-xp 00001000 08:20 383590                     /root/.vscode-server/extensions/redhat.java-1.14.0-linux-x64/jre/17.0.5-linux-x86_64/bin/java
55bcf4be2000-55bcf4be3000 r--p 00002000 08:20 383590                     /root/.vscode-server/extensions/redhat.java-1.14.0-linux-x64/jre/17.0.5-linux-x86_64/bin/java
55bcf4be3000-55bcf4be4000 r--p 00002000 08:20 383590                     /root/.vscode-server/extensions/redhat.java-1.14.0-linux-x64/jre/17.0.5-linux-x86_64/bin/java
55bcf4be4000-55bcf4be5000 rw-p 00003000 08:20 383590                     /root/.vscode-server/extensions/redhat.java-1.14.0-linux-x64/jre/17.0.5-linux-x86_64/bin/java
55bcf4eb4000-55bcf4efc000 rw-p 00000000 00:00 0                          [heap]
7f9df4000000-7f9df4021000 rw-p 00000000 00:00 0 
7f9df4021000-7f9df8000000 ---p 00000000 00:00 0 
7f9df9c00000-7f9df9c50000 rw-p 00000000 00:00 0 
7f9df9c50000-7f9dfa400000 ---p 00000000 00:00 0 
7f9dfa5d7000-7f9dfa62d000 r-xp 00000000 08:20 287481                     /tmp/lwjglroot/3.3.1-build-7/liblwjgl_opengl.so
7f9dfa62d000-7f9dfa82c000 ---p 00056000 08:20 287481                     /tmp/lwjglroot/3.3.1-build-7/liblwjgl_opengl.so
7f9dfa82c000-7f9dfa82d000 r--p 00055000 08:20 287481                     /tmp/lwjglroot/3.3.1-build-7/liblwjgl_opengl.so
7f9dfa82d000-7f9dfa82e000 rw-p 00056000 08:20 287481                     /tmp/lwjglroot/3.3.1-build-7/liblwjgl_opengl.so
7f9dfb017000-7f9dfb800000 rw-s 00000000 00:01 8                          /SYSV00000000 (deleted)
7f9dfc000000-7f9dfc02a000 rw-p 00000000 00:00 0 
7f9dfc02a000-7f9e00000000 ---p 00000000 00:00 0 
7f9e00232000-7f9e00233000 rwxp 00000000 00:00 0 
7f9e00a8d000-7f9e00a8e000 ---p 00000000 00:00 0 
7f9e00a8e000-7f9e0128e000 rw-p 00000000 00:00 0 
7f9e0128e000-7f9e0128f000 ---p 00000000 00:00 0 
7f9e0128f000-7f9e01a8f000 rw-p 00000000 00:00 0 
7f9e01a8f000-7f9e01a90000 ---p 00000000 00:00 0 
7f9e01a90000-7f9e02290000 rw-p 00000000 00:00 0 
7f9e02290000-7f9e02291000 ---p 00000000 00:00 0 
7f9e02291000-7f9e02a91000 rw-p 00000000 00:00 0 
7f9e02e93000-7f9e03ffe000 r--p 00000000 00:1d 16607023626197133          /usr/lib/wsl/drivers/nv_dispi.inf_amd64_807bbbd5b556d8f2/libnvwgf2umx.so
7f9e03ffe000-7f9e05a91000 r-xp 0116b000 00:1d 16607023626197133          /usr/lib/wsl/drivers/nv_dispi.inf_amd64_807bbbd5b556d8f2/libnvwgf2umx.so
7f9e05a91000-7f9e05b93000 r--p 02bfe000 00:1d 16607023626197133          /usr/lib/wsl/drivers/nv_dispi.inf_amd64_807bbbd5b556d8f2/libnvwgf2umx.so
7f9e05b93000-7f9e067fb000 rw-p 02d00000 00:1d 16607023626197133          /usr/lib/wsl/drivers/nv_dispi.inf_amd64_807bbbd5b556d8f2/libnvwgf2umx.so
7f9e067fb000-7f9e0684a000 rw-p 00000000 00:00 0 
7f9e0684a000-7f9e0ba6b000 r-xp 00000000 08:20 7268                       /usr/lib/x86_64-linux-gnu/libLLVM-12.so.1
7f9e0ba6b000-7f9e0bf84000 r--p 05220000 08:20 7268                       /usr/lib/x86_64-linux-gnu/libLLVM-12.so.1
7f9e0bf84000-7f9e0bf8b000 rw-p 05739000 08:20 7268                       /usr/lib/x86_64-linux-gnu/libLLVM-12.so.1
7f9e0bf8b000-7f9e0c000000 rw-p 00000000 00:00 0 
7f9e0c000000-7f9e0c021000 rw-p 00000000 00:00 0 
7f9e0c021000-7f9e10000000 ---p 00000000 00:00 0 
7f9e10276000-7f9e10277000 ---p 00000000 00:00 0 
7f9e10277000-7f9e10a77000 rw-p 00000000 00:00 0 
7f9e112a6000-7f9e112ea000 r--p 00000000 00:1f 13792273859049748          /usr/lib/wsl/lib/libd3d12.so
7f9e112ea000-7f9e11363000 r-xp 00043000 00:1f 13792273859049748          /usr/lib/wsl/lib/libd3d12.so
7f9e11363000-7f9e1136b000 r--p 000bb000 00:1f 13792273859049748          /usr/lib/wsl/lib/libd3d12.so
7f9e1136b000-7f9e1136d000 rw-p 000c2000 00:1f 13792273859049748          /usr/lib/wsl/lib/libd3d12.so
7f9e1136d000-7f9e11370000 rw-p 00000000 00:00 0 
7f9e11370000-7f9e113b3000 r--p 00000000 00:1f 20266198323394879          /usr/lib/wsl/lib/libdxcore.so
7f9e113b3000-7f9e11434000 r-xp 00042000 00:1f 20266198323394879          /usr/lib/wsl/lib/libdxcore.so
7f9e11434000-7f9e1143c000 r--p 000c2000 00:1f 20266198323394879          /usr/lib/wsl/lib/libdxcore.so
7f9e1143c000-7f9e1143e000 rw-p 000c9000 00:1f 20266198323394879          /usr/lib/wsl/lib/libdxcore.so
7f9e1143e000-7f9e11441000 rw-p 00000000 00:00 0 
7f9e11441000-7f9e1144f000 r--p 00000000 08:20 11539                      /usr/lib/x86_64-linux-gnu/libtinfo.so.6.2
7f9e1144f000-7f9e1145e000 r-xp 0000e000 08:20 11539                      /usr/lib/x86_64-linux-gnu/libtinfo.so.6.2
7f9e1145e000-7f9e1146c000 r--p 0001d000 08:20 11539                      /usr/lib/x86_64-linux-gnu/libtinfo.so.6.2
7f9e1146c000-7f9e11470000 r--p 0002a000 08:20 11539                      /usr/lib/x86_64-linux-gnu/libtinfo.so.6.2
7f9e11470000-7f9e11471000 rw-p 0002e000 08:20 11539                      /usr/lib/x86_64-linux-gnu/libtinfo.so.6.2
7f9e11471000-7f9e11479000 r--p 00000000 08:20 11177                      /usr/lib/x86_64-linux-gnu/libedit.so.2.0.63
7f9e11479000-7f9e11494000 r-xp 00008000 08:20 11177                      /usr/lib/x86_64-linux-gnu/libedit.so.2.0.63
7f9e11494000-7f9e114a2000 r--p 00023000 08:20 11177                      /usr/lib/x86_64-linux-gnu/libedit.so.2.0.63
7f9e114a2000-7f9e114a4000 r--p 00030000 08:20 11177                      /usr/lib/x86_64-linux-gnu/libedit.so.2.0.63
7f9e114a4000-7f9e114a5000 rw-p 00032000 08:20 11177                      /usr/lib/x86_64-linux-gnu/libedit.so.2.0.63
7f9e114a5000-7f9e114a9000 rw-p 00000000 00:00 0 
7f9e114a9000-7f9e114ab000 r--p 00000000 08:20 11201                      /usr/lib/x86_64-linux-gnu/libffi.so.7.1.0
7f9e114ab000-7f9e114b1000 r-xp 00002000 08:20 11201                      /usr/lib/x86_64-linux-gnu/libffi.so.7.1.0
7f9e114b1000-7f9e114b2000 r--p 00008000 08:20 11201                      /usr/lib/x86_64-linux-gnu/libffi.so.7.1.0
7f9e114b2000-7f9e114b3000 ---p 00009000 08:20 11201                      /usr/lib/x86_64-linux-gnu/libffi.so.7.1.0
7f9e114b3000-7f9e114b4000 r--p 00009000 08:20 11201                      /usr/lib/x86_64-linux-gnu/libffi.so.7.1.0
7f9e114b4000-7f9e114b5000 rw-p 0000a000 08:20 11201                      /usr/lib/x86_64-linux-gnu/libffi.so.7.1.0
7f9e114b5000-7f9e114b8000 r--p 00000000 08:20 15714                      /usr/lib/x86_64-linux-gnu/libgcc_s.so.1
7f9e114b8000-7f9e114ca000 r-xp 00003000 08:20 15714                      /usr/lib/x86_64-linux-gnu/libgcc_s.so.1
7f9e114ca000-7f9e114ce000 r--p 00015000 08:20 15714                      /usr/lib/x86_64-linux-gnu/libgcc_s.so.1
7f9e114ce000-7f9e114cf000 r--p 00018000 08:20 15714                      /usr/lib/x86_64-linux-gnu/libgcc_s.so.1
7f9e114cf000-7f9e114d0000 rw-p 00019000 08:20 15714                      /usr/lib/x86_64-linux-gnu/libgcc_s.so.1
7f9e114d0000-7f9e11566000 r--p 00000000 08:20 16268                      /usr/lib/x86_64-linux-gnu/libstdc++.so.6.0.28
7f9e11566000-7f9e11657000 r-xp 00096000 08:20 16268                      /usr/lib/x86_64-linux-gnu/libstdc++.so.6.0.28
7f9e11657000-7f9e116a0000 r--p 00187000 08:20 16268                      /usr/lib/x86_64-linux-gnu/libstdc++.so.6.0.28
7f9e116a0000-7f9e116a1000 ---p 001d0000 08:20 16268                      /usr/lib/x86_64-linux-gnu/libstdc++.so.6.0.28
7f9e116a1000-7f9e116ac000 r--p 001d0000 08:20 16268                      /usr/lib/x86_64-linux-gnu/libstdc++.so.6.0.28
7f9e116ac000-7f9e116af000 rw-p 001db000 08:20 16268                      /usr/lib/x86_64-linux-gnu/libstdc++.so.6.0.28
7f9e116af000-7f9e116b2000 rw-p 00000000 00:00 0 
7f9e116b2000-7f9e116c1000 r--p 00000000 08:20 11603                      /usr/lib/x86_64-linux-gnu/libvulkan.so.1.2.131
7f9e116c1000-7f9e116f3000 r-xp 0000f000 08:20 11603                      /usr/lib/x86_64-linux-gnu/libvulkan.so.1.2.131
7f9e116f3000-7f9e11706000 r--p 00041000 08:20 11603                      /usr/lib/x86_64-linux-gnu/libvulkan.so.1.2.131
7f9e11706000-7f9e11707000 r--p 00053000 08:20 11603                      /usr/lib/x86_64-linux-gnu/libvulkan.so.1.2.131
7f9e11707000-7f9e11708000 rw-p 00054000 08:20 11603                      /usr/lib/x86_64-linux-gnu/libvulkan.so.1.2.131
7f9e11708000-7f9e1170a000 r--p 00000000 08:20 6884                       /usr/lib/x86_64-linux-gnu/libdrm_nouveau.so.2.0.0
7f9e1170a000-7f9e1170f000 r-xp 00002000 08:20 6884                       /usr/lib/x86_64-linux-gnu/libdrm_nouveau.so.2.0.0
7f9e1170f000-7f9e11711000 r--p 00007000 08:20 6884                       /usr/lib/x86_64-linux-gnu/libdrm_nouveau.so.2.0.0
7f9e11711000-7f9e11712000 r--p 00008000 08:20 6884                       /usr/lib/x86_64-linux-gnu/libdrm_nouveau.so.2.0.0
7f9e11712000-7f9e11713000 rw-p 00009000 08:20 6884                       /usr/lib/x86_64-linux-gnu/libdrm_nouveau.so.2.0.0
7f9e11713000-7f9e11716000 r--p 00000000 08:20 6837                       /usr/lib/x86_64-linux-gnu/libdrm_amdgpu.so.1.0.0
7f9e11716000-7f9e1171b000 r-xp 00003000 08:20 6837                       /usr/lib/x86_64-linux-gnu/libdrm_amdgpu.so.1.0.0
7f9e1171b000-7f9e1171d000 r--p 00008000 08:20 6837                       /usr/lib/x86_64-linux-gnu/libdrm_amdgpu.so.1.0.0
7f9e1171d000-7f9e1171e000 r--p 00009000 08:20 6837                       /usr/lib/x86_64-linux-gnu/libdrm_amdgpu.so.1.0.0
7f9e1171e000-7f9e1171f000 rw-p 0000a000 08:20 6837                       /usr/lib/x86_64-linux-gnu/libdrm_amdgpu.so.1.0.0
7f9e1171f000-7f9e11722000 r--p 00000000 08:20 11182                      /usr/lib/x86_64-linux-gnu/libelf-0.176.so
7f9e11722000-7f9e11734000 r-xp 00003000 08:20 11182                      /usr/lib/x86_64-linux-gnu/libelf-0.176.so
7f9e11734000-7f9e11739000 r--p 00015000 08:20 11182                      /usr/lib/x86_64-linux-gnu/libelf-0.176.so
7f9e11739000-7f9e1173a000 r--p 00019000 08:20 11182                      /usr/lib/x86_64-linux-gnu/libelf-0.176.so
7f9e1173a000-7f9e1173b000 rw-p 0001a000 08:20 11182                      /usr/lib/x86_64-linux-gnu/libelf-0.176.so
7f9e1173b000-7f9e1173d000 r--p 00000000 08:20 6917                       /usr/lib/x86_64-linux-gnu/libdrm_radeon.so.1.0.1
7f9e1173d000-7f9e11744000 r-xp 00002000 08:20 6917                       /usr/lib/x86_64-linux-gnu/libdrm_radeon.so.1.0.1
7f9e11744000-7f9e11748000 r--p 00009000 08:20 6917                       /usr/lib/x86_64-linux-gnu/libdrm_radeon.so.1.0.1
7f9e11748000-7f9e11749000 r--p 0000c000 08:20 6917                       /usr/lib/x86_64-linux-gnu/libdrm_radeon.so.1.0.1
7f9e11749000-7f9e1174a000 rw-p 0000d000 08:20 6917                       /usr/lib/x86_64-linux-gnu/libdrm_radeon.so.1.0.1
7f9e1174a000-7f9e1174d000 r--p 00000000 08:20 7300                       /usr/lib/x86_64-linux-gnu/libsensors.so.5.0.0
7f9e1174d000-7f9e11754000 r-xp 00003000 08:20 7300                       /usr/lib/x86_64-linux-gnu/libsensors.so.5.0.0
7f9e11754000-7f9e11759000 r--p 0000a000 08:20 7300                       /usr/lib/x86_64-linux-gnu/libsensors.so.5.0.0
7f9e11759000-7f9e1175a000 r--p 0000e000 08:20 7300                       /usr/lib/x86_64-linux-gnu/libsensors.so.5.0.0
7f9e1175a000-7f9e1175b000 rw-p 0000f000 08:20 7300                       /usr/lib/x86_64-linux-gnu/libsensors.so.5.0.0
7f9e1175b000-7f9e1175f000 r--p 00000000 08:20 10564                      /usr/lib/x86_64-linux-gnu/libzstd.so.1.4.4
7f9e1175f000-7f9e117f1000 r-xp 00004000 08:20 10564                      /usr/lib/x86_64-linux-gnu/libzstd.so.1.4.4
7f9e117f1000-7f9e11802000 r--p 00096000 08:20 10564                      /usr/lib/x86_64-linux-gnu/libzstd.so.1.4.4
7f9e11802000-7f9e11803000 r--p 000a6000 08:20 10564                      /usr/lib/x86_64-linux-gnu/libzstd.so.1.4.4
7f9e11803000-7f9e11804000 rw-p 000a7000 08:20 10564                      /usr/lib/x86_64-linux-gnu/libzstd.so.1.4.4
7f9e11804000-7f9e1199a000 r--p 00000000 08:20 7165                       /usr/lib/x86_64-linux-gnu/dri/swrast_dri.so
7f9e1199a000-7f9e12a45000 r-xp 00196000 08:20 7165                       /usr/lib/x86_64-linux-gnu/dri/swrast_dri.so
7f9e12a45000-7f9e12f0b000 r--p 01241000 08:20 7165                       /usr/lib/x86_64-linux-gnu/dri/swrast_dri.so
7f9e12f0b000-7f9e13039000 r--p 01706000 08:20 7165                       /usr/lib/x86_64-linux-gnu/dri/swrast_dri.so
7f9e13039000-7f9e13171000 rw-p 01834000 08:20 7165                       /usr/lib/x86_64-linux-gnu/dri/swrast_dri.so
7f9e13171000-7f9e1338f000 rw-p 00000000 00:00 0 
7f9e1338f000-7f9e13392000 r--p 00000000 08:20 7075                       /usr/lib/x86_64-linux-gnu/libxcb-xfixes.so.0.0.0
7f9e13392000-7f9e13395000 r-xp 00003000 08:20 7075                       /usr/lib/x86_64-linux-gnu/libxcb-xfixes.so.0.0.0
7f9e13395000-7f9e13396000 r--p 00006000 08:20 7075                       /usr/lib/x86_64-linux-gnu/libxcb-xfixes.so.0.0.0
7f9e13396000-7f9e13397000 ---p 00007000 08:20 7075                       /usr/lib/x86_64-linux-gnu/libxcb-xfixes.so.0.0.0
7f9e13397000-7f9e13398000 r--p 00007000 08:20 7075                       /usr/lib/x86_64-linux-gnu/libxcb-xfixes.so.0.0.0
7f9e13398000-7f9e13399000 rw-p 00008000 08:20 7075                       /usr/lib/x86_64-linux-gnu/libxcb-xfixes.so.0.0.0
7f9e13399000-7f9e1339a000 r-xp 00000000 08:20 11639                      /usr/lib/x86_64-linux-gnu/libxshmfence.so.1.0.0
7f9e1339a000-7f9e13599000 ---p 00001000 08:20 11639                      /usr/lib/x86_64-linux-gnu/libxshmfence.so.1.0.0
7f9e13599000-7f9e1359a000 r--p 00000000 08:20 11639                      /usr/lib/x86_64-linux-gnu/libxshmfence.so.1.0.0
7f9e1359a000-7f9e1359b000 rw-p 00001000 08:20 11639                      /usr/lib/x86_64-linux-gnu/libxshmfence.so.1.0.0
7f9e1359b000-7f9e1359e000 r--p 00000000 08:20 11625                      /usr/lib/x86_64-linux-gnu/libxcb-sync.so.1.0.0
7f9e1359e000-7f9e135a1000 r-xp 00003000 08:20 11625                      /usr/lib/x86_64-linux-gnu/libxcb-sync.so.1.0.0
7f9e135a1000-7f9e135a2000 r--p 00006000 08:20 11625                      /usr/lib/x86_64-linux-gnu/libxcb-sync.so.1.0.0
7f9e135a2000-7f9e135a3000 ---p 00007000 08:20 11625                      /usr/lib/x86_64-linux-gnu/libxcb-sync.so.1.0.0
7f9e135a3000-7f9e135a4000 r--p 00007000 08:20 11625                      /usr/lib/x86_64-linux-gnu/libxcb-sync.so.1.0.0
7f9e135a4000-7f9e135a5000 rw-p 00008000 08:20 11625                      /usr/lib/x86_64-linux-gnu/libxcb-sync.so.1.0.0
7f9e135a5000-7f9e135a6000 r--p 00000000 08:20 11619                      /usr/lib/x86_64-linux-gnu/libxcb-present.so.0.0.0
7f9e135a6000-7f9e135a7000 r-xp 00001000 08:20 11619                      /usr/lib/x86_64-linux-gnu/libxcb-present.so.0.0.0
7f9e135a7000-7f9e135a8000 r--p 00002000 08:20 11619                      /usr/lib/x86_64-linux-gnu/libxcb-present.so.0.0.0
7f9e135a8000-7f9e135a9000 r--p 00002000 08:20 11619                      /usr/lib/x86_64-linux-gnu/libxcb-present.so.0.0.0
7f9e135a9000-7f9e135aa000 rw-p 00003000 08:20 11619                      /usr/lib/x86_64-linux-gnu/libxcb-present.so.0.0.0
7f9e135aa000-7f9e135ac000 r--p 00000000 08:20 11615                      /usr/lib/x86_64-linux-gnu/libxcb-dri3.so.0.0.0
7f9e135ac000-7f9e135ad000 r-xp 00002000 08:20 11615                      /usr/lib/x86_64-linux-gnu/libxcb-dri3.so.0.0.0
7f9e135ad000-7f9e135ae000 r--p 00003000 08:20 11615                      /usr/lib/x86_64-linux-gnu/libxcb-dri3.so.0.0.0
7f9e135ae000-7f9e135af000 r--p 00003000 08:20 11615                      /usr/lib/x86_64-linux-gnu/libxcb-dri3.so.0.0.0
7f9e135af000-7f9e135b0000 rw-p 00004000 08:20 11615                      /usr/lib/x86_64-linux-gnu/libxcb-dri3.so.0.0.0
7f9e135b0000-7f9e135b4000 r--p 00000000 08:20 18253                      /usr/lib/x86_64-linux-gnu/libexpat.so.1.6.11
7f9e135b4000-7f9e135d0000 r-xp 00004000 08:20 18253                      /usr/lib/x86_64-linux-gnu/libexpat.so.1.6.11
7f9e135d0000-7f9e135da000 r--p 00020000 08:20 18253                      /usr/lib/x86_64-linux-gnu/libexpat.so.1.6.11
7f9e135da000-7f9e135db000 ---p 0002a000 08:20 18253                      /usr/lib/x86_64-linux-gnu/libexpat.so.1.6.11
7f9e135db000-7f9e135dd000 r--p 0002a000 08:20 18253                      /usr/lib/x86_64-linux-gnu/libexpat.so.1.6.11
7f9e135dd000-7f9e135de000 rw-p 0002c000 08:20 18253                      /usr/lib/x86_64-linux-gnu/libexpat.so.1.6.11
7f9e135de000-7f9e135df000 r--p 00000000 08:20 7050                       /usr/lib/x86_64-linux-gnu/libxcb-shm.so.0.0.0
7f9e135df000-7f9e135e0000 r-xp 00001000 08:20 7050                       /usr/lib/x86_64-linux-gnu/libxcb-shm.so.0.0.0
7f9e135e0000-7f9e135e1000 r--p 00002000 08:20 7050                       /usr/lib/x86_64-linux-gnu/libxcb-shm.so.0.0.0
7f9e135e1000-7f9e135e2000 r--p 00002000 08:20 7050                       /usr/lib/x86_64-linux-gnu/libxcb-shm.so.0.0.0
7f9e135e2000-7f9e135e3000 rw-p 00003000 08:20 7050                       /usr/lib/x86_64-linux-gnu/libxcb-shm.so.0.0.0
7f9e135e3000-7f9e135ee000 r--p 00000000 08:20 11617                      /usr/lib/x86_64-linux-gnu/libxcb-glx.so.0.0.0
7f9e135ee000-7f9e135f7000 r-xp 0000b000 08:20 11617                      /usr/lib/x86_64-linux-gnu/libxcb-glx.so.0.0.0
7f9e135f7000-7f9e135fc000 r--p 00014000 08:20 11617                      /usr/lib/x86_64-linux-gnu/libxcb-glx.so.0.0.0
7f9e135fc000-7f9e135fd000 ---p 00019000 08:20 11617                      /usr/lib/x86_64-linux-gnu/libxcb-glx.so.0.0.0
7f9e135fd000-7f9e135ff000 r--p 00019000 08:20 11617                      /usr/lib/x86_64-linux-gnu/libxcb-glx.so.0.0.0
7f9e135ff000-7f9e13600000 rw-p 0001b000 08:20 11617                      /usr/lib/x86_64-linux-gnu/libxcb-glx.so.0.0.0
7f9e13600000-7f9e13605000 r--p 00000000 08:20 19124                      /usr/lib/x86_64-linux-gnu/libdrm.so.2.4.0
7f9e13605000-7f9e13610000 r-xp 00005000 08:20 19124                      /usr/lib/x86_64-linux-gnu/libdrm.so.2.4.0
7f9e13610000-7f9e13614000 r--p 00010000 08:20 19124                      /usr/lib/x86_64-linux-gnu/libdrm.so.2.4.0
7f9e13614000-7f9e13615000 r--p 00013000 08:20 19124                      /usr/lib/x86_64-linux-gnu/libdrm.so.2.4.0
7f9e13615000-7f9e13616000 rw-p 00014000 08:20 19124                      /usr/lib/x86_64-linux-gnu/libdrm.so.2.4.0
7f9e13616000-7f9e1362f000 r--p 00000000 08:20 7111                       /usr/lib/x86_64-linux-gnu/libGLX_mesa.so.0.0.0
7f9e1362f000-7f9e13673000 r-xp 00019000 08:20 7111                       /usr/lib/x86_64-linux-gnu/libGLX_mesa.so.0.0.0
7f9e13673000-7f9e1368a000 r--p 0005d000 08:20 7111                       /usr/lib/x86_64-linux-gnu/libGLX_mesa.so.0.0.0
7f9e1368a000-7f9e1368d000 r--p 00073000 08:20 7111                       /usr/lib/x86_64-linux-gnu/libGLX_mesa.so.0.0.0
7f9e1368d000-7f9e1368e000 rw-p 00076000 08:20 7111                       /usr/lib/x86_64-linux-gnu/libGLX_mesa.so.0.0.0
7f9e1368e000-7f9e1368f000 rw-p 00000000 00:00 0 
7f9e1368f000-7f9e136cf000 r--p 00000000 08:20 3793                       /usr/lib/x86_64-linux-gnu/libGLdispatch.so.0.0.0
7f9e136cf000-7f9e1370e000 r-xp 00040000 08:20 3793                       /usr/lib/x86_64-linux-gnu/libGLdispatch.so.0.0.0
7f9e1370e000-7f9e13722000 r--p 0007f000 08:20 3793                       /usr/lib/x86_64-linux-gnu/libGLdispatch.so.0.0.0
7f9e13722000-7f9e1373e000 r--p 00092000 08:20 3793                       /usr/lib/x86_64-linux-gnu/libGLdispatch.so.0.0.0
7f9e1373e000-7f9e1373f000 rw-p 000ae000 08:20 3793                       /usr/lib/x86_64-linux-gnu/libGLdispatch.so.0.0.0
7f9e1373f000-7f9e13747000 rw-p 00000000 00:00 0 
7f9e13747000-7f9e1378a000 r--p 00000000 08:20 3647                       /usr/lib/x86_64-linux-gnu/libGL.so.1.7.0
7f9e1378a000-7f9e137aa000 r-xp 00043000 08:20 3647                       /usr/lib/x86_64-linux-gnu/libGL.so.1.7.0
7f9e137aa000-7f9e137bf000 r--p 00063000 08:20 3647                       /usr/lib/x86_64-linux-gnu/libGL.so.1.7.0
7f9e137bf000-7f9e137cd000 r--p 00077000 08:20 3647                       /usr/lib/x86_64-linux-gnu/libGL.so.1.7.0
7f9e137cd000-7f9e137ce000 rw-p 00085000 08:20 3647                       /usr/lib/x86_64-linux-gnu/libGL.so.1.7.0
7f9e137ce000-7f9e137cf000 rw-p 00000000 00:00 0 
7f9e137cf000-7f9e137d8000 r-xp 00000000 08:20 11057                      /usr/lib/x86_64-linux-gnu/libXrender.so.1.3.0
7f9e137d8000-7f9e139d7000 ---p 00009000 08:20 11057                      /usr/lib/x86_64-linux-gnu/libXrender.so.1.3.0
7f9e139d7000-7f9e139d8000 r--p 00008000 08:20 11057                      /usr/lib/x86_64-linux-gnu/libXrender.so.1.3.0
7f9e139d8000-7f9e139d9000 rw-p 00009000 08:20 11057                      /usr/lib/x86_64-linux-gnu/libXrender.so.1.3.0
7f9e139d9000-7f9e139f1000 r--p 00000000 08:20 13542                      /usr/lib/x86_64-linux-gnu/libX11.so.6.3.0
7f9e139f1000-7f9e13a7c000 r-xp 00018000 08:20 13542                      /usr/lib/x86_64-linux-gnu/libX11.so.6.3.0
7f9e13a7c000-7f9e13b10000 r--p 000a3000 08:20 13542                      /usr/lib/x86_64-linux-gnu/libX11.so.6.3.0
7f9e13b10000-7f9e13b11000 ---p 00137000 08:20 13542                      /usr/lib/x86_64-linux-gnu/libX11.so.6.3.0
7f9e13b11000-7f9e13b12000 r--p 00137000 08:20 13542                      /usr/lib/x86_64-linux-gnu/libX11.so.6.3.0
7f9e13b12000-7f9e13b16000 rw-p 00138000 08:20 13542                      /usr/lib/x86_64-linux-gnu/libX11.so.6.3.0
7f9e13b16000-7f9e13b6d000 r-xp 00000000 08:20 287479                     /tmp/lwjglroot/3.3.1-build-7/libglfw.so
7f9e13b6d000-7f9e13d6c000 ---p 00057000 08:20 287479                     /tmp/lwjglroot/3.3.1-build-7/libglfw.so
7f9e13d6c000-7f9e13d6f000 r--p 00056000 08:20 287479                     /tmp/lwjglroot/3.3.1-build-7/libglfw.so
7f9e13d6f000-7f9e13d71000 rw-p 00059000 08:20 287479                     /tmp/lwjglroot/3.3.1-build-7/libglfw.so
7f9e13d71000-7f9e13d94000 rw-p 00000000 00:00 0 
7f9e13d94000-7f9e13dff000 r-xp 00000000 08:20 287478                     /tmp/lwjglroot/3.3.1-build-7/liblwjgl.so
7f9e13dff000-7f9e13ffe000 ---p 0006b000 08:20 287478                     /tmp/lwjglroot/3.3.1-build-7/liblwjgl.so
7f9e13ffe000-7f9e13fff000 r--p 0006a000 08:20 287478                     /tmp/lwjglroot/3.3.1-build-7/liblwjgl.so
7f9e13fff000-7f9e14000000 rw-p 0006b000 08:20 287478                     /tmp/lwjglroot/3.3.1-build-7/liblwjgl.so
7f9e14000000-7f9e14021000 rw-p 00000000 00:00 0 
7f9e14021000-7f9e18000000 ---p 00000000 00:00 0 
7f9e18000000-7f9e18021000 rw-p 00000000 00:00 0 
7f9e18021000-7f9e1c000000 ---p 00000000 00:00 0 
7f9e1c000000-7f9e1c021000 rw-p 00000000 00:00 0 
7f9e1c021000-7f9e20000000 ---p 00000000 00:00 0 
7f9e20000000-7f9e20021000 rw-p 00000000 00:00 0 
7f9e20021000-7f9e24000000 ---p 00000000 00:00 0 
7f9e24000000-7f9e240a0000 rw-p 00000000 00:00 0 
7f9e240a0000-7f9e28000000 ---p 00000000 00:00 0 
7f9e28000000-7f9e28021000 rw-p 00000000 00:00 0 
7f9e28021000-7f9e2c000000 ---p 00000000 00:00 0 
7f9e2c000000-7f9e2c106000 rw-p 00000000 00:00 0 
7f9e2c106000-7f9e30000000 ---p 00000000 00:00 0 
7f9e30000000-7f9e30021000 rw-p 00000000 00:00 0 
7f9e30021000-7f9e34000000 ---p 00000000 00:00 0 
7f9e34000000-7f9e34021000 rw-p 00000000 00:00 0 
7f9e34021000-7f9e38000000 ---p 00000000 00:00 0 
7f9e38000000-7f9e380a3000 rw-p 00000000 00:00 0 
7f9e380a3000-7f9e3c000000 ---p 00000000 00:00 0 
7f9e3c000000-7f9e3c021000 rw-p 00000000 00:00 0 
7f9e3c021000-7f9e40000000 ---p 00000000 00:00 0 
7f9e40000000-7f9e40021000 rw-p 00000000 00:00 0 
7f9e40021000-7f9e44000000 ---p 00000000 00:00 0 
7f9e44000000-7f9e44021000 rw-p 00000000 00:00 0 
7f9e44021000-7f9e48000000 ---p 00000000 00:00 0 
7f9e48000000-7f9e48021000 rw-p 00000000 00:00 0 
7f9e48021000-7f9e4c000000 ---p 00000000 00:00 0 
7f9e4c000000-7f9e4c021000 rw-p 00000000 00:00 0 
7f9e4c021000-7f9e50000000 ---p 00000000 00:00 0 
7f9e50000000-7f9e50021000 rw-p 00000000 00:00 0 
7f9e50021000-7f9e54000000 ---p 00000000 00:00 0 
7f9e54000000-7f9e54021000 rw-p 00000000 00:00 0 
7f9e54021000-7f9e58000000 ---p 00000000 00:00 0 
7f9e58004000-7f9e58006000 r--p 00000000 08:20 11613                      /usr/lib/x86_64-linux-gnu/libxcb-dri2.so.0.0.0
7f9e58006000-7f9e58008000 r-xp 00002000 08:20 11613                      /usr/lib/x86_64-linux-gnu/libxcb-dri2.so.0.0.0
7f9e58008000-7f9e58009000 r--p 00004000 08:20 11613                      /usr/lib/x86_64-linux-gnu/libxcb-dri2.so.0.0.0
7f9e58009000-7f9e5800a000 r--p 00004000 08:20 11613                      /usr/lib/x86_64-linux-gnu/libxcb-dri2.so.0.0.0
7f9e5800a000-7f9e5800b000 rw-p 00005000 08:20 11613                      /usr/lib/x86_64-linux-gnu/libxcb-dri2.so.0.0.0
7f9e5800b000-7f9e58018000 r--p 00000000 08:20 7199                       /usr/lib/x86_64-linux-gnu/libglapi.so.0.0.0
7f9e58018000-7f9e58026000 r-xp 0000d000 08:20 7199                       /usr/lib/x86_64-linux-gnu/libglapi.so.0.0.0
7f9e58026000-7f9e5803f000 r--p 0001b000 08:20 7199                       /usr/lib/x86_64-linux-gnu/libglapi.so.0.0.0
7f9e5803f000-7f9e58040000 ---p 00034000 08:20 7199                       /usr/lib/x86_64-linux-gnu/libglapi.so.0.0.0
7f9e58040000-7f9e58044000 r--p 00034000 08:20 7199                       /usr/lib/x86_64-linux-gnu/libglapi.so.0.0.0
7f9e58044000-7f9e58045000 rw-p 00038000 08:20 7199                       /usr/lib/x86_64-linux-gnu/libglapi.so.0.0.0
7f9e58045000-7f9e58046000 rw-p 00000000 00:00 0 
7f9e58046000-7f9e58049000 r--p 00000000 08:20 3717                       /usr/lib/x86_64-linux-gnu/libGLX.so.0.0.0
7f9e58049000-7f9e58064000 r-xp 00003000 08:20 3717                       /usr/lib/x86_64-linux-gnu/libGLX.so.0.0.0
7f9e58064000-7f9e58068000 r--p 0001e000 08:20 3717                       /usr/lib/x86_64-linux-gnu/libGLX.so.0.0.0
7f9e58068000-7f9e58069000 r--p 00021000 08:20 3717                       /usr/lib/x86_64-linux-gnu/libGLX.so.0.0.0
7f9e58069000-7f9e5806a000 rw-p 00022000 08:20 3717                       /usr/lib/x86_64-linux-gnu/libGLX.so.0.0.0
7f9e5806a000-7f9e5807a000 rw-p 00000000 00:00 0 
7f9e5807a000-7f9e5807b000 r--p 00000000 08:20 7021                       /usr/lib/x86_64-linux-gnu/libX11-xcb.so.1.0.0
7f9e5807b000-7f9e5807c000 r-xp 00001000 08:20 7021                       /usr/lib/x86_64-linux-gnu/libX11-xcb.so.1.0.0
7f9e5807c000-7f9e5807d000 r--p 00002000 08:20 7021                       /usr/lib/x86_64-linux-gnu/libX11-xcb.so.1.0.0
7f9e5807d000-7f9e5807e000 r--p 00002000 08:20 7021                       /usr/lib/x86_64-linux-gnu/libX11-xcb.so.1.0.0
7f9e5807e000-7f9e5807f000 rw-p 00003000 08:20 7021                       /usr/lib/x86_64-linux-gnu/libX11-xcb.so.1.0.0
7f9e5807f000-7f9e58080000 r--p 00000000 08:20 11047                      /usr/lib/x86_64-linux-gnu/libXinerama.so.1.0.0
7f9e58080000-7f9e58081000 r-xp 00001000 08:20 11047                      /usr/lib/x86_64-linux-gnu/libXinerama.so.1.0.0
7f9e58081000-7f9e58082000 r--p 00002000 08:20 11047                      /usr/lib/x86_64-linux-gnu/libXinerama.so.1.0.0
7f9e58082000-7f9e58083000 r--p 00002000 08:20 11047                      /usr/lib/x86_64-linux-gnu/libXinerama.so.1.0.0
7f9e58083000-7f9e58084000 rw-p 00003000 08:20 11047                      /usr/lib/x86_64-linux-gnu/libXinerama.so.1.0.0
7f9e58084000-7f9e58086000 r--p 00000000 08:20 11041                      /usr/lib/x86_64-linux-gnu/libXfixes.so.3.1.0
7f9e58086000-7f9e58089000 r-xp 00002000 08:20 11041                      /usr/lib/x86_64-linux-gnu/libXfixes.so.3.1.0
7f9e58089000-7f9e5808a000 r--p 00005000 08:20 11041                      /usr/lib/x86_64-linux-gnu/libXfixes.so.3.1.0
7f9e5808a000-7f9e5808b000 r--p 00005000 08:20 11041                      /usr/lib/x86_64-linux-gnu/libXfixes.so.3.1.0
7f9e5808b000-7f9e5808c000 rw-p 00006000 08:20 11041                      /usr/lib/x86_64-linux-gnu/libXfixes.so.3.1.0
7f9e5808c000-7f9e5808f000 r--p 00000000 08:20 377593                     /usr/lib/x86_64-linux-gnu/libXcursor.so.1.0.2
7f9e5808f000-7f9e58095000 r-xp 00003000 08:20 377593                     /usr/lib/x86_64-linux-gnu/libXcursor.so.1.0.2
7f9e58095000-7f9e58097000 r--p 00009000 08:20 377593                     /usr/lib/x86_64-linux-gnu/libXcursor.so.1.0.2
7f9e58097000-7f9e58098000 r--p 0000a000 08:20 377593                     /usr/lib/x86_64-linux-gnu/libXcursor.so.1.0.2
7f9e58098000-7f9e58099000 rw-p 0000b000 08:20 377593                     /usr/lib/x86_64-linux-gnu/libXcursor.so.1.0.2
7f9e58099000-7f9e5809b000 r--p 00000000 08:20 11055                      /usr/lib/x86_64-linux-gnu/libXrandr.so.2.2.0
7f9e5809b000-7f9e580a2000 r-xp 00002000 08:20 11055                      /usr/lib/x86_64-linux-gnu/libXrandr.so.2.2.0
7f9e580a2000-7f9e580a4000 r--p 00009000 08:20 11055                      /usr/lib/x86_64-linux-gnu/libXrandr.so.2.2.0
7f9e580a4000-7f9e580a5000 r--p 0000a000 08:20 11055                      /usr/lib/x86_64-linux-gnu/libXrandr.so.2.2.0
7f9e580a5000-7f9e580a6000 rw-p 0000b000 08:20 11055                      /usr/lib/x86_64-linux-gnu/libXrandr.so.2.2.0
7f9e580a6000-7f9e580a8000 r--p 00000000 08:20 11045                      /usr/lib/x86_64-linux-gnu/libXi.so.6.1.0
7f9e580a8000-7f9e580b3000 r-xp 00002000 08:20 11045                      /usr/lib/x86_64-linux-gnu/libXi.so.6.1.0
7f9e580b3000-7f9e580b6000 r--p 0000d000 08:20 11045                      /usr/lib/x86_64-linux-gnu/libXi.so.6.1.0
7f9e580b6000-7f9e580b7000 r--p 0000f000 08:20 11045                      /usr/lib/x86_64-linux-gnu/libXi.so.6.1.0
7f9e580b7000-7f9e580b8000 rw-p 00010000 08:20 11045                      /usr/lib/x86_64-linux-gnu/libXi.so.6.1.0
7f9e580b8000-7f9e580bc000 r--p 00000000 08:20 11039                      /usr/lib/x86_64-linux-gnu/libXext.so.6.4.0
7f9e580bc000-7f9e580c7000 r-xp 00004000 08:20 11039                      /usr/lib/x86_64-linux-gnu/libXext.so.6.4.0
7f9e580c7000-7f9e580cb000 r--p 0000f000 08:20 11039                      /usr/lib/x86_64-linux-gnu/libXext.so.6.4.0
7f9e580cb000-7f9e580cc000 r--p 00012000 08:20 11039                      /usr/lib/x86_64-linux-gnu/libXext.so.6.4.0
7f9e580cc000-7f9e580cd000 rw-p 00013000 08:20 11039                      /usr/lib/x86_64-linux-gnu/libXext.so.6.4.0
7f9e580cd000-7f9e580d1000 r--p 00000000 08:20 11112                      /usr/lib/x86_64-linux-gnu/libbsd.so.0.10.0
7f9e580d1000-7f9e580e0000 r-xp 00004000 08:20 11112                      /usr/lib/x86_64-linux-gnu/libbsd.so.0.10.0
7f9e580e0000-7f9e580e3000 r--p 00013000 08:20 11112                      /usr/lib/x86_64-linux-gnu/libbsd.so.0.10.0
7f9e580e3000-7f9e580e4000 ---p 00016000 08:20 11112                      /usr/lib/x86_64-linux-gnu/libbsd.so.0.10.0
7f9e580e4000-7f9e580e5000 r--p 00016000 08:20 11112                      /usr/lib/x86_64-linux-gnu/libbsd.so.0.10.0
7f9e580e5000-7f9e580e6000 rw-p 00017000 08:20 11112                      /usr/lib/x86_64-linux-gnu/libbsd.so.0.10.0
7f9e580e6000-7f9e580e7000 rw-p 00000000 00:00 0 
7f9e580e7000-7f9e580e9000 r--p 00000000 08:20 11037                      /usr/lib/x86_64-linux-gnu/libXdmcp.so.6.0.0
7f9e580e9000-7f9e580eb000 r-xp 00002000 08:20 11037                      /usr/lib/x86_64-linux-gnu/libXdmcp.so.6.0.0
7f9e580eb000-7f9e580ed000 r--p 00004000 08:20 11037                      /usr/lib/x86_64-linux-gnu/libXdmcp.so.6.0.0
7f9e580ed000-7f9e580ee000 r--p 00005000 08:20 11037                      /usr/lib/x86_64-linux-gnu/libXdmcp.so.6.0.0
7f9e580ee000-7f9e580ef000 rw-p 00006000 08:20 11037                      /usr/lib/x86_64-linux-gnu/libXdmcp.so.6.0.0
7f9e580ef000-7f9e580fa000 r--p 00000000 08:20 11627                      /usr/lib/x86_64-linux-gnu/libxcb.so.1.1.0
7f9e580fa000-7f9e5810e000 r-xp 0000b000 08:20 11627                      /usr/lib/x86_64-linux-gnu/libxcb.so.1.1.0
7f9e5810e000-7f9e58117000 r--p 0001f000 08:20 11627                      /usr/lib/x86_64-linux-gnu/libxcb.so.1.1.0
7f9e58117000-7f9e58118000 r--p 00027000 08:20 11627                      /usr/lib/x86_64-linux-gnu/libxcb.so.1.1.0
7f9e58118000-7f9e58119000 rw-p 00028000 08:20 11627                      /usr/lib/x86_64-linux-gnu/libxcb.so.1.1.0
7f9e58125000-7f9e58129000 r--p 00000000 08:20 383995                     /root/.vscode-server/extensions/redhat.java-1.14.0-linux-x64/jre/17.0.5-linux-x86_64/lib/libverify.so
7f9e58129000-7f9e58130000 r-xp 00004000 08:20 383995                     /root/.vscode-server/extensions/redhat.java-1.14.0-linux-x64/jre/17.0.5-linux-x86_64/lib/libverify.so
7f9e58130000-7f9e58132000 r--p 0000b000 08:20 383995                     /root/.vscode-server/extensions/redhat.java-1.14.0-linux-x64/jre/17.0.5-linux-x86_64/lib/libverify.so
7f9e58132000-7f9e58134000 r--p 0000c000 08:20 383995                     /root/.vscode-server/extensions/redhat.java-1.14.0-linux-x64/jre/17.0.5-linux-x86_64/lib/libverify.so
7f9e58134000-7f9e58135000 rw-p 0000e000 08:20 383995                     /root/.vscode-server/extensions/redhat.java-1.14.0-linux-x64/jre/17.0.5-linux-x86_64/lib/libverify.so
7f9e58135000-7f9e58166000 rw-p 00000000 00:00 0 
7f9e58166000-7f9e5816a000 ---p 00000000 00:00 0 
7f9e5816a000-7f9e58267000 rw-p 00000000 00:00 0 
7f9e58267000-7f9e58268000 ---p 00000000 00:00 0 
7f9e58268000-7f9e58369000 rw-p 00000000 00:00 0 
7f9e58369000-7f9e5836d000 ---p 00000000 00:00 0 
7f9e5836d000-7f9e5846a000 rw-p 00000000 00:00 0 
7f9e5846a000-7f9e5846e000 ---p 00000000 00:00 0 
7f9e5846e000-7f9e5856b000 rw-p 00000000 00:00 0 
7f9e5856b000-7f9e5856f000 ---p 00000000 00:00 0 
7f9e5856f000-7f9e5866c000 rw-p 00000000 00:00 0 
7f9e5866c000-7f9e58670000 ---p 00000000 00:00 0 
7f9e58670000-7f9e5876d000 rw-p 00000000 00:00 0 
7f9e5876d000-7f9e58771000 ---p 00000000 00:00 0 
7f9e58771000-7f9e5886e000 rw-p 00000000 00:00 0 
7f9e5886e000-7f9e58872000 ---p 00000000 00:00 0 
7f9e58872000-7f9e5896f000 rw-p 00000000 00:00 0 
7f9e5896f000-7f9e58973000 ---p 00000000 00:00 0 
7f9e58973000-7f9e58a70000 rw-p 00000000 00:00 0 
7f9e58a70000-7f9e58a74000 ---p 00000000 00:00 0 
7f9e58a74000-7f9e58b71000 rw-p 00000000 00:00 0 
7f9e58b71000-7f9e58b75000 ---p 00000000 00:00 0 
7f9e58b75000-7f9e58c72000 rw-p 00000000 00:00 0 
7f9e58c72000-7f9e58c76000 ---p 00000000 00:00 0 
7f9e58c76000-7f9e58d73000 rw-p 00000000 00:00 0 
7f9e58d73000-7f9e58d77000 ---p 00000000 00:00 0 
7f9e58d77000-7f9e58e74000 rw-p 00000000 00:00 0 
7f9e58e74000-7f9e58ea6000 r--p 00000000 08:20 20356                      /usr/lib/locale/C.UTF-8/LC_CTYPE
7f9e58ea6000-7f9e59019000 r--p 00000000 08:20 20355                      /usr/lib/locale/C.UTF-8/LC_COLLATE
7f9e59019000-7f9e592ff000 r--p 00000000 08:20 4069                       /usr/lib/locale/locale-archive
7f9e592ff000-7f9e59303000 ---p 00000000 00:00 0 
7f9e59303000-7f9e59800000 rw-p 00000000 00:00 0 
7f9e59800000-7f9e598c0000 rw-p 00000000 00:00 0 
7f9e598c0000-7f9e59900000 rw-p 00000000 00:00 0 
7f9e59900000-7f9e59af0000 rw-p 00000000 00:00 0 
7f9e59af0000-7f9e59b00000 ---p 00000000 00:00 0 
7f9e59b00000-7f9e59bc0000 rw-p 00000000 00:00 0 
7f9e59bc0000-7f9e59c00000 rw-p 00000000 00:00 0 
7f9e59c00000-7f9e59c01000 r--p 00000000 08:20 11067                      /usr/lib/x86_64-linux-gnu/libXxf86vm.so.1.0.0
7f9e59c01000-7f9e59c04000 r-xp 00001000 08:20 11067                      /usr/lib/x86_64-linux-gnu/libXxf86vm.so.1.0.0
7f9e59c04000-7f9e59c05000 r--p 00004000 08:20 11067                      /usr/lib/x86_64-linux-gnu/libXxf86vm.so.1.0.0
7f9e59c05000-7f9e59c06000 r--p 00004000 08:20 11067                      /usr/lib/x86_64-linux-gnu/libXxf86vm.so.1.0.0
7f9e59c06000-7f9e59c07000 rw-p 00005000 08:20 11067                      /usr/lib/x86_64-linux-gnu/libXxf86vm.so.1.0.0
7f9e59c07000-7f9e59c0b000 r--p 00000000 08:20 383988                     /root/.vscode-server/extensions/redhat.java-1.14.0-linux-x64/jre/17.0.5-linux-x86_64/lib/libnet.so
7f9e59c0b000-7f9e59c19000 r-xp 00004000 08:20 383988                     /root/.vscode-server/extensions/redhat.java-1.14.0-linux-x64/jre/17.0.5-linux-x86_64/lib/libnet.so
7f9e59c19000-7f9e59c1d000 r--p 00012000 08:20 383988                     /root/.vscode-server/extensions/redhat.java-1.14.0-linux-x64/jre/17.0.5-linux-x86_64/lib/libnet.so
7f9e59c1d000-7f9e59c1e000 r--p 00015000 08:20 383988                     /root/.vscode-server/extensions/redhat.java-1.14.0-linux-x64/jre/17.0.5-linux-x86_64/lib/libnet.so
7f9e59c1e000-7f9e59c1f000 rw-p 00016000 08:20 383988                     /root/.vscode-server/extensions/redhat.java-1.14.0-linux-x64/jre/17.0.5-linux-x86_64/lib/libnet.so
7f9e59c1f000-7f9e59c23000 ---p 00000000 00:00 0 
7f9e59c23000-7f9e59d20000 rw-p 00000000 00:00 0 
7f9e59d20000-7f9e59d21000 ---p 00000000 00:00 0 
7f9e59d21000-7f9e59efe000 rw-p 00000000 00:00 0 
7f9e59efe000-7f9e59eff000 ---p 00000000 00:00 0 
7f9e59eff000-7f9e5c000000 rw-p 00000000 00:00 0 
7f9e5c000000-7f9e5c021000 rw-p 00000000 00:00 0 
7f9e5c021000-7f9e60000000 ---p 00000000 00:00 0 
7f9e60000000-7f9e60021000 rw-p 00000000 00:00 0 
7f9e60021000-7f9e64000000 ---p 00000000 00:00 0 
7f9e64000000-7f9e64021000 rw-p 00000000 00:00 0 
7f9e64021000-7f9e68000000 ---p 00000000 00:00 0 
7f9e68003000-7f9e68004000 r--p 00000000 08:20 11028                      /usr/lib/x86_64-linux-gnu/libXau.so.6.0.0
7f9e68004000-7f9e68006000 r-xp 00001000 08:20 11028                      /usr/lib/x86_64-linux-gnu/libXau.so.6.0.0
7f9e68006000-7f9e68007000 r--p 00003000 08:20 11028                      /usr/lib/x86_64-linux-gnu/libXau.so.6.0.0
7f9e68007000-7f9e68008000 r--p 00003000 08:20 11028                      /usr/lib/x86_64-linux-gnu/libXau.so.6.0.0
7f9e68008000-7f9e68009000 rw-p 00004000 08:20 11028                      /usr/lib/x86_64-linux-gnu/libXau.so.6.0.0
7f9e68009000-7f9e6800a000 rw-p 00000000 00:00 0 
7f9e6800a000-7f9e6800b000 r-xp 00053000 08:20 287478                     /tmp/lwjglroot/3.3.1-build-7/liblwjgl.so
7f9e6800b000-7f9e6800c000 rw-p 00000000 00:00 0 
7f9e6800c000-7f9e68013000 r--p 00000000 08:20 383989                     /root/.vscode-server/extensions/redhat.java-1.14.0-linux-x64/jre/17.0.5-linux-x86_64/lib/libnio.so
7f9e68013000-7f9e6801c000 r-xp 00007000 08:20 383989                     /root/.vscode-server/extensions/redhat.java-1.14.0-linux-x64/jre/17.0.5-linux-x86_64/lib/libnio.so
7f9e6801c000-7f9e68020000 r--p 00010000 08:20 383989                     /root/.vscode-server/extensions/redhat.java-1.14.0-linux-x64/jre/17.0.5-linux-x86_64/lib/libnio.so
7f9e68020000-7f9e68021000 ---p 00014000 08:20 383989                     /root/.vscode-server/extensions/redhat.java-1.14.0-linux-x64/jre/17.0.5-linux-x86_64/lib/libnio.so
7f9e68021000-7f9e68022000 r--p 00014000 08:20 383989                     /root/.vscode-server/extensions/redhat.java-1.14.0-linux-x64/jre/17.0.5-linux-x86_64/lib/libnio.so
7f9e68022000-7f9e68023000 rw-p 00015000 08:20 383989                     /root/.vscode-server/extensions/redhat.java-1.14.0-linux-x64/jre/17.0.5-linux-x86_64/lib/libnio.so
7f9e68023000-7f9e68025000 r--p 00000000 08:20 383967                     /root/.vscode-server/extensions/redhat.java-1.14.0-linux-x64/jre/17.0.5-linux-x86_64/lib/libdt_socket.so
7f9e68025000-7f9e68028000 r-xp 00002000 08:20 383967                     /root/.vscode-server/extensions/redhat.java-1.14.0-linux-x64/jre/17.0.5-linux-x86_64/lib/libdt_socket.so
7f9e68028000-7f9e68029000 r--p 00005000 08:20 383967                     /root/.vscode-server/extensions/redhat.java-1.14.0-linux-x64/jre/17.0.5-linux-x86_64/lib/libdt_socket.so
7f9e68029000-7f9e6802a000 ---p 00006000 08:20 383967                     /root/.vscode-server/extensions/redhat.java-1.14.0-linux-x64/jre/17.0.5-linux-x86_64/lib/libdt_socket.so
7f9e6802a000-7f9e6802b000 r--p 00006000 08:20 383967                     /root/.vscode-server/extensions/redhat.java-1.14.0-linux-x64/jre/17.0.5-linux-x86_64/lib/libdt_socket.so
7f9e6802b000-7f9e6802c000 rw-p 00007000 08:20 383967                     /root/.vscode-server/extensions/redhat.java-1.14.0-linux-x64/jre/17.0.5-linux-x86_64/lib/libdt_socket.so
7f9e6802c000-7f9e6802d000 ---p 00000000 00:00 0 
7f9e6802d000-7f9e69542000 rw-p 00000000 00:00 0 
7f9e69542000-7f9e69543000 ---p 00000000 00:00 0 
7f9e69543000-7f9e69644000 rw-p 00000000 00:00 0 
7f9e69644000-7f9e69645000 ---p 00000000 00:00 0 
7f9e69645000-7f9e69746000 rw-p 00000000 00:00 0 
7f9e69746000-7f9e69747000 ---p 00000000 00:00 0 
7f9e69747000-7f9e6a154000 rw-p 00000000 00:00 0 
7f9e6a154000-7f9e71654000 ---p 00000000 00:00 0 
7f9e71654000-7f9e71e24000 rw-p 00000000 00:00 0 
7f9e71e24000-7f9e79324000 ---p 00000000 00:00 0 
7f9e79324000-7f9e7941e000 rw-p 00000000 00:00 0 
7f9e7941e000-7f9e7a2be000 ---p 00000000 00:00 0 
7f9e7a2be000-7f9e7a3b8000 rw-p 00000000 00:00 0 
7f9e7a3b8000-7f9e7b258000 ---p 00000000 00:00 0 
7f9e7b258000-7f9e7b352000 rw-p 00000000 00:00 0 
7f9e7b352000-7f9e7c1f2000 ---p 00000000 00:00 0 
7f9e7c1f2000-7f9e7d000000 rw-p 00000000 00:00 0 
7f9e7d000000-7f9e7d270000 rwxp 00000000 00:00 0 
7f9e7d270000-7f9e7d741000 ---p 00000000 00:00 0 
7f9e7d741000-7f9e7d9b1000 rwxp 00000000 00:00 0 
7f9e7d9b1000-7f9e84ba0000 ---p 00000000 00:00 0 
7f9e84ba0000-7f9e84e10000 rwxp 00000000 00:00 0 
7f9e84e10000-7f9e8c000000 ---p 00000000 00:00 0 
7f9e8c000000-7f9e8cc73000 rw-p 00000000 00:00 0 
7f9e8cc73000-7f9e90000000 ---p 00000000 00:00 0 
7f9e90000000-7f9e90001000 r--p 00000000 08:20 20362                      /usr/lib/locale/C.UTF-8/LC_NUMERIC
7f9e90001000-7f9e90002000 r--p 00000000 08:20 20365                      /usr/lib/locale/C.UTF-8/LC_TIME
7f9e90002000-7f9e90003000 r--p 00000000 08:20 20360                      /usr/lib/locale/C.UTF-8/LC_MONETARY
7f9e90003000-7f9e90004000 r--p 00000000 08:20 20359                      /usr/lib/locale/C.UTF-8/LC_MESSAGES/SYS_LC_MESSAGES
7f9e90004000-7f9e90005000 r--p 00000000 08:20 20363                      /usr/lib/locale/C.UTF-8/LC_PAPER
7f9e90005000-7f9e90006000 r--p 00000000 08:20 20361                      /usr/lib/locale/C.UTF-8/LC_NAME
7f9e90006000-7f9e9000d000 r--s 00000000 08:20 40715                      /usr/lib/x86_64-linux-gnu/gconv/gconv-modules.cache
7f9e9000d000-7f9e906d7000 rw-p 00000000 00:00 0 
7f9e906d7000-7f9e907bb000 ---p 00000000 00:00 0 
7f9e907bb000-7f9e907c0000 rw-p 00000000 00:00 0 
7f9e907c0000-7f9e908a4000 ---p 00000000 00:00 0 
7f9e908a4000-7f9e908a9000 rw-p 00000000 00:00 0 
7f9e908a9000-7f9e908b3000 ---p 00000000 00:00 0 
7f9e908b3000-7f9e908b6000 r--p 00000000 08:20 37895                      /usr/lib/x86_64-linux-gnu/libnss_files-2.31.so
7f9e908b6000-7f9e908bd000 r-xp 00003000 08:20 37895                      /usr/lib/x86_64-linux-gnu/libnss_files-2.31.so
7f9e908bd000-7f9e908bf000 r--p 0000a000 08:20 37895                      /usr/lib/x86_64-linux-gnu/libnss_files-2.31.so
7f9e908bf000-7f9e908c0000 r--p 0000b000 08:20 37895                      /usr/lib/x86_64-linux-gnu/libnss_files-2.31.so
7f9e908c0000-7f9e908c1000 rw-p 0000c000 08:20 37895                      /usr/lib/x86_64-linux-gnu/libnss_files-2.31.so
7f9e908c1000-7f9e908c7000 rw-p 00000000 00:00 0 
7f9e908c7000-7f9e908c8000 r--p 00000000 08:20 20354                      /usr/lib/locale/C.UTF-8/LC_ADDRESS
7f9e908c8000-7f9e908c9000 r--p 00000000 08:20 20364                      /usr/lib/locale/C.UTF-8/LC_TELEPHONE
7f9e908c9000-7f9e908cb000 r--p 00000000 08:20 383996                     /root/.vscode-server/extensions/redhat.java-1.14.0-linux-x64/jre/17.0.5-linux-x86_64/lib/libzip.so
7f9e908cb000-7f9e908cf000 r-xp 00002000 08:20 383996                     /root/.vscode-server/extensions/redhat.java-1.14.0-linux-x64/jre/17.0.5-linux-x86_64/lib/libzip.so
7f9e908cf000-7f9e908d1000 r--p 00006000 08:20 383996                     /root/.vscode-server/extensions/redhat.java-1.14.0-linux-x64/jre/17.0.5-linux-x86_64/lib/libzip.so
7f9e908d1000-7f9e908d2000 r--p 00007000 08:20 383996                     /root/.vscode-server/extensions/redhat.java-1.14.0-linux-x64/jre/17.0.5-linux-x86_64/lib/libzip.so
7f9e908d2000-7f9e908d3000 rw-p 00008000 08:20 383996                     /root/.vscode-server/extensions/redhat.java-1.14.0-linux-x64/jre/17.0.5-linux-x86_64/lib/libzip.so
7f9e908d3000-7f9e908e0000 r--p 00000000 08:20 383975                     /root/.vscode-server/extensions/redhat.java-1.14.0-linux-x64/jre/17.0.5-linux-x86_64/lib/libjava.so
7f9e908e0000-7f9e908f2000 r-xp 0000d000 08:20 383975                     /root/.vscode-server/extensions/redhat.java-1.14.0-linux-x64/jre/17.0.5-linux-x86_64/lib/libjava.so
7f9e908f2000-7f9e908f8000 r--p 0001f000 08:20 383975                     /root/.vscode-server/extensions/redhat.java-1.14.0-linux-x64/jre/17.0.5-linux-x86_64/lib/libjava.so
7f9e908f8000-7f9e908f9000 ---p 00025000 08:20 383975                     /root/.vscode-server/extensions/redhat.java-1.14.0-linux-x64/jre/17.0.5-linux-x86_64/lib/libjava.so
7f9e908f9000-7f9e908fa000 r--p 00025000 08:20 383975                     /root/.vscode-server/extensions/redhat.java-1.14.0-linux-x64/jre/17.0.5-linux-x86_64/lib/libjava.so
7f9e908fa000-7f9e908fb000 rw-p 00026000 08:20 383975                     /root/.vscode-server/extensions/redhat.java-1.14.0-linux-x64/jre/17.0.5-linux-x86_64/lib/libjava.so
7f9e908fb000-7f9e908fc000 rw-p 00000000 00:00 0 
7f9e908fc000-7f9e908ff000 r--p 00000000 08:20 383978                     /root/.vscode-server/extensions/redhat.java-1.14.0-linux-x64/jre/17.0.5-linux-x86_64/lib/libjdwp.so
7f9e908ff000-7f9e9092c000 r-xp 00003000 08:20 383978                     /root/.vscode-server/extensions/redhat.java-1.14.0-linux-x64/jre/17.0.5-linux-x86_64/lib/libjdwp.so
7f9e9092c000-7f9e9093a000 r--p 00030000 08:20 383978                     /root/.vscode-server/extensions/redhat.java-1.14.0-linux-x64/jre/17.0.5-linux-x86_64/lib/libjdwp.so
7f9e9093a000-7f9e9093b000 r--p 0003d000 08:20 383978                     /root/.vscode-server/extensions/redhat.java-1.14.0-linux-x64/jre/17.0.5-linux-x86_64/lib/libjdwp.so
7f9e9093b000-7f9e9093c000 rw-p 0003e000 08:20 383978                     /root/.vscode-server/extensions/redhat.java-1.14.0-linux-x64/jre/17.0.5-linux-x86_64/lib/libjdwp.so
7f9e9093c000-7f9e9093d000 rw-p 00000000 00:00 0 
7f9e9093d000-7f9e9354f000 r--s 00000000 08:20 383997                     /root/.vscode-server/extensions/redhat.java-1.14.0-linux-x64/jre/17.0.5-linux-x86_64/lib/modules
7f9e9354f000-7f9e93553000 r--p 00000000 08:20 383979                     /root/.vscode-server/extensions/redhat.java-1.14.0-linux-x64/jre/17.0.5-linux-x86_64/lib/libjimage.so
7f9e93553000-7f9e93566000 r-xp 00004000 08:20 383979                     /root/.vscode-server/extensions/redhat.java-1.14.0-linux-x64/jre/17.0.5-linux-x86_64/lib/libjimage.so
7f9e93566000-7f9e9356c000 r--p 00017000 08:20 383979                     /root/.vscode-server/extensions/redhat.java-1.14.0-linux-x64/jre/17.0.5-linux-x86_64/lib/libjimage.so
7f9e9356c000-7f9e9356e000 r--p 0001c000 08:20 383979                     /root/.vscode-server/extensions/redhat.java-1.14.0-linux-x64/jre/17.0.5-linux-x86_64/lib/libjimage.so
7f9e9356e000-7f9e9356f000 rw-p 0001e000 08:20 383979                     /root/.vscode-server/extensions/redhat.java-1.14.0-linux-x64/jre/17.0.5-linux-x86_64/lib/libjimage.so
7f9e9356f000-7f9e93573000 ---p 00000000 00:00 0 
7f9e93573000-7f9e93670000 rw-p 00000000 00:00 0 
7f9e93670000-7f9e9367d000 r--p 00000000 08:20 37094                      /usr/lib/x86_64-linux-gnu/libm-2.31.so
7f9e9367d000-7f9e93724000 r-xp 0000d000 08:20 37094                      /usr/lib/x86_64-linux-gnu/libm-2.31.so
7f9e93724000-7f9e937bd000 r--p 000b4000 08:20 37094                      /usr/lib/x86_64-linux-gnu/libm-2.31.so
7f9e937bd000-7f9e937be000 r--p 0014c000 08:20 37094                      /usr/lib/x86_64-linux-gnu/libm-2.31.so
7f9e937be000-7f9e937bf000 rw-p 0014d000 08:20 37094                      /usr/lib/x86_64-linux-gnu/libm-2.31.so
7f9e937bf000-7f9e937c1000 r--p 00000000 08:20 38548                      /usr/lib/x86_64-linux-gnu/librt-2.31.so
7f9e937c1000-7f9e937c5000 r-xp 00002000 08:20 38548                      /usr/lib/x86_64-linux-gnu/librt-2.31.so
7f9e937c5000-7f9e937c7000 r--p 00006000 08:20 38548                      /usr/lib/x86_64-linux-gnu/librt-2.31.so
7f9e937c7000-7f9e937c8000 r--p 00007000 08:20 38548                      /usr/lib/x86_64-linux-gnu/librt-2.31.so
7f9e937c8000-7f9e937c9000 rw-p 00008000 08:20 38548                      /usr/lib/x86_64-linux-gnu/librt-2.31.so
7f9e937c9000-7f9e93a1b000 r--p 00000000 08:20 384007                     /root/.vscode-server/extensions/redhat.java-1.14.0-linux-x64/jre/17.0.5-linux-x86_64/lib/server/libjvm.so
7f9e93a1b000-7f9e94734000 r-xp 00252000 08:20 384007                     /root/.vscode-server/extensions/redhat.java-1.14.0-linux-x64/jre/17.0.5-linux-x86_64/lib/server/libjvm.so
7f9e94734000-7f9e949bf000 r--p 00f6b000 08:20 384007                     /root/.vscode-server/extensions/redhat.java-1.14.0-linux-x64/jre/17.0.5-linux-x86_64/lib/server/libjvm.so
7f9e949bf000-7f9e949c0000 ---p 011f6000 08:20 384007                     /root/.vscode-server/extensions/redhat.java-1.14.0-linux-x64/jre/17.0.5-linux-x86_64/lib/server/libjvm.so
7f9e949c0000-7f9e94a79000 r--p 011f6000 08:20 384007                     /root/.vscode-server/extensions/redhat.java-1.14.0-linux-x64/jre/17.0.5-linux-x86_64/lib/server/libjvm.so
7f9e94a79000-7f9e94aae000 rw-p 012af000 08:20 384007                     /root/.vscode-server/extensions/redhat.java-1.14.0-linux-x64/jre/17.0.5-linux-x86_64/lib/server/libjvm.so
7f9e94aae000-7f9e94b0a000 rw-p 00000000 00:00 0 
7f9e94b0a000-7f9e94b2c000 r--p 00000000 08:20 37092                      /usr/lib/x86_64-linux-gnu/libc-2.31.so
7f9e94b2c000-7f9e94ca4000 r-xp 00022000 08:20 37092                      /usr/lib/x86_64-linux-gnu/libc-2.31.so
7f9e94ca4000-7f9e94cf2000 r--p 0019a000 08:20 37092                      /usr/lib/x86_64-linux-gnu/libc-2.31.so
7f9e94cf2000-7f9e94cf6000 r--p 001e7000 08:20 37092                      /usr/lib/x86_64-linux-gnu/libc-2.31.so
7f9e94cf6000-7f9e94cf8000 rw-p 001eb000 08:20 37092                      /usr/lib/x86_64-linux-gnu/libc-2.31.so
7f9e94cf8000-7f9e94cfc000 rw-p 00000000 00:00 0 
7f9e94cfc000-7f9e94cfd000 r--p 00000000 08:20 37093                      /usr/lib/x86_64-linux-gnu/libdl-2.31.so
7f9e94cfd000-7f9e94cff000 r-xp 00001000 08:20 37093                      /usr/lib/x86_64-linux-gnu/libdl-2.31.so
7f9e94cff000-7f9e94d00000 r--p 00003000 08:20 37093                      /usr/lib/x86_64-linux-gnu/libdl-2.31.so
7f9e94d00000-7f9e94d01000 r--p 00003000 08:20 37093                      /usr/lib/x86_64-linux-gnu/libdl-2.31.so
7f9e94d01000-7f9e94d02000 rw-p 00004000 08:20 37093                      /usr/lib/x86_64-linux-gnu/libdl-2.31.so
7f9e94d02000-7f9e94d08000 r--p 00000000 08:20 38546                      /usr/lib/x86_64-linux-gnu/libpthread-2.31.so
7f9e94d08000-7f9e94d19000 r-xp 00006000 08:20 38546                      /usr/lib/x86_64-linux-gnu/libpthread-2.31.so
7f9e94d19000-7f9e94d1f000 r--p 00017000 08:20 38546                      /usr/lib/x86_64-linux-gnu/libpthread-2.31.so
7f9e94d1f000-7f9e94d20000 r--p 0001c000 08:20 38546                      /usr/lib/x86_64-linux-gnu/libpthread-2.31.so
7f9e94d20000-7f9e94d21000 rw-p 0001d000 08:20 38546                      /usr/lib/x86_64-linux-gnu/libpthread-2.31.so
7f9e94d21000-7f9e94d25000 rw-p 00000000 00:00 0 
7f9e94d25000-7f9e94d28000 r--p 00000000 08:20 383980                     /root/.vscode-server/extensions/redhat.java-1.14.0-linux-x64/jre/17.0.5-linux-x86_64/lib/libjli.so
7f9e94d28000-7f9e94d32000 r-xp 00003000 08:20 383980                     /root/.vscode-server/extensions/redhat.java-1.14.0-linux-x64/jre/17.0.5-linux-x86_64/lib/libjli.so
7f9e94d32000-7f9e94d35000 r--p 0000d000 08:20 383980                     /root/.vscode-server/extensions/redhat.java-1.14.0-linux-x64/jre/17.0.5-linux-x86_64/lib/libjli.so
7f9e94d35000-7f9e94d36000 ---p 00010000 08:20 383980                     /root/.vscode-server/extensions/redhat.java-1.14.0-linux-x64/jre/17.0.5-linux-x86_64/lib/libjli.so
7f9e94d36000-7f9e94d37000 r--p 00010000 08:20 383980                     /root/.vscode-server/extensions/redhat.java-1.14.0-linux-x64/jre/17.0.5-linux-x86_64/lib/libjli.so
7f9e94d37000-7f9e94d38000 rw-p 00011000 08:20 383980                     /root/.vscode-server/extensions/redhat.java-1.14.0-linux-x64/jre/17.0.5-linux-x86_64/lib/libjli.so
7f9e94d38000-7f9e94d3a000 r--p 00000000 08:20 24278                      /usr/lib/x86_64-linux-gnu/libz.so.1.2.11
7f9e94d3a000-7f9e94d4b000 r-xp 00002000 08:20 24278                      /usr/lib/x86_64-linux-gnu/libz.so.1.2.11
7f9e94d4b000-7f9e94d51000 r--p 00013000 08:20 24278                      /usr/lib/x86_64-linux-gnu/libz.so.1.2.11
7f9e94d51000-7f9e94d52000 ---p 00019000 08:20 24278                      /usr/lib/x86_64-linux-gnu/libz.so.1.2.11
7f9e94d52000-7f9e94d53000 r--p 00019000 08:20 24278                      /usr/lib/x86_64-linux-gnu/libz.so.1.2.11
7f9e94d53000-7f9e94d54000 rw-p 0001a000 08:20 24278                      /usr/lib/x86_64-linux-gnu/libz.so.1.2.11
7f9e94d54000-7f9e94d55000 r--p 00000000 08:20 20358                      /usr/lib/locale/C.UTF-8/LC_MEASUREMENT
7f9e94d55000-7f9e94d56000 r--p 00000000 08:20 20357                      /usr/lib/locale/C.UTF-8/LC_IDENTIFICATION
7f9e94d56000-7f9e94d5e000 rw-s 00000000 08:20 230808                     /tmp/hsperfdata_root/3786 (deleted)
7f9e94d5e000-7f9e94d5f000 ---p 00000000 00:00 0 
7f9e94d5f000-7f9e94d60000 r--p 00000000 00:00 0 
7f9e94d60000-7f9e94d62000 rw-p 00000000 00:00 0 
7f9e94d62000-7f9e94d63000 r--p 00000000 08:20 21193                      /usr/lib/x86_64-linux-gnu/ld-2.31.so
7f9e94d63000-7f9e94d86000 r-xp 00001000 08:20 21193                      /usr/lib/x86_64-linux-gnu/ld-2.31.so
7f9e94d86000-7f9e94d8e000 r--p 00024000 08:20 21193                      /usr/lib/x86_64-linux-gnu/ld-2.31.so
7f9e94d8e000-7f9e94d8f000 ---p 00000000 00:00 0 
7f9e94d8f000-7f9e94d90000 r--p 0002c000 08:20 21193                      /usr/lib/x86_64-linux-gnu/ld-2.31.so
7f9e94d90000-7f9e94d91000 rw-p 0002d000 08:20 21193                      /usr/lib/x86_64-linux-gnu/ld-2.31.so
7f9e94d91000-7f9e94d92000 rw-p 00000000 00:00 0 
7ffe7c7e7000-7ffe7c809000 rw-p 00000000 00:00 0                          [stack]
7ffe7c870000-7ffe7c874000 r--p 00000000 00:00 0                          [vvar]
7ffe7c874000-7ffe7c875000 r-xp 00000000 00:00 0                          [vdso]


VM Arguments:
jvm_args: -agentlib:jdwp=transport=dt_socket,server=n,suspend=y,address=localhost:41691 -XX:+ShowCodeDetailsInExceptionMessages 
java_command: com.onyx.App
java_class_path (initial): /root/dev/java/Onyx/engine/target/classes:/root/.m2/repository/org/lwjgl/lwjgl/3.3.1/lwjgl-3.3.1.jar:/root/.m2/repository/org/lwjgl/lwjgl-assimp/3.3.1/lwjgl-assimp-3.3.1.jar:/root/.m2/repository/org/lwjgl/lwjgl-glfw/3.3.1/lwjgl-glfw-3.3.1.jar:/root/.m2/repository/org/lwjgl/lwjgl-openal/3.3.1/lwjgl-openal-3.3.1.jar:/root/.m2/repository/org/lwjgl/lwjgl-opengl/3.3.1/lwjgl-opengl-3.3.1.jar:/root/.m2/repository/org/lwjgl/lwjgl-stb/3.3.1/lwjgl-stb-3.3.1.jar:/root/.m2/repository/org/lwjgl/lwjgl/3.3.1/lwjgl-3.3.1-natives-linux.jar:/root/.m2/repository/org/lwjgl/lwjgl-assimp/3.3.1/lwjgl-assimp-3.3.1-natives-linux.jar:/root/.m2/repository/org/lwjgl/lwjgl-glfw/3.3.1/lwjgl-glfw-3.3.1-natives-linux.jar:/root/.m2/repository/org/lwjgl/lwjgl-openal/3.3.1/lwjgl-openal-3.3.1-natives-linux.jar:/root/.m2/repository/org/lwjgl/lwjgl-opengl/3.3.1/lwjgl-opengl-3.3.1-natives-linux.jar:/root/.m2/repository/org/lwjgl/lwjgl-stb/3.3.1/lwjgl-stb-3.3.1-natives-linux.jar:/root/.m2/repository/org/joml/joml/1.10.4/joml-1.10.4.jar
Launcher Type: SUN_STANDARD

[Global flags]
     intx CICompilerCount                          = 12                                        {product} {ergonomic}
     uint ConcGCThreads                            = 5                                         {product} {ergonomic}
     uint G1ConcRefinementThreads                  = 20                                        {product} {ergonomic}
   size_t G1HeapRegionSize                         = 4194304                                   {product} {ergonomic}
    uintx GCDrainStackTargetSize                   = 64                                        {product} {ergonomic}
   size_t InitialHeapSize                          = 524288000                                 {product} {ergonomic}
   size_t MarkStackSize                            = 4194304                                   {product} {ergonomic}
   size_t MaxHeapSize                              = 8376025088                                {product} {ergonomic}
   size_t MaxNewSize                               = 5024776192                                {product} {ergonomic}
   size_t MinHeapDeltaBytes                        = 4194304                                   {product} {ergonomic}
   size_t MinHeapSize                              = 8388608                                   {product} {ergonomic}
    uintx NonNMethodCodeHeapSize                   = 7602480                                {pd product} {ergonomic}
    uintx NonProfiledCodeHeapSize                  = 122027880                              {pd product} {ergonomic}
    uintx ProfiledCodeHeapSize                     = 122027880                              {pd product} {ergonomic}
    uintx ReservedCodeCacheSize                    = 251658240                              {pd product} {ergonomic}
     bool SegmentedCodeCache                       = true                                      {product} {ergonomic}
     bool ShowCodeDetailsInExceptionMessages       = true                                   {manageable} {command line}
   size_t SoftMaxHeapSize                          = 8376025088                             {manageable} {ergonomic}
     bool UseCompressedClassPointers               = true                           {product lp64_product} {ergonomic}
     bool UseCompressedOops                        = true                           {product lp64_product} {ergonomic}
     bool UseG1GC                                  = true                                      {product} {ergonomic}

Logging:
Log output configuration:
 #0: stdout all=off uptime,level,tags
 #1: stderr all=off uptime,level,tags

Environment Variables:
JAVA_HOME=/root/.sdkman/candidates/java/current
PATH=/root/.vscode-server/bin/97dec172d3256f8ca4bfb2143f3f76b503ca0534/bin/remote-cli:/root/.sdkman/candidates/maven/current/bin:/root/.sdkman/candidates/java/current/bin:/root/.nvm/versions/node/v18.3.0/bin:/usr/local/sbin:/usr/local/bin:/usr/sbin:/usr/bin:/sbin:/bin:/usr/games:/usr/local/games:/usr/lib/wsl/lib:/mnt/d/Oculus/Support/oculus-runtime:/mnt/c/Program Files/Common Files/Oracle/Java/javapath:/mnt/c/Windows/system32:/mnt/c/Windows:/mnt/c/Windows/System32/Wbem:/mnt/c/Windows/System32/WindowsPowerShell/v1.0/:/mnt/c/Windows/System32/OpenSSH/:/mnt/c/Program Files/Microsoft VS Code/bin:/mnt/c/Program Files (x86)/NVIDIA Corporation/PhysX/Common:/mnt/c/Program Files/NVIDIA Corporation/NVIDIA NvDLISR:/mnt/c/Program Files/Go/bin:/mnt/c/Program Files/WIDCOMM/Bluetooth Software/:/mnt/c/Program Files/WIDCOMM/Bluetooth Software/syswow64:/mnt/c/Program Files/dotnet/:/mnt/f/Program Files/Git/cmd:/mnt/d/msys64/mingw64/bin:/mnt/d/Program Files/CMake/bin:/mnt/c/Users/jaree/AppData/Local/Microsoft/WindowsApps:/mnt/c/Users/jaree/go/bin:/usr/local/go/bin
SHELL=/usr/bin/zsh
DISPLAY=:0
HOSTTYPE=x86_64
LANG=C.UTF-8
TERM=xterm-256color

Signal Handlers:
   SIGSEGV: crash_handler in libjvm.so, mask=11100100010111111101111111111110, flags=SA_RESTART|SA_SIGINFO
    SIGBUS: 