#
# A fatal error has been detected by the Java Runtime Environment:
#
#  SIGSEGV (0xb) at pc=0x00007fd89d6fef1a, pid=20045, tid=20075
#
# JRE version: OpenJDK Runtime Environment Temurin-17.0.5+8 (17.0.5+8) (build 17.0.5+8)
# Java VM: OpenJDK 64-Bit Server VM Temurin-17.0.5+8 (17.0.5+8, mixed mode, tiered, compressed oops, compressed class ptrs, g1 gc, linux-amd64)
# Problematic frame:
# C  [libnvwgf2umx.so+0x286bf1a]
#
# No core dump will be written. Core dumps have been disabled. To enable core dumping, try "ulimit -c unlimited" before starting Java again
#
# If you would like to submit a bug report, please visit:
#   https://github.com/adoptium/adoptium-support/issues
#

---------------  S U M M A R Y ------------

Command Line: -agentlib:jdwp=transport=dt_socket,server=n,suspend=y,address=localhost:40815 -XX:+ShowCodeDetailsInExceptionMessages com.onyx.App

Host: Intel(R) Core(TM) i9-9940X CPU @ 3.30GHz, 28 cores, 31G, Ubuntu 20.04.5 LTS
Time: Wed Feb  1 01:35:29 2023 EST elapsed time: 2.333024 seconds (0d 0h 0m 2s)

---------------  T H R E A D  ---------------

Current thread is native thread

Stack: [0x00007fd8a9c76000,0x00007fd8aa475000],  sp=0x00007fd8aa473e30,  free space=8183k
Native frames: (J=compiled Java code, j=interpreted, Vv=VM code, C=native code)
C  [libnvwgf2umx.so+0x286bf1a]


siginfo: si_signo: 11 (SIGSEGV), si_code: 1 (SEGV_MAPERR), si_addr: 0x00007fd8f0444000

Registers:
RAX=0x0000000000000044, RBX=0x0000000000000000, RCX=0x00007fd8aa473e38, RDX=0x0000000000000000
RSP=0x00007fd8aa473e30, RBP=0x0000000000000000, RSI=0x00007fd9286c1860, RDI=0x00007fd928640ec0
R8 =0x0000000000000000, R9 =0x00007ffc6dd82080, R10=0x0000000001951caa, R11=0x0000000000000000
R12=0x00007fd9286c1801, R13=0x00007fd8f0444000, R14=0x00007fd928640fc8, R15=0x00007fd8aa473ea6
RIP=0x00007fd89d6fef1a, EFLAGS=0x0000000000010246, CSGSFS=0x002b000000000033, ERR=0x0000000000000004
  TRAPNO=0x000000000000000e

Top of Stack: (sp=0x00007fd8aa473e30)
0x00007fd8aa473e30:   0000000063da0831 00000000000a0b2a
0x00007fd8aa473e40:   00007fd928640ec0 000000000009e3c5
0x00007fd8aa473e50:   00007fd9286c1860 00007fd8aa473e38
0x00007fd8aa473e60:   00007fd8aa473ea7 00007fd928640ec0 

Instructions: (pc=0x00007fd89d6fef1a)
0x00007fd89d6fee1a:   60 48 83 ec 08 4c 8d 64 24 10 4c 89 e7 4c 89 fe
0x00007fd89d6fee2a:   48 89 da 48 8b 4c 24 28 44 8b 44 24 20 44 8b 4c
0x00007fd89d6fee3a:   24 24 41 55 41 56 50 e8 ba fa ff ff 48 83 c4 20
0x00007fd89d6fee4a:   48 89 ef 4c 89 e6 e8 bb ad a5 fe 4c 89 e7 e8 13
0x00007fd89d6fee5a:   a2 a5 fe 48 89 e8 48 83 c4 28 5b 41 5c 41 5d 41
0x00007fd89d6fee6a:   5e 41 5f 5d c3 eb 0a eb 19 eb 06 eb 15 eb 02 eb
0x00007fd89d6fee7a:   11 48 89 c3 48 8d 7c 24 08 e8 e8 a1 a5 fe eb 05
0x00007fd89d6fee8a:   eb 00 48 89 c3 48 8b 7c 24 10 e8 d7 a1 a5 fe 48
0x00007fd89d6fee9a:   89 df e8 cf 0a 90 fe cc cc cc cc cc cc cc cc cc
0x00007fd89d6feeaa:   cc cc cc cc cc cc 55 41 57 41 56 41 55 41 54 53
0x00007fd89d6feeba:   48 83 ec 38 48 89 54 24 30 48 89 7c 24 10 f6 47
0x00007fd89d6feeca:   28 10 0f 84 41 01 00 00 8b 46 10 85 c0 0f 84 36
0x00007fd89d6feeda:   01 00 00 4c 8b 6e 28 41 b4 01 31 db 48 8d 4c 24
0x00007fd89d6feeea:   08 48 89 4c 24 28 31 d2 48 89 74 24 20 eb 21 90
0x00007fd89d6feefa:   90 90 90 90 90 90 8b 46 10 48 8b 54 24 18 48 83
0x00007fd89d6fef0a:   c2 01 89 c1 83 c3 01 48 39 ca 0f 83 f9 00 00 00
0x00007fd89d6fef1a:   41 8b 4c 95 00 0f b7 c9 3b 8c 96 4c 04 00 00 74
0x00007fd89d6fef2a:   dd 89 8c 96 4c 04 00 00 8b 4e 0c 85 c9 74 cf 48
0x00007fd89d6fef3a:   89 54 24 18 31 ed eb 18 90 90 90 90 90 90 90 90
0x00007fd89d6fef4a:   90 90 90 90 90 90 83 c5 01 8b 4e 0c 39 cd 73 a6
0x00007fd89d6fef5a:   0f af cb 01 e9 41 0f b6 84 0d 80 90 00 00 24 7f
0x00007fd89d6fef6a:   8d 50 e0 80 fa 14 77 de 48 8b 96 50 08 00 00 3a
0x00007fd89d6fef7a:   04 0a 74 d2 88 04 0a 48 8b 44 24 30 c6 00 01 41
0x00007fd89d6fef8a:   f6 c4 01 75 0d 48 8b 44 24 10 f6 40 28 20 75 b6
0x00007fd89d6fef9a:   eb 33 4c 8d 7c 24 08 4c 89 ff 31 d2 31 c9 45 31
0x00007fd89d6fefaa:   c0 e8 a0 06 00 00 48 8b 7c 24 10 4c 89 fe e8 b3
0x00007fd89d6fefba:   e1 ff ff 48 8d 7c 24 08 e8 a9 a0 a5 fe 45 31 e4
0x00007fd89d6fefca:   48 8b 74 24 20 8b 56 04 4c 8b 7c 24 10 45 0f b6
0x00007fd89d6fefda:   4f 2c 4c 8d 74 24 08 4c 89 f7 4c 89 fe 48 8b 4c
0x00007fd89d6fefea:   24 18 41 89 e8 e8 0c fe 02 00 4c 89 ff 4c 89 f6
0x00007fd89d6feffa:   e8 71 e1 ff ff 48 8d 7c 24 08 e8 67 a0 a5 fe 48
0x00007fd89d6ff00a:   8b 74 24 20 e9 3d ff ff ff 48 83 c4 38 5b 41 5c 



---------------  P R O C E S S  ---------------

VM state: at safepoint (shutting down)

VM Mutex/Monitor currently owned by a thread:  ([mutex/lock_event])
[0x00007fd9280241e0] Threads_lock - owner thread: 0x00007fd9281cd150

Heap address: 0x000000060cc00000, size: 7988 MB, Compressed Oops mode: Zero based, Oop shift amount: 3

CDS archive(s) not mapped
Compressed class space mapped at: 0x0000000800000000-0x0000000840000000, reserved size: 1073741824
Narrow klass base: 0x0000000800000000, Narrow klass shift: 0, Narrow klass range: 0x40000000

GC Precious Log:
<Skipped>

Heap:
 garbage-first heap   total 512000K, used 8192K [0x000000060cc00000, 0x0000000800000000)
  region size 4096K, 2 young (8192K), 0 survivors (0K)
 Metaspace       used 8793K, committed 9024K, reserved 1064960K
  class space    used 751K, committed 832K, reserved 1048576K

Heap Regions: E=young(eden), S=young(survivor), O=old, HS=humongous(starts), HC=humongous(continues), CS=collection set, F=free, OA=open archive, CA=closed archive, TAMS=top-at-mark-start (previous, next)
|   0|0x000000060cc00000, 0x000000060cc00000, 0x000000060d000000|  0%| F|  |TAMS 0x000000060cc00000, 0x000000060cc00000| Untracked 
|   1|0x000000060d000000, 0x000000060d000000, 0x000000060d400000|  0%| F|  |TAMS 0x000000060d000000, 0x000000060d000000| Untracked 
|   2|0x000000060d400000, 0x000000060d400000, 0x000000060d800000|  0%| F|  |TAMS 0x000000060d400000, 0x000000060d400000| Untracked 
|   3|0x000000060d800000, 0x000000060d800000, 0x000000060dc00000|  0%| F|  |TAMS 0x000000060d800000, 0x000000060d800000| Untracked 
|   4|0x000000060dc00000, 0x000000060dc00000, 0x000000060e000000|  0%| F|  |TAMS 0x000000060dc00000, 0x000000060dc00000| Untracked 
|   5|0x000000060e000000, 0x000000060e000000, 0x000000060e400000|  0%| F|  |TAMS 0x000000060e000000, 0x000000060e000000| Untracked 
|   6|0x000000060e400000, 0x000000060e400000, 0x000000060e800000|  0%| F|  |TAMS 0x000000060e400000, 0x000000060e400000| Untracked 
|   7|0x000000060e800000, 0x000000060e800000, 0x000000060ec00000|  0%| F|  |TAMS 0x000000060e800000, 0x000000060e800000| Untracked 
|   8|0x000000060ec00000, 0x000000060ec00000, 0x000000060f000000|  0%| F|  |TAMS 0x000000060ec00000, 0x000000060ec00000| Untracked 
|   9|0x000000060f000000, 0x000000060f000000, 0x000000060f400000|  0%| F|  |TAMS 0x000000060f000000, 0x000000060f000000| Untracked 
|  10|0x000000060f400000, 0x000000060f400000, 0x000000060f800000|  0%| F|  |TAMS 0x000000060f400000, 0x000000060f400000| Untracked 
|  11|0x000000060f800000, 0x000000060f800000, 0x000000060fc00000|  0%| F|  |TAMS 0x000000060f800000, 0x000000060f800000| Untracked 
|  12|0x000000060fc00000, 0x000000060fc00000, 0x0000000610000000|  0%| F|  |TAMS 0x000000060fc00000, 0x000000060fc00000| Untracked 
|  13|0x0000000610000000, 0x0000000610000000, 0x0000000610400000|  0%| F|  |TAMS 0x0000000610000000, 0x0000000610000000| Untracked 
|  14|0x0000000610400000, 0x0000000610400000, 0x0000000610800000|  0%| F|  |TAMS 0x0000000610400000, 0x0000000610400000| Untracked 
|  15|0x0000000610800000, 0x0000000610800000, 0x0000000610c00000|  0%| F|  |TAMS 0x0000000610800000, 0x0000000610800000| Untracked 
|  16|0x0000000610c00000, 0x0000000610c00000, 0x0000000611000000|  0%| F|  |TAMS 0x0000000610c00000, 0x0000000610c00000| Untracked 
|  17|0x0000000611000000, 0x0000000611000000, 0x0000000611400000|  0%| F|  |TAMS 0x0000000611000000, 0x0000000611000000| Untracked 
|  18|0x0000000611400000, 0x0000000611400000, 0x0000000611800000|  0%| F|  |TAMS 0x0000000611400000, 0x0000000611400000| Untracked 
|  19|0x0000000611800000, 0x0000000611800000, 0x0000000611c00000|  0%| F|  |TAMS 0x0000000611800000, 0x0000000611800000| Untracked 
|  20|0x0000000611c00000, 0x0000000611c00000, 0x0000000612000000|  0%| F|  |TAMS 0x0000000611c00000, 0x0000000611c00000| Untracked 
|  21|0x0000000612000000, 0x0000000612000000, 0x0000000612400000|  0%| F|  |TAMS 0x0000000612000000, 0x0000000612000000| Untracked 
|  22|0x0000000612400000, 0x0000000612400000, 0x0000000612800000|  0%| F|  |TAMS 0x0000000612400000, 0x0000000612400000| Untracked 
|  23|0x0000000612800000, 0x0000000612800000, 0x0000000612c00000|  0%| F|  |TAMS 0x0000000612800000, 0x0000000612800000| Untracked 
|  24|0x0000000612c00000, 0x0000000612c00000, 0x0000000613000000|  0%| F|  |TAMS 0x0000000612c00000, 0x0000000612c00000| Untracked 
|  25|0x0000000613000000, 0x0000000613000000, 0x0000000613400000|  0%| F|  |TAMS 0x0000000613000000, 0x0000000613000000| Untracked 
|  26|0x0000000613400000, 0x0000000613400000, 0x0000000613800000|  0%| F|  |TAMS 0x0000000613400000, 0x0000000613400000| Untracked 
|  27|0x0000000613800000, 0x0000000613800000, 0x0000000613c00000|  0%| F|  |TAMS 0x0000000613800000, 0x0000000613800000| Untracked 
|  28|0x0000000613c00000, 0x0000000613c00000, 0x0000000614000000|  0%| F|  |TAMS 0x0000000613c00000, 0x0000000613c00000| Untracked 
|  29|0x0000000614000000, 0x0000000614000000, 0x0000000614400000|  0%| F|  |TAMS 0x0000000614000000, 0x0000000614000000| Untracked 
|  30|0x0000000614400000, 0x0000000614400000, 0x0000000614800000|  0%| F|  |TAMS 0x0000000614400000, 0x0000000614400000| Untracked 
|  31|0x0000000614800000, 0x0000000614800000, 0x0000000614c00000|  0%| F|  |TAMS 0x0000000614800000, 0x0000000614800000| Untracked 
|  32|0x0000000614c00000, 0x0000000614c00000, 0x0000000615000000|  0%| F|  |TAMS 0x0000000614c00000, 0x0000000614c00000| Untracked 
|  33|0x0000000615000000, 0x0000000615000000, 0x0000000615400000|  0%| F|  |TAMS 0x0000000615000000, 0x0000000615000000| Untracked 
|  34|0x0000000615400000, 0x0000000615400000, 0x0000000615800000|  0%| F|  |TAMS 0x0000000615400000, 0x0000000615400000| Untracked 
|  35|0x0000000615800000, 0x0000000615800000, 0x0000000615c00000|  0%| F|  |TAMS 0x0000000615800000, 0x0000000615800000| Untracked 
|  36|0x0000000615c00000, 0x0000000615c00000, 0x0000000616000000|  0%| F|  |TAMS 0x0000000615c00000, 0x0000000615c00000| Untracked 
|  37|0x0000000616000000, 0x0000000616000000, 0x0000000616400000|  0%| F|  |TAMS 0x0000000616000000, 0x0000000616000000| Untracked 
|  38|0x0000000616400000, 0x0000000616400000, 0x0000000616800000|  0%| F|  |TAMS 0x0000000616400000, 0x0000000616400000| Untracked 
|  39|0x0000000616800000, 0x0000000616800000, 0x0000000616c00000|  0%| F|  |TAMS 0x0000000616800000, 0x0000000616800000| Untracked 
|  40|0x0000000616c00000, 0x0000000616c00000, 0x0000000617000000|  0%| F|  |TAMS 0x0000000616c00000, 0x0000000616c00000| Untracked 
|  41|0x0000000617000000, 0x0000000617000000, 0x0000000617400000|  0%| F|  |TAMS 0x0000000617000000, 0x0000000617000000| Untracked 
|  42|0x0000000617400000, 0x0000000617400000, 0x0000000617800000|  0%| F|  |TAMS 0x0000000617400000, 0x0000000617400000| Untracked 
|  43|0x0000000617800000, 0x0000000617800000, 0x0000000617c00000|  0%| F|  |TAMS 0x0000000617800000, 0x0000000617800000| Untracked 
|  44|0x0000000617c00000, 0x0000000617c00000, 0x0000000618000000|  0%| F|  |TAMS 0x0000000617c00000, 0x0000000617c00000| Untracked 
|  45|0x0000000618000000, 0x0000000618000000, 0x0000000618400000|  0%| F|  |TAMS 0x0000000618000000, 0x0000000618000000| Untracked 
|  46|0x0000000618400000, 0x0000000618400000, 0x0000000618800000|  0%| F|  |TAMS 0x0000000618400000, 0x0000000618400000| Untracked 
|  47|0x0000000618800000, 0x0000000618800000, 0x0000000618c00000|  0%| F|  |TAMS 0x0000000618800000, 0x0000000618800000| Untracked 
|  48|0x0000000618c00000, 0x0000000618c00000, 0x0000000619000000|  0%| F|  |TAMS 0x0000000618c00000, 0x0000000618c00000| Untracked 
|  49|0x0000000619000000, 0x0000000619000000, 0x0000000619400000|  0%| F|  |TAMS 0x0000000619000000, 0x0000000619000000| Untracked 
|  50|0x0000000619400000, 0x0000000619400000, 0x0000000619800000|  0%| F|  |TAMS 0x0000000619400000, 0x0000000619400000| Untracked 
|  51|0x0000000619800000, 0x0000000619800000, 0x0000000619c00000|  0%| F|  |TAMS 0x0000000619800000, 0x0000000619800000| Untracked 
|  52|0x0000000619c00000, 0x0000000619c00000, 0x000000061a000000|  0%| F|  |TAMS 0x0000000619c00000, 0x0000000619c00000| Untracked 
|  53|0x000000061a000000, 0x000000061a000000, 0x000000061a400000|  0%| F|  |TAMS 0x000000061a000000, 0x000000061a000000| Untracked 
|  54|0x000000061a400000, 0x000000061a400000, 0x000000061a800000|  0%| F|  |TAMS 0x000000061a400000, 0x000000061a400000| Untracked 
|  55|0x000000061a800000, 0x000000061a800000, 0x000000061ac00000|  0%| F|  |TAMS 0x000000061a800000, 0x000000061a800000| Untracked 
|  56|0x000000061ac00000, 0x000000061ac00000, 0x000000061b000000|  0%| F|  |TAMS 0x000000061ac00000, 0x000000061ac00000| Untracked 
|  57|0x000000061b000000, 0x000000061b000000, 0x000000061b400000|  0%| F|  |TAMS 0x000000061b000000, 0x000000061b000000| Untracked 
|  58|0x000000061b400000, 0x000000061b400000, 0x000000061b800000|  0%| F|  |TAMS 0x000000061b400000, 0x000000061b400000| Untracked 
|  59|0x000000061b800000, 0x000000061b800000, 0x000000061bc00000|  0%| F|  |TAMS 0x000000061b800000, 0x000000061b800000| Untracked 
|  60|0x000000061bc00000, 0x000000061bc00000, 0x000000061c000000|  0%| F|  |TAMS 0x000000061bc00000, 0x000000061bc00000| Untracked 
|  61|0x000000061c000000, 0x000000061c000000, 0x000000061c400000|  0%| F|  |TAMS 0x000000061c000000, 0x000000061c000000| Untracked 
|  62|0x000000061c400000, 0x000000061c400000, 0x000000061c800000|  0%| F|  |TAMS 0x000000061c400000, 0x000000061c400000| Untracked 
|  63|0x000000061c800000, 0x000000061c800000, 0x000000061cc00000|  0%| F|  |TAMS 0x000000061c800000, 0x000000061c800000| Untracked 
|  64|0x000000061cc00000, 0x000000061cc00000, 0x000000061d000000|  0%| F|  |TAMS 0x000000061cc00000, 0x000000061cc00000| Untracked 
|  65|0x000000061d000000, 0x000000061d000000, 0x000000061d400000|  0%| F|  |TAMS 0x000000061d000000, 0x000000061d000000| Untracked 
|  66|0x000000061d400000, 0x000000061d400000, 0x000000061d800000|  0%| F|  |TAMS 0x000000061d400000, 0x000000061d400000| Untracked 
|  67|0x000000061d800000, 0x000000061d800000, 0x000000061dc00000|  0%| F|  |TAMS 0x000000061d800000, 0x000000061d800000| Untracked 
|  68|0x000000061dc00000, 0x000000061dc00000, 0x000000061e000000|  0%| F|  |TAMS 0x000000061dc00000, 0x000000061dc00000| Untracked 
|  69|0x000000061e000000, 0x000000061e000000, 0x000000061e400000|  0%| F|  |TAMS 0x000000061e000000, 0x000000061e000000| Untracked 
|  70|0x000000061e400000, 0x000000061e400000, 0x000000061e800000|  0%| F|  |TAMS 0x000000061e400000, 0x000000061e400000| Untracked 
|  71|0x000000061e800000, 0x000000061e800000, 0x000000061ec00000|  0%| F|  |TAMS 0x000000061e800000, 0x000000061e800000| Untracked 
|  72|0x000000061ec00000, 0x000000061ec00000, 0x000000061f000000|  0%| F|  |TAMS 0x000000061ec00000, 0x000000061ec00000| Untracked 
|  73|0x000000061f000000, 0x000000061f000000, 0x000000061f400000|  0%| F|  |TAMS 0x000000061f000000, 0x000000061f000000| Untracked 
|  74|0x000000061f400000, 0x000000061f400000, 0x000000061f800000|  0%| F|  |TAMS 0x000000061f400000, 0x000000061f400000| Untracked 
|  75|0x000000061f800000, 0x000000061f800000, 0x000000061fc00000|  0%| F|  |TAMS 0x000000061f800000, 0x000000061f800000| Untracked 
|  76|0x000000061fc00000, 0x000000061fc00000, 0x0000000620000000|  0%| F|  |TAMS 0x000000061fc00000, 0x000000061fc00000| Untracked 
|  77|0x0000000620000000, 0x0000000620000000, 0x0000000620400000|  0%| F|  |TAMS 0x0000000620000000, 0x0000000620000000| Untracked 
|  78|0x0000000620400000, 0x0000000620400000, 0x0000000620800000|  0%| F|  |TAMS 0x0000000620400000, 0x0000000620400000| Untracked 
|  79|0x0000000620800000, 0x0000000620800000, 0x0000000620c00000|  0%| F|  |TAMS 0x0000000620800000, 0x0000000620800000| Untracked 
|  80|0x0000000620c00000, 0x0000000620c00000, 0x0000000621000000|  0%| F|  |TAMS 0x0000000620c00000, 0x0000000620c00000| Untracked 
|  81|0x0000000621000000, 0x0000000621000000, 0x0000000621400000|  0%| F|  |TAMS 0x0000000621000000, 0x0000000621000000| Untracked 
|  82|0x0000000621400000, 0x0000000621400000, 0x0000000621800000|  0%| F|  |TAMS 0x0000000621400000, 0x0000000621400000| Untracked 
|  83|0x0000000621800000, 0x0000000621800000, 0x0000000621c00000|  0%| F|  |TAMS 0x0000000621800000, 0x0000000621800000| Untracked 
|  84|0x0000000621c00000, 0x0000000621c00000, 0x0000000622000000|  0%| F|  |TAMS 0x0000000621c00000, 0x0000000621c00000| Untracked 
|  85|0x0000000622000000, 0x0000000622000000, 0x0000000622400000|  0%| F|  |TAMS 0x0000000622000000, 0x0000000622000000| Untracked 
|  86|0x0000000622400000, 0x0000000622400000, 0x0000000622800000|  0%| F|  |TAMS 0x0000000622400000, 0x0000000622400000| Untracked 
|  87|0x0000000622800000, 0x0000000622800000, 0x0000000622c00000|  0%| F|  |TAMS 0x0000000622800000, 0x0000000622800000| Untracked 
|  88|0x0000000622c00000, 0x0000000622c00000, 0x0000000623000000|  0%| F|  |TAMS 0x0000000622c00000, 0x0000000622c00000| Untracked 
|  89|0x0000000623000000, 0x0000000623000000, 0x0000000623400000|  0%| F|  |TAMS 0x0000000623000000, 0x0000000623000000| Untracked 
|  90|0x0000000623400000, 0x0000000623400000, 0x0000000623800000|  0%| F|  |TAMS 0x0000000623400000, 0x0000000623400000| Untracked 
|  91|0x0000000623800000, 0x0000000623800000, 0x0000000623c00000|  0%| F|  |TAMS 0x0000000623800000, 0x0000000623800000| Untracked 
|  92|0x0000000623c00000, 0x0000000623c00000, 0x0000000624000000|  0%| F|  |TAMS 0x0000000623c00000, 0x0000000623c00000| Untracked 
|  93|0x0000000624000000, 0x0000000624000000, 0x0000000624400000|  0%| F|  |TAMS 0x0000000624000000, 0x0000000624000000| Untracked 
|  94|0x0000000624400000, 0x0000000624400000, 0x0000000624800000|  0%| F|  |TAMS 0x0000000624400000, 0x0000000624400000| Untracked 
|  95|0x0000000624800000, 0x0000000624800000, 0x0000000624c00000|  0%| F|  |TAMS 0x0000000624800000, 0x0000000624800000| Untracked 
|  96|0x0000000624c00000, 0x0000000624c00000, 0x0000000625000000|  0%| F|  |TAMS 0x0000000624c00000, 0x0000000624c00000| Untracked 
|  97|0x0000000625000000, 0x0000000625000000, 0x0000000625400000|  0%| F|  |TAMS 0x0000000625000000, 0x0000000625000000| Untracked 
|  98|0x0000000625400000, 0x0000000625400000, 0x0000000625800000|  0%| F|  |TAMS 0x0000000625400000, 0x0000000625400000| Untracked 
|  99|0x0000000625800000, 0x0000000625800000, 0x0000000625c00000|  0%| F|  |TAMS 0x0000000625800000, 0x0000000625800000| Untracked 
| 100|0x0000000625c00000, 0x0000000625c00000, 0x0000000626000000|  0%| F|  |TAMS 0x0000000625c00000, 0x0000000625c00000| Untracked 
| 101|0x0000000626000000, 0x0000000626000000, 0x0000000626400000|  0%| F|  |TAMS 0x0000000626000000, 0x0000000626000000| Untracked 
| 102|0x0000000626400000, 0x0000000626400000, 0x0000000626800000|  0%| F|  |TAMS 0x0000000626400000, 0x0000000626400000| Untracked 
| 103|0x0000000626800000, 0x0000000626800000, 0x0000000626c00000|  0%| F|  |TAMS 0x0000000626800000, 0x0000000626800000| Untracked 
| 104|0x0000000626c00000, 0x0000000626c00000, 0x0000000627000000|  0%| F|  |TAMS 0x0000000626c00000, 0x0000000626c00000| Untracked 
| 105|0x0000000627000000, 0x0000000627000000, 0x0000000627400000|  0%| F|  |TAMS 0x0000000627000000, 0x0000000627000000| Untracked 
| 106|0x0000000627400000, 0x0000000627400000, 0x0000000627800000|  0%| F|  |TAMS 0x0000000627400000, 0x0000000627400000| Untracked 
| 107|0x0000000627800000, 0x0000000627800000, 0x0000000627c00000|  0%| F|  |TAMS 0x0000000627800000, 0x0000000627800000| Untracked 
| 108|0x0000000627c00000, 0x0000000627c00000, 0x0000000628000000|  0%| F|  |TAMS 0x0000000627c00000, 0x0000000627c00000| Untracked 
| 109|0x0000000628000000, 0x0000000628000000, 0x0000000628400000|  0%| F|  |TAMS 0x0000000628000000, 0x0000000628000000| Untracked 
| 110|0x0000000628400000, 0x0000000628400000, 0x0000000628800000|  0%| F|  |TAMS 0x0000000628400000, 0x0000000628400000| Untracked 
| 111|0x0000000628800000, 0x0000000628800000, 0x0000000628c00000|  0%| F|  |TAMS 0x0000000628800000, 0x0000000628800000| Untracked 
| 112|0x0000000628c00000, 0x0000000628c00000, 0x0000000629000000|  0%| F|  |TAMS 0x0000000628c00000, 0x0000000628c00000| Untracked 
| 113|0x0000000629000000, 0x0000000629000000, 0x0000000629400000|  0%| F|  |TAMS 0x0000000629000000, 0x0000000629000000| Untracked 
| 114|0x0000000629400000, 0x0000000629400000, 0x0000000629800000|  0%| F|  |TAMS 0x0000000629400000, 0x0000000629400000| Untracked 
| 115|0x0000000629800000, 0x0000000629800000, 0x0000000629c00000|  0%| F|  |TAMS 0x0000000629800000, 0x0000000629800000| Untracked 
| 116|0x0000000629c00000, 0x0000000629c00000, 0x000000062a000000|  0%| F|  |TAMS 0x0000000629c00000, 0x0000000629c00000| Untracked 
| 117|0x000000062a000000, 0x000000062a000000, 0x000000062a400000|  0%| F|  |TAMS 0x000000062a000000, 0x000000062a000000| Untracked 
| 118|0x000000062a400000, 0x000000062a400000, 0x000000062a800000|  0%| F|  |TAMS 0x000000062a400000, 0x000000062a400000| Untracked 
| 119|0x000000062a800000, 0x000000062a800000, 0x000000062ac00000|  0%| F|  |TAMS 0x000000062a800000, 0x000000062a800000| Untracked 
| 120|0x000000062ac00000, 0x000000062ac00000, 0x000000062b000000|  0%| F|  |TAMS 0x000000062ac00000, 0x000000062ac00000| Untracked 
| 121|0x000000062b000000, 0x000000062b000000, 0x000000062b400000|  0%| F|  |TAMS 0x000000062b000000, 0x000000062b000000| Untracked 
| 122|0x000000062b400000, 0x000000062b400000, 0x000000062b800000|  0%| F|  |TAMS 0x000000062b400000, 0x000000062b400000| Untracked 
| 123|0x000000062b800000, 0x000000062bc00000, 0x000000062bc00000|100%| E|  |TAMS 0x000000062b800000, 0x000000062b800000| Complete 
| 124|0x000000062bc00000, 0x000000062c000000, 0x000000062c000000|100%| E|CS|TAMS 0x000000062bc00000, 0x000000062bc00000| Complete 

Card table byte_map: [0x00007fd914178000,0x00007fd915112000] _byte_map_base: 0x00007fd911112000

Marking Bits (Prev, Next): (CMBitMap*) 0x00007fd928057ea0, (CMBitMap*) 0x00007fd928057ee0
 Prev Bits: [0x00007fd90b50e000, 0x00007fd9131de000)
 Next Bits: [0x00007fd90383e000, 0x00007fd90b50e000)

Polling page: 0x00007fd92eb90000

Metaspace:

Usage:
  Non-class:      7.85 MB used.
      Class:    751.14 KB used.
       Both:      8.59 MB used.

Virtual space:
  Non-class space:       16.00 MB reserved,       8.00 MB ( 50%) committed,  2 nodes.
      Class space:        1.00 GB reserved,     832.00 KB ( <1%) committed,  1 nodes.
             Both:        1.02 GB reserved,       8.81 MB ( <1%) committed. 

Chunk freelists:
   Non-Class:  3.80 MB
       Class:  3.17 MB
        Both:  6.97 MB

MaxMetaspaceSize: unlimited
CompressedClassSpaceSize: 1.00 GB
Initial GC threshold: 21.00 MB
Current GC threshold: 21.00 MB
CDS: off
MetaspaceReclaimPolicy: balanced
 - commit_granule_bytes: 65536.
 - commit_granule_words: 8192.
 - virtual_space_node_default_size: 1048576.
 - enlarge_chunks_in_place: 1.
 - new_chunks_are_fully_committed: 0.
 - uncommit_free_chunks: 1.
 - use_allocation_guard: 0.
 - handle_deallocations: 1.


Internal statistics:

num_allocs_failed_limit: 0.
num_arena_births: 66.
num_arena_deaths: 0.
num_vsnodes_births: 3.
num_vsnodes_deaths: 0.
num_space_committed: 139.
num_space_uncommitted: 0.
num_chunks_returned_to_freelist: 0.
num_chunks_taken_from_freelist: 158.
num_chunk_merges: 0.
num_chunk_splits: 90.
num_chunks_enlarged: 58.
num_purges: 0.
num_inconsistent_stats: 0.

CodeHeap 'non-profiled nmethods': size=119168Kb used=153Kb max_used=153Kb free=119014Kb
 bounds [0x00007fd91df8e000, 0x00007fd91e1fe000, 0x00007fd9253ee000]
CodeHeap 'profiled nmethods': size=119164Kb used=890Kb max_used=890Kb free=118274Kb
 bounds [0x00007fd916b2f000, 0x00007fd916d9f000, 0x00007fd91df8e000]
CodeHeap 'non-nmethods': size=7428Kb used=2140Kb max_used=2140Kb free=5287Kb
 bounds [0x00007fd9163ee000, 0x00007fd91665e000, 0x00007fd916b2f000]
 total_blobs=1510 nmethods=577 adapters=846
 compilation: enabled
              stopped_count=0, restarted_count=0
 full_count=0

Compilation events (20 events):
Event: 0.701 Thread 0x00007fd8c4094d60  563       3       jdk.internal.loader.BuiltinClassLoader::findLoadedModule (33 bytes)
Event: 0.701 Thread 0x00007fd928209480  564   !   3       jdk.internal.loader.BuiltinClassLoader::loadClassOrNull (143 bytes)
Event: 0.701 Thread 0x00007fd8c4094d60 nmethod 563 0x00007fd916c08b10 code [0x00007fd916c08d40, 0x00007fd916c093b0]
Event: 0.701 Thread 0x00007fd8c4094d60  565       3       jdk.internal.loader.BuiltinClassLoader::loadClassOrNull (7 bytes)
Event: 0.701 Thread 0x00007fd8c4094d60 nmethod 565 0x00007fd916c09610 code [0x00007fd916c097c0, 0x00007fd916c099a0]
Event: 0.702 Thread 0x00007fd928209480 nmethod 564 0x00007fd916c09a90 code [0x00007fd916c09dc0, 0x00007fd916c0b310]
Event: 0.906 Thread 0x00007fd8c4094d60  566       1       com.onyx.window.Window::getWindow (5 bytes)
Event: 0.906 Thread 0x00007fd8c4094d60 nmethod 566 0x00007fd91dfb3190 code [0x00007fd91dfb3320, 0x00007fd91dfb33f0]
Event: 1.123 Thread 0x00007fd8c4094d60  567       3       org.lwjgl.opengl.GL11::glClearColor (8 bytes)
Event: 1.123 Thread 0x00007fd8c4094d60 nmethod 567 0x00007fd916c0bc90 code [0x00007fd916c0be40, 0x00007fd916c0bf80]
Event: 1.529 Thread 0x00007fd928209480  571       3       org.lwjgl.glfw.GLFW::glfwWindowShouldClose (29 bytes)
Event: 1.529 Thread 0x00007fd8c4094d60  573       3       com.onyx.renderer.Renderer::prepare (11 bytes)
Event: 1.529 Thread 0x00007fd928209480 nmethod 571 0x00007fd916c0c490 code [0x00007fd916c0c660, 0x00007fd916c0c970]
Event: 1.529 Thread 0x00007fd8c4094d60 nmethod 573 0x00007fd916c0c010 code [0x00007fd916c0c200, 0x00007fd916c0c3a0]
Event: 1.529 Thread 0x00007fd8c4094d60  574       3       org.lwjgl.opengl.GL11::glClear (5 bytes)
Event: 1.529 Thread 0x00007fd928209480  576       3       org.lwjgl.glfw.GLFW::glfwSwapBuffers (21 bytes)
Event: 1.529 Thread 0x00007fd8c4094d60 nmethod 574 0x00007fd916c0cb10 code [0x00007fd916c0ccc0, 0x00007fd916c0cde0]
Event: 1.530 Thread 0x00007fd928209480 nmethod 576 0x00007fd916c0ce90 code [0x00007fd916c0d060, 0x00007fd916c0d310]
Event: 1.532 Thread 0x00007fd928209480  577       3       org.lwjgl.glfw.GLFW::glfwPollEvents (9 bytes)
Event: 1.532 Thread 0x00007fd928209480 nmethod 577 0x00007fd916c0d490 code [0x00007fd916c0d640, 0x00007fd916c0d760]

GC Heap History (0 events):
No events

Dll operation events (7 events):
Event: 0.001 Loaded shared library /root/.vscode-server/extensions/redhat.java-1.14.0-linux-x64/jre/17.0.5-linux-x86_64/lib/libjava.so
Event: 0.220 Loaded shared library /root/.vscode-server/extensions/redhat.java-1.14.0-linux-x64/jre/17.0.5-linux-x86_64/lib/libnio.so
Event: 0.228 Loaded shared library /root/.vscode-server/extensions/redhat.java-1.14.0-linux-x64/jre/17.0.5-linux-x86_64/lib/libzip.so
Event: 0.286 Loaded shared library /root/.vscode-server/extensions/redhat.java-1.14.0-linux-x64/jre/17.0.5-linux-x86_64/lib/libjimage.so
Event: 0.293 Loaded shared library /root/.vscode-server/extensions/redhat.java-1.14.0-linux-x64/jre/17.0.5-linux-x86_64/lib/libnet.so
Event: 0.299 Loaded shared library /tmp/lwjglroot/3.3.1-build-7/liblwjgl.so
Event: 0.623 Loaded shared library /tmp/lwjglroot/3.3.1-build-7/liblwjgl_opengl.so

Deoptimization events (8 events):
Event: 0.644 Thread 0x00007fd928027aa0 Uncommon trap: trap_request=0xffffff45 fr.pc=0x00007fd91df92180 relative=0x0000000000000060
Event: 0.644 Thread 0x00007fd928027aa0 Uncommon trap: reason=unstable_if action=reinterpret pc=0x00007fd91df92180 method=java.lang.String.isLatin1()Z @ 10 c2
Event: 0.644 Thread 0x00007fd928027aa0 DEOPT PACKING pc=0x00007fd91df92180 sp=0x00007fd92d49ff50
Event: 0.644 Thread 0x00007fd928027aa0 DEOPT UNPACKING pc=0x00007fd916440099 sp=0x00007fd92d49ff10 mode 2
Event: 0.646 Thread 0x00007fd928027aa0 Uncommon trap: trap_request=0xffffff54 fr.pc=0x00007fd91dfaee0c relative=0x000000000000006c
Event: 0.646 Thread 0x00007fd928027aa0 Uncommon trap: reason=speculate_null_assert action=make_not_entrant pc=0x00007fd91dfaee0c method=sun.misc.Unsafe.putLong(Ljava/lang/Object;JJ)V @ 7 c2
Event: 0.646 Thread 0x00007fd928027aa0 DEOPT PACKING pc=0x00007fd91dfaee0c sp=0x00007fd92d4a05b0
Event: 0.646 Thread 0x00007fd928027aa0 DEOPT UNPACKING pc=0x00007fd916440099 sp=0x00007fd92d4a0568 mode 2

Classes unloaded (0 events):
No events

Classes redefined (0 events):
No events

Internal exceptions (16 events):
Event: 0.259 Thread 0x00007fd928027aa0 Exception <a 'java/lang/NoSuchMethodError'{0x000000062bece590}: 'java.lang.Object java.lang.invoke.DirectMethodHandle$Holder.invokeStaticInit(java.lang.Object)'> (0x000000062bece590) 
thrown [src/hotspot/share/interpreter/linkResolver.cpp, line 758]
Event: 0.270 Thread 0x00007fd928027aa0 Exception <a 'java/lang/NoSuchMethodError'{0x000000062bf97288}: 'void java.lang.invoke.DirectMethodHandle$Holder.invokeStatic(java.lang.Object, java.lang.Object)'> (0x000000062bf97288) 
thrown [src/hotspot/share/interpreter/linkResolver.cpp, line 758]
Event: 0.271 Thread 0x00007fd928027aa0 Exception <a 'java/lang/NoSuchMethodError'{0x000000062bf9cad0}: 'void java.lang.invoke.DirectMethodHandle$Holder.invokeSpecial(java.lang.Object, java.lang.Object, java.lang.Object)'> (0x000000062bf9cad0) 
thrown [src/hotspot/share/interpreter/linkResolver.cpp, line 758]
Event: 0.274 Thread 0x00007fd928027aa0 Exception <a 'java/lang/NoSuchMethodError'{0x000000062bfafe30}: 'java.lang.Object java.lang.invoke.DirectMethodHandle$Holder.invokeStatic(java.lang.Object, java.lang.Object, int)'> (0x000000062bfafe30) 
thrown [src/hotspot/share/interpreter/linkResolver.cpp, line 758]
Event: 0.275 Thread 0x00007fd928027aa0 Exception <a 'java/lang/NoSuchMethodError'{0x000000062bfbbba0}: 'void java.lang.invoke.DelegatingMethodHandle$Holder.delegate(java.lang.Object, java.lang.Object, int, java.lang.Object)'> (0x000000062bfbbba0) 
thrown [src/hotspot/share/interpreter/linkResolver.cpp, line 758]
Event: 0.275 Thread 0x00007fd928027aa0 Exception <a 'java/lang/NoSuchMethodError'{0x000000062bfbfde0}: 'int java.lang.invoke.DirectMethodHandle$Holder.invokeSpecial(java.lang.Object, java.lang.Object, java.lang.Object)'> (0x000000062bfbfde0) 
thrown [src/hotspot/share/interpreter/linkResolver.cpp, line 758]
Event: 0.299 Thread 0x00007fd928027aa0 Exception <a 'sun/nio/fs/UnixException'{0x000000062b859420}> (0x000000062b859420) 
thrown [src/hotspot/share/prims/jni.cpp, line 516]
Event: 0.308 Thread 0x00007fd928027aa0 Exception <a 'java/lang/NoSuchMethodError'{0x000000062b8bfd20}: 'int java.lang.invoke.DirectMethodHandle$Holder.invokeStaticInit(java.lang.Object, java.lang.Object, int, long)'> (0x000000062b8bfd20) 
thrown [src/hotspot/share/interpreter/linkResolver.cpp, line 758]
Event: 0.309 Thread 0x00007fd928027aa0 Exception <a 'java/lang/NoSuchMethodError'{0x000000062b8c55e8}: 'java.lang.Object java.lang.invoke.DirectMethodHandle$Holder.newInvokeSpecial(java.lang.Object, java.lang.Object, int)'> (0x000000062b8c55e8) 
thrown [src/hotspot/share/interpreter/linkResolver.cpp, line 758]
Event: 0.311 Thread 0x00007fd928027aa0 Exception <a 'java/lang/NoSuchMethodError'{0x000000062b8d40e0}: 'int java.lang.invoke.DirectMethodHandle$Holder.invokeStaticInit(java.lang.Object, java.lang.Object, long, long)'> (0x000000062b8d40e0) 
thrown [src/hotspot/share/interpreter/linkResolver.cpp, line 758]
Event: 0.311 Thread 0x00007fd928027aa0 Exception <a 'java/lang/NoSuchMethodError'{0x000000062b8da1f0}: 'java.lang.Object java.lang.invoke.DirectMethodHandle$Holder.newInvokeSpecial(java.lang.Object, java.lang.Object, long)'> (0x000000062b8da1f0) 
thrown [src/hotspot/share/interpreter/linkResolver.cpp, line 758]
Event: 0.312 Thread 0x00007fd928027aa0 Exception <a 'java/lang/NoSuchMethodError'{0x000000062b8de238}: 'java.lang.Object java.lang.invoke.Invokers$Holder.linkToTargetMethod(java.lang.Object, long, java.lang.Object)'> (0x000000062b8de238) 
thrown [src/hotspot/share/interpreter/linkResolver.cpp, line 758]
Event: 0.312 Thread 0x00007fd928027aa0 Exception <a 'java/lang/NoSuchMethodError'{0x000000062b8e5950}: 'int java.lang.invoke.DirectMethodHandle$Holder.invokeStaticInit(java.lang.Object, java.lang.Object, java.lang.Object, long)'> (0x000000062b8e5950) 
thrown [src/hotspot/share/interpreter/linkResolver.cpp, line 758]
Event: 0.326 Thread 0x00007fd928027aa0 Exception <a 'sun/nio/fs/UnixException'{0x000000062b9849e0}> (0x000000062b9849e0) 
thrown [src/hotspot/share/prims/jni.cpp, line 516]
Event: 0.623 Thread 0x00007fd928027aa0 Exception <a 'sun/nio/fs/UnixException'{0x000000062ba06fb0}> (0x000000062ba06fb0) 
thrown [src/hotspot/share/prims/jni.cpp, line 516]
Event: 0.625 Thread 0x00007fd928027aa0 Exception <a 'sun/nio/fs/UnixException'{0x000000062ba0d2f0}> (0x000000062ba0d2f0) 
thrown [src/hotspot/share/prims/jni.cpp, line 516]

VM Operations (6 events):
Event: 0.059 Executing VM operation: ChangeBreakpoints
Event: 0.059 Executing VM operation: ChangeBreakpoints done
Event: 0.229 Executing VM operation: HandshakeAllThreads
Event: 0.229 Executing VM operation: HandshakeAllThreads done
Event: 1.229 Executing VM operation: Cleanup
Event: 1.229 Executing VM operation: Cleanup done

Events (20 events):
Event: 0.644 loading class java/util/stream/Sink$ChainedInt done
Event: 0.644 loading class java/util/stream/IntPipeline$10$1 done
Event: 0.644 loading class java/lang/StringUTF16$CharsSpliterator
Event: 0.644 loading class java/lang/StringUTF16$CharsSpliterator done
Event: 0.644 loading class java/lang/CharacterData00
Event: 0.644 loading class java/lang/CharacterData00 done
Event: 0.666 loading class java/util/function/IntFunction
Event: 0.666 loading class java/util/function/IntFunction done
Event: 2.000 loading class java/util/IdentityHashMap$KeyIterator
Event: 2.000 loading class java/util/IdentityHashMap$IdentityHashMapIterator
Event: 2.001 loading class java/util/IdentityHashMap$IdentityHashMapIterator done
Event: 2.001 loading class java/util/IdentityHashMap$KeyIterator done
Event: 2.001 Thread 0x00007fd928027aa0 Thread exited: 0x00007fd928027aa0
Event: 2.001 Protecting memory [0x00007fd92d3a1000,0x00007fd92d3a5000] with protection modes 0
Event: 2.001 Thread 0x00007fd928027aa0 Thread added: 0x00007fd928027aa0
Event: 2.001 loading class java/lang/Shutdown
Event: 2.001 loading class java/lang/Shutdown done
Event: 2.001 loading class java/lang/Shutdown$Lock
Event: 2.001 loading class java/lang/Shutdown$Lock done
Event: 2.001 Thread 0x00007fd928027aa0 Thread exited: 0x00007fd928027aa0


Dynamic libraries:
60cc00000-62c000000 rw-p 00000000 00:00 0 
62c000000-800000000 ---p 00000000 00:00 0 
800000000-800020000 rw-p 00000000 00:00 0 
800020000-800040000 rw-p 00000000 00:00 0 
800040000-8000b0000 rw-p 00000000 00:00 0 
8000b0000-8000c0000 ---p 00000000 00:00 0 
8000c0000-8000e0000 rw-p 00000000 00:00 0 
8000e0000-840000000 ---p 00000000 00:00 0 
56471417c000-56471417d000 r--p 00000000 08:20 383590                     /root/.vscode-server/extensions/redhat.java-1.14.0-linux-x64/jre/17.0.5-linux-x86_64/bin/java
56471417d000-56471417e000 r-xp 00001000 08:20 383590                     /root/.vscode-server/extensions/redhat.java-1.14.0-linux-x64/jre/17.0.5-linux-x86_64/bin/java
56471417e000-56471417f000 r--p 00002000 08:20 383590                     /root/.vscode-server/extensions/redhat.java-1.14.0-linux-x64/jre/17.0.5-linux-x86_64/bin/java
56471417f000-564714180000 r--p 00002000 08:20 383590                     /root/.vscode-server/extensions/redhat.java-1.14.0-linux-x64/jre/17.0.5-linux-x86_64/bin/java
564714180000-564714181000 rw-p 00003000 08:20 383590                     /root/.vscode-server/extensions/redhat.java-1.14.0-linux-x64/jre/17.0.5-linux-x86_64/bin/java
564714955000-56471499d000 rw-p 00000000 00:00 0                          [heap]
7fd88c000000-7fd88c021000 rw-p 00000000 00:00 0 
7fd88c021000-7fd890000000 ---p 00000000 00:00 0 
7fd894000000-7fd89402a000 rw-p 00000000 00:00 0 
7fd89402a000-7fd898000000 ---p 00000000 00:00 0 
7fd898400000-7fd898440000 rw-p 00000000 00:00 0 
7fd898440000-7fd898c00000 ---p 00000000 00:00 0 
7fd898eef000-7fd898f45000 r-xp 00000000 08:20 287481                     /tmp/lwjglroot/3.3.1-build-7/liblwjgl_opengl.so
7fd898f45000-7fd899144000 ---p 00056000 08:20 287481                     /tmp/lwjglroot/3.3.1-build-7/liblwjgl_opengl.so
7fd899144000-7fd899145000 r--p 00055000 08:20 287481                     /tmp/lwjglroot/3.3.1-build-7/liblwjgl_opengl.so
7fd899145000-7fd899146000 rw-p 00056000 08:20 287481                     /tmp/lwjglroot/3.3.1-build-7/liblwjgl_opengl.so
7fd8994ee000-7fd899872000 rw-s 00000000 00:01 32792                      /SYSV00000000 (deleted)
7fd89a692000-7fd89a693000 ---p 00000000 00:00 0 
7fd89a693000-7fd89ae93000 rw-p 00000000 00:00 0 
7fd89ae93000-7fd89bffe000 r--p 00000000 00:1d 16607023626197133          /usr/lib/wsl/drivers/nv_dispi.inf_amd64_807bbbd5b556d8f2/libnvwgf2umx.so
7fd89bffe000-7fd89da91000 r-xp 0116b000 00:1d 16607023626197133          /usr/lib/wsl/drivers/nv_dispi.inf_amd64_807bbbd5b556d8f2/libnvwgf2umx.so
7fd89da91000-7fd89db93000 r--p 02bfe000 00:1d 16607023626197133          /usr/lib/wsl/drivers/nv_dispi.inf_amd64_807bbbd5b556d8f2/libnvwgf2umx.so
7fd89db93000-7fd89e7fb000 rw-p 02d00000 00:1d 16607023626197133          /usr/lib/wsl/drivers/nv_dispi.inf_amd64_807bbbd5b556d8f2/libnvwgf2umx.so
7fd89e7fb000-7fd89e84a000 rw-p 00000000 00:00 0 
7fd89e84a000-7fd8a3a6b000 r-xp 00000000 08:20 7268                       /usr/lib/x86_64-linux-gnu/libLLVM-12.so.1
7fd8a3a6b000-7fd8a3f84000 r--p 05220000 08:20 7268                       /usr/lib/x86_64-linux-gnu/libLLVM-12.so.1
7fd8a3f84000-7fd8a3f8b000 rw-p 05739000 08:20 7268                       /usr/lib/x86_64-linux-gnu/libLLVM-12.so.1
7fd8a3f8b000-7fd8a4000000 rw-p 00000000 00:00 0 
7fd8a4000000-7fd8a4021000 rw-p 00000000 00:00 0 
7fd8a4021000-7fd8a8000000 ---p 00000000 00:00 0 
7fd8a8071000-7fd8a8072000 ---p 00000000 00:00 0 
7fd8a8072000-7fd8a8872000 rw-p 00000000 00:00 0 
7fd8a8872000-7fd8a8873000 ---p 00000000 00:00 0 
7fd8a8873000-7fd8a9073000 rw-p 00000000 00:00 0 
7fd8a9073000-7fd8a9074000 ---p 00000000 00:00 0 
7fd8a9074000-7fd8a9874000 rw-p 00000000 00:00 0 
7fd8a9c74000-7fd8a9c75000 ---p 00000000 00:00 0 
7fd8a9c75000-7fd8aa475000 rw-p 00000000 00:00 0 
7fd8ac000000-7fd8ac021000 rw-p 00000000 00:00 0 
7fd8ac021000-7fd8b0000000 ---p 00000000 00:00 0 
7fd8b0000000-7fd8b0021000 rw-p 00000000 00:00 0 
7fd8b0021000-7fd8b4000000 ---p 00000000 00:00 0 
7fd8b4000000-7fd8b4021000 rw-p 00000000 00:00 0 
7fd8b4021000-7fd8b8000000 ---p 00000000 00:00 0 
7fd8b8000000-7fd8b8021000 rw-p 00000000 00:00 0 
7fd8b8021000-7fd8bc000000 ---p 00000000 00:00 0 
7fd8bc000000-7fd8bc0e7000 rw-p 00000000 00:00 0 
7fd8bc0e7000-7fd8c0000000 ---p 00000000 00:00 0 
7fd8c0000000-7fd8c0021000 rw-p 00000000 00:00 0 
7fd8c0021000-7fd8c4000000 ---p 00000000 00:00 0 
7fd8c4000000-7fd8c416d000 rw-p 00000000 00:00 0 
7fd8c416d000-7fd8c8000000 ---p 00000000 00:00 0 
7fd8c8000000-7fd8c8021000 rw-p 00000000 00:00 0 
7fd8c8021000-7fd8cc000000 ---p 00000000 00:00 0 
7fd8cc000000-7fd8cc021000 rw-p 00000000 00:00 0 
7fd8cc021000-7fd8d0000000 ---p 00000000 00:00 0 
7fd8d0000000-7fd8d007c000 rw-p 00000000 00:00 0 
7fd8d007c000-7fd8d4000000 ---p 00000000 00:00 0 
7fd8d4000000-7fd8d4021000 rw-p 00000000 00:00 0 
7fd8d4021000-7fd8d8000000 ---p 00000000 00:00 0 
7fd8d8000000-7fd8d8021000 rw-p 00000000 00:00 0 
7fd8d8021000-7fd8dc000000 ---p 00000000 00:00 0 
7fd8dc000000-7fd8dc021000 rw-p 00000000 00:00 0 
7fd8dc021000-7fd8e0000000 ---p 00000000 00:00 0 
7fd8e0000000-7fd8e0021000 rw-p 00000000 00:00 0 
7fd8e0021000-7fd8e4000000 ---p 00000000 00:00 0 
7fd8e4000000-7fd8e4021000 rw-p 00000000 00:00 0 
7fd8e4021000-7fd8e8000000 ---p 00000000 00:00 0 
7fd8e8000000-7fd8e8021000 rw-p 00000000 00:00 0 
7fd8e8021000-7fd8ec000000 ---p 00000000 00:00 0 
7fd8ec000000-7fd8ec021000 rw-p 00000000 00:00 0 
7fd8ec021000-7fd8f0000000 ---p 00000000 00:00 0 
7fd8f0001000-7fd8f0002000 rwxp 00000000 00:00 0 
7fd8f0c73000-7fd8f0cb7000 r--p 00000000 00:1f 13792273859049748          /usr/lib/wsl/lib/libd3d12.so
7fd8f0cb7000-7fd8f0d30000 r-xp 00043000 00:1f 13792273859049748          /usr/lib/wsl/lib/libd3d12.so
7fd8f0d30000-7fd8f0d38000 r--p 000bb000 00:1f 13792273859049748          /usr/lib/wsl/lib/libd3d12.so
7fd8f0d38000-7fd8f0d3a000 rw-p 000c2000 00:1f 13792273859049748          /usr/lib/wsl/lib/libd3d12.so
7fd8f0d3a000-7fd8f0d3d000 rw-p 00000000 00:00 0 
7fd8f0d3d000-7fd8f0d80000 r--p 00000000 00:1f 20266198323394879          /usr/lib/wsl/lib/libdxcore.so
7fd8f0d80000-7fd8f0e01000 r-xp 00042000 00:1f 20266198323394879          /usr/lib/wsl/lib/libdxcore.so
7fd8f0e01000-7fd8f0e09000 r--p 000c2000 00:1f 20266198323394879          /usr/lib/wsl/lib/libdxcore.so
7fd8f0e09000-7fd8f0e0b000 rw-p 000c9000 00:1f 20266198323394879          /usr/lib/wsl/lib/libdxcore.so
7fd8f0e0b000-7fd8f0e0e000 rw-p 00000000 00:00 0 
7fd8f0e0e000-7fd8f0e1c000 r--p 00000000 08:20 11539                      /usr/lib/x86_64-linux-gnu/libtinfo.so.6.2
7fd8f0e1c000-7fd8f0e2b000 r-xp 0000e000 08:20 11539                      /usr/lib/x86_64-linux-gnu/libtinfo.so.6.2
7fd8f0e2b000-7fd8f0e39000 r--p 0001d000 08:20 11539                      /usr/lib/x86_64-linux-gnu/libtinfo.so.6.2
7fd8f0e39000-7fd8f0e3d000 r--p 0002a000 08:20 11539                      /usr/lib/x86_64-linux-gnu/libtinfo.so.6.2
7fd8f0e3d000-7fd8f0e3e000 rw-p 0002e000 08:20 11539                      /usr/lib/x86_64-linux-gnu/libtinfo.so.6.2
7fd8f0e3e000-7fd8f0e46000 r--p 00000000 08:20 11177                      /usr/lib/x86_64-linux-gnu/libedit.so.2.0.63
7fd8f0e46000-7fd8f0e61000 r-xp 00008000 08:20 11177                      /usr/lib/x86_64-linux-gnu/libedit.so.2.0.63
7fd8f0e61000-7fd8f0e6f000 r--p 00023000 08:20 11177                      /usr/lib/x86_64-linux-gnu/libedit.so.2.0.63
7fd8f0e6f000-7fd8f0e71000 r--p 00030000 08:20 11177                      /usr/lib/x86_64-linux-gnu/libedit.so.2.0.63
7fd8f0e71000-7fd8f0e72000 rw-p 00032000 08:20 11177                      /usr/lib/x86_64-linux-gnu/libedit.so.2.0.63
7fd8f0e72000-7fd8f0e76000 rw-p 00000000 00:00 0 
7fd8f0e76000-7fd8f0e78000 r--p 00000000 08:20 11201                      /usr/lib/x86_64-linux-gnu/libffi.so.7.1.0
7fd8f0e78000-7fd8f0e7e000 r-xp 00002000 08:20 11201                      /usr/lib/x86_64-linux-gnu/libffi.so.7.1.0
7fd8f0e7e000-7fd8f0e7f000 r--p 00008000 08:20 11201                      /usr/lib/x86_64-linux-gnu/libffi.so.7.1.0
7fd8f0e7f000-7fd8f0e80000 ---p 00009000 08:20 11201                      /usr/lib/x86_64-linux-gnu/libffi.so.7.1.0
7fd8f0e80000-7fd8f0e81000 r--p 00009000 08:20 11201                      /usr/lib/x86_64-linux-gnu/libffi.so.7.1.0
7fd8f0e81000-7fd8f0e82000 rw-p 0000a000 08:20 11201                      /usr/lib/x86_64-linux-gnu/libffi.so.7.1.0
7fd8f0e82000-7fd8f0e85000 r--p 00000000 08:20 15714                      /usr/lib/x86_64-linux-gnu/libgcc_s.so.1
7fd8f0e85000-7fd8f0e97000 r-xp 00003000 08:20 15714                      /usr/lib/x86_64-linux-gnu/libgcc_s.so.1
7fd8f0e97000-7fd8f0e9b000 r--p 00015000 08:20 15714                      /usr/lib/x86_64-linux-gnu/libgcc_s.so.1
7fd8f0e9b000-7fd8f0e9c000 r--p 00018000 08:20 15714                      /usr/lib/x86_64-linux-gnu/libgcc_s.so.1
7fd8f0e9c000-7fd8f0e9d000 rw-p 00019000 08:20 15714                      /usr/lib/x86_64-linux-gnu/libgcc_s.so.1
7fd8f0e9d000-7fd8f0f33000 r--p 00000000 08:20 16268                      /usr/lib/x86_64-linux-gnu/libstdc++.so.6.0.28
7fd8f0f33000-7fd8f1024000 r-xp 00096000 08:20 16268                      /usr/lib/x86_64-linux-gnu/libstdc++.so.6.0.28
7fd8f1024000-7fd8f106d000 r--p 00187000 08:20 16268                      /usr/lib/x86_64-linux-gnu/libstdc++.so.6.0.28
7fd8f106d000-7fd8f106e000 ---p 001d0000 08:20 16268                      /usr/lib/x86_64-linux-gnu/libstdc++.so.6.0.28
7fd8f106e000-7fd8f1079000 r--p 001d0000 08:20 16268                      /usr/lib/x86_64-linux-gnu/libstdc++.so.6.0.28
7fd8f1079000-7fd8f107c000 rw-p 001db000 08:20 16268                      /usr/lib/x86_64-linux-gnu/libstdc++.so.6.0.28
7fd8f107c000-7fd8f107f000 rw-p 00000000 00:00 0 
7fd8f11d1000-7fd8f11d4000 r--p 00000000 08:20 7075                       /usr/lib/x86_64-linux-gnu/libxcb-xfixes.so.0.0.0
7fd8f11d4000-7fd8f11d7000 r-xp 00003000 08:20 7075                       /usr/lib/x86_64-linux-gnu/libxcb-xfixes.so.0.0.0
7fd8f11d7000-7fd8f11d8000 r--p 00006000 08:20 7075                       /usr/lib/x86_64-linux-gnu/libxcb-xfixes.so.0.0.0
7fd8f11d8000-7fd8f11d9000 ---p 00007000 08:20 7075                       /usr/lib/x86_64-linux-gnu/libxcb-xfixes.so.0.0.0
7fd8f11d9000-7fd8f11da000 r--p 00007000 08:20 7075                       /usr/lib/x86_64-linux-gnu/libxcb-xfixes.so.0.0.0
7fd8f11da000-7fd8f11db000 rw-p 00008000 08:20 7075                       /usr/lib/x86_64-linux-gnu/libxcb-xfixes.so.0.0.0
7fd8f11db000-7fd8f11dc000 r-xp 00000000 08:20 11639                      /usr/lib/x86_64-linux-gnu/libxshmfence.so.1.0.0
7fd8f11dc000-7fd8f13db000 ---p 00001000 08:20 11639                      /usr/lib/x86_64-linux-gnu/libxshmfence.so.1.0.0
7fd8f13db000-7fd8f13dc000 r--p 00000000 08:20 11639                      /usr/lib/x86_64-linux-gnu/libxshmfence.so.1.0.0
7fd8f13dc000-7fd8f13dd000 rw-p 00001000 08:20 11639                      /usr/lib/x86_64-linux-gnu/libxshmfence.so.1.0.0
7fd8f13dd000-7fd8f13e0000 r--p 00000000 08:20 11625                      /usr/lib/x86_64-linux-gnu/libxcb-sync.so.1.0.0
7fd8f13e0000-7fd8f13e3000 r-xp 00003000 08:20 11625                      /usr/lib/x86_64-linux-gnu/libxcb-sync.so.1.0.0
7fd8f13e3000-7fd8f13e4000 r--p 00006000 08:20 11625                      /usr/lib/x86_64-linux-gnu/libxcb-sync.so.1.0.0
7fd8f13e4000-7fd8f13e5000 ---p 00007000 08:20 11625                      /usr/lib/x86_64-linux-gnu/libxcb-sync.so.1.0.0
7fd8f13e5000-7fd8f13e6000 r--p 00007000 08:20 11625                      /usr/lib/x86_64-linux-gnu/libxcb-sync.so.1.0.0
7fd8f13e6000-7fd8f13e7000 rw-p 00008000 08:20 11625                      /usr/lib/x86_64-linux-gnu/libxcb-sync.so.1.0.0
7fd8f13e7000-7fd8f13e8000 r--p 00000000 08:20 11619                      /usr/lib/x86_64-linux-gnu/libxcb-present.so.0.0.0
7fd8f13e8000-7fd8f13e9000 r-xp 00001000 08:20 11619                      /usr/lib/x86_64-linux-gnu/libxcb-present.so.0.0.0
7fd8f13e9000-7fd8f13ea000 r--p 00002000 08:20 11619                      /usr/lib/x86_64-linux-gnu/libxcb-present.so.0.0.0
7fd8f13ea000-7fd8f13eb000 r--p 00002000 08:20 11619                      /usr/lib/x86_64-linux-gnu/libxcb-present.so.0.0.0
7fd8f13eb000-7fd8f13ec000 rw-p 00003000 08:20 11619                      /usr/lib/x86_64-linux-gnu/libxcb-present.so.0.0.0
7fd8f13ec000-7fd8f13ee000 r--p 00000000 08:20 11615                      /usr/lib/x86_64-linux-gnu/libxcb-dri3.so.0.0.0
7fd8f13ee000-7fd8f13ef000 r-xp 00002000 08:20 11615                      /usr/lib/x86_64-linux-gnu/libxcb-dri3.so.0.0.0
7fd8f13ef000-7fd8f13f0000 r--p 00003000 08:20 11615                      /usr/lib/x86_64-linux-gnu/libxcb-dri3.so.0.0.0
7fd8f13f0000-7fd8f13f1000 r--p 00003000 08:20 11615                      /usr/lib/x86_64-linux-gnu/libxcb-dri3.so.0.0.0
7fd8f13f1000-7fd8f13f2000 rw-p 00004000 08:20 11615                      /usr/lib/x86_64-linux-gnu/libxcb-dri3.so.0.0.0
7fd8f13f2000-7fd8f13f6000 r--p 00000000 08:20 18253                      /usr/lib/x86_64-linux-gnu/libexpat.so.1.6.11
7fd8f13f6000-7fd8f1412000 r-xp 00004000 08:20 18253                      /usr/lib/x86_64-linux-gnu/libexpat.so.1.6.11
7fd8f1412000-7fd8f141c000 r--p 00020000 08:20 18253                      /usr/lib/x86_64-linux-gnu/libexpat.so.1.6.11
7fd8f141c000-7fd8f141d000 ---p 0002a000 08:20 18253                      /usr/lib/x86_64-linux-gnu/libexpat.so.1.6.11
7fd8f141d000-7fd8f141f000 r--p 0002a000 08:20 18253                      /usr/lib/x86_64-linux-gnu/libexpat.so.1.6.11
7fd8f141f000-7fd8f1420000 rw-p 0002c000 08:20 18253                      /usr/lib/x86_64-linux-gnu/libexpat.so.1.6.11
7fd8f1420000-7fd8f1421000 r--p 00000000 08:20 7050                       /usr/lib/x86_64-linux-gnu/libxcb-shm.so.0.0.0
7fd8f1421000-7fd8f1422000 r-xp 00001000 08:20 7050                       /usr/lib/x86_64-linux-gnu/libxcb-shm.so.0.0.0
7fd8f1422000-7fd8f1423000 r--p 00002000 08:20 7050                       /usr/lib/x86_64-linux-gnu/libxcb-shm.so.0.0.0
7fd8f1423000-7fd8f1424000 r--p 00002000 08:20 7050                       /usr/lib/x86_64-linux-gnu/libxcb-shm.so.0.0.0
7fd8f1424000-7fd8f1425000 rw-p 00003000 08:20 7050                       /usr/lib/x86_64-linux-gnu/libxcb-shm.so.0.0.0
7fd8f1425000-7fd8f1427000 r--p 00000000 08:20 11613                      /usr/lib/x86_64-linux-gnu/libxcb-dri2.so.0.0.0
7fd8f1427000-7fd8f1429000 r-xp 00002000 08:20 11613                      /usr/lib/x86_64-linux-gnu/libxcb-dri2.so.0.0.0
7fd8f1429000-7fd8f142a000 r--p 00004000 08:20 11613                      /usr/lib/x86_64-linux-gnu/libxcb-dri2.so.0.0.0
7fd8f142a000-7fd8f142b000 r--p 00004000 08:20 11613                      /usr/lib/x86_64-linux-gnu/libxcb-dri2.so.0.0.0
7fd8f142b000-7fd8f142c000 rw-p 00005000 08:20 11613                      /usr/lib/x86_64-linux-gnu/libxcb-dri2.so.0.0.0
7fd8f142c000-7fd8f1437000 r--p 00000000 08:20 11617                      /usr/lib/x86_64-linux-gnu/libxcb-glx.so.0.0.0
7fd8f1437000-7fd8f1440000 r-xp 0000b000 08:20 11617                      /usr/lib/x86_64-linux-gnu/libxcb-glx.so.0.0.0
7fd8f1440000-7fd8f1445000 r--p 00014000 08:20 11617                      /usr/lib/x86_64-linux-gnu/libxcb-glx.so.0.0.0
7fd8f1445000-7fd8f1446000 ---p 00019000 08:20 11617                      /usr/lib/x86_64-linux-gnu/libxcb-glx.so.0.0.0
7fd8f1446000-7fd8f1448000 r--p 00019000 08:20 11617                      /usr/lib/x86_64-linux-gnu/libxcb-glx.so.0.0.0
7fd8f1448000-7fd8f1449000 rw-p 0001b000 08:20 11617                      /usr/lib/x86_64-linux-gnu/libxcb-glx.so.0.0.0
7fd8f1449000-7fd8f144e000 r--p 00000000 08:20 19124                      /usr/lib/x86_64-linux-gnu/libdrm.so.2.4.0
7fd8f144e000-7fd8f1459000 r-xp 00005000 08:20 19124                      /usr/lib/x86_64-linux-gnu/libdrm.so.2.4.0
7fd8f1459000-7fd8f145d000 r--p 00010000 08:20 19124                      /usr/lib/x86_64-linux-gnu/libdrm.so.2.4.0
7fd8f145d000-7fd8f145e000 r--p 00013000 08:20 19124                      /usr/lib/x86_64-linux-gnu/libdrm.so.2.4.0
7fd8f145e000-7fd8f145f000 rw-p 00014000 08:20 19124                      /usr/lib/x86_64-linux-gnu/libdrm.so.2.4.0
7fd8f145f000-7fd8f146c000 r--p 00000000 08:20 7199                       /usr/lib/x86_64-linux-gnu/libglapi.so.0.0.0
7fd8f146c000-7fd8f147a000 r-xp 0000d000 08:20 7199                       /usr/lib/x86_64-linux-gnu/libglapi.so.0.0.0
7fd8f147a000-7fd8f1493000 r--p 0001b000 08:20 7199                       /usr/lib/x86_64-linux-gnu/libglapi.so.0.0.0
7fd8f1493000-7fd8f1494000 ---p 00034000 08:20 7199                       /usr/lib/x86_64-linux-gnu/libglapi.so.0.0.0
7fd8f1494000-7fd8f1498000 r--p 00034000 08:20 7199                       /usr/lib/x86_64-linux-gnu/libglapi.so.0.0.0
7fd8f1498000-7fd8f1499000 rw-p 00038000 08:20 7199                       /usr/lib/x86_64-linux-gnu/libglapi.so.0.0.0
7fd8f1499000-7fd8f149a000 rw-p 00000000 00:00 0 
7fd8f149a000-7fd8f14b3000 r--p 00000000 08:20 7111                       /usr/lib/x86_64-linux-gnu/libGLX_mesa.so.0.0.0
7fd8f14b3000-7fd8f14f7000 r-xp 00019000 08:20 7111                       /usr/lib/x86_64-linux-gnu/libGLX_mesa.so.0.0.0
7fd8f14f7000-7fd8f150e000 r--p 0005d000 08:20 7111                       /usr/lib/x86_64-linux-gnu/libGLX_mesa.so.0.0.0
7fd8f150e000-7fd8f1511000 r--p 00073000 08:20 7111                       /usr/lib/x86_64-linux-gnu/libGLX_mesa.so.0.0.0
7fd8f1511000-7fd8f1512000 rw-p 00076000 08:20 7111                       /usr/lib/x86_64-linux-gnu/libGLX_mesa.so.0.0.0
7fd8f1512000-7fd8f1513000 rw-p 00000000 00:00 0 
7fd8f1513000-7fd8f1516000 r--p 00000000 08:20 3717                       /usr/lib/x86_64-linux-gnu/libGLX.so.0.0.0
7fd8f1516000-7fd8f1531000 r-xp 00003000 08:20 3717                       /usr/lib/x86_64-linux-gnu/libGLX.so.0.0.0
7fd8f1531000-7fd8f1535000 r--p 0001e000 08:20 3717                       /usr/lib/x86_64-linux-gnu/libGLX.so.0.0.0
7fd8f1535000-7fd8f1536000 r--p 00021000 08:20 3717                       /usr/lib/x86_64-linux-gnu/libGLX.so.0.0.0
7fd8f1536000-7fd8f1537000 rw-p 00022000 08:20 3717                       /usr/lib/x86_64-linux-gnu/libGLX.so.0.0.0
7fd8f1537000-7fd8f1547000 rw-p 00000000 00:00 0 
7fd8f1547000-7fd8f1587000 r--p 00000000 08:20 3793                       /usr/lib/x86_64-linux-gnu/libGLdispatch.so.0.0.0
7fd8f1587000-7fd8f15c6000 r-xp 00040000 08:20 3793                       /usr/lib/x86_64-linux-gnu/libGLdispatch.so.0.0.0
7fd8f15c6000-7fd8f15da000 r--p 0007f000 08:20 3793                       /usr/lib/x86_64-linux-gnu/libGLdispatch.so.0.0.0
7fd8f15da000-7fd8f15f6000 r--p 00092000 08:20 3793                       /usr/lib/x86_64-linux-gnu/libGLdispatch.so.0.0.0
7fd8f15f6000-7fd8f15f7000 rw-p 000ae000 08:20 3793                       /usr/lib/x86_64-linux-gnu/libGLdispatch.so.0.0.0
7fd8f15f7000-7fd8f15ff000 rw-p 00000000 00:00 0 
7fd8f15ff000-7fd8f1642000 r--p 00000000 08:20 3647                       /usr/lib/x86_64-linux-gnu/libGL.so.1.7.0
7fd8f1642000-7fd8f1662000 r-xp 00043000 08:20 3647                       /usr/lib/x86_64-linux-gnu/libGL.so.1.7.0
7fd8f1662000-7fd8f1677000 r--p 00063000 08:20 3647                       /usr/lib/x86_64-linux-gnu/libGL.so.1.7.0
7fd8f1677000-7fd8f1685000 r--p 00077000 08:20 3647                       /usr/lib/x86_64-linux-gnu/libGL.so.1.7.0
7fd8f1685000-7fd8f1686000 rw-p 00085000 08:20 3647                       /usr/lib/x86_64-linux-gnu/libGL.so.1.7.0
7fd8f1686000-7fd8f1687000 rw-p 00000000 00:00 0 
7fd8f1687000-7fd8f1688000 r--p 00000000 08:20 7021                       /usr/lib/x86_64-linux-gnu/libX11-xcb.so.1.0.0
7fd8f1688000-7fd8f1689000 r-xp 00001000 08:20 7021                       /usr/lib/x86_64-linux-gnu/libX11-xcb.so.1.0.0
7fd8f1689000-7fd8f168a000 r--p 00002000 08:20 7021                       /usr/lib/x86_64-linux-gnu/libX11-xcb.so.1.0.0
7fd8f168a000-7fd8f168b000 r--p 00002000 08:20 7021                       /usr/lib/x86_64-linux-gnu/libX11-xcb.so.1.0.0
7fd8f168b000-7fd8f168c000 rw-p 00003000 08:20 7021                       /usr/lib/x86_64-linux-gnu/libX11-xcb.so.1.0.0
7fd8f1691000-7fd8f1693000 r--p 00000000 08:20 11041                      /usr/lib/x86_64-linux-gnu/libXfixes.so.3.1.0
7fd8f1693000-7fd8f1696000 r-xp 00002000 08:20 11041                      /usr/lib/x86_64-linux-gnu/libXfixes.so.3.1.0
7fd8f1696000-7fd8f1697000 r--p 00005000 08:20 11041                      /usr/lib/x86_64-linux-gnu/libXfixes.so.3.1.0
7fd8f1697000-7fd8f1698000 r--p 00005000 08:20 11041                      /usr/lib/x86_64-linux-gnu/libXfixes.so.3.1.0
7fd8f1698000-7fd8f1699000 rw-p 00006000 08:20 11041                      /usr/lib/x86_64-linux-gnu/libXfixes.so.3.1.0
7fd8f18cf000-7fd8f18d3000 r--p 00000000 08:20 11039                      /usr/lib/x86_64-linux-gnu/libXext.so.6.4.0
7fd8f18d3000-7fd8f18de000 r-xp 00004000 08:20 11039                      /usr/lib/x86_64-linux-gnu/libXext.so.6.4.0
7fd8f18de000-7fd8f18e2000 r--p 0000f000 08:20 11039                      /usr/lib/x86_64-linux-gnu/libXext.so.6.4.0
7fd8f18e2000-7fd8f18e3000 r--p 00012000 08:20 11039                      /usr/lib/x86_64-linux-gnu/libXext.so.6.4.0
7fd8f18e3000-7fd8f18e4000 rw-p 00013000 08:20 11039                      /usr/lib/x86_64-linux-gnu/libXext.so.6.4.0
7fd8f18e4000-7fd8f18e5000 r--p 00000000 08:20 11067                      /usr/lib/x86_64-linux-gnu/libXxf86vm.so.1.0.0
7fd8f18e5000-7fd8f18e8000 r-xp 00001000 08:20 11067                      /usr/lib/x86_64-linux-gnu/libXxf86vm.so.1.0.0
7fd8f18e8000-7fd8f18e9000 r--p 00004000 08:20 11067                      /usr/lib/x86_64-linux-gnu/libXxf86vm.so.1.0.0
7fd8f18e9000-7fd8f18ea000 r--p 00004000 08:20 11067                      /usr/lib/x86_64-linux-gnu/libXxf86vm.so.1.0.0
7fd8f18ea000-7fd8f18eb000 rw-p 00005000 08:20 11067                      /usr/lib/x86_64-linux-gnu/libXxf86vm.so.1.0.0
7fd8f18eb000-7fd8f18ef000 r--p 00000000 08:20 11112                      /usr/lib/x86_64-linux-gnu/libbsd.so.0.10.0
7fd8f18ef000-7fd8f18fe000 r-xp 00004000 08:20 11112                      /usr/lib/x86_64-linux-gnu/libbsd.so.0.10.0
7fd8f18fe000-7fd8f1901000 r--p 00013000 08:20 11112                      /usr/lib/x86_64-linux-gnu/libbsd.so.0.10.0
7fd8f1901000-7fd8f1902000 ---p 00016000 08:20 11112                      /usr/lib/x86_64-linux-gnu/libbsd.so.0.10.0
7fd8f1902000-7fd8f1903000 r--p 00016000 08:20 11112                      /usr/lib/x86_64-linux-gnu/libbsd.so.0.10.0
7fd8f1903000-7fd8f1904000 rw-p 00017000 08:20 11112                      /usr/lib/x86_64-linux-gnu/libbsd.so.0.10.0
7fd8f1904000-7fd8f1905000 rw-p 00000000 00:00 0 
7fd8f1905000-7fd8f1907000 r--p 00000000 08:20 11037                      /usr/lib/x86_64-linux-gnu/libXdmcp.so.6.0.0
7fd8f1907000-7fd8f1909000 r-xp 00002000 08:20 11037                      /usr/lib/x86_64-linux-gnu/libXdmcp.so.6.0.0
7fd8f1909000-7fd8f190b000 r--p 00004000 08:20 11037                      /usr/lib/x86_64-linux-gnu/libXdmcp.so.6.0.0
7fd8f190b000-7fd8f190c000 r--p 00005000 08:20 11037                      /usr/lib/x86_64-linux-gnu/libXdmcp.so.6.0.0
7fd8f190c000-7fd8f190d000 rw-p 00006000 08:20 11037                      /usr/lib/x86_64-linux-gnu/libXdmcp.so.6.0.0
7fd8f190d000-7fd8f190e000 r--p 00000000 08:20 11028                      /usr/lib/x86_64-linux-gnu/libXau.so.6.0.0
7fd8f190e000-7fd8f1910000 r-xp 00001000 08:20 11028                      /usr/lib/x86_64-linux-gnu/libXau.so.6.0.0
7fd8f1910000-7fd8f1911000 r--p 00003000 08:20 11028                      /usr/lib/x86_64-linux-gnu/libXau.so.6.0.0
7fd8f1911000-7fd8f1912000 r--p 00003000 08:20 11028                      /usr/lib/x86_64-linux-gnu/libXau.so.6.0.0
7fd8f1912000-7fd8f1913000 rw-p 00004000 08:20 11028                      /usr/lib/x86_64-linux-gnu/libXau.so.6.0.0
7fd8f1913000-7fd8f191e000 r--p 00000000 08:20 11627                      /usr/lib/x86_64-linux-gnu/libxcb.so.1.1.0
7fd8f191e000-7fd8f1932000 r-xp 0000b000 08:20 11627                      /usr/lib/x86_64-linux-gnu/libxcb.so.1.1.0
7fd8f1932000-7fd8f193b000 r--p 0001f000 08:20 11627                      /usr/lib/x86_64-linux-gnu/libxcb.so.1.1.0
7fd8f193b000-7fd8f193c000 r--p 00027000 08:20 11627                      /usr/lib/x86_64-linux-gnu/libxcb.so.1.1.0
7fd8f193c000-7fd8f193d000 rw-p 00028000 08:20 11627                      /usr/lib/x86_64-linux-gnu/libxcb.so.1.1.0
7fd8f193d000-7fd8f1955000 r--p 00000000 08:20 13542                      /usr/lib/x86_64-linux-gnu/libX11.so.6.3.0
7fd8f1955000-7fd8f19e0000 r-xp 00018000 08:20 13542                      /usr/lib/x86_64-linux-gnu/libX11.so.6.3.0
7fd8f19e0000-7fd8f1a74000 r--p 000a3000 08:20 13542                      /usr/lib/x86_64-linux-gnu/libX11.so.6.3.0
7fd8f1a74000-7fd8f1a75000 ---p 00137000 08:20 13542                      /usr/lib/x86_64-linux-gnu/libX11.so.6.3.0
7fd8f1a75000-7fd8f1a76000 r--p 00137000 08:20 13542                      /usr/lib/x86_64-linux-gnu/libX11.so.6.3.0
7fd8f1a76000-7fd8f1a7a000 rw-p 00138000 08:20 13542                      /usr/lib/x86_64-linux-gnu/libX11.so.6.3.0
7fd8f1a7a000-7fd8f1ad1000 r-xp 00000000 08:20 287479                     /tmp/lwjglroot/3.3.1-build-7/libglfw.so
7fd8f1ad1000-7fd8f1cd0000 ---p 00057000 08:20 287479                     /tmp/lwjglroot/3.3.1-build-7/libglfw.so
7fd8f1cd0000-7fd8f1cd3000 r--p 00056000 08:20 287479                     /tmp/lwjglroot/3.3.1-build-7/libglfw.so
7fd8f1cd3000-7fd8f1cd5000 rw-p 00059000 08:20 287479                     /tmp/lwjglroot/3.3.1-build-7/libglfw.so
7fd8f1cd5000-7fd8f1cf8000 rw-p 00000000 00:00 0 
7fd8f1cf8000-7fd8f1d63000 r-xp 00000000 08:20 287478                     /tmp/lwjglroot/3.3.1-build-7/liblwjgl.so
7fd8f1d63000-7fd8f1f62000 ---p 0006b000 08:20 287478                     /tmp/lwjglroot/3.3.1-build-7/liblwjgl.so
7fd8f1f62000-7fd8f1f63000 r--p 0006a000 08:20 287478                     /tmp/lwjglroot/3.3.1-build-7/liblwjgl.so
7fd8f1f63000-7fd8f1f64000 rw-p 0006b000 08:20 287478                     /tmp/lwjglroot/3.3.1-build-7/liblwjgl.so
7fd8f1f64000-7fd8f1f95000 rw-p 00000000 00:00 0 
7fd8f1f95000-7fd8f1f99000 ---p 00000000 00:00 0 
7fd8f1f99000-7fd8f2096000 rw-p 00000000 00:00 0 
7fd8f2096000-7fd8f2097000 ---p 00000000 00:00 0 
7fd8f2097000-7fd8f2198000 rw-p 00000000 00:00 0 
7fd8f2198000-7fd8f219c000 ---p 00000000 00:00 0 
7fd8f219c000-7fd8f2299000 rw-p 00000000 00:00 0 
7fd8f2299000-7fd8f229d000 ---p 00000000 00:00 0 
7fd8f229d000-7fd8f239a000 rw-p 00000000 00:00 0 
7fd8f239a000-7fd8f239e000 ---p 00000000 00:00 0 
7fd8f239e000-7fd8f249b000 rw-p 00000000 00:00 0 
7fd8f249b000-7fd8f249f000 ---p 00000000 00:00 0 
7fd8f249f000-7fd8f259c000 rw-p 00000000 00:00 0 
7fd8f259c000-7fd8f25a0000 ---p 00000000 00:00 0 
7fd8f25a0000-7fd8f269d000 rw-p 00000000 00:00 0 
7fd8f269d000-7fd8f26a1000 ---p 00000000 00:00 0 
7fd8f26a1000-7fd8f279e000 rw-p 00000000 00:00 0 
7fd8f279e000-7fd8f27a2000 ---p 00000000 00:00 0 
7fd8f27a2000-7fd8f289f000 rw-p 00000000 00:00 0 
7fd8f289f000-7fd8f28a3000 ---p 00000000 00:00 0 
7fd8f28a3000-7fd8f29a0000 rw-p 00000000 00:00 0 
7fd8f29a0000-7fd8f29a4000 ---p 00000000 00:00 0 
7fd8f29a4000-7fd8f2aa1000 rw-p 00000000 00:00 0 
7fd8f2aa1000-7fd8f2aa5000 ---p 00000000 00:00 0 
7fd8f2aa5000-7fd8f2ba2000 rw-p 00000000 00:00 0 
7fd8f2ba2000-7fd8f2ba6000 ---p 00000000 00:00 0 
7fd8f2ba6000-7fd8f2ca3000 rw-p 00000000 00:00 0 
7fd8f2ca3000-7fd8f2e16000 r--p 00000000 08:20 20355                      /usr/lib/locale/C.UTF-8/LC_COLLATE
7fd8f2e16000-7fd8f30fc000 r--p 00000000 08:20 4069                       /usr/lib/locale/locale-archive
7fd8f30fc000-7fd8f3100000 ---p 00000000 00:00 0 
7fd8f3100000-7fd8f31fd000 rw-p 00000000 00:00 0 
7fd8f31fd000-7fd8f3201000 ---p 00000000 00:00 0 
7fd8f3201000-7fd8f32fe000 rw-p 00000000 00:00 0 
7fd8f32fe000-7fd8f32ff000 ---p 00000000 00:00 0 
7fd8f32ff000-7fd8f3800000 rw-p 00000000 00:00 0 
7fd8f3800000-7fd8f3880000 rw-p 00000000 00:00 0 
7fd8f3880000-7fd8f3900000 rw-p 00000000 00:00 0 
7fd8f3900000-7fd8f3aa0000 rw-p 00000000 00:00 0 
7fd8f3aa0000-7fd8f3ae0000 rw-p 00000000 00:00 0 
7fd8f3ae0000-7fd8f3bc0000 rw-p 00000000 00:00 0 
7fd8f3bc0000-7fd8f3c00000 ---p 00000000 00:00 0 
7fd8f3c10000-7fd8f3c14000 r--p 00000000 08:20 383988                     /root/.vscode-server/extensions/redhat.java-1.14.0-linux-x64/jre/17.0.5-linux-x86_64/lib/libnet.so
7fd8f3c14000-7fd8f3c22000 r-xp 00004000 08:20 383988                     /root/.vscode-server/extensions/redhat.java-1.14.0-linux-x64/jre/17.0.5-linux-x86_64/lib/libnet.so
7fd8f3c22000-7fd8f3c26000 r--p 00012000 08:20 383988                     /root/.vscode-server/extensions/redhat.java-1.14.0-linux-x64/jre/17.0.5-linux-x86_64/lib/libnet.so
7fd8f3c26000-7fd8f3c27000 r--p 00015000 08:20 383988                     /root/.vscode-server/extensions/redhat.java-1.14.0-linux-x64/jre/17.0.5-linux-x86_64/lib/libnet.so
7fd8f3c27000-7fd8f3c28000 rw-p 00016000 08:20 383988                     /root/.vscode-server/extensions/redhat.java-1.14.0-linux-x64/jre/17.0.5-linux-x86_64/lib/libnet.so
7fd8f3c28000-7fd8f3c2f000 r--p 00000000 08:20 383989                     /root/.vscode-server/extensions/redhat.java-1.14.0-linux-x64/jre/17.0.5-linux-x86_64/lib/libnio.so
7fd8f3c2f000-7fd8f3c38000 r-xp 00007000 08:20 383989                     /root/.vscode-server/extensions/redhat.java-1.14.0-linux-x64/jre/17.0.5-linux-x86_64/lib/libnio.so
7fd8f3c38000-7fd8f3c3c000 r--p 00010000 08:20 383989                     /root/.vscode-server/extensions/redhat.java-1.14.0-linux-x64/jre/17.0.5-linux-x86_64/lib/libnio.so
7fd8f3c3c000-7fd8f3c3d000 ---p 00014000 08:20 383989                     /root/.vscode-server/extensions/redhat.java-1.14.0-linux-x64/jre/17.0.5-linux-x86_64/lib/libnio.so
7fd8f3c3d000-7fd8f3c3e000 r--p 00014000 08:20 383989                     /root/.vscode-server/extensions/redhat.java-1.14.0-linux-x64/jre/17.0.5-linux-x86_64/lib/libnio.so
7fd8f3c3e000-7fd8f3c3f000 rw-p 00015000 08:20 383989                     /root/.vscode-server/extensions/redhat.java-1.14.0-linux-x64/jre/17.0.5-linux-x86_64/lib/libnio.so
7fd8f3c3f000-7fd8f3c41000 r--p 00000000 08:20 383967                     /root/.vscode-server/extensions/redhat.java-1.14.0-linux-x64/jre/17.0.5-linux-x86_64/lib/libdt_socket.so
7fd8f3c41000-7fd8f3c44000 r-xp 00002000 08:20 383967                     /root/.vscode-server/extensions/redhat.java-1.14.0-linux-x64/jre/17.0.5-linux-x86_64/lib/libdt_socket.so
7fd8f3c44000-7fd8f3c45000 r--p 00005000 08:20 383967                     /root/.vscode-server/extensions/redhat.java-1.14.0-linux-x64/jre/17.0.5-linux-x86_64/lib/libdt_socket.so
7fd8f3c45000-7fd8f3c46000 ---p 00006000 08:20 383967                     /root/.vscode-server/extensions/redhat.java-1.14.0-linux-x64/jre/17.0.5-linux-x86_64/lib/libdt_socket.so
7fd8f3c46000-7fd8f3c47000 r--p 00006000 08:20 383967                     /root/.vscode-server/extensions/redhat.java-1.14.0-linux-x64/jre/17.0.5-linux-x86_64/lib/libdt_socket.so
7fd8f3c47000-7fd8f3c48000 rw-p 00007000 08:20 383967                     /root/.vscode-server/extensions/redhat.java-1.14.0-linux-x64/jre/17.0.5-linux-x86_64/lib/libdt_socket.so
7fd8f3c48000-7fd8f3c7a000 r--p 00000000 08:20 20356                      /usr/lib/locale/C.UTF-8/LC_CTYPE
7fd8f3c7a000-7fd8f3cfb000 rw-p 00000000 00:00 0 
7fd8f3cfb000-7fd8f3cfc000 ---p 00000000 00:00 0 
7fd8f3cfc000-7fd8f3dfd000 rw-p 00000000 00:00 0 
7fd8f3dfd000-7fd8f3dfe000 ---p 00000000 00:00 0 
7fd8f3dfe000-7fd8f4000000 rw-p 00000000 00:00 0 
7fd8f4000000-7fd8f4021000 rw-p 00000000 00:00 0 
7fd8f4021000-7fd8f8000000 ---p 00000000 00:00 0 
7fd8f8000000-7fd8f8021000 rw-p 00000000 00:00 0 
7fd8f8021000-7fd8fc000000 ---p 00000000 00:00 0 
7fd8fc000000-7fd8fc021000 rw-p 00000000 00:00 0 
7fd8fc021000-7fd900000000 ---p 00000000 00:00 0 
7fd900003000-7fd900004000 rw-p 00000000 00:00 0 
7fd900004000-7fd900005000 r-xp 00053000 08:20 287478                     /tmp/lwjglroot/3.3.1-build-7/liblwjgl.so
7fd900005000-7fd900006000 rw-p 00000000 00:00 0 
7fd900006000-7fd900007000 r--p 00000000 08:20 20362                      /usr/lib/locale/C.UTF-8/LC_NUMERIC
7fd900007000-7fd90000e000 r--s 00000000 08:20 40715                      /usr/lib/x86_64-linux-gnu/gconv/gconv-modules.cache
7fd90000e000-7fd9033bd000 rw-p 00000000 00:00 0 
7fd9033bd000-7fd9033be000 ---p 00000000 00:00 0 
7fd9033be000-7fd9034bf000 rw-p 00000000 00:00 0 
7fd9034bf000-7fd9034c0000 ---p 00000000 00:00 0 
7fd9034c0000-7fd9035c1000 rw-p 00000000 00:00 0 
7fd9035c1000-7fd9035c2000 ---p 00000000 00:00 0 
7fd9035c2000-7fd90400e000 rw-p 00000000 00:00 0 
7fd90400e000-7fd90b50e000 ---p 00000000 00:00 0 
7fd90b50e000-7fd90bcde000 rw-p 00000000 00:00 0 
7fd90bcde000-7fd9131de000 ---p 00000000 00:00 0 
7fd9131de000-7fd9132d8000 rw-p 00000000 00:00 0 
7fd9132d8000-7fd914178000 ---p 00000000 00:00 0 
7fd914178000-7fd914272000 rw-p 00000000 00:00 0 
7fd914272000-7fd915112000 ---p 00000000 00:00 0 
7fd915112000-7fd91520c000 rw-p 00000000 00:00 0 
7fd91520c000-7fd9160ac000 ---p 00000000 00:00 0 
7fd9160ac000-7fd9163ee000 rw-p 00000000 00:00 0 
7fd9163ee000-7fd91665e000 rwxp 00000000 00:00 0 
7fd91665e000-7fd916b2f000 ---p 00000000 00:00 0 
7fd916b2f000-7fd916d9f000 rwxp 00000000 00:00 0 
7fd916d9f000-7fd91df8e000 ---p 00000000 00:00 0 
7fd91df8e000-7fd91e1fe000 rwxp 00000000 00:00 0 
7fd91e1fe000-7fd9253ee000 ---p 00000000 00:00 0 
7fd9253ee000-7fd928000000 r--s 00000000 08:20 383997                     /root/.vscode-server/extensions/redhat.java-1.14.0-linux-x64/jre/17.0.5-linux-x86_64/lib/modules
7fd928000000-7fd928be6000 rw-p 00000000 00:00 0 
7fd928be6000-7fd92c000000 ---p 00000000 00:00 0 
7fd92c000000-7fd92c001000 r--p 00000000 08:20 20365                      /usr/lib/locale/C.UTF-8/LC_TIME
7fd92c001000-7fd92c002000 r--p 00000000 08:20 20360                      /usr/lib/locale/C.UTF-8/LC_MONETARY
7fd92c002000-7fd92c003000 r--p 00000000 08:20 20359                      /usr/lib/locale/C.UTF-8/LC_MESSAGES/SYS_LC_MESSAGES
7fd92c003000-7fd92c004000 r--p 00000000 08:20 20363                      /usr/lib/locale/C.UTF-8/LC_PAPER
7fd92c004000-7fd92c005000 r--p 00000000 08:20 20361                      /usr/lib/locale/C.UTF-8/LC_NAME
7fd92c005000-7fd92d11b000 rw-p 00000000 00:00 0 
7fd92d11b000-7fd92d1ff000 ---p 00000000 00:00 0 
7fd92d1ff000-7fd92d204000 rw-p 00000000 00:00 0 
7fd92d204000-7fd92d2e8000 ---p 00000000 00:00 0 
7fd92d2e8000-7fd92d2ed000 rw-p 00000000 00:00 0 
7fd92d2ed000-7fd92d2f7000 ---p 00000000 00:00 0 
7fd92d2f7000-7fd92d2fa000 r--p 00000000 08:20 37895                      /usr/lib/x86_64-linux-gnu/libnss_files-2.31.so
7fd92d2fa000-7fd92d301000 r-xp 00003000 08:20 37895                      /usr/lib/x86_64-linux-gnu/libnss_files-2.31.so
7fd92d301000-7fd92d303000 r--p 0000a000 08:20 37895                      /usr/lib/x86_64-linux-gnu/libnss_files-2.31.so
7fd92d303000-7fd92d304000 r--p 0000b000 08:20 37895                      /usr/lib/x86_64-linux-gnu/libnss_files-2.31.so
7fd92d304000-7fd92d305000 rw-p 0000c000 08:20 37895                      /usr/lib/x86_64-linux-gnu/libnss_files-2.31.so
7fd92d305000-7fd92d30b000 rw-p 00000000 00:00 0 
7fd92d30b000-7fd92d30c000 r--p 00000000 08:20 20354                      /usr/lib/locale/C.UTF-8/LC_ADDRESS
7fd92d30c000-7fd92d30d000 r--p 00000000 08:20 20364                      /usr/lib/locale/C.UTF-8/LC_TELEPHONE
7fd92d30d000-7fd92d30f000 r--p 00000000 08:20 383996                     /root/.vscode-server/extensions/redhat.java-1.14.0-linux-x64/jre/17.0.5-linux-x86_64/lib/libzip.so
7fd92d30f000-7fd92d313000 r-xp 00002000 08:20 383996                     /root/.vscode-server/extensions/redhat.java-1.14.0-linux-x64/jre/17.0.5-linux-x86_64/lib/libzip.so
7fd92d313000-7fd92d315000 r--p 00006000 08:20 383996                     /root/.vscode-server/extensions/redhat.java-1.14.0-linux-x64/jre/17.0.5-linux-x86_64/lib/libzip.so
7fd92d315000-7fd92d316000 r--p 00007000 08:20 383996                     /root/.vscode-server/extensions/redhat.java-1.14.0-linux-x64/jre/17.0.5-linux-x86_64/lib/libzip.so
7fd92d316000-7fd92d317000 rw-p 00008000 08:20 383996                     /root/.vscode-server/extensions/redhat.java-1.14.0-linux-x64/jre/17.0.5-linux-x86_64/lib/libzip.so
7fd92d317000-7fd92d324000 r--p 00000000 08:20 383975                     /root/.vscode-server/extensions/redhat.java-1.14.0-linux-x64/jre/17.0.5-linux-x86_64/lib/libjava.so
7fd92d324000-7fd92d336000 r-xp 0000d000 08:20 383975                     /root/.vscode-server/extensions/redhat.java-1.14.0-linux-x64/jre/17.0.5-linux-x86_64/lib/libjava.so
7fd92d336000-7fd92d33c000 r--p 0001f000 08:20 383975                     /root/.vscode-server/extensions/redhat.java-1.14.0-linux-x64/jre/17.0.5-linux-x86_64/lib/libjava.so
7fd92d33c000-7fd92d33d000 ---p 00025000 08:20 383975                     /root/.vscode-server/extensions/redhat.java-1.14.0-linux-x64/jre/17.0.5-linux-x86_64/lib/libjava.so
7fd92d33d000-7fd92d33e000 r--p 00025000 08:20 383975                     /root/.vscode-server/extensions/redhat.java-1.14.0-linux-x64/jre/17.0.5-linux-x86_64/lib/libjava.so
7fd92d33e000-7fd92d33f000 rw-p 00026000 08:20 383975                     /root/.vscode-server/extensions/redhat.java-1.14.0-linux-x64/jre/17.0.5-linux-x86_64/lib/libjava.so
7fd92d33f000-7fd92d340000 rw-p 00000000 00:00 0 
7fd92d340000-7fd92d343000 r--p 00000000 08:20 383978                     /root/.vscode-server/extensions/redhat.java-1.14.0-linux-x64/jre/17.0.5-linux-x86_64/lib/libjdwp.so
7fd92d343000-7fd92d370000 r-xp 00003000 08:20 383978                     /root/.vscode-server/extensions/redhat.java-1.14.0-linux-x64/jre/17.0.5-linux-x86_64/lib/libjdwp.so
7fd92d370000-7fd92d37e000 r--p 00030000 08:20 383978                     /root/.vscode-server/extensions/redhat.java-1.14.0-linux-x64/jre/17.0.5-linux-x86_64/lib/libjdwp.so
7fd92d37e000-7fd92d37f000 r--p 0003d000 08:20 383978                     /root/.vscode-server/extensions/redhat.java-1.14.0-linux-x64/jre/17.0.5-linux-x86_64/lib/libjdwp.so
7fd92d37f000-7fd92d380000 rw-p 0003e000 08:20 383978                     /root/.vscode-server/extensions/redhat.java-1.14.0-linux-x64/jre/17.0.5-linux-x86_64/lib/libjdwp.so
7fd92d380000-7fd92d381000 rw-p 00000000 00:00 0 
7fd92d381000-7fd92d385000 r--p 00000000 08:20 383979                     /root/.vscode-server/extensions/redhat.java-1.14.0-linux-x64/jre/17.0.5-linux-x86_64/lib/libjimage.so
7fd92d385000-7fd92d398000 r-xp 00004000 08:20 383979                     /root/.vscode-server/extensions/redhat.java-1.14.0-linux-x64/jre/17.0.5-linux-x86_64/lib/libjimage.so
7fd92d398000-7fd92d39e000 r--p 00017000 08:20 383979                     /root/.vscode-server/extensions/redhat.java-1.14.0-linux-x64/jre/17.0.5-linux-x86_64/lib/libjimage.so
7fd92d39e000-7fd92d3a0000 r--p 0001c000 08:20 383979                     /root/.vscode-server/extensions/redhat.java-1.14.0-linux-x64/jre/17.0.5-linux-x86_64/lib/libjimage.so
7fd92d3a0000-7fd92d3a1000 rw-p 0001e000 08:20 383979                     /root/.vscode-server/extensions/redhat.java-1.14.0-linux-x64/jre/17.0.5-linux-x86_64/lib/libjimage.so
7fd92d3a1000-7fd92d3a5000 ---p 00000000 00:00 0 
7fd92d3a5000-7fd92d4a2000 rw-p 00000000 00:00 0 
7fd92d4a2000-7fd92d4af000 r--p 00000000 08:20 37094                      /usr/lib/x86_64-linux-gnu/libm-2.31.so
7fd92d4af000-7fd92d556000 r-xp 0000d000 08:20 37094                      /usr/lib/x86_64-linux-gnu/libm-2.31.so
7fd92d556000-7fd92d5ef000 r--p 000b4000 08:20 37094                      /usr/lib/x86_64-linux-gnu/libm-2.31.so
7fd92d5ef000-7fd92d5f0000 r--p 0014c000 08:20 37094                      /usr/lib/x86_64-linux-gnu/libm-2.31.so
7fd92d5f0000-7fd92d5f1000 rw-p 0014d000 08:20 37094                      /usr/lib/x86_64-linux-gnu/libm-2.31.so
7fd92d5f1000-7fd92d5f3000 r--p 00000000 08:20 38548                      /usr/lib/x86_64-linux-gnu/librt-2.31.so
7fd92d5f3000-7fd92d5f7000 r-xp 00002000 08:20 38548                      /usr/lib/x86_64-linux-gnu/librt-2.31.so
7fd92d5f7000-7fd92d5f9000 r--p 00006000 08:20 38548                      /usr/lib/x86_64-linux-gnu/librt-2.31.so
7fd92d5f9000-7fd92d5fa000 r--p 00007000 08:20 38548                      /usr/lib/x86_64-linux-gnu/librt-2.31.so
7fd92d5fa000-7fd92d5fb000 rw-p 00008000 08:20 38548                      /usr/lib/x86_64-linux-gnu/librt-2.31.so
7fd92d5fb000-7fd92d84d000 r--p 00000000 08:20 384007                     /root/.vscode-server/extensions/redhat.java-1.14.0-linux-x64/jre/17.0.5-linux-x86_64/lib/server/libjvm.so
7f